#
# There is insufficient memory for the Java Runtime Environment to continue.
# Native memory allocation (malloc) failed to allocate 293056 bytes for Chunk::new
# Possible reasons:
#   The system is out of physical RAM or swap space
#   The process is running with CompressedOops enabled, and the Java Heap may be blocking the growth of the native heap
# Possible solutions:
#   Reduce memory load on the system
#   Increase physical memory or swap space
#   Check if swap backing store is full
#   Decrease Java heap size (-Xmx/-Xms)
#   Decrease number of Java threads
#   Decrease Java thread stack sizes (-Xss)
#   Set larger code cache with -XX:ReservedCodeCacheSize=
#   JVM is running with Unscaled Compressed Oops mode in which the Java heap is
#     placed in the first 4GB address space. The Java Heap base address is the
#     maximum limit for the native heap growth. Please use -XX:HeapBaseMinAddress
#     to set the Java Heap base and to place the Java Heap above 4GB virtual address.
# This output file may be truncated or incomplete.
#
#  Out of Memory Error (arena.cpp:189), pid=22492, tid=24176
#
# JRE version: OpenJDK Runtime Environment (17.0.6) (build 17.0.6+0-b2043.56-10027231)
# Java VM: OpenJDK 64-Bit Server VM (17.0.6+0-b2043.56-10027231, mixed mode, tiered, compressed oops, compressed class ptrs, g1 gc, windows-amd64)
# No core dump will be written. Minidumps are not enabled by default on client versions of Windows
#

---------------  S U M M A R Y ------------

Command Line: --add-opens=java.base/java.util=ALL-UNNAMED --add-opens=java.base/java.lang=ALL-UNNAMED --add-opens=java.base/java.lang.invoke=ALL-UNNAMED --add-opens=java.prefs/java.util.prefs=ALL-UNNAMED --add-opens=java.base/java.nio.charset=ALL-UNNAMED --add-opens=java.base/java.net=ALL-UNNAMED --add-opens=java.base/java.util.concurrent.atomic=ALL-UNNAMED -Xmx2048m -Dfile.encoding=UTF-8 -Duser.country=US -Duser.language=en -Duser.variant org.gradle.launcher.daemon.bootstrap.GradleDaemon 8.0

Host: Intel(R) Core(TM) i5-6300U CPU @ 2.40GHz, 4 cores, 7G,  Windows 10 , 64 bit Build 19041 (10.0.19041.3636)
Time: Fri Jan 19 10:20:05 2024 Central European Standard Time elapsed time: 45.959354 seconds (0d 0h 0m 45s)

---------------  T H R E A D  ---------------

Current thread (0x00000225d92e9800):  JavaThread "C2 CompilerThread0" daemon [_thread_in_native, id=24176, stack(0x00000077cab00000,0x00000077cac00000)]


Current CompileTask:
C2:  45959 7837       4       org.gradle.cache.internal.btree.BTreePersistentIndexedCache$IndexBlock::read (94 bytes)

Stack: [0x00000077cab00000,0x00000077cac00000]
Native frames: (J=compiled Java code, j=interpreted, Vv=VM code, C=native code)
V  [jvm.dll+0x683c9a]
V  [jvm.dll+0x8427a4]
V  [jvm.dll+0x843f9e]
V  [jvm.dll+0x844603]
V  [jvm.dll+0x249b75]
V  [jvm.dll+0xabcac]
V  [jvm.dll+0xac27c]
V  [jvm.dll+0x368857]
V  [jvm.dll+0x1bd0b8]
V  [jvm.dll+0x21c359]
V  [jvm.dll+0x21b621]
V  [jvm.dll+0x1a4fdd]
V  [jvm.dll+0x22b098]
V  [jvm.dll+0x229159]
V  [jvm.dll+0x7f81ec]
V  [jvm.dll+0x7f274a]
V  [jvm.dll+0x682ad5]
C  [ucrtbase.dll+0x21bb2]
C  [KERNEL32.DLL+0x17344]
C  [ntdll.dll+0x526b1]


---------------  P R O C E S S  ---------------

Threads class SMR info:
_java_thread_list=0x00000225e1b2d980, length=82, elements={
0x00000225bfcda8d0, 0x00000225d92a0230, 0x00000225d92a0fb0, 0x00000225d92e7120,
0x00000225d92e79e0, 0x00000225d92e82a0, 0x00000225d92e8b60, 0x00000225d92e9800,
0x00000225d9c65730, 0x00000225d9c698e0, 0x00000225d9d70300, 0x00000225d9d70be0,
0x00000225dae5d5b0, 0x00000225db32d5f0, 0x00000225daad3a30, 0x00000225d9cc5b80,
0x00000225d9de2a30, 0x00000225da608080, 0x00000225da605a00, 0x00000225da608550,
0x00000225da608a20, 0x00000225da605ed0, 0x00000225da605060, 0x00000225da605530,
0x00000225da6063a0, 0x00000225da606870, 0x00000225da606d40, 0x00000225da607210,
0x00000225da6076e0, 0x00000225da607bb0, 0x00000225dc4f9630, 0x00000225dc4f22b0,
0x00000225dc4f6610, 0x00000225dc4f5c70, 0x00000225dc4f2c50, 0x00000225dc4f52d0,
0x00000225dc4f9160, 0x00000225dc4f7480, 0x00000225dc4f2780, 0x00000225dc4f7e20,
0x00000225dc4f6140, 0x00000225dc4f3f90, 0x00000225dc4f4460, 0x00000225dc4f4930,
0x00000225dc4f4e00, 0x00000225dc4f87c0, 0x00000225dc4f82f0, 0x00000225dc4f57a0,
0x00000225de6f7210, 0x00000225de6f63a0, 0x00000225de6f3d20, 0x00000225de6f41f0,
0x00000225de6f5530, 0x00000225de6f29e0, 0x00000225de6f3850, 0x00000225de6f16a0,
0x00000225de6f6870, 0x00000225de6f5a00, 0x00000225de6f2eb0, 0x00000225de6f4b90,
0x00000225de6f5060, 0x00000225de6f3380, 0x00000225de6f6d40, 0x00000225de6f0d00,
0x00000225de6f76e0, 0x00000225de6f2510, 0x00000225de6f11d0, 0x00000225de6f8080,
0x00000225de6f0830, 0x00000225de6f5ed0, 0x00000225de6f1b70, 0x00000225de6f46c0,
0x00000225de6f7bb0, 0x00000225de6f2040, 0x00000225de7d72f0, 0x00000225de7d6e20,
0x00000225de7d47a0, 0x00000225de7d2ac0, 0x00000225de7d5fb0, 0x00000225de7d7c90,
0x00000225de7d2f90, 0x00000225de7d25f0
}

Java Threads: ( => current thread )
  0x00000225bfcda8d0 JavaThread "main" [_thread_blocked, id=14964, stack(0x00000077c9e00000,0x00000077c9f00000)]
  0x00000225d92a0230 JavaThread "Reference Handler" daemon [_thread_blocked, id=19892, stack(0x00000077ca500000,0x00000077ca600000)]
  0x00000225d92a0fb0 JavaThread "Finalizer" daemon [_thread_blocked, id=20172, stack(0x00000077ca600000,0x00000077ca700000)]
  0x00000225d92e7120 JavaThread "Signal Dispatcher" daemon [_thread_blocked, id=8736, stack(0x00000077ca700000,0x00000077ca800000)]
  0x00000225d92e79e0 JavaThread "Attach Listener" daemon [_thread_blocked, id=25580, stack(0x00000077ca800000,0x00000077ca900000)]
  0x00000225d92e82a0 JavaThread "Service Thread" daemon [_thread_blocked, id=5216, stack(0x00000077ca900000,0x00000077caa00000)]
  0x00000225d92e8b60 JavaThread "Monitor Deflation Thread" daemon [_thread_blocked, id=9464, stack(0x00000077caa00000,0x00000077cab00000)]
=>0x00000225d92e9800 JavaThread "C2 CompilerThread0" daemon [_thread_in_native, id=24176, stack(0x00000077cab00000,0x00000077cac00000)]
  0x00000225d9c65730 JavaThread "C1 CompilerThread0" daemon [_thread_blocked, id=18340, stack(0x00000077cac00000,0x00000077cad00000)]
  0x00000225d9c698e0 JavaThread "Sweeper thread" daemon [_thread_blocked, id=10132, stack(0x00000077cad00000,0x00000077cae00000)]
  0x00000225d9d70300 JavaThread "Common-Cleaner" daemon [_thread_blocked, id=7524, stack(0x00000077cae00000,0x00000077caf00000)]
  0x00000225d9d70be0 JavaThread "Notification Thread" daemon [_thread_blocked, id=10804, stack(0x00000077caf00000,0x00000077cb000000)]
  0x00000225dae5d5b0 JavaThread "Daemon health stats" [_thread_blocked, id=16616, stack(0x00000077cb400000,0x00000077cb500000)]
  0x00000225db32d5f0 JavaThread "Incoming local TCP Connector on port 53353" [_thread_in_native, id=19940, stack(0x00000077cb500000,0x00000077cb600000)]
  0x00000225daad3a30 JavaThread "Daemon periodic checks" [_thread_blocked, id=3368, stack(0x00000077cb600000,0x00000077cb700000)]
  0x00000225d9cc5b80 JavaThread "Daemon" [_thread_blocked, id=3044, stack(0x00000077cb700000,0x00000077cb800000)]
  0x00000225d9de2a30 JavaThread "Handler for socket connection from /127.0.0.1:53353 to /127.0.0.1:53355" [_thread_in_native, id=13784, stack(0x00000077cb800000,0x00000077cb900000)]
  0x00000225da608080 JavaThread "Cancel handler" [_thread_blocked, id=3080, stack(0x00000077cb900000,0x00000077cba00000)]
  0x00000225da605a00 JavaThread "Daemon worker" [_thread_blocked, id=2384, stack(0x00000077cba00000,0x00000077cbb00000)]
  0x00000225da608550 JavaThread "Asynchronous log dispatcher for DefaultDaemonConnection: socket connection from /127.0.0.1:53353 to /127.0.0.1:53355" [_thread_blocked, id=16692, stack(0x00000077cbb00000,0x00000077cbc00000)]
  0x00000225da608a20 JavaThread "Stdin handler" [_thread_blocked, id=13836, stack(0x00000077cbc00000,0x00000077cbd00000)]
  0x00000225da605ed0 JavaThread "Daemon client event forwarder" [_thread_blocked, id=16716, stack(0x00000077cbd00000,0x00000077cbe00000)]
  0x00000225da605060 JavaThread "Cache worker for journal cache (C:\Users\user\.gradle\caches\journal-1)" [_thread_blocked, id=26436, stack(0x00000077cbe00000,0x00000077cbf00000)]
  0x00000225da605530 JavaThread "File lock request listener" [_thread_in_native, id=16204, stack(0x00000077cbf00000,0x00000077cc000000)]
  0x00000225da6063a0 JavaThread "Cache worker for file hash cache (C:\Users\user\.gradle\caches\8.0\fileHashes)" [_thread_in_native, id=13656, stack(0x00000077cc000000,0x00000077cc100000)]
  0x00000225da606870 JavaThread "File watcher server" daemon [_thread_in_native, id=26180, stack(0x00000077cc100000,0x00000077cc200000)]
  0x00000225da606d40 JavaThread "File watcher consumer" daemon [_thread_blocked, id=10824, stack(0x00000077cc200000,0x00000077cc300000)]
  0x00000225da607210 JavaThread "Cache worker for checksums cache (C:\Users\user\Downloads\words1\.gradle\8.0\checksums)" [_thread_blocked, id=8564, stack(0x00000077cc300000,0x00000077cc400000)]
  0x00000225da6076e0 JavaThread "Cache worker for cache directory md-rule (C:\Users\user\.gradle\caches\8.0\md-rule)" [_thread_blocked, id=22508, stack(0x00000077cc400000,0x00000077cc500000)]
  0x00000225da607bb0 JavaThread "Cache worker for file content cache (C:\Users\user\.gradle\caches\8.0\fileContent)" [_thread_blocked, id=23748, stack(0x00000077cc500000,0x00000077cc600000)]
  0x00000225dc4f9630 JavaThread "Cache worker for file hash cache (C:\Users\user\Downloads\words1\.gradle\8.0\fileHashes)" [_thread_blocked, id=13480, stack(0x00000077cc600000,0x00000077cc700000)]
  0x00000225dc4f22b0 JavaThread "Cache worker for cache directory md-supplier (C:\Users\user\.gradle\caches\8.0\md-supplier)" [_thread_blocked, id=14608, stack(0x00000077cc700000,0x00000077cc800000)]
  0x00000225dc4f6610 JavaThread "Cache worker for execution history cache (C:\Users\user\.gradle\caches\8.0\executionHistory)" [_thread_blocked, id=16196, stack(0x00000077cc800000,0x00000077cc900000)]
  0x00000225dc4f5c70 JavaThread "jar transforms" [_thread_blocked, id=20956, stack(0x00000077cc900000,0x00000077cca00000)]
  0x00000225dc4f2c50 JavaThread "jar transforms Thread 2" [_thread_blocked, id=5916, stack(0x00000077cca00000,0x00000077ccb00000)]
  0x00000225dc4f52d0 JavaThread "Cache worker for kotlin-dsl (C:\Users\user\.gradle\caches\8.0\kotlin-dsl)" [_thread_blocked, id=26172, stack(0x00000077ccc00000,0x00000077ccd00000)]
  0x00000225dc4f9160 JavaThread "jar transforms Thread 3" [_thread_blocked, id=22724, stack(0x00000077ccd00000,0x00000077cce00000)]
  0x00000225dc4f7480 JavaThread "jar transforms Thread 4" [_thread_blocked, id=21456, stack(0x00000077cce00000,0x00000077ccf00000)]
  0x00000225dc4f2780 JavaThread "Cache worker for dependencies-accessors (C:\Users\user\Downloads\words1\.gradle\8.0\dependencies-accessors)" [_thread_blocked, id=20596, stack(0x00000077ccf00000,0x00000077cd000000)]
  0x00000225dc4f7e20 JavaThread "Cache worker for Build Output Cleanup Cache (C:\Users\user\Downloads\words1\.gradle\buildOutputCleanup)" [_thread_blocked, id=26140, stack(0x00000077cd000000,0x00000077cd100000)]
  0x00000225dc4f6140 JavaThread "Unconstrained build operations" [_thread_blocked, id=24800, stack(0x00000077cd100000,0x00000077cd200000)]
  0x00000225dc4f3f90 JavaThread "Unconstrained build operations Thread 2" [_thread_blocked, id=24856, stack(0x00000077cd200000,0x00000077cd300000)]
  0x00000225dc4f4460 JavaThread "Unconstrained build operations Thread 3" [_thread_blocked, id=13832, stack(0x00000077cd300000,0x00000077cd400000)]
  0x00000225dc4f4930 JavaThread "Unconstrained build operations Thread 4" [_thread_blocked, id=23804, stack(0x00000077cd400000,0x00000077cd500000)]
  0x00000225dc4f4e00 JavaThread "Unconstrained build operations Thread 5" [_thread_blocked, id=14240, stack(0x00000077cd500000,0x00000077cd600000)]
  0x00000225dc4f87c0 JavaThread "Unconstrained build operations Thread 6" [_thread_blocked, id=14456, stack(0x00000077cd600000,0x00000077cd700000)]
  0x00000225dc4f82f0 JavaThread "Unconstrained build operations Thread 7" [_thread_blocked, id=3188, stack(0x00000077cd700000,0x00000077cd800000)]
  0x00000225dc4f57a0 JavaThread "Unconstrained build operations Thread 8" [_thread_blocked, id=4900, stack(0x00000077cd800000,0x00000077cd900000)]
  0x00000225de6f7210 JavaThread "Unconstrained build operations Thread 9" [_thread_blocked, id=7504, stack(0x00000077cd900000,0x00000077cda00000)]
  0x00000225de6f63a0 JavaThread "Unconstrained build operations Thread 10" [_thread_blocked, id=7976, stack(0x00000077cda00000,0x00000077cdb00000)]
  0x00000225de6f3d20 JavaThread "Unconstrained build operations Thread 11" [_thread_blocked, id=18712, stack(0x00000077cdb00000,0x00000077cdc00000)]
  0x00000225de6f41f0 JavaThread "Unconstrained build operations Thread 12" [_thread_blocked, id=9816, stack(0x00000077cdc00000,0x00000077cdd00000)]
  0x00000225de6f5530 JavaThread "Unconstrained build operations Thread 13" [_thread_blocked, id=25828, stack(0x00000077cdd00000,0x00000077cde00000)]
  0x00000225de6f29e0 JavaThread "Unconstrained build operations Thread 14" [_thread_blocked, id=16696, stack(0x00000077cde00000,0x00000077cdf00000)]
  0x00000225de6f3850 JavaThread "Unconstrained build operations Thread 15" [_thread_blocked, id=15548, stack(0x00000077cdf00000,0x00000077ce000000)]
  0x00000225de6f16a0 JavaThread "Unconstrained build operations Thread 16" [_thread_blocked, id=18036, stack(0x00000077ce000000,0x00000077ce100000)]
  0x00000225de6f6870 JavaThread "Unconstrained build operations Thread 17" [_thread_blocked, id=12356, stack(0x00000077ce100000,0x00000077ce200000)]
  0x00000225de6f5a00 JavaThread "Unconstrained build operations Thread 18" [_thread_blocked, id=22000, stack(0x00000077ce200000,0x00000077ce300000)]
  0x00000225de6f2eb0 JavaThread "Unconstrained build operations Thread 19" [_thread_blocked, id=16160, stack(0x00000077ce300000,0x00000077ce400000)]
  0x00000225de6f4b90 JavaThread "Unconstrained build operations Thread 20" [_thread_blocked, id=22208, stack(0x00000077ce400000,0x00000077ce500000)]
  0x00000225de6f5060 JavaThread "Unconstrained build operations Thread 21" [_thread_blocked, id=18996, stack(0x00000077ce500000,0x00000077ce600000)]
  0x00000225de6f3380 JavaThread "Unconstrained build operations Thread 22" [_thread_blocked, id=23236, stack(0x00000077ce600000,0x00000077ce700000)]
  0x00000225de6f6d40 JavaThread "Unconstrained build operations Thread 23" [_thread_blocked, id=9728, stack(0x00000077ce700000,0x00000077ce800000)]
  0x00000225de6f0d00 JavaThread "Unconstrained build operations Thread 24" [_thread_blocked, id=14168, stack(0x00000077ce800000,0x00000077ce900000)]
  0x00000225de6f76e0 JavaThread "Unconstrained build operations Thread 25" [_thread_blocked, id=4420, stack(0x00000077ce900000,0x00000077cea00000)]
  0x00000225de6f2510 JavaThread "Unconstrained build operations Thread 26" [_thread_blocked, id=23024, stack(0x00000077cea00000,0x00000077ceb00000)]
  0x00000225de6f11d0 JavaThread "Unconstrained build operations Thread 27" [_thread_blocked, id=25160, stack(0x00000077ceb00000,0x00000077cec00000)]
  0x00000225de6f8080 JavaThread "Unconstrained build operations Thread 28" [_thread_blocked, id=15856, stack(0x00000077cec00000,0x00000077ced00000)]
  0x00000225de6f0830 JavaThread "Unconstrained build operations Thread 29" [_thread_blocked, id=1128, stack(0x00000077ced00000,0x00000077cee00000)]
  0x00000225de6f5ed0 JavaThread "Unconstrained build operations Thread 30" [_thread_blocked, id=11876, stack(0x00000077cee00000,0x00000077cef00000)]
  0x00000225de6f1b70 JavaThread "Unconstrained build operations Thread 31" [_thread_blocked, id=5212, stack(0x00000077cef00000,0x00000077cf000000)]
  0x00000225de6f46c0 JavaThread "Unconstrained build operations Thread 32" [_thread_blocked, id=10112, stack(0x00000077cf000000,0x00000077cf100000)]
  0x00000225de6f7bb0 JavaThread "Unconstrained build operations Thread 33" [_thread_blocked, id=20700, stack(0x00000077cf100000,0x00000077cf200000)]
  0x00000225de6f2040 JavaThread "Unconstrained build operations Thread 34" [_thread_blocked, id=17260, stack(0x00000077cf200000,0x00000077cf300000)]
  0x00000225de7d72f0 JavaThread "Unconstrained build operations Thread 35" [_thread_blocked, id=13620, stack(0x00000077cf300000,0x00000077cf400000)]
  0x00000225de7d6e20 JavaThread "Unconstrained build operations Thread 36" [_thread_blocked, id=24072, stack(0x00000077cf400000,0x00000077cf500000)]
  0x00000225de7d47a0 JavaThread "Unconstrained build operations Thread 37" [_thread_blocked, id=20804, stack(0x00000077cf500000,0x00000077cf600000)]
  0x00000225de7d2ac0 JavaThread "Unconstrained build operations Thread 38" [_thread_blocked, id=16288, stack(0x00000077cf600000,0x00000077cf700000)]
  0x00000225de7d5fb0 JavaThread "Unconstrained build operations Thread 39" [_thread_blocked, id=15312, stack(0x00000077cf700000,0x00000077cf800000)]
  0x00000225de7d7c90 JavaThread "Unconstrained build operations Thread 40" [_thread_blocked, id=25068, stack(0x00000077cf800000,0x00000077cf900000)]
  0x00000225de7d2f90 JavaThread "build event listener" [_thread_blocked, id=6932, stack(0x00000077cf900000,0x00000077cfa00000)]
  0x00000225de7d25f0 JavaThread "Memory manager" [_thread_blocked, id=6764, stack(0x00000077cfa00000,0x00000077cfb00000)]

Other Threads:
  0x00000225d929b7e0 VMThread "VM Thread" [stack: 0x00000077ca400000,0x00000077ca500000] [id=25012]
  0x00000225d9d730c0 WatcherThread [stack: 0x00000077cb000000,0x00000077cb100000] [id=17984]
  0x00000225bfd37ee0 GCTaskThread "GC Thread#0" [stack: 0x00000077c9f00000,0x00000077ca000000] [id=9204]
  0x00000225d9eeca20 GCTaskThread "GC Thread#1" [stack: 0x00000077cb100000,0x00000077cb200000] [id=18044]
  0x00000225da31d600 GCTaskThread "GC Thread#2" [stack: 0x00000077cb200000,0x00000077cb300000] [id=21272]
  0x00000225da0893f0 GCTaskThread "GC Thread#3" [stack: 0x00000077cb300000,0x00000077cb400000] [id=9368]
  0x00000225bfd494d0 ConcurrentGCThread "G1 Main Marker" [stack: 0x00000077ca000000,0x00000077ca100000] [id=21228]
  0x00000225bfd49df0 ConcurrentGCThread "G1 Conc#0" [stack: 0x00000077ca100000,0x00000077ca200000] [id=21824]
  0x00000225bfdad550 ConcurrentGCThread "G1 Refine#0" [stack: 0x00000077ca200000,0x00000077ca300000] [id=10280]
  0x00000225dc574a40 ConcurrentGCThread "G1 Refine#1" [stack: 0x00000077ccb00000,0x00000077ccc00000] [id=10696]
  0x00000225d90f0820 ConcurrentGCThread "G1 Service" [stack: 0x00000077ca300000,0x00000077ca400000] [id=13860]

Threads with active compile tasks:
C2 CompilerThread0    46331 7837       4       org.gradle.cache.internal.btree.BTreePersistentIndexedCache$IndexBlock::read (94 bytes)

VM state: not at safepoint (normal execution)

VM Mutex/Monitor currently owned by a thread: None

Heap address: 0x0000000080000000, size: 2048 MB, Compressed Oops mode: 32-bit

CDS archive(s) not mapped
Compressed class space mapped at: 0x0000000100000000-0x0000000140000000, reserved size: 1073741824
Narrow klass base: 0x0000000000000000, Narrow klass shift: 3, Narrow klass range: 0x140000000

GC Precious Log:
 CPUs: 4 total, 4 available
 Memory: 7573M
 Large Page Support: Disabled
 NUMA Support: Disabled
 Compressed Oops: Enabled (32-bit)
 Heap Region Size: 1M
 Heap Min Capacity: 8M
 Heap Initial Capacity: 120M
 Heap Max Capacity: 2G
 Pre-touch: Disabled
 Parallel Workers: 4
 Concurrent Workers: 1
 Concurrent Refinement Workers: 4
 Periodic GC: Disabled

Heap:
 garbage-first heap   total 211968K, used 159741K [0x0000000080000000, 0x0000000100000000)
  region size 1024K, 102 young (104448K), 3 survivors (3072K)
 Metaspace       used 75681K, committed 76288K, reserved 1122304K
  class space    used 10024K, committed 10304K, reserved 1048576K

Heap Regions: E=young(eden), S=young(survivor), O=old, HS=humongous(starts), HC=humongous(continues), CS=collection set, F=free, OA=open archive, CA=closed archive, TAMS=top-at-mark-start (previous, next)
|   0|0x0000000080000000, 0x0000000080100000, 0x0000000080100000|100%| O|  |TAMS 0x0000000080100000, 0x0000000080000000| Untracked 
|   1|0x0000000080100000, 0x0000000080200000, 0x0000000080200000|100%| O|  |TAMS 0x0000000080200000, 0x0000000080100000| Untracked 
|   2|0x0000000080200000, 0x0000000080300000, 0x0000000080300000|100%|HS|  |TAMS 0x0000000080300000, 0x0000000080200000| Complete 
|   3|0x0000000080300000, 0x0000000080400000, 0x0000000080400000|100%|HC|  |TAMS 0x0000000080400000, 0x0000000080300000| Complete 
|   4|0x0000000080400000, 0x0000000080500000, 0x0000000080500000|100%|HC|  |TAMS 0x0000000080500000, 0x0000000080400000| Complete 
|   5|0x0000000080500000, 0x0000000080600000, 0x0000000080600000|100%|HC|  |TAMS 0x0000000080600000, 0x0000000080500000| Complete 
|   6|0x0000000080600000, 0x0000000080700000, 0x0000000080700000|100%| O|  |TAMS 0x0000000080700000, 0x0000000080600000| Untracked 
|   7|0x0000000080700000, 0x0000000080800000, 0x0000000080800000|100%| O|  |TAMS 0x0000000080800000, 0x0000000080700000| Untracked 
|   8|0x0000000080800000, 0x0000000080900000, 0x0000000080900000|100%| O|  |TAMS 0x0000000080900000, 0x0000000080800000| Untracked 
|   9|0x0000000080900000, 0x0000000080a00000, 0x0000000080a00000|100%| O|  |TAMS 0x0000000080a00000, 0x0000000080900000| Complete 
|  10|0x0000000080a00000, 0x0000000080b00000, 0x0000000080b00000|100%| O|  |TAMS 0x0000000080b00000, 0x0000000080a00000| Untracked 
|  11|0x0000000080b00000, 0x0000000080b00000, 0x0000000080c00000|  0%| F|  |TAMS 0x0000000080b00000, 0x0000000080b00000| Untracked 
|  12|0x0000000080c00000, 0x0000000080d00000, 0x0000000080d00000|100%| O|  |TAMS 0x0000000080d00000, 0x0000000080c00000| Untracked 
|  13|0x0000000080d00000, 0x0000000080e00000, 0x0000000080e00000|100%| O|  |TAMS 0x0000000080e00000, 0x0000000080d00000| Untracked 
|  14|0x0000000080e00000, 0x0000000080f00000, 0x0000000080f00000|100%| O|  |TAMS 0x0000000080f00000, 0x0000000080e00000| Untracked 
|  15|0x0000000080f00000, 0x0000000081000000, 0x0000000081000000|100%| O|  |TAMS 0x0000000081000000, 0x0000000080f00000| Untracked 
|  16|0x0000000081000000, 0x0000000081100000, 0x0000000081100000|100%| O|  |TAMS 0x0000000081100000, 0x0000000081000000| Untracked 
|  17|0x0000000081100000, 0x0000000081200000, 0x0000000081200000|100%| O|  |TAMS 0x0000000081200000, 0x0000000081100000| Untracked 
|  18|0x0000000081200000, 0x0000000081300000, 0x0000000081300000|100%| O|  |TAMS 0x0000000081300000, 0x0000000081200000| Untracked 
|  19|0x0000000081300000, 0x0000000081400000, 0x0000000081400000|100%| O|  |TAMS 0x0000000081400000, 0x0000000081300000| Untracked 
|  20|0x0000000081400000, 0x0000000081500000, 0x0000000081500000|100%| O|  |TAMS 0x0000000081500000, 0x0000000081400000| Untracked 
|  21|0x0000000081500000, 0x0000000081600000, 0x0000000081600000|100%| O|  |TAMS 0x0000000081600000, 0x0000000081500000| Untracked 
|  22|0x0000000081600000, 0x0000000081700000, 0x0000000081700000|100%| O|  |TAMS 0x0000000081700000, 0x0000000081600000| Untracked 
|  23|0x0000000081700000, 0x0000000081800000, 0x0000000081800000|100%| O|  |TAMS 0x0000000081800000, 0x0000000081700000| Untracked 
|  24|0x0000000081800000, 0x0000000081900000, 0x0000000081900000|100%| O|  |TAMS 0x0000000081900000, 0x0000000081800000| Untracked 
|  25|0x0000000081900000, 0x0000000081a00000, 0x0000000081a00000|100%| O|  |TAMS 0x0000000081a00000, 0x0000000081900000| Untracked 
|  26|0x0000000081a00000, 0x0000000081b00000, 0x0000000081b00000|100%| O|  |TAMS 0x0000000081b00000, 0x0000000081a00000| Untracked 
|  27|0x0000000081b00000, 0x0000000081c00000, 0x0000000081c00000|100%| O|  |TAMS 0x0000000081c00000, 0x0000000081b00000| Untracked 
|  28|0x0000000081c00000, 0x0000000081d00000, 0x0000000081d00000|100%| O|  |TAMS 0x0000000081d00000, 0x0000000081c00000| Untracked 
|  29|0x0000000081d00000, 0x0000000081e00000, 0x0000000081e00000|100%| O|  |TAMS 0x0000000081e00000, 0x0000000081d00000| Untracked 
|  30|0x0000000081e00000, 0x0000000081f00000, 0x0000000081f00000|100%| O|  |TAMS 0x0000000081f00000, 0x0000000081e00000| Untracked 
|  31|0x0000000081f00000, 0x0000000082000000, 0x0000000082000000|100%| O|  |TAMS 0x0000000082000000, 0x0000000081f00000| Untracked 
|  32|0x0000000082000000, 0x0000000082100000, 0x0000000082100000|100%| O|  |TAMS 0x0000000082100000, 0x0000000082000000| Untracked 
|  33|0x0000000082100000, 0x0000000082200000, 0x0000000082200000|100%| O|  |TAMS 0x0000000082200000, 0x0000000082100000| Untracked 
|  34|0x0000000082200000, 0x0000000082300000, 0x0000000082300000|100%| O|  |TAMS 0x0000000082300000, 0x0000000082200000| Untracked 
|  35|0x0000000082300000, 0x0000000082400000, 0x0000000082400000|100%| O|  |TAMS 0x0000000082400000, 0x0000000082300000| Untracked 
|  36|0x0000000082400000, 0x0000000082500000, 0x0000000082500000|100%| O|  |TAMS 0x0000000082500000, 0x0000000082400000| Untracked 
|  37|0x0000000082500000, 0x0000000082600000, 0x0000000082600000|100%|HS|  |TAMS 0x0000000082600000, 0x0000000082500000| Complete 
|  38|0x0000000082600000, 0x0000000082700000, 0x0000000082700000|100%|HS|  |TAMS 0x0000000082700000, 0x0000000082600000| Complete 
|  39|0x0000000082700000, 0x0000000082800000, 0x0000000082800000|100%|HS|  |TAMS 0x0000000082800000, 0x0000000082700000| Complete 
|  40|0x0000000082800000, 0x0000000082900000, 0x0000000082900000|100%|HS|  |TAMS 0x0000000082900000, 0x0000000082800000| Complete 
|  41|0x0000000082900000, 0x0000000082a00000, 0x0000000082a00000|100%|HC|  |TAMS 0x0000000082a00000, 0x0000000082900000| Complete 
|  42|0x0000000082a00000, 0x0000000082b00000, 0x0000000082b00000|100%|HS|  |TAMS 0x0000000082b00000, 0x0000000082a00000| Complete 
|  43|0x0000000082b00000, 0x0000000082c00000, 0x0000000082c00000|100%|HC|  |TAMS 0x0000000082c00000, 0x0000000082b00000| Complete 
|  44|0x0000000082c00000, 0x0000000082d00000, 0x0000000082d00000|100%|HC|  |TAMS 0x0000000082d00000, 0x0000000082c00000| Complete 
|  45|0x0000000082d00000, 0x0000000082e00000, 0x0000000082e00000|100%|HC|  |TAMS 0x0000000082e00000, 0x0000000082d00000| Complete 
|  46|0x0000000082e00000, 0x0000000082f00000, 0x0000000082f00000|100%| O|  |TAMS 0x0000000082f00000, 0x0000000082e00000| Untracked 
|  47|0x0000000082f00000, 0x0000000083000000, 0x0000000083000000|100%| O|  |TAMS 0x0000000083000000, 0x0000000082f00000| Untracked 
|  48|0x0000000083000000, 0x0000000083100000, 0x0000000083100000|100%| O|  |TAMS 0x0000000083100000, 0x0000000083000000| Untracked 
|  49|0x0000000083100000, 0x0000000083200000, 0x0000000083200000|100%| O|  |TAMS 0x0000000083200000, 0x0000000083100000| Untracked 
|  50|0x0000000083200000, 0x0000000083300000, 0x0000000083300000|100%| O|  |TAMS 0x0000000083300000, 0x0000000083200000| Untracked 
|  51|0x0000000083300000, 0x00000000833e3600, 0x0000000083400000| 88%| O|  |TAMS 0x00000000833e3600, 0x0000000083300000| Untracked 
|  52|0x0000000083400000, 0x0000000083500000, 0x0000000083500000|100%| O|  |TAMS 0x0000000083500000, 0x0000000083400000| Untracked 
|  53|0x0000000083500000, 0x0000000083600000, 0x0000000083600000|100%| O|  |TAMS 0x0000000083600000, 0x0000000083500000| Untracked 
|  54|0x0000000083600000, 0x0000000083700000, 0x0000000083700000|100%| O|  |TAMS 0x0000000083700000, 0x0000000083600000| Untracked 
|  55|0x0000000083700000, 0x0000000083700000, 0x0000000083800000|  0%| F|  |TAMS 0x0000000083700000, 0x0000000083700000| Untracked 
|  56|0x0000000083800000, 0x0000000083800000, 0x0000000083900000|  0%| F|  |TAMS 0x0000000083800000, 0x0000000083800000| Untracked 
|  57|0x0000000083900000, 0x0000000083a00000, 0x0000000083a00000|100%|HS|  |TAMS 0x0000000083a00000, 0x0000000083900000| Complete 
|  58|0x0000000083a00000, 0x0000000083a00000, 0x0000000083b00000|  0%| F|  |TAMS 0x0000000083a00000, 0x0000000083a00000| Untracked 
|  59|0x0000000083b00000, 0x0000000083c00000, 0x0000000083c00000|100%|HS|  |TAMS 0x0000000083c00000, 0x0000000083b00000| Complete 
|  60|0x0000000083c00000, 0x0000000083c00000, 0x0000000083d00000|  0%| F|  |TAMS 0x0000000083c00000, 0x0000000083c00000| Untracked 
|  61|0x0000000083d00000, 0x0000000083d00000, 0x0000000083e00000|  0%| F|  |TAMS 0x0000000083d00000, 0x0000000083d00000| Untracked 
|  62|0x0000000083e00000, 0x0000000083e00000, 0x0000000083f00000|  0%| F|  |TAMS 0x0000000083e00000, 0x0000000083e00000| Untracked 
|  63|0x0000000083f00000, 0x0000000083f00000, 0x0000000084000000|  0%| F|  |TAMS 0x0000000083f00000, 0x0000000083f00000| Untracked 
|  64|0x0000000084000000, 0x0000000084000000, 0x0000000084100000|  0%| F|  |TAMS 0x0000000084000000, 0x0000000084000000| Untracked 
|  65|0x0000000084100000, 0x0000000084100000, 0x0000000084200000|  0%| F|  |TAMS 0x0000000084100000, 0x0000000084100000| Untracked 
|  66|0x0000000084200000, 0x0000000084200000, 0x0000000084300000|  0%| F|  |TAMS 0x0000000084200000, 0x0000000084200000| Untracked 
|  67|0x0000000084300000, 0x0000000084300000, 0x0000000084400000|  0%| F|  |TAMS 0x0000000084300000, 0x0000000084300000| Untracked 
|  68|0x0000000084400000, 0x0000000084400000, 0x0000000084500000|  0%| F|  |TAMS 0x0000000084400000, 0x0000000084400000| Untracked 
|  69|0x0000000084500000, 0x0000000084500000, 0x0000000084600000|  0%| F|  |TAMS 0x0000000084500000, 0x0000000084500000| Untracked 
|  70|0x0000000084600000, 0x0000000084600000, 0x0000000084700000|  0%| F|  |TAMS 0x0000000084600000, 0x0000000084600000| Untracked 
|  71|0x0000000084700000, 0x000000008471c130, 0x0000000084800000| 10%| S|CS|TAMS 0x0000000084700000, 0x0000000084700000| Complete 
|  72|0x0000000084800000, 0x0000000084900000, 0x0000000084900000|100%| S|CS|TAMS 0x0000000084800000, 0x0000000084800000| Complete 
|  73|0x0000000084900000, 0x0000000084a00000, 0x0000000084a00000|100%| S|CS|TAMS 0x0000000084900000, 0x0000000084900000| Complete 
|  74|0x0000000084a00000, 0x0000000084a00000, 0x0000000084b00000|  0%| F|  |TAMS 0x0000000084a00000, 0x0000000084a00000| Untracked 
|  75|0x0000000084b00000, 0x0000000084b00000, 0x0000000084c00000|  0%| F|  |TAMS 0x0000000084b00000, 0x0000000084b00000| Untracked 
|  76|0x0000000084c00000, 0x0000000084c00000, 0x0000000084d00000|  0%| F|  |TAMS 0x0000000084c00000, 0x0000000084c00000| Untracked 
|  77|0x0000000084d00000, 0x0000000084d00000, 0x0000000084e00000|  0%| F|  |TAMS 0x0000000084d00000, 0x0000000084d00000| Untracked 
|  78|0x0000000084e00000, 0x0000000084e00000, 0x0000000084f00000|  0%| F|  |TAMS 0x0000000084e00000, 0x0000000084e00000| Untracked 
|  79|0x0000000084f00000, 0x0000000084f00000, 0x0000000085000000|  0%| F|  |TAMS 0x0000000084f00000, 0x0000000084f00000| Untracked 
|  80|0x0000000085000000, 0x0000000085000000, 0x0000000085100000|  0%| F|  |TAMS 0x0000000085000000, 0x0000000085000000| Untracked 
|  81|0x0000000085100000, 0x0000000085100000, 0x0000000085200000|  0%| F|  |TAMS 0x0000000085100000, 0x0000000085100000| Untracked 
|  82|0x0000000085200000, 0x0000000085200000, 0x0000000085300000|  0%| F|  |TAMS 0x0000000085200000, 0x0000000085200000| Untracked 
|  83|0x0000000085300000, 0x0000000085300000, 0x0000000085400000|  0%| F|  |TAMS 0x0000000085300000, 0x0000000085300000| Untracked 
|  84|0x0000000085400000, 0x0000000085400000, 0x0000000085500000|  0%| F|  |TAMS 0x0000000085400000, 0x0000000085400000| Untracked 
|  85|0x0000000085500000, 0x0000000085500000, 0x0000000085600000|  0%| F|  |TAMS 0x0000000085500000, 0x0000000085500000| Untracked 
|  86|0x0000000085600000, 0x0000000085600000, 0x0000000085700000|  0%| F|  |TAMS 0x0000000085600000, 0x0000000085600000| Untracked 
|  87|0x0000000085700000, 0x0000000085700000, 0x0000000085800000|  0%| F|  |TAMS 0x0000000085700000, 0x0000000085700000| Untracked 
|  88|0x0000000085800000, 0x0000000085800000, 0x0000000085900000|  0%| F|  |TAMS 0x0000000085800000, 0x0000000085800000| Untracked 
|  89|0x0000000085900000, 0x0000000085900000, 0x0000000085a00000|  0%| F|  |TAMS 0x0000000085900000, 0x0000000085900000| Untracked 
|  90|0x0000000085a00000, 0x0000000085a00000, 0x0000000085b00000|  0%| F|  |TAMS 0x0000000085a00000, 0x0000000085a00000| Untracked 
|  91|0x0000000085b00000, 0x0000000085b00000, 0x0000000085c00000|  0%| F|  |TAMS 0x0000000085b00000, 0x0000000085b00000| Untracked 
|  92|0x0000000085c00000, 0x0000000085c00000, 0x0000000085d00000|  0%| F|  |TAMS 0x0000000085c00000, 0x0000000085c00000| Untracked 
|  93|0x0000000085d00000, 0x0000000085d00000, 0x0000000085e00000|  0%| F|  |TAMS 0x0000000085d00000, 0x0000000085d00000| Untracked 
|  94|0x0000000085e00000, 0x0000000085e00000, 0x0000000085f00000|  0%| F|  |TAMS 0x0000000085e00000, 0x0000000085e00000| Untracked 
|  95|0x0000000085f00000, 0x0000000085f00000, 0x0000000086000000|  0%| F|  |TAMS 0x0000000085f00000, 0x0000000085f00000| Untracked 
|  96|0x0000000086000000, 0x0000000086000000, 0x0000000086100000|  0%| F|  |TAMS 0x0000000086000000, 0x0000000086000000| Untracked 
|  97|0x0000000086100000, 0x0000000086100000, 0x0000000086200000|  0%| F|  |TAMS 0x0000000086100000, 0x0000000086100000| Untracked 
|  98|0x0000000086200000, 0x0000000086200000, 0x0000000086300000|  0%| F|  |TAMS 0x0000000086200000, 0x0000000086200000| Untracked 
|  99|0x0000000086300000, 0x0000000086300000, 0x0000000086400000|  0%| F|  |TAMS 0x0000000086300000, 0x0000000086300000| Untracked 
| 100|0x0000000086400000, 0x0000000086400000, 0x0000000086500000|  0%| F|  |TAMS 0x0000000086400000, 0x0000000086400000| Untracked 
| 101|0x0000000086500000, 0x0000000086500000, 0x0000000086600000|  0%| F|  |TAMS 0x0000000086500000, 0x0000000086500000| Untracked 
| 102|0x0000000086600000, 0x0000000086600000, 0x0000000086700000|  0%| F|  |TAMS 0x0000000086600000, 0x0000000086600000| Untracked 
| 103|0x0000000086700000, 0x0000000086700000, 0x0000000086800000|  0%| F|  |TAMS 0x0000000086700000, 0x0000000086700000| Untracked 
| 104|0x0000000086800000, 0x0000000086800000, 0x0000000086900000|  0%| F|  |TAMS 0x0000000086800000, 0x0000000086800000| Untracked 
| 105|0x0000000086900000, 0x0000000086900000, 0x0000000086a00000|  0%| F|  |TAMS 0x0000000086900000, 0x0000000086900000| Untracked 
| 106|0x0000000086a00000, 0x0000000086a00000, 0x0000000086b00000|  0%| F|  |TAMS 0x0000000086a00000, 0x0000000086a00000| Untracked 
| 107|0x0000000086b00000, 0x0000000086bac218, 0x0000000086c00000| 67%| E|  |TAMS 0x0000000086b00000, 0x0000000086b00000| Complete 
| 108|0x0000000086c00000, 0x0000000086d00000, 0x0000000086d00000|100%| E|CS|TAMS 0x0000000086c00000, 0x0000000086c00000| Complete 
| 109|0x0000000086d00000, 0x0000000086e00000, 0x0000000086e00000|100%| E|CS|TAMS 0x0000000086d00000, 0x0000000086d00000| Complete 
| 110|0x0000000086e00000, 0x0000000086f00000, 0x0000000086f00000|100%| E|CS|TAMS 0x0000000086e00000, 0x0000000086e00000| Complete 
| 111|0x0000000086f00000, 0x0000000087000000, 0x0000000087000000|100%| E|CS|TAMS 0x0000000086f00000, 0x0000000086f00000| Complete 
| 112|0x0000000087000000, 0x0000000087100000, 0x0000000087100000|100%| E|CS|TAMS 0x0000000087000000, 0x0000000087000000| Complete 
| 113|0x0000000087100000, 0x0000000087200000, 0x0000000087200000|100%| E|CS|TAMS 0x0000000087100000, 0x0000000087100000| Complete 
| 114|0x0000000087200000, 0x0000000087300000, 0x0000000087300000|100%| E|  |TAMS 0x0000000087200000, 0x0000000087200000| Complete 
| 115|0x0000000087300000, 0x0000000087400000, 0x0000000087400000|100%| E|CS|TAMS 0x0000000087300000, 0x0000000087300000| Complete 
| 116|0x0000000087400000, 0x0000000087500000, 0x0000000087500000|100%| E|CS|TAMS 0x0000000087400000, 0x0000000087400000| Complete 
| 117|0x0000000087500000, 0x0000000087600000, 0x0000000087600000|100%| E|CS|TAMS 0x0000000087500000, 0x0000000087500000| Complete 
| 118|0x0000000087600000, 0x0000000087700000, 0x0000000087700000|100%| E|CS|TAMS 0x0000000087600000, 0x0000000087600000| Complete 
| 119|0x0000000087700000, 0x0000000087800000, 0x0000000087800000|100%| E|CS|TAMS 0x0000000087700000, 0x0000000087700000| Complete 
| 120|0x0000000087800000, 0x0000000087900000, 0x0000000087900000|100%| E|CS|TAMS 0x0000000087800000, 0x0000000087800000| Complete 
| 121|0x0000000087900000, 0x0000000087a00000, 0x0000000087a00000|100%| E|CS|TAMS 0x0000000087900000, 0x0000000087900000| Complete 
| 122|0x0000000087a00000, 0x0000000087b00000, 0x0000000087b00000|100%| E|CS|TAMS 0x0000000087a00000, 0x0000000087a00000| Complete 
| 123|0x0000000087b00000, 0x0000000087c00000, 0x0000000087c00000|100%| E|CS|TAMS 0x0000000087b00000, 0x0000000087b00000| Complete 
| 124|0x0000000087c00000, 0x0000000087d00000, 0x0000000087d00000|100%| E|CS|TAMS 0x0000000087c00000, 0x0000000087c00000| Complete 
| 125|0x0000000087d00000, 0x0000000087e00000, 0x0000000087e00000|100%| E|CS|TAMS 0x0000000087d00000, 0x0000000087d00000| Complete 
| 126|0x0000000087e00000, 0x0000000087f00000, 0x0000000087f00000|100%| E|CS|TAMS 0x0000000087e00000, 0x0000000087e00000| Complete 
| 127|0x0000000087f00000, 0x0000000088000000, 0x0000000088000000|100%| E|CS|TAMS 0x0000000087f00000, 0x0000000087f00000| Complete 
| 128|0x0000000088000000, 0x0000000088100000, 0x0000000088100000|100%| E|CS|TAMS 0x0000000088000000, 0x0000000088000000| Complete 
| 129|0x0000000088100000, 0x0000000088200000, 0x0000000088200000|100%| E|CS|TAMS 0x0000000088100000, 0x0000000088100000| Complete 
| 130|0x0000000088200000, 0x0000000088300000, 0x0000000088300000|100%| E|CS|TAMS 0x0000000088200000, 0x0000000088200000| Complete 
| 131|0x0000000088300000, 0x0000000088400000, 0x0000000088400000|100%| E|CS|TAMS 0x0000000088300000, 0x0000000088300000| Complete 
| 132|0x0000000088400000, 0x0000000088500000, 0x0000000088500000|100%| E|CS|TAMS 0x0000000088400000, 0x0000000088400000| Complete 
| 133|0x0000000088500000, 0x0000000088600000, 0x0000000088600000|100%| E|CS|TAMS 0x0000000088500000, 0x0000000088500000| Complete 
| 134|0x0000000088600000, 0x0000000088700000, 0x0000000088700000|100%| E|CS|TAMS 0x0000000088600000, 0x0000000088600000| Complete 
| 135|0x0000000088700000, 0x0000000088800000, 0x0000000088800000|100%| E|CS|TAMS 0x0000000088700000, 0x0000000088700000| Complete 
| 136|0x0000000088800000, 0x0000000088900000, 0x0000000088900000|100%| E|CS|TAMS 0x0000000088800000, 0x0000000088800000| Complete 
| 137|0x0000000088900000, 0x0000000088a00000, 0x0000000088a00000|100%| E|CS|TAMS 0x0000000088900000, 0x0000000088900000| Complete 
| 138|0x0000000088a00000, 0x0000000088b00000, 0x0000000088b00000|100%| E|CS|TAMS 0x0000000088a00000, 0x0000000088a00000| Complete 
| 139|0x0000000088b00000, 0x0000000088c00000, 0x0000000088c00000|100%| E|CS|TAMS 0x0000000088b00000, 0x0000000088b00000| Complete 
| 140|0x0000000088c00000, 0x0000000088d00000, 0x0000000088d00000|100%| E|CS|TAMS 0x0000000088c00000, 0x0000000088c00000| Complete 
| 141|0x0000000088d00000, 0x0000000088e00000, 0x0000000088e00000|100%| E|CS|TAMS 0x0000000088d00000, 0x0000000088d00000| Complete 
| 142|0x0000000088e00000, 0x0000000088f00000, 0x0000000088f00000|100%| E|CS|TAMS 0x0000000088e00000, 0x0000000088e00000| Complete 
| 143|0x0000000088f00000, 0x0000000089000000, 0x0000000089000000|100%| E|CS|TAMS 0x0000000088f00000, 0x0000000088f00000| Complete 
| 144|0x0000000089000000, 0x0000000089100000, 0x0000000089100000|100%| E|CS|TAMS 0x0000000089000000, 0x0000000089000000| Complete 
| 145|0x0000000089100000, 0x0000000089200000, 0x0000000089200000|100%| E|CS|TAMS 0x0000000089100000, 0x0000000089100000| Complete 
| 146|0x0000000089200000, 0x0000000089300000, 0x0000000089300000|100%| E|CS|TAMS 0x0000000089200000, 0x0000000089200000| Complete 
| 147|0x0000000089300000, 0x0000000089400000, 0x0000000089400000|100%| E|CS|TAMS 0x0000000089300000, 0x0000000089300000| Complete 
| 148|0x0000000089400000, 0x0000000089500000, 0x0000000089500000|100%| E|CS|TAMS 0x0000000089400000, 0x0000000089400000| Complete 
| 149|0x0000000089500000, 0x0000000089600000, 0x0000000089600000|100%| E|CS|TAMS 0x0000000089500000, 0x0000000089500000| Complete 
| 150|0x0000000089600000, 0x0000000089700000, 0x0000000089700000|100%| E|CS|TAMS 0x0000000089600000, 0x0000000089600000| Complete 
| 151|0x0000000089700000, 0x0000000089800000, 0x0000000089800000|100%| E|CS|TAMS 0x0000000089700000, 0x0000000089700000| Complete 
| 152|0x0000000089800000, 0x0000000089900000, 0x0000000089900000|100%| E|CS|TAMS 0x0000000089800000, 0x0000000089800000| Complete 
| 153|0x0000000089900000, 0x0000000089a00000, 0x0000000089a00000|100%| E|CS|TAMS 0x0000000089900000, 0x0000000089900000| Complete 
| 154|0x0000000089a00000, 0x0000000089b00000, 0x0000000089b00000|100%| E|CS|TAMS 0x0000000089a00000, 0x0000000089a00000| Complete 
| 155|0x0000000089b00000, 0x0000000089c00000, 0x0000000089c00000|100%| E|CS|TAMS 0x0000000089b00000, 0x0000000089b00000| Complete 
| 156|0x0000000089c00000, 0x0000000089d00000, 0x0000000089d00000|100%| E|CS|TAMS 0x0000000089c00000, 0x0000000089c00000| Complete 
| 157|0x0000000089d00000, 0x0000000089e00000, 0x0000000089e00000|100%| E|CS|TAMS 0x0000000089d00000, 0x0000000089d00000| Complete 
| 158|0x0000000089e00000, 0x0000000089f00000, 0x0000000089f00000|100%| E|CS|TAMS 0x0000000089e00000, 0x0000000089e00000| Complete 
| 159|0x0000000089f00000, 0x000000008a000000, 0x000000008a000000|100%| E|CS|TAMS 0x0000000089f00000, 0x0000000089f00000| Complete 
| 160|0x000000008a000000, 0x000000008a100000, 0x000000008a100000|100%| E|CS|TAMS 0x000000008a000000, 0x000000008a000000| Complete 
| 161|0x000000008a100000, 0x000000008a200000, 0x000000008a200000|100%| E|CS|TAMS 0x000000008a100000, 0x000000008a100000| Complete 
| 162|0x000000008a200000, 0x000000008a300000, 0x000000008a300000|100%| E|CS|TAMS 0x000000008a200000, 0x000000008a200000| Complete 
| 163|0x000000008a300000, 0x000000008a400000, 0x000000008a400000|100%| E|CS|TAMS 0x000000008a300000, 0x000000008a300000| Complete 
| 164|0x000000008a400000, 0x000000008a500000, 0x000000008a500000|100%| E|CS|TAMS 0x000000008a400000, 0x000000008a400000| Complete 
| 165|0x000000008a500000, 0x000000008a600000, 0x000000008a600000|100%| E|CS|TAMS 0x000000008a500000, 0x000000008a500000| Complete 
| 166|0x000000008a600000, 0x000000008a700000, 0x000000008a700000|100%| E|CS|TAMS 0x000000008a600000, 0x000000008a600000| Complete 
| 167|0x000000008a700000, 0x000000008a800000, 0x000000008a800000|100%| E|CS|TAMS 0x000000008a700000, 0x000000008a700000| Complete 
| 168|0x000000008a800000, 0x000000008a900000, 0x000000008a900000|100%| E|CS|TAMS 0x000000008a800000, 0x000000008a800000| Complete 
| 169|0x000000008a900000, 0x000000008aa00000, 0x000000008aa00000|100%| E|CS|TAMS 0x000000008a900000, 0x000000008a900000| Complete 
| 170|0x000000008aa00000, 0x000000008ab00000, 0x000000008ab00000|100%| E|CS|TAMS 0x000000008aa00000, 0x000000008aa00000| Complete 
| 171|0x000000008ab00000, 0x000000008ac00000, 0x000000008ac00000|100%| E|CS|TAMS 0x000000008ab00000, 0x000000008ab00000| Complete 
| 172|0x000000008ac00000, 0x000000008ad00000, 0x000000008ad00000|100%| E|CS|TAMS 0x000000008ac00000, 0x000000008ac00000| Complete 
| 173|0x000000008ad00000, 0x000000008ae00000, 0x000000008ae00000|100%| E|CS|TAMS 0x000000008ad00000, 0x000000008ad00000| Complete 
| 174|0x000000008ae00000, 0x000000008af00000, 0x000000008af00000|100%| E|CS|TAMS 0x000000008ae00000, 0x000000008ae00000| Complete 
| 175|0x000000008af00000, 0x000000008b000000, 0x000000008b000000|100%| E|CS|TAMS 0x000000008af00000, 0x000000008af00000| Complete 
| 176|0x000000008b000000, 0x000000008b100000, 0x000000008b100000|100%| E|CS|TAMS 0x000000008b000000, 0x000000008b000000| Complete 
| 177|0x000000008b100000, 0x000000008b200000, 0x000000008b200000|100%| E|CS|TAMS 0x000000008b100000, 0x000000008b100000| Complete 
| 178|0x000000008b200000, 0x000000008b300000, 0x000000008b300000|100%| E|CS|TAMS 0x000000008b200000, 0x000000008b200000| Complete 
| 179|0x000000008b300000, 0x000000008b400000, 0x000000008b400000|100%| E|CS|TAMS 0x000000008b300000, 0x000000008b300000| Complete 
| 180|0x000000008b400000, 0x000000008b500000, 0x000000008b500000|100%| E|CS|TAMS 0x000000008b400000, 0x000000008b400000| Complete 
| 181|0x000000008b500000, 0x000000008b600000, 0x000000008b600000|100%| E|CS|TAMS 0x000000008b500000, 0x000000008b500000| Complete 
| 182|0x000000008b600000, 0x000000008b700000, 0x000000008b700000|100%| E|CS|TAMS 0x000000008b600000, 0x000000008b600000| Complete 
| 183|0x000000008b700000, 0x000000008b800000, 0x000000008b800000|100%| E|CS|TAMS 0x000000008b700000, 0x000000008b700000| Complete 
| 184|0x000000008b800000, 0x000000008b900000, 0x000000008b900000|100%| E|CS|TAMS 0x000000008b800000, 0x000000008b800000| Complete 
| 185|0x000000008b900000, 0x000000008ba00000, 0x000000008ba00000|100%| E|CS|TAMS 0x000000008b900000, 0x000000008b900000| Complete 
| 186|0x000000008ba00000, 0x000000008bb00000, 0x000000008bb00000|100%| E|CS|TAMS 0x000000008ba00000, 0x000000008ba00000| Complete 
| 187|0x000000008bb00000, 0x000000008bc00000, 0x000000008bc00000|100%| E|CS|TAMS 0x000000008bb00000, 0x000000008bb00000| Complete 
| 188|0x000000008bc00000, 0x000000008bd00000, 0x000000008bd00000|100%| E|CS|TAMS 0x000000008bc00000, 0x000000008bc00000| Complete 
| 189|0x000000008bd00000, 0x000000008be00000, 0x000000008be00000|100%| E|CS|TAMS 0x000000008bd00000, 0x000000008bd00000| Complete 
| 190|0x000000008be00000, 0x000000008bf00000, 0x000000008bf00000|100%| E|CS|TAMS 0x000000008be00000, 0x000000008be00000| Complete 
| 191|0x000000008bf00000, 0x000000008c000000, 0x000000008c000000|100%| E|CS|TAMS 0x000000008bf00000, 0x000000008bf00000| Complete 
| 192|0x000000008c000000, 0x000000008c100000, 0x000000008c100000|100%| E|CS|TAMS 0x000000008c000000, 0x000000008c000000| Complete 
| 193|0x000000008c100000, 0x000000008c200000, 0x000000008c200000|100%| E|CS|TAMS 0x000000008c100000, 0x000000008c100000| Complete 
| 194|0x000000008c200000, 0x000000008c300000, 0x000000008c300000|100%| E|CS|TAMS 0x000000008c200000, 0x000000008c200000| Complete 
| 195|0x000000008c300000, 0x000000008c400000, 0x000000008c400000|100%| E|CS|TAMS 0x000000008c300000, 0x000000008c300000| Complete 
| 196|0x000000008c400000, 0x000000008c500000, 0x000000008c500000|100%| E|CS|TAMS 0x000000008c400000, 0x000000008c400000| Complete 
| 197|0x000000008c500000, 0x000000008c600000, 0x000000008c600000|100%| E|CS|TAMS 0x000000008c500000, 0x000000008c500000| Complete 
| 198|0x000000008c600000, 0x000000008c700000, 0x000000008c700000|100%| E|CS|TAMS 0x000000008c600000, 0x000000008c600000| Complete 
| 199|0x000000008c700000, 0x000000008c800000, 0x000000008c800000|100%| E|CS|TAMS 0x000000008c700000, 0x000000008c700000| Complete 
| 200|0x000000008c800000, 0x000000008c900000, 0x000000008c900000|100%| E|CS|TAMS 0x000000008c800000, 0x000000008c800000| Complete 
| 201|0x000000008c900000, 0x000000008ca00000, 0x000000008ca00000|100%| E|CS|TAMS 0x000000008c900000, 0x000000008c900000| Complete 
| 202|0x000000008ca00000, 0x000000008cb00000, 0x000000008cb00000|100%| E|CS|TAMS 0x000000008ca00000, 0x000000008ca00000| Complete 
| 203|0x000000008cb00000, 0x000000008cc00000, 0x000000008cc00000|100%| E|CS|TAMS 0x000000008cb00000, 0x000000008cb00000| Complete 
| 247|0x000000008f700000, 0x000000008f800000, 0x000000008f800000|100%| E|CS|TAMS 0x000000008f700000, 0x000000008f700000| Complete 
|2046|0x00000000ffe00000, 0x00000000fff00000, 0x00000000fff00000|100%| E|CS|TAMS 0x00000000ffe00000, 0x00000000ffe00000| Complete 
|2047|0x00000000fff00000, 0x0000000100000000, 0x0000000100000000|100%| O|  |TAMS 0x0000000100000000, 0x00000000fff00000| Untracked 

Card table byte_map: [0x00000225d25b0000,0x00000225d29b0000] _byte_map_base: 0x00000225d21b0000

Marking Bits (Prev, Next): (CMBitMap*) 0x00000225bfd38440, (CMBitMap*) 0x00000225bfd38400
 Prev Bits: [0x00000225d4db0000, 0x00000225d6db0000)
 Next Bits: [0x00000225d2db0000, 0x00000225d4db0000)

Polling page: 0x00000225bdb20000

Metaspace:

Usage:
  Non-class:     64.12 MB used.
      Class:      9.79 MB used.
       Both:     73.91 MB used.

Virtual space:
  Non-class space:       72.00 MB reserved,      64.44 MB ( 89%) committed,  9 nodes.
      Class space:        1.00 GB reserved,      10.06 MB ( <1%) committed,  1 nodes.
             Both:        1.07 GB reserved,      74.50 MB (  7%) committed. 

Chunk freelists:
   Non-Class:  3.55 MB
       Class:  1.77 MB
        Both:  5.31 MB

MaxMetaspaceSize: unlimited
CompressedClassSpaceSize: 1.00 GB
Initial GC threshold: 21.00 MB
Current GC threshold: 107.81 MB
CDS: off
MetaspaceReclaimPolicy: balanced
 - commit_granule_bytes: 65536.
 - commit_granule_words: 8192.
 - virtual_space_node_default_size: 1048576.
 - enlarge_chunks_in_place: 1.
 - new_chunks_are_fully_committed: 0.
 - uncommit_free_chunks: 1.
 - use_allocation_guard: 0.
 - handle_deallocations: 1.


Internal statistics:

num_allocs_failed_limit: 6.
num_arena_births: 752.
num_arena_deaths: 0.
num_vsnodes_births: 10.
num_vsnodes_deaths: 0.
num_space_committed: 1192.
num_space_uncommitted: 0.
num_chunks_returned_to_freelist: 6.
num_chunks_taken_from_freelist: 3299.
num_chunk_merges: 6.
num_chunk_splits: 2246.
num_chunks_enlarged: 1578.
num_purges: 0.
num_inconsistent_stats: 0.

CodeHeap 'non-profiled nmethods': size=120000Kb used=3693Kb max_used=3693Kb free=116306Kb
 bounds [0x00000225cac80000, 0x00000225cb020000, 0x00000225d21b0000]
CodeHeap 'profiled nmethods': size=120000Kb used=13047Kb max_used=13047Kb free=106952Kb
 bounds [0x00000225c31b0000, 0x00000225c3e70000, 0x00000225ca6e0000]
CodeHeap 'non-nmethods': size=5760Kb used=2364Kb max_used=2441Kb free=3395Kb
 bounds [0x00000225ca6e0000, 0x00000225ca960000, 0x00000225cac80000]
 total_blobs=7836 nmethods=6939 adapters=809
 compilation: enabled
              stopped_count=0, restarted_count=0
 full_count=0

Compilation events (20 events):
Event: 45.636 Thread 0x00000225d9c65730 nmethod 7827 0x00000225c3e69710 code [0x00000225c3e698e0, 0x00000225c3e69dd8]
Event: 45.636 Thread 0x00000225d9c65730 7828       3       org.gradle.api.internal.changedetection.state.SplitFileHasher::hash (44 bytes)
Event: 45.637 Thread 0x00000225d9c65730 nmethod 7828 0x00000225c3e69f90 code [0x00000225c3e6a180, 0x00000225c3e6a668]
Event: 45.710 Thread 0x00000225d9c65730 7829       3       org.gradle.internal.snapshot.impl.DirectorySnapshotter$PathVisitor::shouldVisit (92 bytes)
Event: 45.714 Thread 0x00000225d9c65730 nmethod 7829 0x00000225c3e6a890 code [0x00000225c3e6ab00, 0x00000225c3e6b618]
Event: 45.714 Thread 0x00000225d9c65730 7830       3       sun.nio.fs.WindowsPath$WindowsPathWithAttributes::getFileSystem (5 bytes)
Event: 45.714 Thread 0x00000225d9c65730 nmethod 7830 0x00000225c3e6ba90 code [0x00000225c3e6bc20, 0x00000225c3e6bd38]
Event: 45.761 Thread 0x00000225d9c65730 7831       3       sun.nio.fs.WindowsFileAttributes::isRegularFile (27 bytes)
Event: 45.762 Thread 0x00000225d9c65730 nmethod 7831 0x00000225c3e6be10 code [0x00000225c3e6c000, 0x00000225c3e6c658]
Event: 45.770 Thread 0x00000225d9c65730 7832       3       org.gradle.internal.snapshot.impl.DirectorySnapshotterStatistics$CollectingFileVisitor::visitFile (10 bytes)
Event: 45.772 Thread 0x00000225d9c65730 nmethod 7832 0x00000225c3e6c790 code [0x00000225c3e6c960, 0x00000225c3e6ccf8]
Event: 45.772 Thread 0x00000225d9c65730 7833       3       org.gradle.internal.snapshot.impl.DirectorySnapshotterStatistics$CollectingFileVisitor::visitFile (14 bytes)
Event: 45.772 Thread 0x00000225d9c65730 nmethod 7833 0x00000225c3e6ce90 code [0x00000225c3e6d040, 0x00000225c3e6d258]
Event: 45.773 Thread 0x00000225d9c65730 7834       3       org.gradle.internal.snapshot.impl.DirectorySnapshotter$PathVisitor::shouldVisitFile (8 bytes)
Event: 45.773 Thread 0x00000225d9c65730 nmethod 7834 0x00000225c3e6d410 code [0x00000225c3e6d5a0, 0x00000225c3e6d6e8]
Event: 45.777 Thread 0x00000225d9c65730 7835       3       org.gradle.internal.snapshot.impl.FilteredTrackingMerkleDirectorySnapshotBuilder::visitLeafElement (11 bytes)
Event: 45.777 Thread 0x00000225d9c65730 nmethod 7835 0x00000225c3e6d790 code [0x00000225c3e6d940, 0x00000225c3e6db08]
Event: 45.777 Thread 0x00000225d9c65730 7836       3       org.gradle.internal.snapshot.MerkleDirectorySnapshotBuilder::visitLeafElement (6 bytes)
Event: 45.778 Thread 0x00000225d9c65730 nmethod 7836 0x00000225c3e6dc10 code [0x00000225c3e6dda0, 0x00000225c3e6dee8]
Event: 45.840 Thread 0x00000225d92e9800 7837       4       org.gradle.cache.internal.btree.BTreePersistentIndexedCache$IndexBlock::read (94 bytes)

GC Heap History (20 events):
Event: 23.529 GC heap before
{Heap before GC invocations=18 (full 0):
 garbage-first heap   total 68608K, used 45347K [0x0000000080000000, 0x0000000100000000)
  region size 1024K, 12 young (12288K), 3 survivors (3072K)
 Metaspace       used 53630K, committed 54144K, reserved 1097728K
  class space    used 7149K, committed 7360K, reserved 1048576K
}
Event: 23.534 GC heap after
{Heap after GC invocations=19 (full 0):
 garbage-first heap   total 68608K, used 38270K [0x0000000080000000, 0x0000000100000000)
  region size 1024K, 2 young (2048K), 2 survivors (2048K)
 Metaspace       used 53630K, committed 54144K, reserved 1097728K
  class space    used 7149K, committed 7360K, reserved 1048576K
}
Event: 24.490 GC heap before
{Heap before GC invocations=20 (full 0):
 garbage-first heap   total 70656K, used 62846K [0x0000000080000000, 0x0000000100000000)
  region size 1024K, 17 young (17408K), 2 survivors (2048K)
 Metaspace       used 54686K, committed 55168K, reserved 1097728K
  class space    used 7272K, committed 7488K, reserved 1048576K
}
Event: 24.495 GC heap after
{Heap after GC invocations=21 (full 0):
 garbage-first heap   total 72704K, used 53722K [0x0000000080000000, 0x0000000100000000)
  region size 1024K, 3 young (3072K), 3 survivors (3072K)
 Metaspace       used 54686K, committed 55168K, reserved 1097728K
  class space    used 7272K, committed 7488K, reserved 1048576K
}
Event: 24.523 GC heap before
{Heap before GC invocations=21 (full 0):
 garbage-first heap   total 72704K, used 54746K [0x0000000080000000, 0x0000000100000000)
  region size 1024K, 4 young (4096K), 3 survivors (3072K)
 Metaspace       used 54782K, committed 55232K, reserved 1097728K
  class space    used 7289K, committed 7488K, reserved 1048576K
}
Event: 24.528 GC heap after
{Heap after GC invocations=22 (full 0):
 garbage-first heap   total 72704K, used 53504K [0x0000000080000000, 0x0000000100000000)
  region size 1024K, 1 young (1024K), 1 survivors (1024K)
 Metaspace       used 54782K, committed 55232K, reserved 1097728K
  class space    used 7289K, committed 7488K, reserved 1048576K
}
Event: 24.686 GC heap before
{Heap before GC invocations=22 (full 0):
 garbage-first heap   total 72704K, used 57600K [0x0000000080000000, 0x0000000100000000)
  region size 1024K, 6 young (6144K), 1 survivors (1024K)
 Metaspace       used 55404K, committed 55872K, reserved 1097728K
  class space    used 7380K, committed 7616K, reserved 1048576K
}
Event: 24.688 GC heap after
{Heap after GC invocations=23 (full 0):
 garbage-first heap   total 72704K, used 53649K [0x0000000080000000, 0x0000000100000000)
  region size 1024K, 1 young (1024K), 1 survivors (1024K)
 Metaspace       used 55404K, committed 55872K, reserved 1097728K
  class space    used 7380K, committed 7616K, reserved 1048576K
}
Event: 24.962 GC heap before
{Heap before GC invocations=24 (full 0):
 garbage-first heap   total 97280K, used 59793K [0x0000000080000000, 0x0000000100000000)
  region size 1024K, 7 young (7168K), 1 survivors (1024K)
 Metaspace       used 56247K, committed 56768K, reserved 1105920K
  class space    used 7512K, committed 7744K, reserved 1048576K
}
Event: 24.966 GC heap after
{Heap after GC invocations=25 (full 0):
 garbage-first heap   total 97280K, used 53863K [0x0000000080000000, 0x0000000100000000)
  region size 1024K, 1 young (1024K), 1 survivors (1024K)
 Metaspace       used 56247K, committed 56768K, reserved 1105920K
  class space    used 7512K, committed 7744K, reserved 1048576K
}
Event: 25.190 GC heap before
{Heap before GC invocations=25 (full 0):
 garbage-first heap   total 97280K, used 56935K [0x0000000080000000, 0x0000000100000000)
  region size 1024K, 4 young (4096K), 1 survivors (1024K)
 Metaspace       used 56695K, committed 57152K, reserved 1105920K
  class space    used 7572K, committed 7808K, reserved 1048576K
}
Event: 25.193 GC heap after
{Heap after GC invocations=26 (full 0):
 garbage-first heap   total 97280K, used 53598K [0x0000000080000000, 0x0000000100000000)
  region size 1024K, 1 young (1024K), 1 survivors (1024K)
 Metaspace       used 56695K, committed 57152K, reserved 1105920K
  class space    used 7572K, committed 7808K, reserved 1048576K
}
Event: 27.545 GC heap before
{Heap before GC invocations=26 (full 0):
 garbage-first heap   total 97280K, used 75102K [0x0000000080000000, 0x0000000100000000)
  region size 1024K, 22 young (22528K), 1 survivors (1024K)
 Metaspace       used 60077K, committed 60608K, reserved 1105920K
  class space    used 7951K, committed 8192K, reserved 1048576K
}
Event: 27.549 GC heap after
{Heap after GC invocations=27 (full 0):
 garbage-first heap   total 97280K, used 54344K [0x0000000080000000, 0x0000000100000000)
  region size 1024K, 2 young (2048K), 2 survivors (2048K)
 Metaspace       used 60077K, committed 60608K, reserved 1105920K
  class space    used 7951K, committed 8192K, reserved 1048576K
}
Event: 30.134 GC heap before
{Heap before GC invocations=28 (full 0):
 garbage-first heap   total 97280K, used 76872K [0x0000000080000000, 0x0000000100000000)
  region size 1024K, 23 young (23552K), 2 survivors (2048K)
 Metaspace       used 64308K, committed 64960K, reserved 1105920K
  class space    used 8524K, committed 8832K, reserved 1048576K
}
Event: 30.141 GC heap after
{Heap after GC invocations=29 (full 0):
 garbage-first heap   total 97280K, used 57548K [0x0000000080000000, 0x0000000100000000)
  region size 1024K, 3 young (3072K), 3 survivors (3072K)
 Metaspace       used 64308K, committed 64960K, reserved 1105920K
  class space    used 8524K, committed 8832K, reserved 1048576K
}
Event: 30.144 GC heap before
{Heap before GC invocations=29 (full 0):
 garbage-first heap   total 97280K, used 58572K [0x0000000080000000, 0x0000000100000000)
  region size 1024K, 4 young (4096K), 3 survivors (3072K)
 Metaspace       used 64308K, committed 64960K, reserved 1105920K
  class space    used 8524K, committed 8832K, reserved 1048576K
}
Event: 30.151 GC heap after
{Heap after GC invocations=30 (full 0):
 garbage-first heap   total 97280K, used 58253K [0x0000000080000000, 0x0000000100000000)
  region size 1024K, 1 young (1024K), 1 survivors (1024K)
 Metaspace       used 64308K, committed 64960K, reserved 1105920K
  class space    used 8524K, committed 8832K, reserved 1048576K
}
Event: 31.357 GC heap before
{Heap before GC invocations=30 (full 0):
 garbage-first heap   total 97280K, used 82829K [0x0000000080000000, 0x0000000100000000)
  region size 1024K, 20 young (20480K), 1 survivors (1024K)
 Metaspace       used 65578K, committed 66112K, reserved 1114112K
  class space    used 8690K, committed 8960K, reserved 1048576K
}
Event: 31.365 GC heap after
{Heap after GC invocations=31 (full 0):
 garbage-first heap   total 256000K, used 62461K [0x0000000080000000, 0x0000000100000000)
  region size 1024K, 3 young (3072K), 3 survivors (3072K)
 Metaspace       used 65578K, committed 66112K, reserved 1114112K
  class space    used 8690K, committed 8960K, reserved 1048576K
}

Dll operation events (2 events):
Event: 0.087 Loaded shared library C:\Program Files\Android\Android Studio\jbr\bin\java.dll
Event: 2.961 Loaded shared library C:\Program Files\Android\Android Studio\jbr\bin\verify.dll

Deoptimization events (20 events):
Event: 41.856 Thread 0x00000225da605a00 DEOPT PACKING pc=0x00000225cb004b2c sp=0x00000077cbaf8280
Event: 41.856 Thread 0x00000225da605a00 DEOPT UNPACKING pc=0x00000225ca7369a3 sp=0x00000077cbaf8168 mode 2
Event: 41.857 Thread 0x00000225da605a00 Uncommon trap: trap_request=0xffffffde fr.pc=0x00000225cb004b2c relative=0x00000000000004cc
Event: 41.857 Thread 0x00000225da605a00 Uncommon trap: reason=class_check action=maybe_recompile pc=0x00000225cb004b2c method=kotlin.reflect.jvm.internal.impl.protobuf.CodedInputStream.tryRefillBuffer(I)Z @ 175 c2
Event: 41.857 Thread 0x00000225da605a00 DEOPT PACKING pc=0x00000225cb004b2c sp=0x00000077cbaf8380
Event: 41.857 Thread 0x00000225da605a00 DEOPT UNPACKING pc=0x00000225ca7369a3 sp=0x00000077cbaf8268 mode 2
Event: 41.863 Thread 0x00000225da605a00 Uncommon trap: trap_request=0xffffffde fr.pc=0x00000225cb004b2c relative=0x00000000000004cc
Event: 41.863 Thread 0x00000225da605a00 Uncommon trap: reason=class_check action=maybe_recompile pc=0x00000225cb004b2c method=kotlin.reflect.jvm.internal.impl.protobuf.CodedInputStream.tryRefillBuffer(I)Z @ 175 c2
Event: 41.863 Thread 0x00000225da605a00 DEOPT PACKING pc=0x00000225cb004b2c sp=0x00000077cbaf8380
Event: 41.863 Thread 0x00000225da605a00 DEOPT UNPACKING pc=0x00000225ca7369a3 sp=0x00000077cbaf8268 mode 2
Event: 42.340 Thread 0x00000225dc4f52d0 Uncommon trap: trap_request=0xffffffc6 fr.pc=0x00000225cb01427c relative=0x000000000000097c
Event: 42.340 Thread 0x00000225dc4f52d0 Uncommon trap: reason=bimorphic_or_optimized_type_check action=maybe_recompile pc=0x00000225cb01427c method=java.io.BufferedInputStream.read1([BII)I @ 39 c2
Event: 42.341 Thread 0x00000225dc4f52d0 DEOPT PACKING pc=0x00000225cb01427c sp=0x00000077cccfe280
Event: 42.341 Thread 0x00000225dc4f52d0 DEOPT UNPACKING pc=0x00000225ca7369a3 sp=0x00000077cccfe198 mode 2
Event: 42.347 Thread 0x00000225dc4f52d0 Uncommon trap: trap_request=0xffffff45 fr.pc=0x00000225caee76dc relative=0x000000000000021c
Event: 42.347 Thread 0x00000225dc4f52d0 Uncommon trap: reason=unstable_if action=reinterpret pc=0x00000225caee76dc method=com.esotericsoftware.kryo.io.Input.readVarInt(Z)I @ 42 c2
Event: 42.347 Thread 0x00000225dc4f52d0 DEOPT PACKING pc=0x00000225caee76dc sp=0x00000077cccfe460
Event: 42.348 Thread 0x00000225dc4f52d0 DEOPT UNPACKING pc=0x00000225ca7369a3 sp=0x00000077cccfe350 mode 2
Event: 45.840 Thread 0x00000225da6063a0 DEOPT PACKING pc=0x00000225c3c35f20 sp=0x00000077cc0fdec0
Event: 45.840 Thread 0x00000225da6063a0 DEOPT UNPACKING pc=0x00000225ca737143 sp=0x00000077cc0fd380 mode 0

Classes unloaded (0 events):
No events

Classes redefined (0 events):
No events

Internal exceptions (20 events):
Event: 35.282 Thread 0x00000225da605a00 Exception <a 'java/lang/ClassNotFoundException'{0x000000008a44bfb8}: org/gradle/api/plugins/internal/DefaultBasePluginConventionCustomizer> (0x000000008a44bfb8) 
thrown [s\src\hotspot\share\classfile\systemDictionary.cpp, line 256]
Event: 35.285 Thread 0x00000225da605a00 Exception <a 'java/lang/ClassNotFoundException'{0x000000008a4777b0}: org/gradle/api/plugins/internal/DefaultBasePluginConvention_DecoratedCustomizer> (0x000000008a4777b0) 
thrown [s\src\hotspot\share\classfile\systemDictionary.cpp, line 256]
Event: 35.294 Thread 0x00000225da605a00 Exception <a 'java/lang/ClassNotFoundException'{0x000000008a4f2988}: org/gradle/api/plugins/internal/DefaultJavaPluginConvention_DecoratedBeanInfo> (0x000000008a4f2988) 
thrown [s\src\hotspot\share\classfile\systemDictionary.cpp, line 256]
Event: 35.295 Thread 0x00000225da605a00 Exception <a 'java/lang/ClassNotFoundException'{0x000000008a30bec8}: org/gradle/api/plugins/internal/DefaultJavaPluginConventionBeanInfo> (0x000000008a30bec8) 
thrown [s\src\hotspot\share\classfile\systemDictionary.cpp, line 256]
Event: 35.297 Thread 0x00000225da605a00 Exception <a 'java/lang/ClassNotFoundException'{0x000000008a3244e0}: org/gradle/api/plugins/JavaPluginConventionBeanInfo> (0x000000008a3244e0) 
thrown [s\src\hotspot\share\classfile\systemDictionary.cpp, line 256]
Event: 35.308 Thread 0x00000225da605a00 Exception <a 'java/lang/ClassNotFoundException'{0x000000008a33cac0}: org/gradle/api/plugins/JavaPluginConventionCustomizer> (0x000000008a33cac0) 
thrown [s\src\hotspot\share\classfile\systemDictionary.cpp, line 256]
Event: 35.310 Thread 0x00000225da605a00 Exception <a 'java/lang/ClassNotFoundException'{0x000000008a369820}: org/gradle/api/plugins/internal/DefaultJavaPluginConventionCustomizer> (0x000000008a369820) 
thrown [s\src\hotspot\share\classfile\systemDictionary.cpp, line 256]
Event: 35.313 Thread 0x00000225da605a00 Exception <a 'java/lang/ClassNotFoundException'{0x000000008a3a9488}: org/gradle/api/plugins/internal/DefaultJavaPluginConvention_DecoratedCustomizer> (0x000000008a3a9488) 
thrown [s\src\hotspot\share\classfile\systemDictionary.cpp, line 256]
Event: 38.242 Thread 0x00000225da605a00 Exception <a 'java/lang/ClassNotFoundException'{0x0000000089544410}: org/jetbrains/kotlin/gradle/targets/js/npm/DefaultNpmDependencyExtensionBeanInfo> (0x0000000089544410) 
thrown [s\src\hotspot\share\classfile\systemDictionary.cpp, line 256]
Event: 38.243 Thread 0x00000225da605a00 Exception <a 'java/lang/ClassNotFoundException'{0x000000008954fa50}: org/jetbrains/kotlin/gradle/targets/js/npm/DefaultNpmDependencyExtensionCustomizer> (0x000000008954fa50) 
thrown [s\src\hotspot\share\classfile\systemDictionary.cpp, line 256]
Event: 38.259 Thread 0x00000225da605a00 Exception <a 'java/lang/ClassNotFoundException'{0x00000000895c5c60}: org/jetbrains/kotlin/gradle/targets/js/npm/NpmDependencyExtensionKt$defaultNpmDependencyDelegate$1BeanInfo> (0x00000000895c5c60) 
thrown [s\src\hotspot\share\classfile\systemDictionary.cpp, line 256]
Event: 38.260 Thread 0x00000225da605a00 Exception <a 'java/lang/ClassNotFoundException'{0x00000000895d12e8}: org/jetbrains/kotlin/gradle/targets/js/npm/NpmDependencyExtensionDelegateBeanInfo> (0x00000000895d12e8) 
thrown [s\src\hotspot\share\classfile\systemDictionary.cpp, line 256]
Event: 38.262 Thread 0x00000225da605a00 Exception <a 'java/lang/ClassNotFoundException'{0x00000000895dc938}: org/jetbrains/kotlin/gradle/targets/js/npm/NpmDependencyExtensionDelegateCustomizer> (0x00000000895dc938) 
thrown [s\src\hotspot\share\classfile\systemDictionary.cpp, line 256]
Event: 38.264 Thread 0x00000225da605a00 Exception <a 'java/lang/ClassNotFoundException'{0x00000000894009a8}: org/jetbrains/kotlin/gradle/targets/js/npm/NpmDependencyExtensionKt$defaultNpmDependencyDelegate$1Customizer> (0x00000000894009a8) 
thrown [s\src\hotspot\share\classfile\systemDictionary.cpp, line 256]
Event: 38.271 Thread 0x00000225da605a00 Exception <a 'java/lang/ClassNotFoundException'{0x000000008943b0f0}: org/jetbrains/kotlin/gradle/targets/js/npm/DefaultDevNpmDependencyExtensionBeanInfo> (0x000000008943b0f0) 
thrown [s\src\hotspot\share\classfile\systemDictionary.cpp, line 256]
Event: 38.272 Thread 0x00000225da605a00 Exception <a 'java/lang/ClassNotFoundException'{0x0000000089446748}: org/jetbrains/kotlin/gradle/targets/js/npm/DefaultDevNpmDependencyExtensionCustomizer> (0x0000000089446748) 
thrown [s\src\hotspot\share\classfile\systemDictionary.cpp, line 256]
Event: 38.278 Thread 0x00000225da605a00 Exception <a 'java/lang/ClassNotFoundException'{0x0000000089485b18}: org/jetbrains/kotlin/gradle/targets/js/npm/DefaultPeerNpmDependencyExtensionBeanInfo> (0x0000000089485b18) 
thrown [s\src\hotspot\share\classfile\systemDictionary.cpp, line 256]
Event: 38.279 Thread 0x00000225da605a00 Exception <a 'java/lang/ClassNotFoundException'{0x00000000894911a0}: org/jetbrains/kotlin/gradle/targets/js/npm/DefaultPeerNpmDependencyExtensionCustomizer> (0x00000000894911a0) 
thrown [s\src\hotspot\share\classfile\systemDictionary.cpp, line 256]
Event: 38.287 Thread 0x00000225da605a00 Exception <a 'java/lang/ClassNotFoundException'{0x00000000894dc310}: org/jetbrains/kotlin/gradle/targets/js/npm/DefaultPeerNpmDependencyExtension$delegate$1BeanInfo> (0x00000000894dc310) 
thrown [s\src\hotspot\share\classfile\systemDictionary.cpp, line 256]
Event: 38.289 Thread 0x00000225da605a00 Exception <a 'java/lang/ClassNotFoundException'{0x00000000894e7b60}: org/jetbrains/kotlin/gradle/targets/js/npm/DefaultPeerNpmDependencyExtension$delegate$1Customizer> (0x00000000894e7b60) 
thrown [s\src\hotspot\share\classfile\systemDictionary.cpp, line 256]

VM Operations (20 events):
Event: 34.056 Executing VM operation: HandshakeAllThreads
Event: 34.056 Executing VM operation: HandshakeAllThreads done
Event: 35.069 Executing VM operation: Cleanup
Event: 35.086 Executing VM operation: Cleanup done
Event: 35.266 Executing VM operation: HandshakeAllThreads
Event: 35.266 Executing VM operation: HandshakeAllThreads done
Event: 36.272 Executing VM operation: Cleanup
Event: 36.320 Executing VM operation: Cleanup done
Event: 37.335 Executing VM operation: Cleanup
Event: 37.336 Executing VM operation: Cleanup done
Event: 38.349 Executing VM operation: Cleanup
Event: 38.349 Executing VM operation: Cleanup done
Event: 39.362 Executing VM operation: Cleanup
Event: 39.362 Executing VM operation: Cleanup done
Event: 41.383 Executing VM operation: Cleanup
Event: 41.383 Executing VM operation: Cleanup done
Event: 43.398 Executing VM operation: Cleanup
Event: 43.398 Executing VM operation: Cleanup done
Event: 44.409 Executing VM operation: Cleanup
Event: 44.409 Executing VM operation: Cleanup done

Events (20 events):
Event: 34.413 loading class org/xml/sax/ContentHandler
Event: 34.414 loading class org/xml/sax/ContentHandler done
Event: 34.414 loading class org/xml/sax/EntityResolver
Event: 34.414 loading class org/xml/sax/EntityResolver done
Event: 34.414 loading class org/xml/sax/DTDHandler
Event: 34.414 loading class org/xml/sax/DTDHandler done
Event: 34.439 loading class java/util/Spliterators$IntArraySpliterator
Event: 34.439 loading class java/util/Spliterators$IntArraySpliterator done
Event: 34.471 loading class java/text/ParsePosition
Event: 34.471 loading class java/text/ParsePosition done
Event: 34.508 loading class java/text/CharacterIterator
Event: 34.530 loading class java/text/CharacterIterator done
Event: 34.698 loading class java/time/format/DateTimeFormatterBuilder$WeekBasedFieldPrinterParser
Event: 34.698 loading class java/time/format/DateTimeFormatterBuilder$WeekBasedFieldPrinterParser done
Event: 34.731 loading class com/sun/jmx/mbeanserver/StandardMBeanSupport
Event: 34.731 loading class com/sun/jmx/mbeanserver/StandardMBeanSupport done
Event: 34.731 loading class com/sun/jmx/mbeanserver/StandardMBeanIntrospector
Event: 34.732 loading class com/sun/jmx/mbeanserver/StandardMBeanIntrospector done
Event: 41.709 loading class java/util/ArrayList$SubList$1
Event: 41.713 loading class java/util/ArrayList$SubList$1 done


Dynamic libraries:
0x00007ff714590000 - 0x00007ff71459a000 	C:\Program Files\Android\Android Studio\jbr\bin\java.exe
0x00007ffab40d0000 - 0x00007ffab42c8000 	C:\WINDOWS\SYSTEM32\ntdll.dll
0x00007ffab3ce0000 - 0x00007ffab3d9d000 	C:\WINDOWS\System32\KERNEL32.DLL
0x00007ffab1c20000 - 0x00007ffab1f16000 	C:\WINDOWS\System32\KERNELBASE.dll
0x00007ffab2000000 - 0x00007ffab2100000 	C:\WINDOWS\System32\ucrtbase.dll
0x00007ffaa08f0000 - 0x00007ffaa0907000 	C:\Program Files\Android\Android Studio\jbr\bin\jli.dll
0x00007ffab3b40000 - 0x00007ffab3cde000 	C:\WINDOWS\System32\USER32.dll
0x00007ffab2100000 - 0x00007ffab2122000 	C:\WINDOWS\System32\win32u.dll
0x00007ffab2d00000 - 0x00007ffab2d2c000 	C:\WINDOWS\System32\GDI32.dll
0x00007ffab1ab0000 - 0x00007ffab1bca000 	C:\WINDOWS\System32\gdi32full.dll
0x00007ffab17b0000 - 0x00007ffab184d000 	C:\WINDOWS\System32\msvcp_win.dll
0x00007ffa9a840000 - 0x00007ffa9aada000 	C:\WINDOWS\WinSxS\amd64_microsoft.windows.common-controls_6595b64144ccf1df_6.0.19041.3636_none_60b6a03d71f818d5\COMCTL32.dll
0x00007ffab3aa0000 - 0x00007ffab3b3e000 	C:\WINDOWS\System32\msvcrt.dll
0x00007ffaaae10000 - 0x00007ffaaae2b000 	C:\Program Files\Android\Android Studio\jbr\bin\VCRUNTIME140.dll
0x00007ffab2b30000 - 0x00007ffab2b60000 	C:\WINDOWS\System32\IMM32.DLL
0x00007ffaabd70000 - 0x00007ffaabd7c000 	C:\Program Files\Android\Android Studio\jbr\bin\vcruntime140_1.dll
0x00007ffa82f10000 - 0x00007ffa82f9d000 	C:\Program Files\Android\Android Studio\jbr\bin\msvcp140.dll
0x00007ffa6bfb0000 - 0x00007ffa6cc1e000 	C:\Program Files\Android\Android Studio\jbr\bin\server\jvm.dll
0x00007ffab3e80000 - 0x00007ffab3f2f000 	C:\WINDOWS\System32\ADVAPI32.dll
0x00007ffab31a0000 - 0x00007ffab323c000 	C:\WINDOWS\System32\sechost.dll
0x00007ffab2bd0000 - 0x00007ffab2cf6000 	C:\WINDOWS\System32\RPCRT4.dll
0x00007ffa9b6e0000 - 0x00007ffa9b6e9000 	C:\WINDOWS\SYSTEM32\WSOCK32.dll
0x00007ffab37c0000 - 0x00007ffab382b000 	C:\WINDOWS\System32\WS2_32.dll
0x00007ffa9ceb0000 - 0x00007ffa9ced7000 	C:\WINDOWS\SYSTEM32\WINMM.dll
0x00007ffaab1b0000 - 0x00007ffaab1ba000 	C:\WINDOWS\SYSTEM32\VERSION.dll
0x00007ffab0000000 - 0x00007ffab0012000 	C:\WINDOWS\SYSTEM32\kernel.appcore.dll
0x00007ffaacf30000 - 0x00007ffaacf3a000 	C:\Program Files\Android\Android Studio\jbr\bin\jimage.dll
0x00007ffaafdf0000 - 0x00007ffaaffd4000 	C:\WINDOWS\SYSTEM32\DBGHELP.DLL
0x00007ffa95ca0000 - 0x00007ffa95cd4000 	C:\WINDOWS\SYSTEM32\dbgcore.DLL
0x00007ffab1850000 - 0x00007ffab18d2000 	C:\WINDOWS\System32\bcryptPrimitives.dll
0x00007ffaabea0000 - 0x00007ffaabec5000 	C:\Program Files\Android\Android Studio\jbr\bin\java.dll
0x00007ffaaa5f0000 - 0x00007ffaaa608000 	C:\Program Files\Android\Android Studio\jbr\bin\zip.dll
0x00007ffab2380000 - 0x00007ffab2ac5000 	C:\WINDOWS\System32\SHELL32.dll
0x00007ffaaf580000 - 0x00007ffaafd1b000 	C:\WINDOWS\SYSTEM32\windows.storage.dll
0x00007ffab3330000 - 0x00007ffab3684000 	C:\WINDOWS\System32\combase.dll
0x00007ffab11f0000 - 0x00007ffab121d000 	C:\WINDOWS\SYSTEM32\Wldp.dll
0x00007ffab3fe0000 - 0x00007ffab408d000 	C:\WINDOWS\System32\SHCORE.dll
0x00007ffab2ad0000 - 0x00007ffab2b25000 	C:\WINDOWS\System32\shlwapi.dll
0x00007ffab16e0000 - 0x00007ffab1705000 	C:\WINDOWS\SYSTEM32\profapi.dll
0x00007ffaaa580000 - 0x00007ffaaa599000 	C:\Program Files\Android\Android Studio\jbr\bin\net.dll
0x00007ffaa7d80000 - 0x00007ffaa7e8a000 	C:\WINDOWS\SYSTEM32\WINHTTP.dll
0x00007ffab0f50000 - 0x00007ffab0fba000 	C:\WINDOWS\system32\mswsock.dll
0x00007ffaa8090000 - 0x00007ffaa80a6000 	C:\Program Files\Android\Android Studio\jbr\bin\nio.dll
0x00007ffaac8b0000 - 0x00007ffaac8c0000 	C:\Program Files\Android\Android Studio\jbr\bin\verify.dll
0x00007ffa93a80000 - 0x00007ffa93aa7000 	C:\Users\user\.gradle\native\68d5fa5c4cc2d200863cafc0d521ce42e7d3e7ee720ec0a83991735586a16f82\windows-amd64\native-platform.dll
0x00007ffa7b850000 - 0x00007ffa7b994000 	C:\Users\user\.gradle\native\e376f236ea51e6404a007f0833ffe2c6e607c4080706a723a18a27aeea778392\windows-amd64\native-platform-file-events.dll
0x00007ffaac430000 - 0x00007ffaac439000 	C:\Program Files\Android\Android Studio\jbr\bin\management.dll
0x00007ffaac2d0000 - 0x00007ffaac2db000 	C:\Program Files\Android\Android Studio\jbr\bin\management_ext.dll
0x00007ffab38c0000 - 0x00007ffab38c8000 	C:\WINDOWS\System32\PSAPI.DLL
0x00007ffab1140000 - 0x00007ffab1158000 	C:\WINDOWS\SYSTEM32\CRYPTSP.dll
0x00007ffab0810000 - 0x00007ffab0844000 	C:\WINDOWS\system32\rsaenh.dll
0x00007ffab1f20000 - 0x00007ffab1f47000 	C:\WINDOWS\System32\bcrypt.dll
0x00007ffab1660000 - 0x00007ffab168e000 	C:\WINDOWS\SYSTEM32\USERENV.dll
0x00007ffab1160000 - 0x00007ffab116c000 	C:\WINDOWS\SYSTEM32\CRYPTBASE.dll
0x00007ffab0bf0000 - 0x00007ffab0c2b000 	C:\WINDOWS\SYSTEM32\IPHLPAPI.DLL
0x00007ffab2bc0000 - 0x00007ffab2bc8000 	C:\WINDOWS\System32\NSI.dll
0x00007ffaa8fd0000 - 0x00007ffaa8fe7000 	C:\WINDOWS\SYSTEM32\dhcpcsvc6.DLL
0x00007ffaaa0f0000 - 0x00007ffaaa10d000 	C:\WINDOWS\SYSTEM32\dhcpcsvc.DLL
0x00007ffab0c40000 - 0x00007ffab0d0a000 	C:\WINDOWS\SYSTEM32\DNSAPI.dll
0x00007ffaac140000 - 0x00007ffaac147000 	C:\WINDOWS\system32\wshunix.dll

dbghelp: loaded successfully - version: 4.0.5 - missing functions: none
symbol engine: initialized successfully - sym options: 0x614 - pdb path: .;C:\Program Files\Android\Android Studio\jbr\bin;C:\WINDOWS\SYSTEM32;C:\WINDOWS\WinSxS\amd64_microsoft.windows.common-controls_6595b64144ccf1df_6.0.19041.3636_none_60b6a03d71f818d5;C:\Program Files\Android\Android Studio\jbr\bin\server;C:\Users\user\.gradle\native\68d5fa5c4cc2d200863cafc0d521ce42e7d3e7ee720ec0a83991735586a16f82\windows-amd64;C:\Users\user\.gradle\native\e376f236ea51e6404a007f0833ffe2c6e607c4080706a723a18a27aeea778392\windows-amd64

VM Arguments:
jvm_args: --add-opens=java.base/java.util=ALL-UNNAMED --add-opens=java.base/java.lang=ALL-UNNAMED --add-opens=java.base/java.lang.invoke=ALL-UNNAMED --add-opens=java.prefs/java.util.prefs=ALL-UNNAMED --add-opens=java.base/java.nio.charset=ALL-UNNAMED --add-opens=java.base/java.net=ALL-UNNAMED --add-opens=java.base/java.util.concurrent.atomic=ALL-UNNAMED -Xmx2048m -Dfile.encoding=UTF-8 -Duser.country=US -Duser.language=en -Duser.variant 
java_command: org.gradle.launcher.daemon.bootstrap.GradleDaemon 8.0
java_class_path (initial): C:\Users\user\.gradle\wrapper\dists\gradle-8.0-bin\ca5e32bp14vu59qr306oxotwh\gradle-8.0\lib\gradle-launcher-8.0.jar
Launcher Type: SUN_STANDARD

[Global flags]
     intx CICompilerCount                          = 3                                         {product} {ergonomic}
     uint ConcGCThreads                            = 1                                         {product} {ergonomic}
     uint G1ConcRefinementThreads                  = 4                                         {product} {ergonomic}
   size_t G1HeapRegionSize                         = 1048576                                   {product} {ergonomic}
    uintx GCDrainStackTargetSize                   = 64                                        {product} {ergonomic}
   size_t InitialHeapSize                          = 125829120                                 {product} {ergonomic}
   size_t MarkStackSize                            = 4194304                                   {product} {ergonomic}
   size_t MaxHeapSize                              = 2147483648                                {product} {command line}
   size_t MaxNewSize                               = 1287651328                                {product} {ergonomic}
   size_t MinHeapDeltaBytes                        = 1048576                                   {product} {ergonomic}
   size_t MinHeapSize                              = 8388608                                   {product} {ergonomic}
    uintx NonNMethodCodeHeapSize                   = 5832780                                {pd product} {ergonomic}
    uintx NonProfiledCodeHeapSize                  = 122912730                              {pd product} {ergonomic}
    uintx ProfiledCodeHeapSize                     = 122912730                              {pd product} {ergonomic}
    uintx ReservedCodeCacheSize                    = 251658240                              {pd product} {ergonomic}
     bool SegmentedCodeCache                       = true                                      {product} {ergonomic}
   size_t SoftMaxHeapSize                          = 2147483648                             {manageable} {ergonomic}
     bool UseCompressedClassPointers               = true                           {product lp64_product} {ergonomic}
     bool UseCompressedOops                        = true                           {product lp64_product} {ergonomic}
     bool UseG1GC                                  = true                                      {product} {ergonomic}
     bool UseLargePagesIndividualAllocation        = false                                  {pd product} {ergonomic}

Logging:
Log output configuration:
 #0: stdout all=warning uptime,level,tags
 #1: stderr all=off uptime,level,tags

Environment Variables:
PATH=C:\Program Files (x86)\Common Files\Oracle\Java\javapath;C:\oraclexe\app\oracle\product\11.2.0\server\bin;C:\WINDOWS\system32;C:\WINDOWS;C:\WINDOWS\System32\Wbem;C:\WINDOWS\System32\WindowsPowerShell\v1.0\;C:\WINDOWS\System32\OpenSSH\;C:\Program Files\Intel\WiFi\bin\;C:\Program Files\Common Files\Intel\WirelessCommon\;c:\Program Files (x86)\Intel\Intel(R) Management Engine Components\DAL;c:\Program Files\Intel\Intel(R) Management Engine Components\DAL;C:\Program Files\Git\cmd;C:\Program Files\gnuplot\bin;C:\Program Files\mingw32\bin;C:\Users\user\AppData\Local\Microsoft\WindowsApps;C:\Users\user\AppData\Local\Programs\Microsoft VS Code\bin;C:\msys64\mingw64\bin;C:\Program Files (x86)\SDCC\bin
USERNAME=user
OS=Windows_NT
PROCESSOR_IDENTIFIER=Intel64 Family 6 Model 78 Stepping 3, GenuineIntel
TMP=C:\Users\user\AppData\Local\Temp
TEMP=C:\Users\user\AppData\Local\Temp


JNI global refs:
JNI global refs: 25, weak refs: 0

JNI global refs memory usage: 843, weak refs: 841


---------------  S Y S T E M  ---------------

OS:
 Windows 10 , 64 bit Build 19041 (10.0.19041.3636)
OS uptime: 17 days 17:43 hours

CPU: total 4 (initial active 4) (2 cores per cpu, 2 threads per core) family 6 model 78 stepping 3 microcode 0xcc, cx8, cmov, fxsr, ht, mmx, 3dnowpref, sse, sse2, sse3, ssse3, sse4.1, sse4.2, popcnt, lzcnt, tsc, tscinvbit, avx, avx2, aes, erms, clmul, bmi1, bmi2, rtm, adx, fma, vzeroupper, clflush, clflushopt

Memory: 4k page, system-wide physical 7573M (144M free)
TotalPageFile size 31125M (AvailPageFile size 0M)
current process WorkingSet (physical memory assigned to process): 371M, peak: 373M
current process commit charge ("private bytes"): 425M, peak: 472M

vm_info: OpenJDK 64-Bit Server VM (17.0.6+0-b2043.56-10027231) for windows-amd64 JRE (17.0.6+0-b2043.56-10027231), built on Apr 28 2023 00:43:19 by "androidbuild" with MS VC++ 16.10 / 16.11 (VS2019)

END.
