#
# There is insufficient memory for the Java Runtime Environment to continue.
# Native memory allocation (mmap) failed to map 90177536 bytes for G1 virtual space
# Possible reasons:
#   The system is out of physical RAM or swap space
#   The process is running with CompressedOops enabled, and the Java Heap may be blocking the growth of the native heap
# Possible solutions:
#   Reduce memory load on the system
#   Increase physical memory or swap space
#   Check if swap backing store is full
#   Decrease Java heap size (-Xmx/-Xms)
#   Decrease number of Java threads
#   Decrease Java thread stack sizes (-Xss)
#   Set larger code cache with -XX:ReservedCodeCacheSize=
#   JVM is running with Unscaled Compressed Oops mode in which the Java heap is
#     placed in the first 4GB address space. The Java Heap base address is the
#     maximum limit for the native heap growth. Please use -XX:HeapBaseMinAddress
#     to set the Java Heap base and to place the Java Heap above 4GB virtual address.
# This output file may be truncated or incomplete.
#
#  Out of Memory Error (os_windows.cpp:3769), pid=14848, tid=24968
#
# JRE version: OpenJDK Runtime Environment (17.0.6) (build 17.0.6+0-b2043.56-10027231)
# Java VM: OpenJDK 64-Bit Server VM (17.0.6+0-b2043.56-10027231, mixed mode, tiered, compressed oops, compressed class ptrs, g1 gc, windows-amd64)
# No core dump will be written. Minidumps are not enabled by default on client versions of Windows
#

---------------  S U M M A R Y ------------

Command Line: --add-opens=java.base/java.util=ALL-UNNAMED --add-opens=java.base/java.lang=ALL-UNNAMED --add-opens=java.base/java.lang.invoke=ALL-UNNAMED --add-opens=java.prefs/java.util.prefs=ALL-UNNAMED --add-opens=java.base/java.nio.charset=ALL-UNNAMED --add-opens=java.base/java.net=ALL-UNNAMED --add-opens=java.base/java.util.concurrent.atomic=ALL-UNNAMED -Xmx2048m -Dfile.encoding=UTF-8 -Duser.country=US -Duser.language=en -Duser.variant org.gradle.launcher.daemon.bootstrap.GradleDaemon 8.0

Host: Intel(R) Core(TM) i5-6300U CPU @ 2.40GHz, 4 cores, 7G,  Windows 10 , 64 bit Build 19041 (10.0.19041.3636)
Time: Thu Jan 18 23:29:54 2024 Central European Standard Time elapsed time: 45.095071 seconds (0d 0h 0m 45s)

---------------  T H R E A D  ---------------

Current thread (0x00000268e2487ca0):  VMThread "VM Thread" [stack: 0x0000008eb6100000,0x0000008eb6200000] [id=24968]

Stack: [0x0000008eb6100000,0x0000008eb6200000]
Native frames: (J=compiled Java code, j=interpreted, Vv=VM code, C=native code)
V  [jvm.dll+0x683c9a]
V  [jvm.dll+0x8427a4]
V  [jvm.dll+0x843f9e]
V  [jvm.dll+0x844603]
V  [jvm.dll+0x249b75]
V  [jvm.dll+0x680b69]
V  [jvm.dll+0x67505a]
V  [jvm.dll+0x309acb]
V  [jvm.dll+0x310f86]
V  [jvm.dll+0x3608ee]
V  [jvm.dll+0x360b1f]
V  [jvm.dll+0x2dfbf8]
V  [jvm.dll+0x2ddec4]
V  [jvm.dll+0x2dd4cc]
V  [jvm.dll+0x321f3b]
V  [jvm.dll+0x848ccb]
V  [jvm.dll+0x849a04]
V  [jvm.dll+0x849f1d]
V  [jvm.dll+0x84a2f4]
V  [jvm.dll+0x84a3c0]
V  [jvm.dll+0x7f274a]
V  [jvm.dll+0x682ad5]
C  [ucrtbase.dll+0x21bb2]
C  [KERNEL32.DLL+0x17344]
C  [ntdll.dll+0x526b1]

VM_Operation (0x0000008ebb0fb4a0): G1CollectForAllocation, mode: safepoint, requested by thread 0x00000268e70eb510


---------------  P R O C E S S  ---------------

Threads class SMR info:
_java_thread_list=0x00000268ec936d10, length=88, elements={
0x00000268c6edd800, 0x00000268e24ab620, 0x00000268e24ac3a0, 0x00000268e24d17b0,
0x00000268e24d2170, 0x00000268e24d2a30, 0x00000268e24d32f0, 0x00000268e24d3f90,
0x00000268e24d4940, 0x00000268e3009af0, 0x00000268e319b350, 0x00000268e319bc30,
0x00000268e5e07ca0, 0x00000268e325b490, 0x00000268e4120e80, 0x00000268e5f93630,
0x00000268e42c4a30, 0x00000268e41c6060, 0x00000268e4583290, 0x00000268e44cc2f0,
0x00000268e44cc7c0, 0x00000268e44cd160, 0x00000268e44ccc90, 0x00000268e44cb950,
0x00000268e44cd630, 0x00000268e44ca610, 0x00000268e44cdb00, 0x00000268e44cafb0,
0x00000268e44cbe20, 0x00000268e44cdfd0, 0x00000268e5817ce0, 0x00000268e58181b0,
0x00000268e581c9e0, 0x00000268e581ceb0, 0x00000268e581e6c0, 0x00000268e581c040,
0x00000268e581bb70, 0x00000268e581ad00, 0x00000268e5817340, 0x00000268e581a830,
0x00000268e581a360, 0x00000268e581b1d0, 0x00000268e32efb80, 0x00000268e32f2200,
0x00000268e32f1390, 0x00000268e32ee840, 0x00000268e32f26d0, 0x00000268e32f2ba0,
0x00000268e32f1860, 0x00000268e32f3a10, 0x00000268e32eed10, 0x00000268e32ef1e0,
0x00000268e32ee370, 0x00000268e32ec690, 0x00000268e32f1d30, 0x00000268e32ef6b0,
0x00000268e32f3070, 0x00000268e32ed030, 0x00000268e32ed500, 0x00000268e32edea0,
0x00000268e32f3540, 0x00000268e32ec1c0, 0x00000268e32ecb60, 0x00000268e32f0050,
0x00000268e32f0520, 0x00000268e32ed9d0, 0x00000268e32f09f0, 0x00000268e32f0ec0,
0x00000268e70e9360, 0x00000268e70e5e70, 0x00000268e70eb040, 0x00000268e70e59a0,
0x00000268e70e71b0, 0x00000268e70eb510, 0x00000268e70e7680, 0x00000268e70e6340,
0x00000268e70eb9e0, 0x00000268e70e84f0, 0x00000268e70e6810, 0x00000268e70e6ce0,
0x00000268e70e7b50, 0x00000268e70e9830, 0x00000268e70ea6a0, 0x00000268e70eab70,
0x00000268e70ebeb0, 0x00000268e70ec380, 0x00000268e70ec850, 0x00000268ed70f7c0
}

Java Threads: ( => current thread )
  0x00000268c6edd800 JavaThread "main" [_thread_blocked, id=25512, stack(0x0000008eb5b00000,0x0000008eb5c00000)]
  0x00000268e24ab620 JavaThread "Reference Handler" daemon [_thread_blocked, id=7228, stack(0x0000008eb6200000,0x0000008eb6300000)]
  0x00000268e24ac3a0 JavaThread "Finalizer" daemon [_thread_blocked, id=12772, stack(0x0000008eb6300000,0x0000008eb6400000)]
  0x00000268e24d17b0 JavaThread "Signal Dispatcher" daemon [_thread_blocked, id=14212, stack(0x0000008eb6400000,0x0000008eb6500000)]
  0x00000268e24d2170 JavaThread "Attach Listener" daemon [_thread_blocked, id=10464, stack(0x0000008eb6500000,0x0000008eb6600000)]
  0x00000268e24d2a30 JavaThread "Service Thread" daemon [_thread_blocked, id=23612, stack(0x0000008eb6600000,0x0000008eb6700000)]
  0x00000268e24d32f0 JavaThread "Monitor Deflation Thread" daemon [_thread_blocked, id=3748, stack(0x0000008eb6700000,0x0000008eb6800000)]
  0x00000268e24d3f90 JavaThread "C2 CompilerThread0" daemon [_thread_blocked, id=18056, stack(0x0000008eb6800000,0x0000008eb6900000)]
  0x00000268e24d4940 JavaThread "C1 CompilerThread0" daemon [_thread_blocked, id=20724, stack(0x0000008eb6900000,0x0000008eb6a00000)]
  0x00000268e3009af0 JavaThread "Sweeper thread" daemon [_thread_blocked, id=10580, stack(0x0000008eb6a00000,0x0000008eb6b00000)]
  0x00000268e319b350 JavaThread "Common-Cleaner" daemon [_thread_blocked, id=13112, stack(0x0000008eb6b00000,0x0000008eb6c00000)]
  0x00000268e319bc30 JavaThread "Notification Thread" daemon [_thread_blocked, id=23596, stack(0x0000008eb6c00000,0x0000008eb6d00000)]
  0x00000268e5e07ca0 JavaThread "Daemon health stats" [_thread_blocked, id=18132, stack(0x0000008eb7200000,0x0000008eb7300000)]
  0x00000268e325b490 JavaThread "Incoming local TCP Connector on port 64284" [_thread_in_native, id=9544, stack(0x0000008eb6e00000,0x0000008eb6f00000)]
  0x00000268e4120e80 JavaThread "Daemon periodic checks" [_thread_blocked, id=21020, stack(0x0000008eb7300000,0x0000008eb7400000)]
  0x00000268e5f93630 JavaThread "Daemon" [_thread_blocked, id=7792, stack(0x0000008eb7400000,0x0000008eb7500000)]
  0x00000268e42c4a30 JavaThread "Handler for socket connection from /127.0.0.1:64284 to /127.0.0.1:64285" [_thread_in_native, id=15256, stack(0x0000008eb7500000,0x0000008eb7600000)]
  0x00000268e41c6060 JavaThread "Cancel handler" [_thread_blocked, id=13620, stack(0x0000008eb7600000,0x0000008eb7700000)]
  0x00000268e4583290 JavaThread "Daemon worker" [_thread_blocked, id=22612, stack(0x0000008eb7700000,0x0000008eb7800000)]
  0x00000268e44cc2f0 JavaThread "Asynchronous log dispatcher for DefaultDaemonConnection: socket connection from /127.0.0.1:64284 to /127.0.0.1:64285" [_thread_blocked, id=18808, stack(0x0000008eb7800000,0x0000008eb7900000)]
  0x00000268e44cc7c0 JavaThread "Stdin handler" [_thread_blocked, id=10132, stack(0x0000008eb7900000,0x0000008eb7a00000)]
  0x00000268e44cd160 JavaThread "Daemon client event forwarder" [_thread_blocked, id=14544, stack(0x0000008eb7a00000,0x0000008eb7b00000)]
  0x00000268e44ccc90 JavaThread "Cache worker for journal cache (C:\Users\user\.gradle\caches\journal-1)" [_thread_blocked, id=20672, stack(0x0000008eb7b00000,0x0000008eb7c00000)]
  0x00000268e44cb950 JavaThread "File lock request listener" [_thread_in_native, id=5696, stack(0x0000008eb7c00000,0x0000008eb7d00000)]
  0x00000268e44cd630 JavaThread "Cache worker for file hash cache (C:\Users\user\.gradle\caches\8.0\fileHashes)" [_thread_blocked, id=6720, stack(0x0000008eb7d00000,0x0000008eb7e00000)]
  0x00000268e44ca610 JavaThread "File watcher server" daemon [_thread_blocked, id=19224, stack(0x0000008eb7e00000,0x0000008eb7f00000)]
  0x00000268e44cdb00 JavaThread "File watcher consumer" daemon [_thread_blocked, id=17888, stack(0x0000008eb7f00000,0x0000008eb8000000)]
  0x00000268e44cafb0 JavaThread "Cache worker for checksums cache (C:\Users\user\Downloads\words1\.gradle\8.0\checksums)" [_thread_blocked, id=11284, stack(0x0000008eb8000000,0x0000008eb8100000)]
  0x00000268e44cbe20 JavaThread "Cache worker for cache directory md-rule (C:\Users\user\.gradle\caches\8.0\md-rule)" [_thread_blocked, id=24328, stack(0x0000008eb8100000,0x0000008eb8200000)]
  0x00000268e44cdfd0 JavaThread "Cache worker for file content cache (C:\Users\user\.gradle\caches\8.0\fileContent)" [_thread_blocked, id=11620, stack(0x0000008eb8200000,0x0000008eb8300000)]
  0x00000268e5817ce0 JavaThread "Cache worker for file hash cache (C:\Users\user\Downloads\words1\.gradle\8.0\fileHashes)" [_thread_blocked, id=25016, stack(0x0000008eb8300000,0x0000008eb8400000)]
  0x00000268e58181b0 JavaThread "Cache worker for cache directory md-supplier (C:\Users\user\.gradle\caches\8.0\md-supplier)" [_thread_blocked, id=800, stack(0x0000008eb8400000,0x0000008eb8500000)]
  0x00000268e581c9e0 JavaThread "Cache worker for execution history cache (C:\Users\user\.gradle\caches\8.0\executionHistory)" [_thread_blocked, id=26544, stack(0x0000008eb8500000,0x0000008eb8600000)]
  0x00000268e581ceb0 JavaThread "jar transforms" [_thread_blocked, id=21592, stack(0x0000008eb8600000,0x0000008eb8700000)]
  0x00000268e581e6c0 JavaThread "jar transforms Thread 2" [_thread_blocked, id=18408, stack(0x0000008eb8700000,0x0000008eb8800000)]
  0x00000268e581c040 JavaThread "Cache worker for kotlin-dsl (C:\Users\user\.gradle\caches\8.0\kotlin-dsl)" [_thread_blocked, id=12860, stack(0x0000008eb8900000,0x0000008eb8a00000)]
  0x00000268e581bb70 JavaThread "jar transforms Thread 3" [_thread_blocked, id=16160, stack(0x0000008eb8a00000,0x0000008eb8b00000)]
  0x00000268e581ad00 JavaThread "jar transforms Thread 4" [_thread_blocked, id=4712, stack(0x0000008eb8b00000,0x0000008eb8c00000)]
  0x00000268e5817340 JavaThread "Cache worker for dependencies-accessors (C:\Users\user\Downloads\words1\.gradle\8.0\dependencies-accessors)" [_thread_blocked, id=19928, stack(0x0000008eb8c00000,0x0000008eb8d00000)]
  0x00000268e581a830 JavaThread "Cache worker for Build Output Cleanup Cache (C:\Users\user\Downloads\words1\.gradle\buildOutputCleanup)" [_thread_blocked, id=24812, stack(0x0000008eb8d00000,0x0000008eb8e00000)]
  0x00000268e581a360 JavaThread "Unconstrained build operations" [_thread_blocked, id=12876, stack(0x0000008eb8f00000,0x0000008eb9000000)]
  0x00000268e581b1d0 JavaThread "Unconstrained build operations Thread 2" [_thread_blocked, id=4920, stack(0x0000008eb9000000,0x0000008eb9100000)]
  0x00000268e32efb80 JavaThread "Unconstrained build operations Thread 3" [_thread_blocked, id=15712, stack(0x0000008eb9100000,0x0000008eb9200000)]
  0x00000268e32f2200 JavaThread "Unconstrained build operations Thread 4" [_thread_blocked, id=13516, stack(0x0000008eb9200000,0x0000008eb9300000)]
  0x00000268e32f1390 JavaThread "Unconstrained build operations Thread 5" [_thread_blocked, id=18248, stack(0x0000008eb9300000,0x0000008eb9400000)]
  0x00000268e32ee840 JavaThread "Unconstrained build operations Thread 6" [_thread_blocked, id=22184, stack(0x0000008eb9400000,0x0000008eb9500000)]
  0x00000268e32f26d0 JavaThread "Unconstrained build operations Thread 7" [_thread_blocked, id=21436, stack(0x0000008eb9500000,0x0000008eb9600000)]
  0x00000268e32f2ba0 JavaThread "Unconstrained build operations Thread 8" [_thread_blocked, id=22496, stack(0x0000008eb9600000,0x0000008eb9700000)]
  0x00000268e32f1860 JavaThread "Unconstrained build operations Thread 9" [_thread_blocked, id=7212, stack(0x0000008eb9700000,0x0000008eb9800000)]
  0x00000268e32f3a10 JavaThread "Unconstrained build operations Thread 10" [_thread_blocked, id=12504, stack(0x0000008eb9800000,0x0000008eb9900000)]
  0x00000268e32eed10 JavaThread "Unconstrained build operations Thread 11" [_thread_blocked, id=16048, stack(0x0000008eb9900000,0x0000008eb9a00000)]
  0x00000268e32ef1e0 JavaThread "Unconstrained build operations Thread 12" [_thread_blocked, id=15392, stack(0x0000008eb9a00000,0x0000008eb9b00000)]
  0x00000268e32ee370 JavaThread "Unconstrained build operations Thread 13" [_thread_blocked, id=23884, stack(0x0000008eb9b00000,0x0000008eb9c00000)]
  0x00000268e32ec690 JavaThread "Unconstrained build operations Thread 14" [_thread_blocked, id=17832, stack(0x0000008eb9c00000,0x0000008eb9d00000)]
  0x00000268e32f1d30 JavaThread "Unconstrained build operations Thread 15" [_thread_blocked, id=7708, stack(0x0000008eb9d00000,0x0000008eb9e00000)]
  0x00000268e32ef6b0 JavaThread "Unconstrained build operations Thread 16" [_thread_blocked, id=14628, stack(0x0000008eb9e00000,0x0000008eb9f00000)]
  0x00000268e32f3070 JavaThread "Unconstrained build operations Thread 17" [_thread_blocked, id=12200, stack(0x0000008eb9f00000,0x0000008eba000000)]
  0x00000268e32ed030 JavaThread "Unconstrained build operations Thread 18" [_thread_blocked, id=5264, stack(0x0000008eba000000,0x0000008eba100000)]
  0x00000268e32ed500 JavaThread "Unconstrained build operations Thread 19" [_thread_blocked, id=26464, stack(0x0000008eba100000,0x0000008eba200000)]
  0x00000268e32edea0 JavaThread "Unconstrained build operations Thread 20" [_thread_blocked, id=7944, stack(0x0000008eba200000,0x0000008eba300000)]
  0x00000268e32f3540 JavaThread "Unconstrained build operations Thread 21" [_thread_blocked, id=23052, stack(0x0000008eba300000,0x0000008eba400000)]
  0x00000268e32ec1c0 JavaThread "Unconstrained build operations Thread 22" [_thread_blocked, id=21124, stack(0x0000008eba400000,0x0000008eba500000)]
  0x00000268e32ecb60 JavaThread "Unconstrained build operations Thread 23" [_thread_blocked, id=25460, stack(0x0000008eba500000,0x0000008eba600000)]
  0x00000268e32f0050 JavaThread "Unconstrained build operations Thread 24" [_thread_blocked, id=13252, stack(0x0000008eba600000,0x0000008eba700000)]
  0x00000268e32f0520 JavaThread "Unconstrained build operations Thread 25" [_thread_blocked, id=3880, stack(0x0000008eba700000,0x0000008eba800000)]
  0x00000268e32ed9d0 JavaThread "Unconstrained build operations Thread 26" [_thread_blocked, id=5352, stack(0x0000008eba800000,0x0000008eba900000)]
  0x00000268e32f09f0 JavaThread "Unconstrained build operations Thread 27" [_thread_blocked, id=23944, stack(0x0000008eba900000,0x0000008ebaa00000)]
  0x00000268e32f0ec0 JavaThread "Unconstrained build operations Thread 28" [_thread_blocked, id=24256, stack(0x0000008ebaa00000,0x0000008ebab00000)]
  0x00000268e70e9360 JavaThread "Unconstrained build operations Thread 29" [_thread_blocked, id=13272, stack(0x0000008ebab00000,0x0000008ebac00000)]
  0x00000268e70e5e70 JavaThread "Unconstrained build operations Thread 30" [_thread_blocked, id=8812, stack(0x0000008ebac00000,0x0000008ebad00000)]
  0x00000268e70eb040 JavaThread "Unconstrained build operations Thread 31" [_thread_blocked, id=16992, stack(0x0000008ebad00000,0x0000008ebae00000)]
  0x00000268e70e59a0 JavaThread "Unconstrained build operations Thread 32" [_thread_blocked, id=14276, stack(0x0000008ebae00000,0x0000008ebaf00000)]
  0x00000268e70e71b0 JavaThread "Unconstrained build operations Thread 33" [_thread_blocked, id=23164, stack(0x0000008ebaf00000,0x0000008ebb000000)]
  0x00000268e70eb510 JavaThread "Unconstrained build operations Thread 34" [_thread_blocked, id=13488, stack(0x0000008ebb000000,0x0000008ebb100000)]
  0x00000268e70e7680 JavaThread "Unconstrained build operations Thread 35" [_thread_blocked, id=9912, stack(0x0000008ebb100000,0x0000008ebb200000)]
  0x00000268e70e6340 JavaThread "Unconstrained build operations Thread 36" [_thread_blocked, id=10688, stack(0x0000008ebb200000,0x0000008ebb300000)]
  0x00000268e70eb9e0 JavaThread "Unconstrained build operations Thread 37" [_thread_blocked, id=24116, stack(0x0000008ebb300000,0x0000008ebb400000)]
  0x00000268e70e84f0 JavaThread "Unconstrained build operations Thread 38" [_thread_blocked, id=10500, stack(0x0000008ebb400000,0x0000008ebb500000)]
  0x00000268e70e6810 JavaThread "Unconstrained build operations Thread 39" [_thread_blocked, id=16980, stack(0x0000008ebb500000,0x0000008ebb600000)]
  0x00000268e70e6ce0 JavaThread "Unconstrained build operations Thread 40" [_thread_blocked, id=24084, stack(0x0000008ebb600000,0x0000008ebb700000)]
  0x00000268e70e7b50 JavaThread "build event listener" [_thread_blocked, id=16220, stack(0x0000008ebb700000,0x0000008ebb800000)]
  0x00000268e70e9830 JavaThread "Memory manager" [_thread_blocked, id=20864, stack(0x0000008ebb800000,0x0000008ebb900000)]
  0x00000268e70ea6a0 JavaThread "included builds" [_thread_blocked, id=13464, stack(0x0000008ebb900000,0x0000008ebba00000)]
  0x00000268e70eab70 JavaThread "Execution worker" [_thread_blocked, id=26180, stack(0x0000008ebba00000,0x0000008ebbb00000)]
  0x00000268e70ebeb0 JavaThread "Execution worker Thread 2" [_thread_blocked, id=22860, stack(0x0000008ebbb00000,0x0000008ebbc00000)]
  0x00000268e70ec380 JavaThread "Execution worker Thread 3" [_thread_blocked, id=16816, stack(0x0000008ebbc00000,0x0000008ebbd00000)]
  0x00000268e70ec850 JavaThread "Cache worker for execution history cache (C:\Users\user\Downloads\words1\.gradle\8.0\executionHistory)" [_thread_blocked, id=14304, stack(0x0000008ebbd00000,0x0000008ebbe00000)]
  0x00000268ed70f7c0 JavaThread "WorkerExecutor Queue" [_thread_blocked, id=23224, stack(0x0000008ebc000000,0x0000008ebc100000)]

Other Threads:
=>0x00000268e2487ca0 VMThread "VM Thread" [stack: 0x0000008eb6100000,0x0000008eb6200000] [id=24968]
  0x00000268e319c100 WatcherThread [stack: 0x0000008eb6d00000,0x0000008eb6e00000] [id=25164]
  0x00000268c8f37c90 GCTaskThread "GC Thread#0" [stack: 0x0000008eb5c00000,0x0000008eb5d00000] [id=24980]
  0x00000268e39318c0 GCTaskThread "GC Thread#1" [stack: 0x0000008eb6f00000,0x0000008eb7000000] [id=13068]
  0x00000268e3930e00 GCTaskThread "GC Thread#2" [stack: 0x0000008eb7000000,0x0000008eb7100000] [id=14208]
  0x00000268e392fde0 GCTaskThread "GC Thread#3" [stack: 0x0000008eb7100000,0x0000008eb7200000] [id=17584]
  0x00000268c8f48ae0 ConcurrentGCThread "G1 Main Marker" [stack: 0x0000008eb5d00000,0x0000008eb5e00000] [id=22048]
  0x00000268c8f49400 ConcurrentGCThread "G1 Conc#0" [stack: 0x0000008eb5e00000,0x0000008eb5f00000] [id=26176]
  0x00000268c8fad4c0 ConcurrentGCThread "G1 Refine#0" [stack: 0x0000008eb5f00000,0x0000008eb6000000] [id=16996]
  0x00000268e5be25d0 ConcurrentGCThread "G1 Refine#1" [stack: 0x0000008eb8800000,0x0000008eb8900000] [id=18316]
  0x00000268e22e0080 ConcurrentGCThread "G1 Service" [stack: 0x0000008eb6000000,0x0000008eb6100000] [id=19072]

Threads with active compile tasks:
C2 CompilerThread0    45209 13296       4       org.gradle.internal.snapshot.AbstractListChildMap::store (72 bytes)

VM state: at safepoint (normal execution)

VM Mutex/Monitor currently owned by a thread:  ([mutex/lock_event])
[0x00000268c8eca350] Threads_lock - owner thread: 0x00000268e2487ca0
[0x00000268c8ec8f10] Heap_lock - owner thread: 0x00000268e70eb510

Heap address: 0x0000000080000000, size: 2048 MB, Compressed Oops mode: 32-bit

CDS archive(s) not mapped
Compressed class space mapped at: 0x0000000100000000-0x0000000140000000, reserved size: 1073741824
Narrow klass base: 0x0000000000000000, Narrow klass shift: 3, Narrow klass range: 0x140000000

GC Precious Log:
 CPUs: 4 total, 4 available
 Memory: 7573M
 Large Page Support: Disabled
 NUMA Support: Disabled
 Compressed Oops: Enabled (32-bit)
 Heap Region Size: 1M
 Heap Min Capacity: 8M
 Heap Initial Capacity: 120M
 Heap Max Capacity: 2G
 Pre-touch: Disabled
 Parallel Workers: 4
 Concurrent Workers: 1
 Concurrent Refinement Workers: 4
 Periodic GC: Disabled

Heap:
 garbage-first heap   total 209920K, used 116322K [0x0000000080000000, 0x0000000100000000)
  region size 1024K, 5 young (5120K), 5 survivors (5120K)
 Metaspace       used 105763K, committed 106496K, reserved 1146880K
  class space    used 14357K, committed 14720K, reserved 1048576K

Heap Regions: E=young(eden), S=young(survivor), O=old, HS=humongous(starts), HC=humongous(continues), CS=collection set, F=free, OA=open archive, CA=closed archive, TAMS=top-at-mark-start (previous, next)
|   0|0x0000000080000000, 0x0000000080100000, 0x0000000080100000|100%| O|  |TAMS 0x0000000080100000, 0x0000000080000000| Untracked 
|   1|0x0000000080100000, 0x0000000080200000, 0x0000000080200000|100%| O|  |TAMS 0x0000000080200000, 0x0000000080100000| Untracked 
|   2|0x0000000080200000, 0x0000000080300000, 0x0000000080300000|100%|HS|  |TAMS 0x0000000080300000, 0x0000000080200000| Complete 
|   3|0x0000000080300000, 0x0000000080400000, 0x0000000080400000|100%|HC|  |TAMS 0x0000000080400000, 0x0000000080300000| Complete 
|   4|0x0000000080400000, 0x0000000080500000, 0x0000000080500000|100%|HC|  |TAMS 0x0000000080500000, 0x0000000080400000| Complete 
|   5|0x0000000080500000, 0x0000000080600000, 0x0000000080600000|100%|HC|  |TAMS 0x0000000080600000, 0x0000000080500000| Complete 
|   6|0x0000000080600000, 0x0000000080700000, 0x0000000080700000|100%| O|  |TAMS 0x0000000080700000, 0x0000000080600000| Untracked 
|   7|0x0000000080700000, 0x0000000080800000, 0x0000000080800000|100%| O|  |TAMS 0x0000000080800000, 0x0000000080700000| Untracked 
|   8|0x0000000080800000, 0x0000000080900000, 0x0000000080900000|100%| O|  |TAMS 0x0000000080900000, 0x0000000080800000| Untracked 
|   9|0x0000000080900000, 0x0000000080a00000, 0x0000000080a00000|100%| O|  |TAMS 0x0000000080a00000, 0x0000000080900000| Untracked 
|  10|0x0000000080a00000, 0x0000000080b00000, 0x0000000080b00000|100%| O|  |TAMS 0x0000000080b00000, 0x0000000080a00000| Untracked 
|  11|0x0000000080b00000, 0x0000000080c00000, 0x0000000080c00000|100%| O|  |TAMS 0x0000000080c00000, 0x0000000080b00000| Untracked 
|  12|0x0000000080c00000, 0x0000000080d00000, 0x0000000080d00000|100%| O|  |TAMS 0x0000000080d00000, 0x0000000080c00000| Untracked 
|  13|0x0000000080d00000, 0x0000000080e00000, 0x0000000080e00000|100%| O|  |TAMS 0x0000000080e00000, 0x0000000080d00000| Untracked 
|  14|0x0000000080e00000, 0x0000000080f00000, 0x0000000080f00000|100%| O|  |TAMS 0x0000000080f00000, 0x0000000080e00000| Untracked 
|  15|0x0000000080f00000, 0x0000000081000000, 0x0000000081000000|100%| O|  |TAMS 0x0000000081000000, 0x0000000080f00000| Untracked 
|  16|0x0000000081000000, 0x0000000081100000, 0x0000000081100000|100%| O|  |TAMS 0x0000000081100000, 0x0000000081000000| Untracked 
|  17|0x0000000081100000, 0x0000000081200000, 0x0000000081200000|100%| O|  |TAMS 0x0000000081200000, 0x0000000081100000| Untracked 
|  18|0x0000000081200000, 0x0000000081300000, 0x0000000081300000|100%| O|  |TAMS 0x0000000081300000, 0x0000000081200000| Untracked 
|  19|0x0000000081300000, 0x0000000081400000, 0x0000000081400000|100%| O|  |TAMS 0x0000000081400000, 0x0000000081300000| Untracked 
|  20|0x0000000081400000, 0x0000000081500000, 0x0000000081500000|100%| O|  |TAMS 0x0000000081500000, 0x0000000081400000| Untracked 
|  21|0x0000000081500000, 0x0000000081600000, 0x0000000081600000|100%| O|  |TAMS 0x0000000081600000, 0x0000000081500000| Untracked 
|  22|0x0000000081600000, 0x0000000081700000, 0x0000000081700000|100%| O|  |TAMS 0x0000000081700000, 0x0000000081600000| Untracked 
|  23|0x0000000081700000, 0x0000000081800000, 0x0000000081800000|100%| O|  |TAMS 0x0000000081800000, 0x0000000081700000| Untracked 
|  24|0x0000000081800000, 0x0000000081900000, 0x0000000081900000|100%| O|  |TAMS 0x0000000081800000, 0x0000000081800000| Untracked 
|  25|0x0000000081900000, 0x0000000081a00000, 0x0000000081a00000|100%| O|  |TAMS 0x0000000081a00000, 0x0000000081900000| Untracked 
|  26|0x0000000081a00000, 0x0000000081b00000, 0x0000000081b00000|100%| O|  |TAMS 0x0000000081b00000, 0x0000000081a00000| Untracked 
|  27|0x0000000081b00000, 0x0000000081c00000, 0x0000000081c00000|100%| O|  |TAMS 0x0000000081c00000, 0x0000000081b00000| Untracked 
|  28|0x0000000081c00000, 0x0000000081d00000, 0x0000000081d00000|100%| O|  |TAMS 0x0000000081d00000, 0x0000000081c00000| Untracked 
|  29|0x0000000081d00000, 0x0000000081e00000, 0x0000000081e00000|100%| O|  |TAMS 0x0000000081e00000, 0x0000000081d00000| Untracked 
|  30|0x0000000081e00000, 0x0000000081f00000, 0x0000000081f00000|100%| O|  |TAMS 0x0000000081f00000, 0x0000000081e00000| Untracked 
|  31|0x0000000081f00000, 0x0000000082000000, 0x0000000082000000|100%| O|  |TAMS 0x0000000082000000, 0x0000000081f00000| Untracked 
|  32|0x0000000082000000, 0x0000000082100000, 0x0000000082100000|100%| O|  |TAMS 0x0000000082100000, 0x0000000082000000| Untracked 
|  33|0x0000000082100000, 0x0000000082200000, 0x0000000082200000|100%| O|  |TAMS 0x0000000082200000, 0x0000000082100000| Untracked 
|  34|0x0000000082200000, 0x0000000082300000, 0x0000000082300000|100%| O|  |TAMS 0x0000000082300000, 0x0000000082200000| Untracked 
|  35|0x0000000082300000, 0x0000000082400000, 0x0000000082400000|100%| O|  |TAMS 0x0000000082400000, 0x0000000082300000| Untracked 
|  36|0x0000000082400000, 0x0000000082500000, 0x0000000082500000|100%| O|  |TAMS 0x0000000082400000, 0x0000000082400000| Untracked 
|  37|0x0000000082500000, 0x0000000082600000, 0x0000000082600000|100%|HS|  |TAMS 0x0000000082600000, 0x0000000082500000| Complete 
|  38|0x0000000082600000, 0x0000000082700000, 0x0000000082700000|100%| O|  |TAMS 0x0000000082700000, 0x0000000082600000| Untracked 
|  39|0x0000000082700000, 0x0000000082800000, 0x0000000082800000|100%|HS|  |TAMS 0x0000000082800000, 0x0000000082700000| Complete 
|  40|0x0000000082800000, 0x0000000082900000, 0x0000000082900000|100%|HS|  |TAMS 0x0000000082900000, 0x0000000082800000| Complete 
|  41|0x0000000082900000, 0x0000000082a00000, 0x0000000082a00000|100%|HS|  |TAMS 0x0000000082a00000, 0x0000000082900000| Complete 
|  42|0x0000000082a00000, 0x0000000082b00000, 0x0000000082b00000|100%|HC|  |TAMS 0x0000000082b00000, 0x0000000082a00000| Complete 
|  43|0x0000000082b00000, 0x0000000082c00000, 0x0000000082c00000|100%| O|  |TAMS 0x0000000082c00000, 0x0000000082b00000| Untracked 
|  44|0x0000000082c00000, 0x0000000082d00000, 0x0000000082d00000|100%| O|  |TAMS 0x0000000082d00000, 0x0000000082c00000| Untracked 
|  45|0x0000000082d00000, 0x0000000082e00000, 0x0000000082e00000|100%| O|  |TAMS 0x0000000082e00000, 0x0000000082d00000| Untracked 
|  46|0x0000000082e00000, 0x0000000082f00000, 0x0000000082f00000|100%| O|  |TAMS 0x0000000082f00000, 0x0000000082e00000| Untracked 
|  47|0x0000000082f00000, 0x0000000083000000, 0x0000000083000000|100%|HS|  |TAMS 0x0000000083000000, 0x0000000082f00000| Complete 
|  48|0x0000000083000000, 0x0000000083100000, 0x0000000083100000|100%|HC|  |TAMS 0x0000000083100000, 0x0000000083000000| Complete 
|  49|0x0000000083100000, 0x0000000083200000, 0x0000000083200000|100%|HC|  |TAMS 0x0000000083200000, 0x0000000083100000| Complete 
|  50|0x0000000083200000, 0x0000000083300000, 0x0000000083300000|100%|HC|  |TAMS 0x0000000083300000, 0x0000000083200000| Complete 
|  51|0x0000000083300000, 0x0000000083400000, 0x0000000083400000|100%| O|  |TAMS 0x0000000083400000, 0x0000000083300000| Untracked 
|  52|0x0000000083400000, 0x0000000083500000, 0x0000000083500000|100%| O|  |TAMS 0x0000000083500000, 0x0000000083400000| Untracked 
|  53|0x0000000083500000, 0x0000000083600000, 0x0000000083600000|100%| O|  |TAMS 0x0000000083600000, 0x0000000083500000| Untracked 
|  54|0x0000000083600000, 0x0000000083700000, 0x0000000083700000|100%| O|  |TAMS 0x0000000083700000, 0x0000000083600000| Untracked 
|  55|0x0000000083700000, 0x0000000083800000, 0x0000000083800000|100%| O|  |TAMS 0x0000000083800000, 0x0000000083700000| Untracked 
|  56|0x0000000083800000, 0x0000000083900000, 0x0000000083900000|100%| O|  |TAMS 0x0000000083900000, 0x0000000083800000| Untracked 
|  57|0x0000000083900000, 0x0000000083a00000, 0x0000000083a00000|100%| O|  |TAMS 0x0000000083a00000, 0x0000000083900000| Untracked 
|  58|0x0000000083a00000, 0x0000000083b00000, 0x0000000083b00000|100%| O|  |TAMS 0x0000000083a84400, 0x0000000083a00000| Untracked 
|  59|0x0000000083b00000, 0x0000000083c00000, 0x0000000083c00000|100%| O|  |TAMS 0x0000000083b00000, 0x0000000083b00000| Untracked 
|  60|0x0000000083c00000, 0x0000000083d00000, 0x0000000083d00000|100%| O|  |TAMS 0x0000000083c00000, 0x0000000083c00000| Untracked 
|  61|0x0000000083d00000, 0x0000000083e00000, 0x0000000083e00000|100%| O|  |TAMS 0x0000000083d00000, 0x0000000083d00000| Untracked 
|  62|0x0000000083e00000, 0x0000000083f00000, 0x0000000083f00000|100%| O|  |TAMS 0x0000000083e00000, 0x0000000083e00000| Untracked 
|  63|0x0000000083f00000, 0x0000000084000000, 0x0000000084000000|100%| O|  |TAMS 0x0000000083f00000, 0x0000000083f00000| Untracked 
|  64|0x0000000084000000, 0x0000000084100000, 0x0000000084100000|100%| O|  |TAMS 0x0000000084000000, 0x0000000084000000| Untracked 
|  65|0x0000000084100000, 0x0000000084200000, 0x0000000084200000|100%| O|  |TAMS 0x0000000084100000, 0x0000000084100000| Untracked 
|  66|0x0000000084200000, 0x0000000084300000, 0x0000000084300000|100%| O|  |TAMS 0x0000000084200000, 0x0000000084200000| Untracked 
|  67|0x0000000084300000, 0x0000000084400000, 0x0000000084400000|100%| O|  |TAMS 0x0000000084300000, 0x0000000084300000| Untracked 
|  68|0x0000000084400000, 0x0000000084500000, 0x0000000084500000|100%| O|  |TAMS 0x0000000084400000, 0x0000000084400000| Untracked 
|  69|0x0000000084500000, 0x0000000084600000, 0x0000000084600000|100%| O|  |TAMS 0x0000000084500000, 0x0000000084500000| Untracked 
|  70|0x0000000084600000, 0x0000000084700000, 0x0000000084700000|100%| O|  |TAMS 0x0000000084600000, 0x0000000084600000| Untracked 
|  71|0x0000000084700000, 0x0000000084800000, 0x0000000084800000|100%| O|  |TAMS 0x0000000084700000, 0x0000000084700000| Untracked 
|  72|0x0000000084800000, 0x0000000084900000, 0x0000000084900000|100%| O|  |TAMS 0x0000000084800000, 0x0000000084800000| Untracked 
|  73|0x0000000084900000, 0x0000000084a00000, 0x0000000084a00000|100%| O|  |TAMS 0x0000000084900000, 0x0000000084900000| Untracked 
|  74|0x0000000084a00000, 0x0000000084b00000, 0x0000000084b00000|100%| O|  |TAMS 0x0000000084a00000, 0x0000000084a00000| Untracked 
|  75|0x0000000084b00000, 0x0000000084c00000, 0x0000000084c00000|100%| O|  |TAMS 0x0000000084b00000, 0x0000000084b00000| Untracked 
|  76|0x0000000084c00000, 0x0000000084d00000, 0x0000000084d00000|100%| O|  |TAMS 0x0000000084c00000, 0x0000000084c00000| Untracked 
|  77|0x0000000084d00000, 0x0000000084e00000, 0x0000000084e00000|100%| O|  |TAMS 0x0000000084d00000, 0x0000000084d00000| Untracked 
|  78|0x0000000084e00000, 0x0000000084f00000, 0x0000000084f00000|100%| O|  |TAMS 0x0000000084e00000, 0x0000000084e00000| Untracked 
|  79|0x0000000084f00000, 0x0000000085000000, 0x0000000085000000|100%| O|  |TAMS 0x0000000084f00000, 0x0000000084f00000| Untracked 
|  80|0x0000000085000000, 0x0000000085100000, 0x0000000085100000|100%| O|  |TAMS 0x0000000085000000, 0x0000000085000000| Untracked 
|  81|0x0000000085100000, 0x0000000085200000, 0x0000000085200000|100%| O|  |TAMS 0x0000000085100000, 0x0000000085100000| Untracked 
|  82|0x0000000085200000, 0x0000000085300000, 0x0000000085300000|100%| O|  |TAMS 0x0000000085200000, 0x0000000085200000| Untracked 
|  83|0x0000000085300000, 0x0000000085400000, 0x0000000085400000|100%| O|  |TAMS 0x0000000085300000, 0x0000000085300000| Untracked 
|  84|0x0000000085400000, 0x0000000085500000, 0x0000000085500000|100%| O|  |TAMS 0x0000000085400000, 0x0000000085400000| Untracked 
|  85|0x0000000085500000, 0x0000000085600000, 0x0000000085600000|100%| O|  |TAMS 0x0000000085500000, 0x0000000085500000| Untracked 
|  86|0x0000000085600000, 0x0000000085700000, 0x0000000085700000|100%| O|  |TAMS 0x0000000085600000, 0x0000000085600000| Untracked 
|  87|0x0000000085700000, 0x0000000085800000, 0x0000000085800000|100%| O|  |TAMS 0x0000000085700000, 0x0000000085700000| Untracked 
|  88|0x0000000085800000, 0x0000000085900000, 0x0000000085900000|100%| O|  |TAMS 0x0000000085800000, 0x0000000085800000| Untracked 
|  89|0x0000000085900000, 0x0000000085a00000, 0x0000000085a00000|100%| O|  |TAMS 0x0000000085900000, 0x0000000085900000| Untracked 
|  90|0x0000000085a00000, 0x0000000085b00000, 0x0000000085b00000|100%| O|  |TAMS 0x0000000085a00000, 0x0000000085a00000| Untracked 
|  91|0x0000000085b00000, 0x0000000085c00000, 0x0000000085c00000|100%| O|  |TAMS 0x0000000085b00000, 0x0000000085b00000| Untracked 
|  92|0x0000000085c00000, 0x0000000085d00000, 0x0000000085d00000|100%| O|  |TAMS 0x0000000085c00000, 0x0000000085c00000| Untracked 
|  93|0x0000000085d00000, 0x0000000085e00000, 0x0000000085e00000|100%| O|  |TAMS 0x0000000085d00000, 0x0000000085d00000| Untracked 
|  94|0x0000000085e00000, 0x0000000085f00000, 0x0000000085f00000|100%| O|  |TAMS 0x0000000085e00000, 0x0000000085e00000| Untracked 
|  95|0x0000000085f00000, 0x0000000086000000, 0x0000000086000000|100%| O|  |TAMS 0x0000000085f00000, 0x0000000085f00000| Untracked 
|  96|0x0000000086000000, 0x0000000086100000, 0x0000000086100000|100%| O|  |TAMS 0x0000000086000000, 0x0000000086000000| Untracked 
|  97|0x0000000086100000, 0x0000000086200000, 0x0000000086200000|100%| O|  |TAMS 0x0000000086100000, 0x0000000086100000| Untracked 
|  98|0x0000000086200000, 0x0000000086300000, 0x0000000086300000|100%| O|  |TAMS 0x0000000086200000, 0x0000000086200000| Untracked 
|  99|0x0000000086300000, 0x0000000086400000, 0x0000000086400000|100%| O|  |TAMS 0x0000000086300000, 0x0000000086300000| Untracked 
| 100|0x0000000086400000, 0x0000000086500000, 0x0000000086500000|100%| O|  |TAMS 0x0000000086400000, 0x0000000086400000| Untracked 
| 101|0x0000000086500000, 0x0000000086600000, 0x0000000086600000|100%| O|  |TAMS 0x0000000086500000, 0x0000000086500000| Untracked 
| 102|0x0000000086600000, 0x0000000086700000, 0x0000000086700000|100%| O|  |TAMS 0x0000000086600000, 0x0000000086600000| Untracked 
| 103|0x0000000086700000, 0x0000000086800000, 0x0000000086800000|100%| O|  |TAMS 0x0000000086700000, 0x0000000086700000| Untracked 
| 104|0x0000000086800000, 0x0000000086900000, 0x0000000086900000|100%| O|  |TAMS 0x0000000086800000, 0x0000000086800000| Untracked 
| 105|0x0000000086900000, 0x0000000086a00000, 0x0000000086a00000|100%| O|  |TAMS 0x0000000086900000, 0x0000000086900000| Untracked 
| 106|0x0000000086a00000, 0x0000000086b00000, 0x0000000086b00000|100%| O|  |TAMS 0x0000000086a00000, 0x0000000086a00000| Untracked 
| 107|0x0000000086b00000, 0x0000000086c00000, 0x0000000086c00000|100%| O|  |TAMS 0x0000000086b00000, 0x0000000086b00000| Untracked 
| 108|0x0000000086c00000, 0x0000000086cbe800, 0x0000000086d00000| 74%| O|  |TAMS 0x0000000086c00000, 0x0000000086c00000| Untracked 
| 109|0x0000000086d00000, 0x0000000086d00000, 0x0000000086e00000|  0%| F|  |TAMS 0x0000000086d00000, 0x0000000086d00000| Untracked 
| 110|0x0000000086e00000, 0x0000000086e00000, 0x0000000086f00000|  0%| F|  |TAMS 0x0000000086e00000, 0x0000000086e00000| Untracked 
| 111|0x0000000086f00000, 0x0000000086f00000, 0x0000000087000000|  0%| F|  |TAMS 0x0000000086f00000, 0x0000000086f00000| Untracked 
| 112|0x0000000087000000, 0x0000000087000000, 0x0000000087100000|  0%| F|  |TAMS 0x0000000087000000, 0x0000000087000000| Untracked 
| 113|0x0000000087100000, 0x0000000087100000, 0x0000000087200000|  0%| F|  |TAMS 0x0000000087100000, 0x0000000087100000| Untracked 
| 114|0x0000000087200000, 0x0000000087200000, 0x0000000087300000|  0%| F|  |TAMS 0x0000000087200000, 0x0000000087200000| Untracked 
| 115|0x0000000087300000, 0x0000000087300000, 0x0000000087400000|  0%| F|  |TAMS 0x0000000087300000, 0x0000000087300000| Untracked 
| 116|0x0000000087400000, 0x0000000087400000, 0x0000000087500000|  0%| F|  |TAMS 0x0000000087400000, 0x0000000087400000| Untracked 
| 117|0x0000000087500000, 0x0000000087500000, 0x0000000087600000|  0%| F|  |TAMS 0x0000000087500000, 0x0000000087500000| Untracked 
| 118|0x0000000087600000, 0x0000000087600000, 0x0000000087700000|  0%| F|  |TAMS 0x0000000087600000, 0x0000000087600000| Untracked 
| 119|0x0000000087700000, 0x0000000087700000, 0x0000000087800000|  0%| F|  |TAMS 0x0000000087700000, 0x0000000087700000| Untracked 
| 120|0x0000000087800000, 0x0000000087800000, 0x0000000087900000|  0%| F|  |TAMS 0x0000000087800000, 0x0000000087800000| Untracked 
| 121|0x0000000087900000, 0x0000000087900000, 0x0000000087a00000|  0%| F|  |TAMS 0x0000000087900000, 0x0000000087900000| Untracked 
| 122|0x0000000087a00000, 0x0000000087a00000, 0x0000000087b00000|  0%| F|  |TAMS 0x0000000087a00000, 0x0000000087a00000| Untracked 
| 123|0x0000000087b00000, 0x0000000087b00000, 0x0000000087c00000|  0%| F|  |TAMS 0x0000000087b00000, 0x0000000087b00000| Untracked 
| 124|0x0000000087c00000, 0x0000000087c00000, 0x0000000087d00000|  0%| F|  |TAMS 0x0000000087c00000, 0x0000000087c00000| Untracked 
| 125|0x0000000087d00000, 0x0000000087d00000, 0x0000000087e00000|  0%| F|  |TAMS 0x0000000087d00000, 0x0000000087d00000| Untracked 
| 126|0x0000000087e00000, 0x0000000087e00000, 0x0000000087f00000|  0%| F|  |TAMS 0x0000000087e00000, 0x0000000087e00000| Untracked 
| 127|0x0000000087f00000, 0x0000000087f00000, 0x0000000088000000|  0%| F|  |TAMS 0x0000000087f00000, 0x0000000087f00000| Untracked 
| 128|0x0000000088000000, 0x0000000088000000, 0x0000000088100000|  0%| F|  |TAMS 0x0000000088000000, 0x0000000088000000| Untracked 
| 129|0x0000000088100000, 0x0000000088100000, 0x0000000088200000|  0%| F|  |TAMS 0x0000000088100000, 0x0000000088100000| Untracked 
| 130|0x0000000088200000, 0x0000000088200000, 0x0000000088300000|  0%| F|  |TAMS 0x0000000088200000, 0x0000000088200000| Untracked 
| 131|0x0000000088300000, 0x0000000088300000, 0x0000000088400000|  0%| F|  |TAMS 0x0000000088300000, 0x0000000088300000| Untracked 
| 132|0x0000000088400000, 0x0000000088400000, 0x0000000088500000|  0%| F|  |TAMS 0x0000000088400000, 0x0000000088400000| Untracked 
| 133|0x0000000088500000, 0x0000000088500000, 0x0000000088600000|  0%| F|  |TAMS 0x0000000088500000, 0x0000000088500000| Untracked 
| 134|0x0000000088600000, 0x0000000088600000, 0x0000000088700000|  0%| F|  |TAMS 0x0000000088600000, 0x0000000088600000| Untracked 
| 135|0x0000000088700000, 0x0000000088700000, 0x0000000088800000|  0%| F|  |TAMS 0x0000000088700000, 0x0000000088700000| Untracked 
| 136|0x0000000088800000, 0x0000000088800000, 0x0000000088900000|  0%| F|  |TAMS 0x0000000088800000, 0x0000000088800000| Untracked 
| 137|0x0000000088900000, 0x0000000088900000, 0x0000000088a00000|  0%| F|  |TAMS 0x0000000088900000, 0x0000000088900000| Untracked 
| 138|0x0000000088a00000, 0x0000000088a00000, 0x0000000088b00000|  0%| F|  |TAMS 0x0000000088a00000, 0x0000000088a00000| Untracked 
| 139|0x0000000088b00000, 0x0000000088b00000, 0x0000000088c00000|  0%| F|  |TAMS 0x0000000088b00000, 0x0000000088b00000| Untracked 
| 140|0x0000000088c00000, 0x0000000088c00000, 0x0000000088d00000|  0%| F|  |TAMS 0x0000000088c00000, 0x0000000088c00000| Untracked 
| 141|0x0000000088d00000, 0x0000000088d00000, 0x0000000088e00000|  0%| F|  |TAMS 0x0000000088d00000, 0x0000000088d00000| Untracked 
| 142|0x0000000088e00000, 0x0000000088e00000, 0x0000000088f00000|  0%| F|  |TAMS 0x0000000088e00000, 0x0000000088e00000| Untracked 
| 143|0x0000000088f00000, 0x0000000088fda178, 0x0000000089000000| 85%| S|CS|TAMS 0x0000000088f00000, 0x0000000088f00000| Complete 
| 144|0x0000000089000000, 0x0000000089000000, 0x0000000089100000|  0%| F|  |TAMS 0x0000000089000000, 0x0000000089000000| Untracked 
| 145|0x0000000089100000, 0x0000000089100000, 0x0000000089200000|  0%| F|  |TAMS 0x0000000089100000, 0x0000000089100000| Untracked 
| 146|0x0000000089200000, 0x0000000089200000, 0x0000000089300000|  0%| F|  |TAMS 0x0000000089200000, 0x0000000089200000| Untracked 
| 147|0x0000000089300000, 0x0000000089400000, 0x0000000089400000|100%| S|CS|TAMS 0x0000000089300000, 0x0000000089300000| Complete 
| 148|0x0000000089400000, 0x0000000089500000, 0x0000000089500000|100%| S|CS|TAMS 0x0000000089400000, 0x0000000089400000| Complete 
| 149|0x0000000089500000, 0x0000000089600000, 0x0000000089600000|100%| S|CS|TAMS 0x0000000089500000, 0x0000000089500000| Complete 
| 150|0x0000000089600000, 0x0000000089700000, 0x0000000089700000|100%| S|CS|TAMS 0x0000000089600000, 0x0000000089600000| Complete 
| 151|0x0000000089700000, 0x0000000089700000, 0x0000000089800000|  0%| F|  |TAMS 0x0000000089700000, 0x0000000089700000| Untracked 
| 152|0x0000000089800000, 0x0000000089800000, 0x0000000089900000|  0%| F|  |TAMS 0x0000000089800000, 0x0000000089800000| Untracked 
| 153|0x0000000089900000, 0x0000000089900000, 0x0000000089a00000|  0%| F|  |TAMS 0x0000000089900000, 0x0000000089900000| Untracked 
| 154|0x0000000089a00000, 0x0000000089a00000, 0x0000000089b00000|  0%| F|  |TAMS 0x0000000089a00000, 0x0000000089a00000| Untracked 
| 155|0x0000000089b00000, 0x0000000089b00000, 0x0000000089c00000|  0%| F|  |TAMS 0x0000000089b00000, 0x0000000089b00000| Untracked 
| 156|0x0000000089c00000, 0x0000000089c00000, 0x0000000089d00000|  0%| F|  |TAMS 0x0000000089c00000, 0x0000000089c00000| Untracked 
| 157|0x0000000089d00000, 0x0000000089d00000, 0x0000000089e00000|  0%| F|  |TAMS 0x0000000089d00000, 0x0000000089d00000| Untracked 
| 158|0x0000000089e00000, 0x0000000089e00000, 0x0000000089f00000|  0%| F|  |TAMS 0x0000000089e00000, 0x0000000089e00000| Untracked 
| 159|0x0000000089f00000, 0x0000000089f00000, 0x000000008a000000|  0%| F|  |TAMS 0x0000000089f00000, 0x0000000089f00000| Untracked 
| 160|0x000000008a000000, 0x000000008a000000, 0x000000008a100000|  0%| F|  |TAMS 0x000000008a000000, 0x000000008a000000| Untracked 
| 161|0x000000008a100000, 0x000000008a100000, 0x000000008a200000|  0%| F|  |TAMS 0x000000008a100000, 0x000000008a100000| Untracked 
| 162|0x000000008a200000, 0x000000008a200000, 0x000000008a300000|  0%| F|  |TAMS 0x000000008a200000, 0x000000008a200000| Untracked 
| 163|0x000000008a300000, 0x000000008a300000, 0x000000008a400000|  0%| F|  |TAMS 0x000000008a300000, 0x000000008a300000| Untracked 
| 164|0x000000008a400000, 0x000000008a400000, 0x000000008a500000|  0%| F|  |TAMS 0x000000008a400000, 0x000000008a400000| Untracked 
| 165|0x000000008a500000, 0x000000008a500000, 0x000000008a600000|  0%| F|  |TAMS 0x000000008a500000, 0x000000008a500000| Untracked 
| 166|0x000000008a600000, 0x000000008a600000, 0x000000008a700000|  0%| F|  |TAMS 0x000000008a600000, 0x000000008a600000| Untracked 
| 167|0x000000008a700000, 0x000000008a700000, 0x000000008a800000|  0%| F|  |TAMS 0x000000008a700000, 0x000000008a700000| Untracked 
| 168|0x000000008a800000, 0x000000008a800000, 0x000000008a900000|  0%| F|  |TAMS 0x000000008a800000, 0x000000008a800000| Untracked 
| 169|0x000000008a900000, 0x000000008a900000, 0x000000008aa00000|  0%| F|  |TAMS 0x000000008a900000, 0x000000008a900000| Untracked 
| 170|0x000000008aa00000, 0x000000008aa00000, 0x000000008ab00000|  0%| F|  |TAMS 0x000000008aa00000, 0x000000008aa00000| Untracked 
| 171|0x000000008ab00000, 0x000000008ab00000, 0x000000008ac00000|  0%| F|  |TAMS 0x000000008ab00000, 0x000000008ab00000| Untracked 
| 172|0x000000008ac00000, 0x000000008ac00000, 0x000000008ad00000|  0%| F|  |TAMS 0x000000008ac00000, 0x000000008ac00000| Untracked 
| 173|0x000000008ad00000, 0x000000008ad00000, 0x000000008ae00000|  0%| F|  |TAMS 0x000000008ad00000, 0x000000008ad00000| Untracked 
| 174|0x000000008ae00000, 0x000000008ae00000, 0x000000008af00000|  0%| F|  |TAMS 0x000000008ae00000, 0x000000008ae00000| Untracked 
| 175|0x000000008af00000, 0x000000008af00000, 0x000000008b000000|  0%| F|  |TAMS 0x000000008af00000, 0x000000008af00000| Untracked 
| 176|0x000000008b000000, 0x000000008b000000, 0x000000008b100000|  0%| F|  |TAMS 0x000000008b000000, 0x000000008b000000| Untracked 
| 177|0x000000008b100000, 0x000000008b100000, 0x000000008b200000|  0%| F|  |TAMS 0x000000008b100000, 0x000000008b100000| Untracked 
| 178|0x000000008b200000, 0x000000008b200000, 0x000000008b300000|  0%| F|  |TAMS 0x000000008b200000, 0x000000008b200000| Untracked 
| 179|0x000000008b300000, 0x000000008b300000, 0x000000008b400000|  0%| F|  |TAMS 0x000000008b300000, 0x000000008b300000| Untracked 
| 180|0x000000008b400000, 0x000000008b400000, 0x000000008b500000|  0%| F|  |TAMS 0x000000008b400000, 0x000000008b400000| Untracked 
| 181|0x000000008b500000, 0x000000008b500000, 0x000000008b600000|  0%| F|  |TAMS 0x000000008b500000, 0x000000008b500000| Untracked 
| 182|0x000000008b600000, 0x000000008b600000, 0x000000008b700000|  0%| F|  |TAMS 0x000000008b600000, 0x000000008b600000| Untracked 
| 183|0x000000008b700000, 0x000000008b700000, 0x000000008b800000|  0%| F|  |TAMS 0x000000008b700000, 0x000000008b700000| Untracked 
| 184|0x000000008b800000, 0x000000008b800000, 0x000000008b900000|  0%| F|  |TAMS 0x000000008b800000, 0x000000008b800000| Untracked 
| 185|0x000000008b900000, 0x000000008b900000, 0x000000008ba00000|  0%| F|  |TAMS 0x000000008b900000, 0x000000008b900000| Untracked 
| 186|0x000000008ba00000, 0x000000008ba00000, 0x000000008bb00000|  0%| F|  |TAMS 0x000000008ba00000, 0x000000008ba00000| Untracked 
| 187|0x000000008bb00000, 0x000000008bb00000, 0x000000008bc00000|  0%| F|  |TAMS 0x000000008bb00000, 0x000000008bb00000| Untracked 
| 188|0x000000008bc00000, 0x000000008bc00000, 0x000000008bd00000|  0%| F|  |TAMS 0x000000008bc00000, 0x000000008bc00000| Untracked 
| 189|0x000000008bd00000, 0x000000008bd00000, 0x000000008be00000|  0%| F|  |TAMS 0x000000008bd00000, 0x000000008bd00000| Untracked 
| 190|0x000000008be00000, 0x000000008be00000, 0x000000008bf00000|  0%| F|  |TAMS 0x000000008be00000, 0x000000008be00000| Untracked 
| 191|0x000000008bf00000, 0x000000008bf00000, 0x000000008c000000|  0%| F|  |TAMS 0x000000008bf00000, 0x000000008bf00000| Untracked 
| 192|0x000000008c000000, 0x000000008c000000, 0x000000008c100000|  0%| F|  |TAMS 0x000000008c000000, 0x000000008c000000| Untracked 
| 193|0x000000008c100000, 0x000000008c100000, 0x000000008c200000|  0%| F|  |TAMS 0x000000008c100000, 0x000000008c100000| Untracked 
| 194|0x000000008c200000, 0x000000008c200000, 0x000000008c300000|  0%| F|  |TAMS 0x000000008c200000, 0x000000008c200000| Untracked 
| 195|0x000000008c300000, 0x000000008c300000, 0x000000008c400000|  0%| F|  |TAMS 0x000000008c300000, 0x000000008c300000| Untracked 
| 196|0x000000008c400000, 0x000000008c400000, 0x000000008c500000|  0%| F|  |TAMS 0x000000008c400000, 0x000000008c400000| Untracked 
| 197|0x000000008c500000, 0x000000008c500000, 0x000000008c600000|  0%| F|  |TAMS 0x000000008c500000, 0x000000008c500000| Untracked 
| 198|0x000000008c600000, 0x000000008c600000, 0x000000008c700000|  0%| F|  |TAMS 0x000000008c600000, 0x000000008c600000| Untracked 
| 199|0x000000008c700000, 0x000000008c700000, 0x000000008c800000|  0%| F|  |TAMS 0x000000008c700000, 0x000000008c700000| Untracked 
| 200|0x000000008c800000, 0x000000008c800000, 0x000000008c900000|  0%| F|  |TAMS 0x000000008c800000, 0x000000008c800000| Untracked 
| 201|0x000000008c900000, 0x000000008c900000, 0x000000008ca00000|  0%| F|  |TAMS 0x000000008c900000, 0x000000008c900000| Untracked 
| 202|0x000000008ca00000, 0x000000008ca00000, 0x000000008cb00000|  0%| F|  |TAMS 0x000000008ca00000, 0x000000008ca00000| Untracked 
| 203|0x000000008cb00000, 0x000000008cb00000, 0x000000008cc00000|  0%| F|  |TAMS 0x000000008cb00000, 0x000000008cb00000| Untracked 
| 204|0x000000008cc00000, 0x000000008cc00000, 0x000000008cd00000|  0%| F|  |TAMS 0x000000008cc00000, 0x000000008cc00000| Untracked 

Card table byte_map: [0x00000268db7b0000,0x00000268dbbb0000] _byte_map_base: 0x00000268db3b0000

Marking Bits (Prev, Next): (CMBitMap*) 0x00000268c8f381f0, (CMBitMap*) 0x00000268c8f381b0
 Prev Bits: [0x00000268ddfb0000, 0x00000268dffb0000)
 Next Bits: [0x00000268dbfb0000, 0x00000268ddfb0000)

Polling page: 0x00000268c6dc0000

Metaspace:

Usage:
  Non-class:     89.26 MB used.
      Class:     14.02 MB used.
       Both:    103.28 MB used.

Virtual space:
  Non-class space:       96.00 MB reserved,      89.62 MB ( 93%) committed,  12 nodes.
      Class space:        1.00 GB reserved,      14.38 MB (  1%) committed,  1 nodes.
             Both:        1.09 GB reserved,     104.00 MB (  9%) committed. 

Chunk freelists:
   Non-Class:  1.83 MB
       Class:  1.47 MB
        Both:  3.30 MB

MaxMetaspaceSize: unlimited
CompressedClassSpaceSize: 1.00 GB
Initial GC threshold: 21.00 MB
Current GC threshold: 114.81 MB
CDS: off
MetaspaceReclaimPolicy: balanced
 - commit_granule_bytes: 65536.
 - commit_granule_words: 8192.
 - virtual_space_node_default_size: 1048576.
 - enlarge_chunks_in_place: 1.
 - new_chunks_are_fully_committed: 0.
 - uncommit_free_chunks: 1.
 - use_allocation_guard: 0.
 - handle_deallocations: 1.


Internal statistics:

num_allocs_failed_limit: 9.
num_arena_births: 1110.
num_arena_deaths: 0.
num_vsnodes_births: 13.
num_vsnodes_deaths: 0.
num_space_committed: 1664.
num_space_uncommitted: 0.
num_chunks_returned_to_freelist: 9.
num_chunks_taken_from_freelist: 4971.
num_chunk_merges: 6.
num_chunk_splits: 3250.
num_chunks_enlarged: 2163.
num_purges: 0.
num_inconsistent_stats: 0.

CodeHeap 'non-profiled nmethods': size=120000Kb used=4855Kb max_used=4855Kb free=115145Kb
 bounds [0x00000268d3e80000, 0x00000268d4340000, 0x00000268db3b0000]
CodeHeap 'profiled nmethods': size=120000Kb used=21336Kb max_used=21336Kb free=98663Kb
 bounds [0x00000268cc3b0000, 0x00000268cd890000, 0x00000268d38e0000]
CodeHeap 'non-nmethods': size=5760Kb used=2454Kb max_used=2518Kb free=3305Kb
 bounds [0x00000268d38e0000, 0x00000268d3b70000, 0x00000268d3e80000]
 total_blobs=12493 nmethods=11491 adapters=913
 compilation: enabled
              stopped_count=0, restarted_count=0
 full_count=0

Compilation events (20 events):
Event: 44.688 Thread 0x00000268e24d3f90 nmethod 13422 0x00000268d4335690 code [0x00000268d4335840, 0x00000268d4335b88]
Event: 44.688 Thread 0x00000268e24d3f90 13421       4       org.gradle.api.internal.artifacts.transform.ConsumerProvidedVariantFinder$CachingAttributeMatcher$CacheKey::equals (63 bytes)
Event: 44.692 Thread 0x00000268e24d3f90 nmethod 13421 0x00000268d4335f10 code [0x00000268d43360c0, 0x00000268d43362b8]
Event: 44.692 Thread 0x00000268e24d3f90 13309       4       com.google.common.collect.ImmutableSortedMap$1EntrySet$1::get (6 bytes)
Event: 44.710 Thread 0x00000268e24d3f90 nmethod 13309 0x00000268d4336510 code [0x00000268d43366e0, 0x00000268d4336df8]
Event: 44.710 Thread 0x00000268e24d3f90 13310       4       com.google.common.collect.ImmutableSortedMap$1EntrySet$1::get (39 bytes)
Event: 44.729 Thread 0x00000268e24d3f90 nmethod 13310 0x00000268d4337390 code [0x00000268d4337560, 0x00000268d4337c78]
Event: 44.729 Thread 0x00000268e24d3f90 13384       4       org.gradle.internal.Try$Success::map (14 bytes)
Event: 44.733 Thread 0x00000268e24d3f90 nmethod 13384 0x00000268d4338190 code [0x00000268d4338320, 0x00000268d4338528]
Event: 44.733 Thread 0x00000268e24d3f90 13425   !   4       org.gradle.internal.execution.impl.DefaultInputFingerprinter$InputCollectingVisitor::visitInputProperty (115 bytes)
Event: 44.887 Thread 0x00000268e24d3f90 nmethod 13425 0x00000268d4338690 code [0x00000268d4338960, 0x00000268d433a850]
Event: 44.887 Thread 0x00000268e24d3f90 13333       4       java.lang.String::valueOf (15 bytes)
Event: 44.889 Thread 0x00000268e24d3f90 nmethod 13333 0x00000268d433bd10 code [0x00000268d433be80, 0x00000268d433bf18]
Event: 44.889 Thread 0x00000268e24d3f90 13427       4       org.gradle.internal.snapshot.LargeChildMap::withNode (45 bytes)
Event: 44.924 Thread 0x00000268e24d3f90 nmethod 13427 0x00000268d433c010 code [0x00000268d433c220, 0x00000268d433c948]
Event: 44.926 Thread 0x00000268e24d3f90 13430       4       org.gradle.internal.snapshot.PartialDirectoryNode::withIncompleteChildren (9 bytes)
Event: 44.930 Thread 0x00000268e24d3f90 nmethod 13430 0x00000268d433d390 code [0x00000268d433d520, 0x00000268d433d5f8]
Event: 44.930 Thread 0x00000268e24d3f90 13429       4       org.gradle.internal.snapshot.AbstractIncompleteFileSystemNode::store (43 bytes)
Event: 44.934 Thread 0x00000268e24d3f90 nmethod 13429 0x00000268d433d690 code [0x00000268d433d820, 0x00000268d433da38]
Event: 44.934 Thread 0x00000268e24d3f90 13296       4       org.gradle.internal.snapshot.AbstractListChildMap::store (72 bytes)

GC Heap History (20 events):
Event: 20.836 GC heap after
{Heap after GC invocations=29 (full 0):
 garbage-first heap   total 121856K, used 61917K [0x0000000080000000, 0x0000000100000000)
  region size 1024K, 3 young (3072K), 3 survivors (3072K)
 Metaspace       used 71225K, committed 71744K, reserved 1114112K
  class space    used 9437K, committed 9664K, reserved 1048576K
}
Event: 20.894 GC heap before
{Heap before GC invocations=29 (full 0):
 garbage-first heap   total 121856K, used 63965K [0x0000000080000000, 0x0000000100000000)
  region size 1024K, 5 young (5120K), 3 survivors (3072K)
 Metaspace       used 71422K, committed 72000K, reserved 1114112K
  class space    used 9464K, committed 9728K, reserved 1048576K
}
Event: 20.902 GC heap after
{Heap after GC invocations=30 (full 0):
 garbage-first heap   total 209920K, used 61749K [0x0000000080000000, 0x0000000100000000)
  region size 1024K, 1 young (1024K), 1 survivors (1024K)
 Metaspace       used 71422K, committed 72000K, reserved 1114112K
  class space    used 9464K, committed 9728K, reserved 1048576K
}
Event: 23.139 GC heap before
{Heap before GC invocations=30 (full 0):
 garbage-first heap   total 209920K, used 121141K [0x0000000080000000, 0x0000000100000000)
  region size 1024K, 59 young (60416K), 1 survivors (1024K)
 Metaspace       used 77171K, committed 77760K, reserved 1122304K
  class space    used 10220K, committed 10496K, reserved 1048576K
}
Event: 23.153 GC heap after
{Heap after GC invocations=31 (full 0):
 garbage-first heap   total 209920K, used 65820K [0x0000000080000000, 0x0000000100000000)
  region size 1024K, 5 young (5120K), 5 survivors (5120K)
 Metaspace       used 77171K, committed 77760K, reserved 1122304K
  class space    used 10220K, committed 10496K, reserved 1048576K
}
Event: 25.904 GC heap before
{Heap before GC invocations=31 (full 0):
 garbage-first heap   total 209920K, used 142620K [0x0000000080000000, 0x0000000100000000)
  region size 1024K, 79 young (80896K), 5 survivors (5120K)
 Metaspace       used 83960K, committed 84608K, reserved 1122304K
  class space    used 11135K, committed 11456K, reserved 1048576K
}
Event: 25.936 GC heap after
{Heap after GC invocations=32 (full 0):
 garbage-first heap   total 209920K, used 72625K [0x0000000080000000, 0x0000000100000000)
  region size 1024K, 10 young (10240K), 10 survivors (10240K)
 Metaspace       used 83960K, committed 84608K, reserved 1122304K
  class space    used 11135K, committed 11456K, reserved 1048576K
}
Event: 28.986 GC heap before
{Heap before GC invocations=32 (full 0):
 garbage-first heap   total 209920K, used 149425K [0x0000000080000000, 0x0000000100000000)
  region size 1024K, 85 young (87040K), 10 survivors (10240K)
 Metaspace       used 92118K, committed 92736K, reserved 1130496K
  class space    used 12459K, committed 12736K, reserved 1048576K
}
Event: 29.018 GC heap after
{Heap after GC invocations=33 (full 0):
 garbage-first heap   total 209920K, used 78816K [0x0000000080000000, 0x0000000100000000)
  region size 1024K, 6 young (6144K), 6 survivors (6144K)
 Metaspace       used 92118K, committed 92736K, reserved 1130496K
  class space    used 12459K, committed 12736K, reserved 1048576K
}
Event: 31.766 GC heap before
{Heap before GC invocations=33 (full 0):
 garbage-first heap   total 209920K, used 156640K [0x0000000080000000, 0x0000000100000000)
  region size 1024K, 82 young (83968K), 6 survivors (6144K)
 Metaspace       used 98879K, committed 99520K, reserved 1138688K
  class space    used 13411K, committed 13696K, reserved 1048576K
}
Event: 31.801 GC heap after
{Heap after GC invocations=34 (full 0):
 garbage-first heap   total 209920K, used 86407K [0x0000000080000000, 0x0000000100000000)
  region size 1024K, 11 young (11264K), 11 survivors (11264K)
 Metaspace       used 98879K, committed 99520K, reserved 1138688K
  class space    used 13411K, committed 13696K, reserved 1048576K
}
Event: 33.916 GC heap before
{Heap before GC invocations=34 (full 0):
 garbage-first heap   total 209920K, used 159111K [0x0000000080000000, 0x0000000100000000)
  region size 1024K, 82 young (83968K), 11 survivors (11264K)
 Metaspace       used 100876K, committed 101632K, reserved 1138688K
  class space    used 13756K, committed 14144K, reserved 1048576K
}
Event: 33.974 GC heap after
{Heap after GC invocations=35 (full 0):
 garbage-first heap   total 209920K, used 97879K [0x0000000080000000, 0x0000000100000000)
  region size 1024K, 11 young (11264K), 11 survivors (11264K)
 Metaspace       used 100876K, committed 101632K, reserved 1138688K
  class space    used 13756K, committed 14144K, reserved 1048576K
}
Event: 37.353 GC heap before
{Heap before GC invocations=35 (full 0):
 garbage-first heap   total 209920K, used 160343K [0x0000000080000000, 0x0000000100000000)
  region size 1024K, 73 young (74752K), 11 survivors (11264K)
 Metaspace       used 101543K, committed 102272K, reserved 1138688K
  class space    used 13796K, committed 14144K, reserved 1048576K
}
Event: 37.391 GC heap after
{Heap after GC invocations=36 (full 0):
 garbage-first heap   total 209920K, used 102375K [0x0000000080000000, 0x0000000100000000)
  region size 1024K, 6 young (6144K), 6 survivors (6144K)
 Metaspace       used 101543K, committed 102272K, reserved 1138688K
  class space    used 13796K, committed 14144K, reserved 1048576K
}
Event: 39.568 GC heap before
{Heap before GC invocations=36 (full 0):
 garbage-first heap   total 209920K, used 163815K [0x0000000080000000, 0x0000000100000000)
  region size 1024K, 67 young (68608K), 6 survivors (6144K)
 Metaspace       used 102036K, committed 102784K, reserved 1138688K
  class space    used 13838K, committed 14208K, reserved 1048576K
}
Event: 39.604 GC heap after
{Heap after GC invocations=37 (full 0):
 garbage-first heap   total 209920K, used 107499K [0x0000000080000000, 0x0000000100000000)
  region size 1024K, 7 young (7168K), 7 survivors (7168K)
 Metaspace       used 102036K, committed 102784K, reserved 1138688K
  class space    used 13838K, committed 14208K, reserved 1048576K
}
Event: 42.829 GC heap before
{Heap before GC invocations=37 (full 0):
 garbage-first heap   total 209920K, used 165867K [0x0000000080000000, 0x0000000100000000)
  region size 1024K, 65 young (66560K), 7 survivors (7168K)
 Metaspace       used 105648K, committed 106368K, reserved 1146880K
  class space    used 14342K, committed 14720K, reserved 1048576K
}
Event: 42.882 GC heap after
{Heap after GC invocations=38 (full 0):
 garbage-first heap   total 209920K, used 112661K [0x0000000080000000, 0x0000000100000000)
  region size 1024K, 7 young (7168K), 7 survivors (7168K)
 Metaspace       used 105648K, committed 106368K, reserved 1146880K
  class space    used 14342K, committed 14720K, reserved 1048576K
}
Event: 45.047 GC heap before
{Heap before GC invocations=38 (full 0):
 garbage-first heap   total 209920K, used 166933K [0x0000000080000000, 0x0000000100000000)
  region size 1024K, 61 young (62464K), 7 survivors (7168K)
 Metaspace       used 105763K, committed 106496K, reserved 1146880K
  class space    used 14357K, committed 14720K, reserved 1048576K
}

Dll operation events (2 events):
Event: 0.025 Loaded shared library C:\Program Files\Android\Android Studio\jbr\bin\java.dll
Event: 1.260 Loaded shared library C:\Program Files\Android\Android Studio\jbr\bin\verify.dll

Deoptimization events (20 events):
Event: 43.743 Thread 0x00000268e70eb510 DEOPT PACKING pc=0x00000268d418c0b0 sp=0x0000008ebb0fd0a0
Event: 43.743 Thread 0x00000268e70eb510 DEOPT UNPACKING pc=0x00000268d39369a3 sp=0x0000008ebb0fcfd8 mode 2
Event: 43.746 Thread 0x00000268e44cc2f0 Uncommon trap: trap_request=0xffffff45 fr.pc=0x00000268d413309c relative=0x000000000000025c
Event: 43.746 Thread 0x00000268e44cc2f0 Uncommon trap: reason=unstable_if action=reinterpret pc=0x00000268d413309c method=com.esotericsoftware.kryo.io.Output.writeString(Ljava/lang/CharSequence;)V @ 50 c2
Event: 43.747 Thread 0x00000268e44cc2f0 DEOPT PACKING pc=0x00000268d413309c sp=0x0000008eb78fed00
Event: 43.747 Thread 0x00000268e44cc2f0 DEOPT UNPACKING pc=0x00000268d39369a3 sp=0x0000008eb78fec80 mode 2
Event: 43.762 Thread 0x00000268e44cdb00 DEOPT PACKING pc=0x00000268cd24b46c sp=0x0000008eb7ffedd0
Event: 43.762 Thread 0x00000268e44cdb00 DEOPT UNPACKING pc=0x00000268d3937143 sp=0x0000008eb7ffe328 mode 0
Event: 43.824 Thread 0x00000268e70ebeb0 DEOPT PACKING pc=0x00000268cd24b46c sp=0x0000008ebbbfad30
Event: 43.824 Thread 0x00000268e70ebeb0 DEOPT UNPACKING pc=0x00000268d3937143 sp=0x0000008ebbbfa288 mode 0
Event: 43.911 Thread 0x00000268e32f3070 DEOPT PACKING pc=0x00000268cd24b46c sp=0x0000008eb9ffddd0
Event: 43.911 Thread 0x00000268e32f3070 DEOPT UNPACKING pc=0x00000268d3937143 sp=0x0000008eb9ffd328 mode 0
Event: 43.969 Thread 0x00000268e44cdb00 DEOPT PACKING pc=0x00000268cd24b46c sp=0x0000008eb7ffedd0
Event: 43.969 Thread 0x00000268e44cdb00 DEOPT UNPACKING pc=0x00000268d3937143 sp=0x0000008eb7ffe328 mode 0
Event: 44.036 Thread 0x00000268e44cdb00 DEOPT PACKING pc=0x00000268cd24b46c sp=0x0000008eb7ffedd0
Event: 44.036 Thread 0x00000268e44cdb00 DEOPT UNPACKING pc=0x00000268d3937143 sp=0x0000008eb7ffe328 mode 0
Event: 44.439 Thread 0x00000268e70ea6a0 Uncommon trap: trap_request=0xffffffc6 fr.pc=0x00000268d427d020 relative=0x0000000000000100
Event: 44.441 Thread 0x00000268e70ea6a0 Uncommon trap: reason=bimorphic_or_optimized_type_check action=maybe_recompile pc=0x00000268d427d020 method=com.google.common.collect.RegularImmutableMap.checkNoConflictInKeyBucket(Ljava/lang/Object;Ljava/lang/Object;Lcom/google/common/collect/ImmutableMa
Event: 44.441 Thread 0x00000268e70ea6a0 DEOPT PACKING pc=0x00000268d427d020 sp=0x0000008ebb9fbae0
Event: 44.441 Thread 0x00000268e70ea6a0 DEOPT UNPACKING pc=0x00000268d39369a3 sp=0x0000008ebb9fba78 mode 2

Classes unloaded (0 events):
No events

Classes redefined (0 events):
No events

Internal exceptions (20 events):
Event: 35.437 Thread 0x00000268e70e9360 Implicit null exception at 0x00000268d42c3f48 to 0x00000268d42c4958
Event: 35.437 Thread 0x00000268e70e59a0 Implicit null exception at 0x00000268d42c3f48 to 0x00000268d42c4958
Event: 35.545 Thread 0x00000268e32f2200 Implicit null exception at 0x00000268d42cd008 to 0x00000268d42cd194
Event: 37.894 Thread 0x00000268e70eab70 Exception <a 'java/lang/NoSuchMethodError'{0x000000008bc84e68}: static Lcom/android/build/gradle/internal/scope/InternalArtifactType;.<clinit>()V> (0x000000008bc84e68) 
thrown [s\src\hotspot\share\prims\jni.cpp, line 1108]
Event: 37.894 Thread 0x00000268e70eab70 Exception <a 'java/lang/NoSuchMethodError'{0x000000008bc865c0}: static Lcom/android/build/gradle/internal/scope/InternalArtifactType;.<clinit>()V> (0x000000008bc865c0) 
thrown [s\src\hotspot\share\prims\jni.cpp, line 1108]
Event: 37.894 Thread 0x00000268e70eab70 Exception <a 'java/lang/NoSuchMethodError'{0x000000008bc89760}: static Lcom/android/build/api/artifact/Artifact$Single;.<clinit>()V> (0x000000008bc89760) 
thrown [s\src\hotspot\share\prims\jni.cpp, line 1108]
Event: 37.894 Thread 0x00000268e70eab70 Exception <a 'java/lang/NoSuchMethodError'{0x000000008bc8bcf0}: static Ljava/lang/Object;.<clinit>()V> (0x000000008bc8bcf0) 
thrown [s\src\hotspot\share\prims\jni.cpp, line 1108]
Event: 37.897 Thread 0x00000268e70eab70 Exception <a 'java/lang/NoSuchMethodError'{0x000000008bca20e8}: static Lcom/android/build/api/artifact/ArtifactKind;.<clinit>()V> (0x000000008bca20e8) 
thrown [s\src\hotspot\share\prims\jni.cpp, line 1108]
Event: 37.897 Thread 0x00000268e70eab70 Exception <a 'java/lang/NoSuchMethodError'{0x000000008bca32a8}: static Lcom/android/build/api/artifact/ArtifactKind;.<clinit>()V> (0x000000008bca32a8) 
thrown [s\src\hotspot\share\prims\jni.cpp, line 1108]
Event: 39.067 Thread 0x00000268e70eab70 Exception <a 'java/lang/NoSuchMethodError'{0x0000000089b3ae50}: 'int java.lang.invoke.DirectMethodHandle$Holder.invokeSpecial(java.lang.Object, java.lang.Object, java.lang.Object, java.lang.Object, java.lang.Object)'> (0x0000000089b3ae50) 
thrown [s\src\hotspot\share\interpreter\linkResolver.cpp, line 771]
Event: 42.219 Thread 0x00000268e70eab70 Exception <a 'java/lang/NoSuchMethodError'{0x000000008a7a77b8}: static Lorg/jetbrains/kotlin/incremental/ChangedFiles$Known;.<clinit>()V> (0x000000008a7a77b8) 
thrown [s\src\hotspot\share\prims\jni.cpp, line 1108]
Event: 42.223 Thread 0x00000268e70eab70 Exception <a 'java/lang/NoSuchMethodError'{0x000000008a7c62e8}: static Lorg/jetbrains/kotlin/incremental/ClasspathChanges;.<clinit>()V> (0x000000008a7c62e8) 
thrown [s\src\hotspot\share\prims\jni.cpp, line 1108]
Event: 42.223 Thread 0x00000268e70eab70 Exception <a 'java/lang/NoSuchMethodError'{0x000000008a7c7af0}: static Lorg/jetbrains/kotlin/incremental/ClasspathChanges;.<clinit>()V> (0x000000008a7c7af0) 
thrown [s\src\hotspot\share\prims\jni.cpp, line 1108]
Event: 42.236 Thread 0x00000268e70eab70 Exception <a 'java/lang/NoSuchMethodError'{0x000000008a621f00}: static Lorg/jetbrains/kotlin/build/report/metrics/BuildMetricsReporterImpl;.<clinit>()V> (0x000000008a621f00) 
thrown [s\src\hotspot\share\prims\jni.cpp, line 1108]
Event: 42.318 Thread 0x00000268e70ebeb0 Exception <a 'sun/nio/fs/WindowsException'{0x000000008a544948}> (0x000000008a544948) 
thrown [s\src\hotspot\share\prims\jni.cpp, line 517]
Event: 42.722 Thread 0x00000268ed70f7c0 Exception <a 'java/lang/NoSuchMethodError'{0x00000000897dd648}: 'void java.lang.invoke.DirectMethodHandle$Holder.invokeStatic(java.lang.Object, long)'> (0x00000000897dd648) 
thrown [s\src\hotspot\share\interpreter\linkResolver.cpp, line 771]
Event: 42.724 Thread 0x00000268ed70f7c0 Exception <a 'java/lang/NoSuchMethodError'{0x0000000089592478}: 'java.lang.Object java.lang.invoke.DirectMethodHandle$Holder.newInvokeSpecial(java.lang.Object, long)'> (0x0000000089592478) 
thrown [s\src\hotspot\share\interpreter\linkResolver.cpp, line 771]
Event: 42.728 Thread 0x00000268ed70f7c0 Exception <a 'java/lang/NoSuchMethodError'{0x00000000895d2560}: 'java.lang.Object java.lang.invoke.DirectMethodHandle$Holder.invokeStatic(java.lang.Object, java.lang.Object, long, java.lang.Object)'> (0x00000000895d2560) 
thrown [s\src\hotspot\share\interpreter\linkResolver.cpp, line 771]
Event: 42.728 Thread 0x00000268ed70f7c0 Exception <a 'java/lang/NoSuchMethodError'{0x00000000895d5fe0}: 'java.lang.Object java.lang.invoke.DirectMethodHandle$Holder.invokeStaticInit(java.lang.Object, java.lang.Object, long, java.lang.Object)'> (0x00000000895d5fe0) 
thrown [s\src\hotspot\share\interpreter\linkResolver.cpp, line 771]
Event: 44.449 Thread 0x00000268e70ea6a0 Exception <a 'sun/nio/fs/WindowsException'{0x0000000089ebf430}> (0x0000000089ebf430) 
thrown [s\src\hotspot\share\prims\jni.cpp, line 517]

VM Operations (20 events):
Event: 39.388 Executing VM operation: HandshakeAllThreads done
Event: 39.568 Executing VM operation: G1CollectForAllocation
Event: 39.605 Executing VM operation: G1CollectForAllocation done
Event: 40.606 Executing VM operation: Cleanup
Event: 40.606 Executing VM operation: Cleanup done
Event: 41.616 Executing VM operation: Cleanup
Event: 41.616 Executing VM operation: Cleanup done
Event: 42.045 Executing VM operation: HandshakeAllThreads
Event: 42.046 Executing VM operation: HandshakeAllThreads done
Event: 42.180 Executing VM operation: ICBufferFull
Event: 42.180 Executing VM operation: ICBufferFull done
Event: 42.742 Executing VM operation: HandshakeAllThreads
Event: 42.743 Executing VM operation: HandshakeAllThreads done
Event: 42.829 Executing VM operation: G1CollectForAllocation
Event: 42.882 Executing VM operation: G1CollectForAllocation done
Event: 43.758 Executing VM operation: HandshakeAllThreads
Event: 43.758 Executing VM operation: HandshakeAllThreads done
Event: 44.772 Executing VM operation: Cleanup
Event: 44.772 Executing VM operation: Cleanup done
Event: 45.046 Executing VM operation: G1CollectForAllocation

Events (20 events):
Event: 42.740 loading class java/lang/ProcessImpl$2
Event: 42.741 loading class java/lang/ProcessImpl$2 done
Event: 42.741 loading class java/lang/Process$PipeInputStream
Event: 42.741 loading class java/lang/Process$PipeInputStream done
Event: 42.743 loading class java/lang/ProcessBuilder$NullInputStream
Event: 42.743 loading class java/lang/ProcessBuilder$NullInputStream done
Event: 42.743 loading class jdk/internal/event/ProcessStartEvent
Event: 42.750 loading class jdk/internal/event/ProcessStartEvent done
Event: 42.750 loading class java/util/concurrent/Semaphore$NonfairSync
Event: 42.751 loading class java/util/concurrent/Semaphore$Sync
Event: 42.752 loading class java/util/concurrent/Semaphore$Sync done
Event: 42.752 loading class java/util/concurrent/Semaphore$NonfairSync done
Event: 42.756 Thread 0x00000268ed70dfb0 Thread added: 0x00000268ed70dfb0
Event: 43.234 Thread 0x00000268ed70dfb0 Thread exited: 0x00000268ed70dfb0
Event: 43.395 Thread 0x00000268ed70e950 Thread added: 0x00000268ed70e950
Event: 43.673 Thread 0x00000268ed70e950 Thread exited: 0x00000268ed70e950
Event: 43.713 loading class java/lang/Throwable$WrappedPrintWriter
Event: 43.713 loading class java/lang/Throwable$PrintStreamOrWriter
Event: 43.713 loading class java/lang/Throwable$PrintStreamOrWriter done
Event: 43.713 loading class java/lang/Throwable$WrappedPrintWriter done


Dynamic libraries:
0x00007ff7f0090000 - 0x00007ff7f009a000 	C:\Program Files\Android\Android Studio\jbr\bin\java.exe
0x00007ffab40d0000 - 0x00007ffab42c8000 	C:\WINDOWS\SYSTEM32\ntdll.dll
0x00007ffab3ce0000 - 0x00007ffab3d9d000 	C:\WINDOWS\System32\KERNEL32.DLL
0x00007ffab1c20000 - 0x00007ffab1f16000 	C:\WINDOWS\System32\KERNELBASE.dll
0x00007ffab2000000 - 0x00007ffab2100000 	C:\WINDOWS\System32\ucrtbase.dll
0x00007ffa9ae70000 - 0x00007ffa9ae87000 	C:\Program Files\Android\Android Studio\jbr\bin\jli.dll
0x00007ffab3b40000 - 0x00007ffab3cde000 	C:\WINDOWS\System32\USER32.dll
0x00007ffab2100000 - 0x00007ffab2122000 	C:\WINDOWS\System32\win32u.dll
0x00007ffab2d00000 - 0x00007ffab2d2c000 	C:\WINDOWS\System32\GDI32.dll
0x00007ffab1ab0000 - 0x00007ffab1bca000 	C:\WINDOWS\System32\gdi32full.dll
0x00007ffab17b0000 - 0x00007ffab184d000 	C:\WINDOWS\System32\msvcp_win.dll
0x00007ffaaa8e0000 - 0x00007ffaaa8fb000 	C:\Program Files\Android\Android Studio\jbr\bin\VCRUNTIME140.dll
0x00007ffa9a840000 - 0x00007ffa9aada000 	C:\WINDOWS\WinSxS\amd64_microsoft.windows.common-controls_6595b64144ccf1df_6.0.19041.3636_none_60b6a03d71f818d5\COMCTL32.dll
0x00007ffab3aa0000 - 0x00007ffab3b3e000 	C:\WINDOWS\System32\msvcrt.dll
0x00007ffab2b30000 - 0x00007ffab2b60000 	C:\WINDOWS\System32\IMM32.DLL
0x00007ffaacf90000 - 0x00007ffaacf9c000 	C:\Program Files\Android\Android Studio\jbr\bin\vcruntime140_1.dll
0x00007ffa93c20000 - 0x00007ffa93cad000 	C:\Program Files\Android\Android Studio\jbr\bin\msvcp140.dll
0x00007ffa6b3c0000 - 0x00007ffa6c02e000 	C:\Program Files\Android\Android Studio\jbr\bin\server\jvm.dll
0x00007ffab3e80000 - 0x00007ffab3f2f000 	C:\WINDOWS\System32\ADVAPI32.dll
0x00007ffab31a0000 - 0x00007ffab323c000 	C:\WINDOWS\System32\sechost.dll
0x00007ffab2bd0000 - 0x00007ffab2cf6000 	C:\WINDOWS\System32\RPCRT4.dll
0x00007ffa9b6e0000 - 0x00007ffa9b6e9000 	C:\WINDOWS\SYSTEM32\WSOCK32.dll
0x00007ffab37c0000 - 0x00007ffab382b000 	C:\WINDOWS\System32\WS2_32.dll
0x00007ffa9ceb0000 - 0x00007ffa9ced7000 	C:\WINDOWS\SYSTEM32\WINMM.dll
0x00007ffaab1b0000 - 0x00007ffaab1ba000 	C:\WINDOWS\SYSTEM32\VERSION.dll
0x00007ffab0000000 - 0x00007ffab0012000 	C:\WINDOWS\SYSTEM32\kernel.appcore.dll
0x00007ffaac8b0000 - 0x00007ffaac8ba000 	C:\Program Files\Android\Android Studio\jbr\bin\jimage.dll
0x00007ffaafdf0000 - 0x00007ffaaffd4000 	C:\WINDOWS\SYSTEM32\DBGHELP.DLL
0x00007ffa95ca0000 - 0x00007ffa95cd4000 	C:\WINDOWS\SYSTEM32\dbgcore.DLL
0x00007ffab1850000 - 0x00007ffab18d2000 	C:\WINDOWS\System32\bcryptPrimitives.dll
0x00007ffaaa5e0000 - 0x00007ffaaa605000 	C:\Program Files\Android\Android Studio\jbr\bin\java.dll
0x00007ffaaae10000 - 0x00007ffaaae28000 	C:\Program Files\Android\Android Studio\jbr\bin\zip.dll
0x00007ffab2380000 - 0x00007ffab2ac5000 	C:\WINDOWS\System32\SHELL32.dll
0x00007ffaaf580000 - 0x00007ffaafd1b000 	C:\WINDOWS\SYSTEM32\windows.storage.dll
0x00007ffab3330000 - 0x00007ffab3684000 	C:\WINDOWS\System32\combase.dll
0x00007ffab11f0000 - 0x00007ffab121d000 	C:\WINDOWS\SYSTEM32\Wldp.dll
0x00007ffab3fe0000 - 0x00007ffab408d000 	C:\WINDOWS\System32\SHCORE.dll
0x00007ffab2ad0000 - 0x00007ffab2b25000 	C:\WINDOWS\System32\shlwapi.dll
0x00007ffab16e0000 - 0x00007ffab1705000 	C:\WINDOWS\SYSTEM32\profapi.dll
0x00007ffaaa580000 - 0x00007ffaaa599000 	C:\Program Files\Android\Android Studio\jbr\bin\net.dll
0x00007ffaa7d80000 - 0x00007ffaa7e8a000 	C:\WINDOWS\SYSTEM32\WINHTTP.dll
0x00007ffab0f50000 - 0x00007ffab0fba000 	C:\WINDOWS\system32\mswsock.dll
0x00007ffa9ae90000 - 0x00007ffa9aea6000 	C:\Program Files\Android\Android Studio\jbr\bin\nio.dll
0x00007ffaac430000 - 0x00007ffaac440000 	C:\Program Files\Android\Android Studio\jbr\bin\verify.dll
0x00007ffaa08e0000 - 0x00007ffaa0907000 	C:\Users\user\.gradle\native\68d5fa5c4cc2d200863cafc0d521ce42e7d3e7ee720ec0a83991735586a16f82\windows-amd64\native-platform.dll
0x00007ffa79ac0000 - 0x00007ffa79c04000 	C:\Users\user\.gradle\native\e376f236ea51e6404a007f0833ffe2c6e607c4080706a723a18a27aeea778392\windows-amd64\native-platform-file-events.dll
0x00007ffaabd70000 - 0x00007ffaabd79000 	C:\Program Files\Android\Android Studio\jbr\bin\management.dll
0x00007ffaabd50000 - 0x00007ffaabd5b000 	C:\Program Files\Android\Android Studio\jbr\bin\management_ext.dll
0x00007ffab38c0000 - 0x00007ffab38c8000 	C:\WINDOWS\System32\PSAPI.DLL
0x00007ffab1140000 - 0x00007ffab1158000 	C:\WINDOWS\SYSTEM32\CRYPTSP.dll
0x00007ffab0810000 - 0x00007ffab0844000 	C:\WINDOWS\system32\rsaenh.dll
0x00007ffab1f20000 - 0x00007ffab1f47000 	C:\WINDOWS\System32\bcrypt.dll
0x00007ffab1660000 - 0x00007ffab168e000 	C:\WINDOWS\SYSTEM32\USERENV.dll
0x00007ffab1160000 - 0x00007ffab116c000 	C:\WINDOWS\SYSTEM32\CRYPTBASE.dll
0x00007ffab0bf0000 - 0x00007ffab0c2b000 	C:\WINDOWS\SYSTEM32\IPHLPAPI.DLL
0x00007ffab2bc0000 - 0x00007ffab2bc8000 	C:\WINDOWS\System32\NSI.dll
0x00007ffaa8fd0000 - 0x00007ffaa8fe7000 	C:\WINDOWS\SYSTEM32\dhcpcsvc6.DLL
0x00007ffaaa0f0000 - 0x00007ffaaa10d000 	C:\WINDOWS\SYSTEM32\dhcpcsvc.DLL
0x00007ffab0c40000 - 0x00007ffab0d0a000 	C:\WINDOWS\SYSTEM32\DNSAPI.dll
0x00007ffaaaca0000 - 0x00007ffaaaca7000 	C:\WINDOWS\system32\wshunix.dll
0x00007ffaa0300000 - 0x00007ffaa030a000 	C:\Windows\System32\rasadhlp.dll
0x00007ffaa0510000 - 0x00007ffaa0590000 	C:\WINDOWS\System32\fwpuclnt.dll
0x00007ffa9ac60000 - 0x00007ffa9ac77000 	C:\WINDOWS\system32\napinsp.dll
0x00007ffa9ac00000 - 0x00007ffa9ac1b000 	C:\WINDOWS\system32\pnrpnsp.dll
0x00007ffa9abe0000 - 0x00007ffa9abf5000 	C:\WINDOWS\system32\wshbth.dll
0x00007ffaacf10000 - 0x00007ffaacf2d000 	C:\WINDOWS\system32\NLAapi.dll
0x00007ffa9abc0000 - 0x00007ffa9abd2000 	C:\WINDOWS\System32\winrnr.dll
0x00007ffa943e0000 - 0x00007ffa943fe000 	C:\Users\user\AppData\Local\Temp\native-platform12431571070230243646dir\native-platform.dll

dbghelp: loaded successfully - version: 4.0.5 - missing functions: none
symbol engine: initialized successfully - sym options: 0x614 - pdb path: .;C:\Program Files\Android\Android Studio\jbr\bin;C:\WINDOWS\SYSTEM32;C:\WINDOWS\WinSxS\amd64_microsoft.windows.common-controls_6595b64144ccf1df_6.0.19041.3636_none_60b6a03d71f818d5;C:\Program Files\Android\Android Studio\jbr\bin\server;C:\Users\user\.gradle\native\68d5fa5c4cc2d200863cafc0d521ce42e7d3e7ee720ec0a83991735586a16f82\windows-amd64;C:\Users\user\.gradle\native\e376f236ea51e6404a007f0833ffe2c6e607c4080706a723a18a27aeea778392\windows-amd64;C:\Users\user\AppData\Local\Temp\native-platform12431571070230243646dir

VM Arguments:
jvm_args: --add-opens=java.base/java.util=ALL-UNNAMED --add-opens=java.base/java.lang=ALL-UNNAMED --add-opens=java.base/java.lang.invoke=ALL-UNNAMED --add-opens=java.prefs/java.util.prefs=ALL-UNNAMED --add-opens=java.base/java.nio.charset=ALL-UNNAMED --add-opens=java.base/java.net=ALL-UNNAMED --add-opens=java.base/java.util.concurrent.atomic=ALL-UNNAMED -Xmx2048m -Dfile.encoding=UTF-8 -Duser.country=US -Duser.language=en -Duser.variant 
java_command: org.gradle.launcher.daemon.bootstrap.GradleDaemon 8.0
java_class_path (initial): C:\Users\user\.gradle\wrapper\dists\gradle-8.0-bin\ca5e32bp14vu59qr306oxotwh\gradle-8.0\lib\gradle-launcher-8.0.jar
Launcher Type: SUN_STANDARD

[Global flags]
     intx CICompilerCount                          = 3                                         {product} {ergonomic}
     uint ConcGCThreads                            = 1                                         {product} {ergonomic}
     uint G1ConcRefinementThreads                  = 4                                         {product} {ergonomic}
   size_t G1HeapRegionSize                         = 1048576                                   {product} {ergonomic}
    uintx GCDrainStackTargetSize                   = 64                                        {product} {ergonomic}
   size_t InitialHeapSize                          = 125829120                                 {product} {ergonomic}
   size_t MarkStackSize                            = 4194304                                   {product} {ergonomic}
   size_t MaxHeapSize                              = 2147483648                                {product} {command line}
   size_t MaxNewSize                               = 1287651328                                {product} {ergonomic}
   size_t MinHeapDeltaBytes                        = 1048576                                   {product} {ergonomic}
   size_t MinHeapSize                              = 8388608                                   {product} {ergonomic}
    uintx NonNMethodCodeHeapSize                   = 5832780                                {pd product} {ergonomic}
    uintx NonProfiledCodeHeapSize                  = 122912730                              {pd product} {ergonomic}
    uintx ProfiledCodeHeapSize                     = 122912730                              {pd product} {ergonomic}
    uintx ReservedCodeCacheSize                    = 251658240                              {pd product} {ergonomic}
     bool SegmentedCodeCache                       = true                                      {product} {ergonomic}
   size_t SoftMaxHeapSize                          = 2147483648                             {manageable} {ergonomic}
     bool UseCompressedClassPointers               = true                           {product lp64_product} {ergonomic}
     bool UseCompressedOops                        = true                           {product lp64_product} {ergonomic}
     bool UseG1GC                                  = true                                      {product} {ergonomic}
     bool UseLargePagesIndividualAllocation        = false                                  {pd product} {ergonomic}

Logging:
Log output configuration:
 #0: stdout all=warning uptime,level,tags
 #1: stderr all=off uptime,level,tags

Environment Variables:
PATH=C:\Program Files (x86)\Common Files\Oracle\Java\javapath;C:\oraclexe\app\oracle\product\11.2.0\server\bin;C:\WINDOWS\system32;C:\WINDOWS;C:\WINDOWS\System32\Wbem;C:\WINDOWS\System32\WindowsPowerShell\v1.0\;C:\WINDOWS\System32\OpenSSH\;C:\Program Files\Intel\WiFi\bin\;C:\Program Files\Common Files\Intel\WirelessCommon\;c:\Program Files (x86)\Intel\Intel(R) Management Engine Components\DAL;c:\Program Files\Intel\Intel(R) Management Engine Components\DAL;C:\Program Files\Git\cmd;C:\Program Files\gnuplot\bin;C:\Program Files\mingw32\bin;C:\Users\user\AppData\Local\Microsoft\WindowsApps;C:\Users\user\AppData\Local\Programs\Microsoft VS Code\bin;C:\msys64\mingw64\bin;C:\Program Files (x86)\SDCC\bin
USERNAME=user
OS=Windows_NT
PROCESSOR_IDENTIFIER=Intel64 Family 6 Model 78 Stepping 3, GenuineIntel
TMP=C:\Users\user\AppData\Local\Temp
TEMP=C:\Users\user\AppData\Local\Temp


JNI global refs:
JNI global refs: 25, weak refs: 8

JNI global refs memory usage: 843, weak refs: 841


---------------  S Y S T E M  ---------------

OS:
 Windows 10 , 64 bit Build 19041 (10.0.19041.3636)
OS uptime: 17 days 6:53 hours

CPU: total 4 (initial active 4) (2 cores per cpu, 2 threads per core) family 6 model 78 stepping 3 microcode 0xcc, cx8, cmov, fxsr, ht, mmx, 3dnowpref, sse, sse2, sse3, ssse3, sse4.1, sse4.2, popcnt, lzcnt, tsc, tscinvbit, avx, avx2, aes, erms, clmul, bmi1, bmi2, rtm, adx, fma, vzeroupper, clflush, clflushopt

Memory: 4k page, system-wide physical 7573M (120M free)
TotalPageFile size 31125M (AvailPageFile size 14M)
current process WorkingSet (physical memory assigned to process): 383M, peak: 419M
current process commit charge ("private bytes"): 485M, peak: 571M

vm_info: OpenJDK 64-Bit Server VM (17.0.6+0-b2043.56-10027231) for windows-amd64 JRE (17.0.6+0-b2043.56-10027231), built on Apr 28 2023 00:43:19 by "androidbuild" with MS VC++ 16.10 / 16.11 (VS2019)

END.
