#
# There is insufficient memory for the Java Runtime Environment to continue.
# Native memory allocation (malloc) failed to allocate 1092896 bytes for Chunk::new
# Possible reasons:
#   The system is out of physical RAM or swap space
#   The process is running with CompressedOops enabled, and the Java Heap may be blocking the growth of the native heap
# Possible solutions:
#   Reduce memory load on the system
#   Increase physical memory or swap space
#   Check if swap backing store is full
#   Decrease Java heap size (-Xmx/-Xms)
#   Decrease number of Java threads
#   Decrease Java thread stack sizes (-Xss)
#   Set larger code cache with -XX:ReservedCodeCacheSize=
#   JVM is running with Unscaled Compressed Oops mode in which the Java heap is
#     placed in the first 4GB address space. The Java Heap base address is the
#     maximum limit for the native heap growth. Please use -XX:HeapBaseMinAddress
#     to set the Java Heap base and to place the Java Heap above 4GB virtual address.
# This output file may be truncated or incomplete.
#
#  Out of Memory Error (arena.cpp:189), pid=23024, tid=24980
#
# JRE version: OpenJDK Runtime Environment (17.0.6) (build 17.0.6+0-b2043.56-10027231)
# Java VM: OpenJDK 64-Bit Server VM (17.0.6+0-b2043.56-10027231, mixed mode, tiered, compressed oops, compressed class ptrs, g1 gc, windows-amd64)
# No core dump will be written. Minidumps are not enabled by default on client versions of Windows
#

---------------  S U M M A R Y ------------

Command Line: --add-opens=java.base/java.util=ALL-UNNAMED --add-opens=java.base/java.lang=ALL-UNNAMED --add-opens=java.base/java.lang.invoke=ALL-UNNAMED --add-opens=java.prefs/java.util.prefs=ALL-UNNAMED --add-opens=java.base/java.nio.charset=ALL-UNNAMED --add-opens=java.base/java.net=ALL-UNNAMED --add-opens=java.base/java.util.concurrent.atomic=ALL-UNNAMED -Xmx2048m -Dfile.encoding=UTF-8 -Duser.country=US -Duser.language=en -Duser.variant org.gradle.launcher.daemon.bootstrap.GradleDaemon 8.0

Host: Intel(R) Core(TM) i5-6300U CPU @ 2.40GHz, 4 cores, 7G,  Windows 10 , 64 bit Build 19041 (10.0.19041.3636)
Time: Fri Jan 19 10:35:11 2024 Central European Standard Time elapsed time: 227.874164 seconds (0d 0h 3m 47s)

---------------  T H R E A D  ---------------

Current thread (0x0000023cb8c04ae0):  JavaThread "C2 CompilerThread0" daemon [_thread_in_native, id=24980, stack(0x000000d42a100000,0x000000d42a200000)]


Current CompileTask:
C2: 227874 16158       4       org.gradle.api.internal.artifacts.transform.AttributeMatchingVariantSelector::doSelect (365 bytes)

Stack: [0x000000d42a100000,0x000000d42a200000]
Native frames: (J=compiled Java code, j=interpreted, Vv=VM code, C=native code)
V  [jvm.dll+0x683c9a]
V  [jvm.dll+0x8427a4]
V  [jvm.dll+0x843f9e]
V  [jvm.dll+0x844603]
V  [jvm.dll+0x249b75]
V  [jvm.dll+0xabcac]
V  [jvm.dll+0xac27c]
V  [jvm.dll+0x2b0eef]
V  [jvm.dll+0x58a267]
V  [jvm.dll+0x2243b2]
V  [jvm.dll+0x21dd02]
V  [jvm.dll+0x21b51b]
V  [jvm.dll+0x1a4fdd]
V  [jvm.dll+0x22b098]
V  [jvm.dll+0x229159]
V  [jvm.dll+0x7f81ec]
V  [jvm.dll+0x7f274a]
V  [jvm.dll+0x682ad5]
C  [ucrtbase.dll+0x21bb2]
C  [KERNEL32.DLL+0x17344]
C  [ntdll.dll+0x526b1]


---------------  P R O C E S S  ---------------

Threads class SMR info:
_java_thread_list=0x0000023cb9a55330, length=82, elements={
0x0000023c9cbab780, 0x0000023cb80a0a10, 0x0000023cb80b6100, 0x0000023cb8c02090,
0x0000023cb8c02d70, 0x0000023cb8c03630, 0x0000023cb8c03ef0, 0x0000023cb8c04ae0,
0x0000023cb8c063f0, 0x0000023cb8c33940, 0x0000023cb8d9b040, 0x0000023cb8da1980,
0x0000023cba1bd280, 0x0000023cbb75af40, 0x0000023cbb13a180, 0x0000023cbbc47d40,
0x0000023cbbc456c0, 0x0000023cbbc48bb0, 0x0000023cbbc451f0, 0x0000023cbbc46530,
0x0000023cbbc46a00, 0x0000023cbb9b25f0, 0x0000023cbb9b12b0, 0x0000023cbb9aff70,
0x0000023cbb9b0440, 0x0000023cbb9b4c70, 0x0000023cbb9b5140, 0x0000023cbdcf5600,
0x0000023cbdcf2f80, 0x0000023cbdcee280, 0x0000023cbb9ad8f0, 0x0000023cbb9b1c50,
0x0000023cbb9af5d0, 0x0000023cbb9b2120, 0x0000023cbb9b2ac0, 0x0000023cbb9b3460,
0x0000023cbb9b3930, 0x0000023cbbabc060, 0x0000023cbbabe6e0, 0x0000023cbbab7d00,
0x0000023cbbab81d0, 0x0000023cbbab9040, 0x0000023cbbabbb90, 0x0000023cbbabd870,
0x0000023cbbaba380, 0x0000023cbbab9eb0, 0x0000023cbbab8b70, 0x0000023cbbaba850,
0x0000023cbbab9510, 0x0000023cbbabebb0, 0x0000023cbbabad20, 0x0000023cbbab99e0,
0x0000023cbbabb1f0, 0x0000023cbbabca00, 0x0000023cbbabb6c0, 0x0000023cbbabced0,
0x0000023cbbabd3a0, 0x0000023cbbabe210, 0x0000023cbdceff60, 0x0000023cbdcf3450,
0x0000023cbdcf3920, 0x0000023cbdcf0430, 0x0000023cbdcf0900, 0x0000023cbdcefa90,
0x0000023cbdcf0dd0, 0x0000023cbdcf12a0, 0x0000023cbdcf2110, 0x0000023cbdceec20,
0x0000023cbdcef0f0, 0x0000023cbdcf1c40, 0x0000023cbdcef5c0, 0x0000023cbdcf1770,
0x0000023cbdcf3df0, 0x0000023cbdcf42c0, 0x0000023cbdcf25e0, 0x0000023cbdcf2ab0,
0x0000023cbdcf4790, 0x0000023cbdcf5ad0, 0x0000023cc0cc7d30, 0x0000023cc0cc69f0,
0x0000023cc0cc8200, 0x0000023cc0cc4370
}

Java Threads: ( => current thread )
  0x0000023c9cbab780 JavaThread "main" [_thread_blocked, id=19368, stack(0x000000d429400000,0x000000d429500000)]
  0x0000023cb80a0a10 JavaThread "Reference Handler" daemon [_thread_blocked, id=20700, stack(0x000000d429b00000,0x000000d429c00000)]
  0x0000023cb80b6100 JavaThread "Finalizer" daemon [_thread_blocked, id=22508, stack(0x000000d429c00000,0x000000d429d00000)]
  0x0000023cb8c02090 JavaThread "Signal Dispatcher" daemon [_thread_blocked, id=25740, stack(0x000000d429d00000,0x000000d429e00000)]
  0x0000023cb8c02d70 JavaThread "Attach Listener" daemon [_thread_blocked, id=3292, stack(0x000000d429e00000,0x000000d429f00000)]
  0x0000023cb8c03630 JavaThread "Service Thread" daemon [_thread_blocked, id=14072, stack(0x000000d429f00000,0x000000d42a000000)]
  0x0000023cb8c03ef0 JavaThread "Monitor Deflation Thread" daemon [_thread_blocked, id=22496, stack(0x000000d42a000000,0x000000d42a100000)]
=>0x0000023cb8c04ae0 JavaThread "C2 CompilerThread0" daemon [_thread_in_native, id=24980, stack(0x000000d42a100000,0x000000d42a200000)]
  0x0000023cb8c063f0 JavaThread "C1 CompilerThread0" daemon [_thread_blocked, id=24896, stack(0x000000d42a200000,0x000000d42a300000)]
  0x0000023cb8c33940 JavaThread "Sweeper thread" daemon [_thread_blocked, id=1344, stack(0x000000d42a300000,0x000000d42a400000)]
  0x0000023cb8d9b040 JavaThread "Common-Cleaner" daemon [_thread_blocked, id=8784, stack(0x000000d42a400000,0x000000d42a500000)]
  0x0000023cb8da1980 JavaThread "Notification Thread" daemon [_thread_blocked, id=924, stack(0x000000d42a500000,0x000000d42a600000)]
  0x0000023cba1bd280 JavaThread "Daemon health stats" [_thread_blocked, id=17936, stack(0x000000d42ab00000,0x000000d42ac00000)]
  0x0000023cbb75af40 JavaThread "Incoming local TCP Connector on port 53582" [_thread_in_native, id=6316, stack(0x000000d42ac00000,0x000000d42ad00000)]
  0x0000023cbb13a180 JavaThread "Daemon periodic checks" [_thread_blocked, id=23272, stack(0x000000d42ad00000,0x000000d42ae00000)]
  0x0000023cbbc47d40 JavaThread "Cache worker for journal cache (C:\Users\user\.gradle\caches\journal-1)" [_thread_in_vm, id=17972, stack(0x000000d42b500000,0x000000d42b600000)]
  0x0000023cbbc456c0 JavaThread "File lock request listener" [_thread_in_native, id=14848, stack(0x000000d42b600000,0x000000d42b700000)]
  0x0000023cbbc48bb0 JavaThread "Cache worker for file hash cache (C:\Users\user\.gradle\caches\8.0\fileHashes)" [_thread_blocked, id=21840, stack(0x000000d42b700000,0x000000d42b800000)]
  0x0000023cbbc451f0 JavaThread "File watcher server" daemon [_thread_in_native, id=10068, stack(0x000000d42a700000,0x000000d42a800000)]
  0x0000023cbbc46530 JavaThread "File watcher consumer" daemon [_thread_blocked, id=21656, stack(0x000000d42b800000,0x000000d42b900000)]
  0x0000023cbbc46a00 JavaThread "Cache worker for file content cache (C:\Users\user\.gradle\caches\8.0\fileContent)" [_thread_blocked, id=2128, stack(0x000000d42bc00000,0x000000d42bd00000)]
  0x0000023cbb9b25f0 JavaThread "Cache worker for execution history cache (C:\Users\user\.gradle\caches\8.0\executionHistory)" [_thread_blocked, id=23556, stack(0x000000d42bb00000,0x000000d42bc00000)]
  0x0000023cbb9b12b0 JavaThread "jar transforms" [_thread_blocked, id=3264, stack(0x000000d42bf00000,0x000000d42c000000)]
  0x0000023cbb9aff70 JavaThread "jar transforms Thread 2" [_thread_blocked, id=7800, stack(0x000000d42c100000,0x000000d42c200000)]
  0x0000023cbb9b0440 JavaThread "Cache worker for kotlin-dsl (C:\Users\user\.gradle\caches\8.0\kotlin-dsl)" [_thread_blocked, id=13036, stack(0x000000d42c300000,0x000000d42c400000)]
  0x0000023cbb9b4c70 JavaThread "jar transforms Thread 3" [_thread_blocked, id=22184, stack(0x000000d42c400000,0x000000d42c500000)]
  0x0000023cbb9b5140 JavaThread "jar transforms Thread 4" [_thread_blocked, id=1224, stack(0x000000d42c500000,0x000000d42c600000)]
  0x0000023cbdcf5600 JavaThread "Memory manager" [_thread_blocked, id=13480, stack(0x000000d42f100000,0x000000d42f200000)]
  0x0000023cbdcf2f80 JavaThread "Daemon Thread 2" [_thread_blocked, id=20360, stack(0x000000d429100000,0x000000d429200000)]
  0x0000023cbdcee280 JavaThread "Daemon worker Thread 2" [_thread_in_Java, id=13576, stack(0x000000d42ae00000,0x000000d42af00000)]
  0x0000023cbb9ad8f0 JavaThread "included builds" [_thread_blocked, id=10352, stack(0x000000d42ef00000,0x000000d42f000000)]
  0x0000023cbb9b1c50 JavaThread "Handler for socket connection from /127.0.0.1:53582 to /127.0.0.1:53593" [_thread_in_native, id=16032, stack(0x000000d429200000,0x000000d429300000)]
  0x0000023cbb9af5d0 JavaThread "Cancel handler" [_thread_blocked, id=20568, stack(0x000000d429300000,0x000000d429400000)]
  0x0000023cbb9b2120 JavaThread "Asynchronous log dispatcher for DefaultDaemonConnection: socket connection from /127.0.0.1:53582 to /127.0.0.1:53593" [_thread_blocked, id=12364, stack(0x000000d42af00000,0x000000d42b000000)]
  0x0000023cbb9b2ac0 JavaThread "Stdin handler" [_thread_blocked, id=13840, stack(0x000000d42b000000,0x000000d42b100000)]
  0x0000023cbb9b3460 JavaThread "Daemon client event forwarder" [_thread_blocked, id=11276, stack(0x000000d42b100000,0x000000d42b200000)]
  0x0000023cbb9b3930 JavaThread "Cache worker for checksums cache (C:\Users\user\Downloads\words1\.gradle\8.0\checksums)" [_thread_blocked, id=676, stack(0x000000d42b200000,0x000000d42b300000)]
  0x0000023cbbabc060 JavaThread "Cache worker for cache directory md-rule (C:\Users\user\.gradle\caches\8.0\md-rule)" [_thread_blocked, id=18888, stack(0x000000d42b300000,0x000000d42b400000)]
  0x0000023cbbabe6e0 JavaThread "Cache worker for file hash cache (C:\Users\user\Downloads\words1\.gradle\8.0\fileHashes)" [_thread_blocked, id=2116, stack(0x000000d42b400000,0x000000d42b500000)]
  0x0000023cbbab7d00 JavaThread "Cache worker for cache directory md-supplier (C:\Users\user\.gradle\caches\8.0\md-supplier)" [_thread_blocked, id=14784, stack(0x000000d42b900000,0x000000d42ba00000)]
  0x0000023cbbab81d0 JavaThread "Cache worker for dependencies-accessors (C:\Users\user\Downloads\words1\.gradle\8.0\dependencies-accessors)" [_thread_blocked, id=15444, stack(0x000000d42ba00000,0x000000d42bb00000)]
  0x0000023cbbab9040 JavaThread "Cache worker for Build Output Cleanup Cache (C:\Users\user\Downloads\words1\.gradle\buildOutputCleanup)" [_thread_blocked, id=8132, stack(0x000000d42bd00000,0x000000d42be00000)]
  0x0000023cbbabbb90 JavaThread "Unconstrained build operations" [_thread_blocked, id=9792, stack(0x000000d42be00000,0x000000d42bf00000)]
  0x0000023cbbabd870 JavaThread "Unconstrained build operations Thread 2" [_thread_in_Java, id=24048, stack(0x000000d42c000000,0x000000d42c100000)]
  0x0000023cbbaba380 JavaThread "Unconstrained build operations Thread 3" [_thread_blocked, id=18296, stack(0x000000d42c600000,0x000000d42c700000)]
  0x0000023cbbab9eb0 JavaThread "Unconstrained build operations Thread 4" [_thread_blocked, id=14580, stack(0x000000d42c700000,0x000000d42c800000)]
  0x0000023cbbab8b70 JavaThread "Unconstrained build operations Thread 5" [_thread_blocked, id=7416, stack(0x000000d42c800000,0x000000d42c900000)]
  0x0000023cbbaba850 JavaThread "Unconstrained build operations Thread 6" [_thread_blocked, id=12376, stack(0x000000d42c900000,0x000000d42ca00000)]
  0x0000023cbbab9510 JavaThread "Unconstrained build operations Thread 7" [_thread_blocked, id=13564, stack(0x000000d42ca00000,0x000000d42cb00000)]
  0x0000023cbbabebb0 JavaThread "Unconstrained build operations Thread 8" [_thread_blocked, id=6980, stack(0x000000d42cb00000,0x000000d42cc00000)]
  0x0000023cbbabad20 JavaThread "Unconstrained build operations Thread 9" [_thread_blocked, id=12684, stack(0x000000d42cc00000,0x000000d42cd00000)]
  0x0000023cbbab99e0 JavaThread "Unconstrained build operations Thread 10" [_thread_blocked, id=1380, stack(0x000000d42cd00000,0x000000d42ce00000)]
  0x0000023cbbabb1f0 JavaThread "Unconstrained build operations Thread 11" [_thread_blocked, id=13388, stack(0x000000d42ce00000,0x000000d42cf00000)]
  0x0000023cbbabca00 JavaThread "Unconstrained build operations Thread 12" [_thread_blocked, id=25052, stack(0x000000d42cf00000,0x000000d42d000000)]
  0x0000023cbbabb6c0 JavaThread "Unconstrained build operations Thread 13" [_thread_blocked, id=23536, stack(0x000000d42d000000,0x000000d42d100000)]
  0x0000023cbbabced0 JavaThread "Unconstrained build operations Thread 14" [_thread_blocked, id=22992, stack(0x000000d42d100000,0x000000d42d200000)]
  0x0000023cbbabd3a0 JavaThread "Unconstrained build operations Thread 15" [_thread_blocked, id=10040, stack(0x000000d42d200000,0x000000d42d300000)]
  0x0000023cbbabe210 JavaThread "Unconstrained build operations Thread 16" [_thread_blocked, id=18072, stack(0x000000d42d300000,0x000000d42d400000)]
  0x0000023cbdceff60 JavaThread "Unconstrained build operations Thread 17" [_thread_blocked, id=15356, stack(0x000000d42d400000,0x000000d42d500000)]
  0x0000023cbdcf3450 JavaThread "Unconstrained build operations Thread 18" [_thread_blocked, id=22252, stack(0x000000d42d500000,0x000000d42d600000)]
  0x0000023cbdcf3920 JavaThread "Unconstrained build operations Thread 19" [_thread_blocked, id=12296, stack(0x000000d42d600000,0x000000d42d700000)]
  0x0000023cbdcf0430 JavaThread "Unconstrained build operations Thread 20" [_thread_blocked, id=24000, stack(0x000000d42d700000,0x000000d42d800000)]
  0x0000023cbdcf0900 JavaThread "Unconstrained build operations Thread 21" [_thread_blocked, id=12992, stack(0x000000d42d800000,0x000000d42d900000)]
  0x0000023cbdcefa90 JavaThread "Unconstrained build operations Thread 22" [_thread_blocked, id=7456, stack(0x000000d42d900000,0x000000d42da00000)]
  0x0000023cbdcf0dd0 JavaThread "Unconstrained build operations Thread 23" [_thread_blocked, id=7992, stack(0x000000d42da00000,0x000000d42db00000)]
  0x0000023cbdcf12a0 JavaThread "Unconstrained build operations Thread 24" [_thread_blocked, id=7292, stack(0x000000d42db00000,0x000000d42dc00000)]
  0x0000023cbdcf2110 JavaThread "Unconstrained build operations Thread 25" [_thread_blocked, id=9380, stack(0x000000d42dc00000,0x000000d42dd00000)]
  0x0000023cbdceec20 JavaThread "Unconstrained build operations Thread 26" [_thread_blocked, id=11764, stack(0x000000d42dd00000,0x000000d42de00000)]
  0x0000023cbdcef0f0 JavaThread "Unconstrained build operations Thread 27" [_thread_blocked, id=4172, stack(0x000000d42de00000,0x000000d42df00000)]
  0x0000023cbdcf1c40 JavaThread "Unconstrained build operations Thread 28" [_thread_blocked, id=18324, stack(0x000000d42df00000,0x000000d42e000000)]
  0x0000023cbdcef5c0 JavaThread "Unconstrained build operations Thread 29" [_thread_blocked, id=10016, stack(0x000000d42e000000,0x000000d42e100000)]
  0x0000023cbdcf1770 JavaThread "Unconstrained build operations Thread 30" [_thread_blocked, id=7136, stack(0x000000d42e100000,0x000000d42e200000)]
  0x0000023cbdcf3df0 JavaThread "Unconstrained build operations Thread 31" [_thread_blocked, id=6180, stack(0x000000d42e200000,0x000000d42e300000)]
  0x0000023cbdcf42c0 JavaThread "Unconstrained build operations Thread 32" [_thread_blocked, id=17748, stack(0x000000d42e300000,0x000000d42e400000)]
  0x0000023cbdcf25e0 JavaThread "Unconstrained build operations Thread 33" [_thread_blocked, id=4088, stack(0x000000d42e400000,0x000000d42e500000)]
  0x0000023cbdcf2ab0 JavaThread "Unconstrained build operations Thread 34" [_thread_blocked, id=4600, stack(0x000000d42e500000,0x000000d42e600000)]
  0x0000023cbdcf4790 JavaThread "Unconstrained build operations Thread 35" [_thread_blocked, id=18644, stack(0x000000d42e600000,0x000000d42e700000)]
  0x0000023cbdcf5ad0 JavaThread "Unconstrained build operations Thread 36" [_thread_blocked, id=6720, stack(0x000000d42e700000,0x000000d42e800000)]
  0x0000023cc0cc7d30 JavaThread "Unconstrained build operations Thread 37" [_thread_blocked, id=22336, stack(0x000000d42e800000,0x000000d42e900000)]
  0x0000023cc0cc69f0 JavaThread "Unconstrained build operations Thread 38" [_thread_blocked, id=19536, stack(0x000000d42e900000,0x000000d42ea00000)]
  0x0000023cc0cc8200 JavaThread "Unconstrained build operations Thread 39" [_thread_blocked, id=7104, stack(0x000000d42ea00000,0x000000d42eb00000)]
  0x0000023cc0cc4370 JavaThread "Unconstrained build operations Thread 40" [_thread_blocked, id=19700, stack(0x000000d42eb00000,0x000000d42ec00000)]

Other Threads:
  0x0000023cb80b4330 VMThread "VM Thread" [stack: 0x000000d429a00000,0x000000d429b00000] [id=17260]
  0x0000023cb8da4670 WatcherThread [stack: 0x000000d42a600000,0x000000d42a700000] [id=16792]
  0x0000023c9cc0bd90 GCTaskThread "GC Thread#0" [stack: 0x000000d429500000,0x000000d429600000] [id=11876]
  0x0000023cb9100ed0 GCTaskThread "GC Thread#1" [stack: 0x000000d42a800000,0x000000d42a900000] [id=24072]
  0x0000023cb909c770 GCTaskThread "GC Thread#2" [stack: 0x000000d42a900000,0x000000d42aa00000] [id=9120]
  0x0000023cb9499770 GCTaskThread "GC Thread#3" [stack: 0x000000d42aa00000,0x000000d42ab00000] [id=26184]
  0x0000023c9cc1cbe0 ConcurrentGCThread "G1 Main Marker" [stack: 0x000000d429600000,0x000000d429700000] [id=1128]
  0x0000023c9cc1d500 ConcurrentGCThread "G1 Conc#0" [stack: 0x000000d429700000,0x000000d429800000] [id=10112]
  0x0000023cb7f10490 ConcurrentGCThread "G1 Refine#0" [stack: 0x000000d429800000,0x000000d429900000] [id=10056]
  0x0000023cbc912c60 ConcurrentGCThread "G1 Refine#1" [stack: 0x000000d42c200000,0x000000d42c300000] [id=14608]
  0x0000023cbb2effe0 ConcurrentGCThread "G1 Refine#2" [stack: 0x000000d42f200000,0x000000d42f300000] [id=7252]
  0x0000023c9cc74780 ConcurrentGCThread "G1 Service" [stack: 0x000000d429900000,0x000000d429a00000] [id=5068]

Threads with active compile tasks:
C2 CompilerThread0   228003 16158       4       org.gradle.api.internal.artifacts.transform.AttributeMatchingVariantSelector::doSelect (365 bytes)

VM state: not at safepoint (normal execution)

VM Mutex/Monitor currently owned by a thread: None

Heap address: 0x0000000080000000, size: 2048 MB, Compressed Oops mode: 32-bit

CDS archive(s) not mapped
Compressed class space mapped at: 0x0000000100000000-0x0000000140000000, reserved size: 1073741824
Narrow klass base: 0x0000000000000000, Narrow klass shift: 3, Narrow klass range: 0x140000000

GC Precious Log:
 CPUs: 4 total, 4 available
 Memory: 7573M
 Large Page Support: Disabled
 NUMA Support: Disabled
 Compressed Oops: Enabled (32-bit)
 Heap Region Size: 1M
 Heap Min Capacity: 8M
 Heap Initial Capacity: 120M
 Heap Max Capacity: 2G
 Pre-touch: Disabled
 Parallel Workers: 4
 Concurrent Workers: 1
 Concurrent Refinement Workers: 4
 Periodic GC: Disabled

Heap:
 garbage-first heap   total 209920K, used 163012K [0x0000000080000000, 0x0000000100000000)
  region size 1024K, 27 young (27648K), 3 survivors (3072K)
 Metaspace       used 103127K, committed 103936K, reserved 1146880K
  class space    used 13868K, committed 14272K, reserved 1048576K

Heap Regions: E=young(eden), S=young(survivor), O=old, HS=humongous(starts), HC=humongous(continues), CS=collection set, F=free, OA=open archive, CA=closed archive, TAMS=top-at-mark-start (previous, next)
|   0|0x0000000080000000, 0x0000000080100000, 0x0000000080100000|100%| O|  |TAMS 0x0000000080100000, 0x0000000080000000| Untracked 
|   1|0x0000000080100000, 0x0000000080200000, 0x0000000080200000|100%| O|  |TAMS 0x0000000080200000, 0x0000000080100000| Untracked 
|   2|0x0000000080200000, 0x0000000080300000, 0x0000000080300000|100%|HS|  |TAMS 0x0000000080300000, 0x0000000080200000| Complete 
|   3|0x0000000080300000, 0x0000000080400000, 0x0000000080400000|100%|HC|  |TAMS 0x0000000080400000, 0x0000000080300000| Complete 
|   4|0x0000000080400000, 0x0000000080500000, 0x0000000080500000|100%|HC|  |TAMS 0x0000000080500000, 0x0000000080400000| Complete 
|   5|0x0000000080500000, 0x0000000080600000, 0x0000000080600000|100%|HC|  |TAMS 0x0000000080600000, 0x0000000080500000| Complete 
|   6|0x0000000080600000, 0x0000000080700000, 0x0000000080700000|100%| O|  |TAMS 0x0000000080700000, 0x0000000080600000| Untracked 
|   7|0x0000000080700000, 0x0000000080800000, 0x0000000080800000|100%| O|  |TAMS 0x0000000080800000, 0x0000000080700000| Untracked 
|   8|0x0000000080800000, 0x0000000080900000, 0x0000000080900000|100%| O|  |TAMS 0x0000000080900000, 0x0000000080800000| Untracked 
|   9|0x0000000080900000, 0x0000000080a00000, 0x0000000080a00000|100%| O|  |TAMS 0x0000000080a00000, 0x0000000080900000| Untracked 
|  10|0x0000000080a00000, 0x0000000080b00000, 0x0000000080b00000|100%| O|  |TAMS 0x0000000080b00000, 0x0000000080a00000| Untracked 
|  11|0x0000000080b00000, 0x0000000080c00000, 0x0000000080c00000|100%| O|  |TAMS 0x0000000080c00000, 0x0000000080b00000| Untracked 
|  12|0x0000000080c00000, 0x0000000080d00000, 0x0000000080d00000|100%| O|  |TAMS 0x0000000080d00000, 0x0000000080c00000| Untracked 
|  13|0x0000000080d00000, 0x0000000080e00000, 0x0000000080e00000|100%| O|  |TAMS 0x0000000080e00000, 0x0000000080d00000| Untracked 
|  14|0x0000000080e00000, 0x0000000080f00000, 0x0000000080f00000|100%| O|  |TAMS 0x0000000080f00000, 0x0000000080e00000| Untracked 
|  15|0x0000000080f00000, 0x0000000081000000, 0x0000000081000000|100%| O|  |TAMS 0x0000000081000000, 0x0000000080f00000| Untracked 
|  16|0x0000000081000000, 0x0000000081100000, 0x0000000081100000|100%| O|  |TAMS 0x0000000081100000, 0x0000000081000000| Untracked 
|  17|0x0000000081100000, 0x0000000081200000, 0x0000000081200000|100%| O|  |TAMS 0x0000000081200000, 0x0000000081100000| Untracked 
|  18|0x0000000081200000, 0x0000000081300000, 0x0000000081300000|100%| O|  |TAMS 0x0000000081300000, 0x0000000081200000| Untracked 
|  19|0x0000000081300000, 0x0000000081400000, 0x0000000081400000|100%| O|  |TAMS 0x0000000081400000, 0x0000000081300000| Untracked 
|  20|0x0000000081400000, 0x0000000081500000, 0x0000000081500000|100%| O|  |TAMS 0x0000000081500000, 0x0000000081400000| Untracked 
|  21|0x0000000081500000, 0x0000000081600000, 0x0000000081600000|100%| O|  |TAMS 0x0000000081600000, 0x0000000081500000| Untracked 
|  22|0x0000000081600000, 0x0000000081700000, 0x0000000081700000|100%| O|  |TAMS 0x0000000081700000, 0x0000000081600000| Untracked 
|  23|0x0000000081700000, 0x0000000081800000, 0x0000000081800000|100%| O|  |TAMS 0x0000000081800000, 0x0000000081700000| Untracked 
|  24|0x0000000081800000, 0x0000000081900000, 0x0000000081900000|100%| O|  |TAMS 0x0000000081900000, 0x0000000081800000| Untracked 
|  25|0x0000000081900000, 0x0000000081a00000, 0x0000000081a00000|100%| O|  |TAMS 0x0000000081a00000, 0x0000000081900000| Untracked 
|  26|0x0000000081a00000, 0x0000000081b00000, 0x0000000081b00000|100%| O|  |TAMS 0x0000000081b00000, 0x0000000081a00000| Untracked 
|  27|0x0000000081b00000, 0x0000000081c00000, 0x0000000081c00000|100%| O|  |TAMS 0x0000000081c00000, 0x0000000081b00000| Untracked 
|  28|0x0000000081c00000, 0x0000000081d00000, 0x0000000081d00000|100%| O|  |TAMS 0x0000000081d00000, 0x0000000081c00000| Untracked 
|  29|0x0000000081d00000, 0x0000000081e00000, 0x0000000081e00000|100%| O|  |TAMS 0x0000000081e00000, 0x0000000081d00000| Untracked 
|  30|0x0000000081e00000, 0x0000000081f00000, 0x0000000081f00000|100%| O|  |TAMS 0x0000000081e00000, 0x0000000081e00000| Untracked 
|  31|0x0000000081f00000, 0x0000000082000000, 0x0000000082000000|100%| O|  |TAMS 0x0000000082000000, 0x0000000081f00000| Untracked 
|  32|0x0000000082000000, 0x0000000082100000, 0x0000000082100000|100%| O|  |TAMS 0x0000000082100000, 0x0000000082000000| Untracked 
|  33|0x0000000082100000, 0x0000000082200000, 0x0000000082200000|100%| O|  |TAMS 0x0000000082200000, 0x0000000082100000| Untracked 
|  34|0x0000000082200000, 0x0000000082300000, 0x0000000082300000|100%|HS|  |TAMS 0x0000000082300000, 0x0000000082200000| Complete 
|  35|0x0000000082300000, 0x0000000082400000, 0x0000000082400000|100%|HS|  |TAMS 0x0000000082400000, 0x0000000082300000| Complete 
|  36|0x0000000082400000, 0x0000000082500000, 0x0000000082500000|100%| O|  |TAMS 0x0000000082500000, 0x0000000082400000| Untracked 
|  37|0x0000000082500000, 0x0000000082600000, 0x0000000082600000|100%| O|  |TAMS 0x0000000082600000, 0x0000000082500000| Untracked 
|  38|0x0000000082600000, 0x0000000082700000, 0x0000000082700000|100%| O|  |TAMS 0x0000000082700000, 0x0000000082600000| Untracked 
|  39|0x0000000082700000, 0x0000000082800000, 0x0000000082800000|100%|HS|  |TAMS 0x0000000082800000, 0x0000000082700000| Complete 
|  40|0x0000000082800000, 0x0000000082900000, 0x0000000082900000|100%|HS|  |TAMS 0x0000000082900000, 0x0000000082800000| Complete 
|  41|0x0000000082900000, 0x0000000082a00000, 0x0000000082a00000|100%|HC|  |TAMS 0x0000000082a00000, 0x0000000082900000| Complete 
|  42|0x0000000082a00000, 0x0000000082b00000, 0x0000000082b00000|100%| O|  |TAMS 0x0000000082b00000, 0x0000000082a00000| Untracked 
|  43|0x0000000082b00000, 0x0000000082c00000, 0x0000000082c00000|100%| O|  |TAMS 0x0000000082c00000, 0x0000000082b00000| Untracked 
|  44|0x0000000082c00000, 0x0000000082d00000, 0x0000000082d00000|100%| O|  |TAMS 0x0000000082d00000, 0x0000000082c00000| Untracked 
|  45|0x0000000082d00000, 0x0000000082e00000, 0x0000000082e00000|100%|HS|  |TAMS 0x0000000082e00000, 0x0000000082d00000| Complete 
|  46|0x0000000082e00000, 0x0000000082f00000, 0x0000000082f00000|100%|HC|  |TAMS 0x0000000082f00000, 0x0000000082e00000| Complete 
|  47|0x0000000082f00000, 0x0000000083000000, 0x0000000083000000|100%|HC|  |TAMS 0x0000000083000000, 0x0000000082f00000| Complete 
|  48|0x0000000083000000, 0x0000000083100000, 0x0000000083100000|100%|HC|  |TAMS 0x0000000083100000, 0x0000000083000000| Complete 
|  49|0x0000000083100000, 0x0000000083200000, 0x0000000083200000|100%| O|  |TAMS 0x0000000083100000, 0x0000000083100000| Untracked 
|  50|0x0000000083200000, 0x0000000083300000, 0x0000000083300000|100%| O|  |TAMS 0x0000000083300000, 0x0000000083200000| Untracked 
|  51|0x0000000083300000, 0x0000000083400000, 0x0000000083400000|100%| O|  |TAMS 0x0000000083400000, 0x0000000083300000| Untracked 
|  52|0x0000000083400000, 0x0000000083500000, 0x0000000083500000|100%| O|  |TAMS 0x0000000083500000, 0x0000000083400000| Untracked 
|  53|0x0000000083500000, 0x0000000083600000, 0x0000000083600000|100%| O|  |TAMS 0x0000000083600000, 0x0000000083500000| Untracked 
|  54|0x0000000083600000, 0x0000000083700000, 0x0000000083700000|100%| O|  |TAMS 0x0000000083700000, 0x0000000083600000| Untracked 
|  55|0x0000000083700000, 0x0000000083800000, 0x0000000083800000|100%| O|  |TAMS 0x0000000083800000, 0x0000000083700000| Untracked 
|  56|0x0000000083800000, 0x0000000083900000, 0x0000000083900000|100%| O|  |TAMS 0x0000000083900000, 0x0000000083800000| Untracked 
|  57|0x0000000083900000, 0x0000000083a00000, 0x0000000083a00000|100%| O|  |TAMS 0x0000000083926000, 0x0000000083900000| Untracked 
|  58|0x0000000083a00000, 0x0000000083b00000, 0x0000000083b00000|100%| O|  |TAMS 0x0000000083a00000, 0x0000000083a00000| Untracked 
|  59|0x0000000083b00000, 0x0000000083c00000, 0x0000000083c00000|100%| O|  |TAMS 0x0000000083b00000, 0x0000000083b00000| Untracked 
|  60|0x0000000083c00000, 0x0000000083d00000, 0x0000000083d00000|100%| O|  |TAMS 0x0000000083d00000, 0x0000000083c00000| Untracked 
|  61|0x0000000083d00000, 0x0000000083e00000, 0x0000000083e00000|100%| O|  |TAMS 0x0000000083e00000, 0x0000000083d00000| Untracked 
|  62|0x0000000083e00000, 0x0000000083f00000, 0x0000000083f00000|100%| O|  |TAMS 0x0000000083e00000, 0x0000000083e00000| Untracked 
|  63|0x0000000083f00000, 0x0000000084000000, 0x0000000084000000|100%| O|  |TAMS 0x0000000083f00000, 0x0000000083f00000| Untracked 
|  64|0x0000000084000000, 0x0000000084100000, 0x0000000084100000|100%| O|  |TAMS 0x0000000084000000, 0x0000000084000000| Untracked 
|  65|0x0000000084100000, 0x0000000084200000, 0x0000000084200000|100%| O|  |TAMS 0x0000000084100000, 0x0000000084100000| Untracked 
|  66|0x0000000084200000, 0x0000000084300000, 0x0000000084300000|100%| O|  |TAMS 0x0000000084200000, 0x0000000084200000| Untracked 
|  67|0x0000000084300000, 0x0000000084400000, 0x0000000084400000|100%| O|  |TAMS 0x0000000084300000, 0x0000000084300000| Untracked 
|  68|0x0000000084400000, 0x0000000084500000, 0x0000000084500000|100%| O|  |TAMS 0x0000000084400000, 0x0000000084400000| Untracked 
|  69|0x0000000084500000, 0x0000000084600000, 0x0000000084600000|100%| O|  |TAMS 0x0000000084500000, 0x0000000084500000| Untracked 
|  70|0x0000000084600000, 0x0000000084700000, 0x0000000084700000|100%| O|  |TAMS 0x0000000084600000, 0x0000000084600000| Untracked 
|  71|0x0000000084700000, 0x0000000084800000, 0x0000000084800000|100%| O|  |TAMS 0x0000000084700000, 0x0000000084700000| Untracked 
|  72|0x0000000084800000, 0x0000000084900000, 0x0000000084900000|100%| O|  |TAMS 0x0000000084800000, 0x0000000084800000| Untracked 
|  73|0x0000000084900000, 0x0000000084a00000, 0x0000000084a00000|100%| O|  |TAMS 0x0000000084900000, 0x0000000084900000| Untracked 
|  74|0x0000000084a00000, 0x0000000084b00000, 0x0000000084b00000|100%| O|  |TAMS 0x0000000084a00000, 0x0000000084a00000| Untracked 
|  75|0x0000000084b00000, 0x0000000084c00000, 0x0000000084c00000|100%| O|  |TAMS 0x0000000084b00000, 0x0000000084b00000| Untracked 
|  76|0x0000000084c00000, 0x0000000084d00000, 0x0000000084d00000|100%| O|  |TAMS 0x0000000084c00000, 0x0000000084c00000| Untracked 
|  77|0x0000000084d00000, 0x0000000084e00000, 0x0000000084e00000|100%| O|  |TAMS 0x0000000084d00000, 0x0000000084d00000| Untracked 
|  78|0x0000000084e00000, 0x0000000084f00000, 0x0000000084f00000|100%| O|  |TAMS 0x0000000084e00000, 0x0000000084e00000| Untracked 
|  79|0x0000000084f00000, 0x0000000085000000, 0x0000000085000000|100%| O|  |TAMS 0x0000000084f00000, 0x0000000084f00000| Untracked 
|  80|0x0000000085000000, 0x0000000085100000, 0x0000000085100000|100%| O|  |TAMS 0x0000000085000000, 0x0000000085000000| Untracked 
|  81|0x0000000085100000, 0x0000000085200000, 0x0000000085200000|100%| O|  |TAMS 0x0000000085100000, 0x0000000085100000| Untracked 
|  82|0x0000000085200000, 0x0000000085300000, 0x0000000085300000|100%| O|  |TAMS 0x0000000085200000, 0x0000000085200000| Untracked 
|  83|0x0000000085300000, 0x0000000085400000, 0x0000000085400000|100%| O|  |TAMS 0x0000000085300000, 0x0000000085300000| Untracked 
|  84|0x0000000085400000, 0x0000000085500000, 0x0000000085500000|100%| O|  |TAMS 0x0000000085400000, 0x0000000085400000| Untracked 
|  85|0x0000000085500000, 0x0000000085600000, 0x0000000085600000|100%| O|  |TAMS 0x0000000085500000, 0x0000000085500000| Untracked 
|  86|0x0000000085600000, 0x0000000085700000, 0x0000000085700000|100%| O|  |TAMS 0x0000000085600000, 0x0000000085600000| Untracked 
|  87|0x0000000085700000, 0x0000000085800000, 0x0000000085800000|100%| O|  |TAMS 0x0000000085700000, 0x0000000085700000| Untracked 
|  88|0x0000000085800000, 0x0000000085900000, 0x0000000085900000|100%| O|  |TAMS 0x0000000085800000, 0x0000000085800000| Untracked 
|  89|0x0000000085900000, 0x0000000085a00000, 0x0000000085a00000|100%| O|  |TAMS 0x0000000085900000, 0x0000000085900000| Untracked 
|  90|0x0000000085a00000, 0x0000000085b00000, 0x0000000085b00000|100%| O|  |TAMS 0x0000000085a00000, 0x0000000085a00000| Untracked 
|  91|0x0000000085b00000, 0x0000000085c00000, 0x0000000085c00000|100%| O|  |TAMS 0x0000000085b00000, 0x0000000085b00000| Untracked 
|  92|0x0000000085c00000, 0x0000000085d00000, 0x0000000085d00000|100%| O|  |TAMS 0x0000000085c00000, 0x0000000085c00000| Untracked 
|  93|0x0000000085d00000, 0x0000000085e00000, 0x0000000085e00000|100%| O|  |TAMS 0x0000000085d00000, 0x0000000085d00000| Untracked 
|  94|0x0000000085e00000, 0x0000000085f00000, 0x0000000085f00000|100%| O|  |TAMS 0x0000000085e00000, 0x0000000085e00000| Untracked 
|  95|0x0000000085f00000, 0x0000000086000000, 0x0000000086000000|100%| O|  |TAMS 0x0000000085f00000, 0x0000000085f00000| Untracked 
|  96|0x0000000086000000, 0x0000000086100000, 0x0000000086100000|100%| O|  |TAMS 0x0000000086000000, 0x0000000086000000| Untracked 
|  97|0x0000000086100000, 0x0000000086200000, 0x0000000086200000|100%| O|  |TAMS 0x0000000086100000, 0x0000000086100000| Untracked 
|  98|0x0000000086200000, 0x0000000086300000, 0x0000000086300000|100%| O|  |TAMS 0x0000000086200000, 0x0000000086200000| Untracked 
|  99|0x0000000086300000, 0x0000000086400000, 0x0000000086400000|100%| O|  |TAMS 0x0000000086300000, 0x0000000086300000| Untracked 
| 100|0x0000000086400000, 0x0000000086500000, 0x0000000086500000|100%| O|  |TAMS 0x0000000086400000, 0x0000000086400000| Untracked 
| 101|0x0000000086500000, 0x0000000086600000, 0x0000000086600000|100%| O|  |TAMS 0x0000000086500000, 0x0000000086500000| Untracked 
| 102|0x0000000086600000, 0x0000000086700000, 0x0000000086700000|100%| O|  |TAMS 0x0000000086600000, 0x0000000086600000| Untracked 
| 103|0x0000000086700000, 0x0000000086800000, 0x0000000086800000|100%| O|  |TAMS 0x0000000086700000, 0x0000000086700000| Untracked 
| 104|0x0000000086800000, 0x0000000086900000, 0x0000000086900000|100%| O|  |TAMS 0x0000000086800000, 0x0000000086800000| Untracked 
| 105|0x0000000086900000, 0x0000000086a00000, 0x0000000086a00000|100%| O|  |TAMS 0x0000000086900000, 0x0000000086900000| Untracked 
| 106|0x0000000086a00000, 0x0000000086b00000, 0x0000000086b00000|100%| O|  |TAMS 0x0000000086a00000, 0x0000000086a00000| Untracked 
| 107|0x0000000086b00000, 0x0000000086c00000, 0x0000000086c00000|100%| O|  |TAMS 0x0000000086b00000, 0x0000000086b00000| Untracked 
| 108|0x0000000086c00000, 0x0000000086d00000, 0x0000000086d00000|100%| O|  |TAMS 0x0000000086c00000, 0x0000000086c00000| Untracked 
| 109|0x0000000086d00000, 0x0000000086e00000, 0x0000000086e00000|100%| O|  |TAMS 0x0000000086d00000, 0x0000000086d00000| Untracked 
| 110|0x0000000086e00000, 0x0000000086f00000, 0x0000000086f00000|100%| O|  |TAMS 0x0000000086e00000, 0x0000000086e00000| Untracked 
| 111|0x0000000086f00000, 0x0000000087000000, 0x0000000087000000|100%| O|  |TAMS 0x0000000086f00000, 0x0000000086f00000| Untracked 
| 112|0x0000000087000000, 0x0000000087100000, 0x0000000087100000|100%| O|  |TAMS 0x0000000087000000, 0x0000000087000000| Untracked 
| 113|0x0000000087100000, 0x0000000087200000, 0x0000000087200000|100%| O|  |TAMS 0x0000000087100000, 0x0000000087100000| Untracked 
| 114|0x0000000087200000, 0x0000000087300000, 0x0000000087300000|100%| O|  |TAMS 0x0000000087200000, 0x0000000087200000| Untracked 
| 115|0x0000000087300000, 0x0000000087400000, 0x0000000087400000|100%| O|  |TAMS 0x0000000087300000, 0x0000000087300000| Untracked 
| 116|0x0000000087400000, 0x0000000087500000, 0x0000000087500000|100%| O|  |TAMS 0x0000000087400000, 0x0000000087400000| Untracked 
| 117|0x0000000087500000, 0x0000000087600000, 0x0000000087600000|100%| O|  |TAMS 0x0000000087500000, 0x0000000087500000| Untracked 
| 118|0x0000000087600000, 0x0000000087700000, 0x0000000087700000|100%| O|  |TAMS 0x0000000087600000, 0x0000000087600000| Untracked 
| 119|0x0000000087700000, 0x0000000087800000, 0x0000000087800000|100%| O|  |TAMS 0x0000000087700000, 0x0000000087700000| Untracked 
| 120|0x0000000087800000, 0x0000000087900000, 0x0000000087900000|100%| O|  |TAMS 0x0000000087800000, 0x0000000087800000| Untracked 
| 121|0x0000000087900000, 0x0000000087a00000, 0x0000000087a00000|100%| O|  |TAMS 0x0000000087900000, 0x0000000087900000| Untracked 
| 122|0x0000000087a00000, 0x0000000087b00000, 0x0000000087b00000|100%| O|  |TAMS 0x0000000087a00000, 0x0000000087a00000| Untracked 
| 123|0x0000000087b00000, 0x0000000087c00000, 0x0000000087c00000|100%| O|  |TAMS 0x0000000087b00000, 0x0000000087b00000| Untracked 
| 124|0x0000000087c00000, 0x0000000087d00000, 0x0000000087d00000|100%| O|  |TAMS 0x0000000087c00000, 0x0000000087c00000| Untracked 
| 125|0x0000000087d00000, 0x0000000087e00000, 0x0000000087e00000|100%| O|  |TAMS 0x0000000087d00000, 0x0000000087d00000| Untracked 
| 126|0x0000000087e00000, 0x0000000087f00000, 0x0000000087f00000|100%| O|  |TAMS 0x0000000087e00000, 0x0000000087e00000| Untracked 
| 127|0x0000000087f00000, 0x0000000088000000, 0x0000000088000000|100%| O|  |TAMS 0x0000000087f00000, 0x0000000087f00000| Untracked 
| 128|0x0000000088000000, 0x0000000088100000, 0x0000000088100000|100%| O|  |TAMS 0x0000000088000000, 0x0000000088000000| Untracked 
| 129|0x0000000088100000, 0x0000000088200000, 0x0000000088200000|100%| O|  |TAMS 0x0000000088100000, 0x0000000088100000| Untracked 
| 130|0x0000000088200000, 0x0000000088300000, 0x0000000088300000|100%| O|  |TAMS 0x0000000088200000, 0x0000000088200000| Untracked 
| 131|0x0000000088300000, 0x0000000088400000, 0x0000000088400000|100%| O|  |TAMS 0x0000000088300000, 0x0000000088300000| Untracked 
| 132|0x0000000088400000, 0x0000000088500000, 0x0000000088500000|100%| O|  |TAMS 0x0000000088400000, 0x0000000088400000| Untracked 
| 133|0x0000000088500000, 0x0000000088566600, 0x0000000088600000| 39%| O|  |TAMS 0x0000000088500000, 0x0000000088500000| Untracked 
| 134|0x0000000088600000, 0x0000000088600000, 0x0000000088700000|  0%| F|  |TAMS 0x0000000088600000, 0x0000000088600000| Untracked 
| 135|0x0000000088700000, 0x0000000088700000, 0x0000000088800000|  0%| F|  |TAMS 0x0000000088700000, 0x0000000088700000| Untracked 
| 136|0x0000000088800000, 0x0000000088800000, 0x0000000088900000|  0%| F|  |TAMS 0x0000000088800000, 0x0000000088800000| Untracked 
| 137|0x0000000088900000, 0x0000000088900000, 0x0000000088a00000|  0%| F|  |TAMS 0x0000000088900000, 0x0000000088900000| Untracked 
| 138|0x0000000088a00000, 0x0000000088a00000, 0x0000000088b00000|  0%| F|  |TAMS 0x0000000088a00000, 0x0000000088a00000| Untracked 
| 139|0x0000000088b00000, 0x0000000088b00000, 0x0000000088c00000|  0%| F|  |TAMS 0x0000000088b00000, 0x0000000088b00000| Untracked 
| 140|0x0000000088c00000, 0x0000000088c00000, 0x0000000088d00000|  0%| F|  |TAMS 0x0000000088c00000, 0x0000000088c00000| Untracked 
| 141|0x0000000088d00000, 0x0000000088d00000, 0x0000000088e00000|  0%| F|  |TAMS 0x0000000088d00000, 0x0000000088d00000| Untracked 
| 142|0x0000000088e00000, 0x0000000088e00000, 0x0000000088f00000|  0%| F|  |TAMS 0x0000000088e00000, 0x0000000088e00000| Untracked 
| 143|0x0000000088f00000, 0x0000000088f00000, 0x0000000089000000|  0%| F|  |TAMS 0x0000000088f00000, 0x0000000088f00000| Untracked 
| 144|0x0000000089000000, 0x0000000089000000, 0x0000000089100000|  0%| F|  |TAMS 0x0000000089000000, 0x0000000089000000| Untracked 
| 145|0x0000000089100000, 0x0000000089100000, 0x0000000089200000|  0%| F|  |TAMS 0x0000000089100000, 0x0000000089100000| Untracked 
| 146|0x0000000089200000, 0x0000000089200000, 0x0000000089300000|  0%| F|  |TAMS 0x0000000089200000, 0x0000000089200000| Untracked 
| 147|0x0000000089300000, 0x0000000089300000, 0x0000000089400000|  0%| F|  |TAMS 0x0000000089300000, 0x0000000089300000| Untracked 
| 148|0x0000000089400000, 0x0000000089400000, 0x0000000089500000|  0%| F|  |TAMS 0x0000000089400000, 0x0000000089400000| Untracked 
| 149|0x0000000089500000, 0x0000000089500000, 0x0000000089600000|  0%| F|  |TAMS 0x0000000089500000, 0x0000000089500000| Untracked 
| 150|0x0000000089600000, 0x0000000089600000, 0x0000000089700000|  0%| F|  |TAMS 0x0000000089600000, 0x0000000089600000| Untracked 
| 151|0x0000000089700000, 0x0000000089700000, 0x0000000089800000|  0%| F|  |TAMS 0x0000000089700000, 0x0000000089700000| Untracked 
| 152|0x0000000089800000, 0x0000000089800000, 0x0000000089900000|  0%| F|  |TAMS 0x0000000089800000, 0x0000000089800000| Untracked 
| 153|0x0000000089900000, 0x0000000089900000, 0x0000000089a00000|  0%| F|  |TAMS 0x0000000089900000, 0x0000000089900000| Untracked 
| 154|0x0000000089a00000, 0x0000000089a00000, 0x0000000089b00000|  0%| F|  |TAMS 0x0000000089a00000, 0x0000000089a00000| Untracked 
| 155|0x0000000089b00000, 0x0000000089b00000, 0x0000000089c00000|  0%| F|  |TAMS 0x0000000089b00000, 0x0000000089b00000| Untracked 
| 156|0x0000000089c00000, 0x0000000089c00000, 0x0000000089d00000|  0%| F|  |TAMS 0x0000000089c00000, 0x0000000089c00000| Untracked 
| 157|0x0000000089d00000, 0x0000000089d00000, 0x0000000089e00000|  0%| F|  |TAMS 0x0000000089d00000, 0x0000000089d00000| Untracked 
| 158|0x0000000089e00000, 0x0000000089e00000, 0x0000000089f00000|  0%| F|  |TAMS 0x0000000089e00000, 0x0000000089e00000| Untracked 
| 159|0x0000000089f00000, 0x0000000089f00000, 0x000000008a000000|  0%| F|  |TAMS 0x0000000089f00000, 0x0000000089f00000| Untracked 
| 160|0x000000008a000000, 0x000000008a000000, 0x000000008a100000|  0%| F|  |TAMS 0x000000008a000000, 0x000000008a000000| Untracked 
| 161|0x000000008a100000, 0x000000008a100000, 0x000000008a200000|  0%| F|  |TAMS 0x000000008a100000, 0x000000008a100000| Untracked 
| 162|0x000000008a200000, 0x000000008a200000, 0x000000008a300000|  0%| F|  |TAMS 0x000000008a200000, 0x000000008a200000| Untracked 
| 163|0x000000008a300000, 0x000000008a300000, 0x000000008a400000|  0%| F|  |TAMS 0x000000008a300000, 0x000000008a300000| Untracked 
| 164|0x000000008a400000, 0x000000008a400000, 0x000000008a500000|  0%| F|  |TAMS 0x000000008a400000, 0x000000008a400000| Untracked 
| 165|0x000000008a500000, 0x000000008a5cabd8, 0x000000008a600000| 79%| S|CS|TAMS 0x000000008a500000, 0x000000008a500000| Complete 
| 166|0x000000008a600000, 0x000000008a700000, 0x000000008a700000|100%| S|CS|TAMS 0x000000008a600000, 0x000000008a600000| Complete 
| 167|0x000000008a700000, 0x000000008a800000, 0x000000008a800000|100%| S|CS|TAMS 0x000000008a700000, 0x000000008a700000| Complete 
| 168|0x000000008a800000, 0x000000008a800000, 0x000000008a900000|  0%| F|  |TAMS 0x000000008a800000, 0x000000008a800000| Untracked 
| 169|0x000000008a900000, 0x000000008a900000, 0x000000008aa00000|  0%| F|  |TAMS 0x000000008a900000, 0x000000008a900000| Untracked 
| 170|0x000000008aa00000, 0x000000008aa00000, 0x000000008ab00000|  0%| F|  |TAMS 0x000000008aa00000, 0x000000008aa00000| Untracked 
| 171|0x000000008ab00000, 0x000000008ab00000, 0x000000008ac00000|  0%| F|  |TAMS 0x000000008ab00000, 0x000000008ab00000| Untracked 
| 172|0x000000008ac00000, 0x000000008ac00000, 0x000000008ad00000|  0%| F|  |TAMS 0x000000008ac00000, 0x000000008ac00000| Untracked 
| 173|0x000000008ad00000, 0x000000008ad00000, 0x000000008ae00000|  0%| F|  |TAMS 0x000000008ad00000, 0x000000008ad00000| Untracked 
| 174|0x000000008ae00000, 0x000000008ae00000, 0x000000008af00000|  0%| F|  |TAMS 0x000000008ae00000, 0x000000008ae00000| Untracked 
| 175|0x000000008af00000, 0x000000008af00000, 0x000000008b000000|  0%| F|  |TAMS 0x000000008af00000, 0x000000008af00000| Untracked 
| 176|0x000000008b000000, 0x000000008b000000, 0x000000008b100000|  0%| F|  |TAMS 0x000000008b000000, 0x000000008b000000| Untracked 
| 177|0x000000008b100000, 0x000000008b100000, 0x000000008b200000|  0%| F|  |TAMS 0x000000008b100000, 0x000000008b100000| Untracked 
| 178|0x000000008b200000, 0x000000008b200000, 0x000000008b300000|  0%| F|  |TAMS 0x000000008b200000, 0x000000008b200000| Untracked 
| 179|0x000000008b300000, 0x000000008b300000, 0x000000008b400000|  0%| F|  |TAMS 0x000000008b300000, 0x000000008b300000| Untracked 
| 180|0x000000008b400000, 0x000000008b401010, 0x000000008b500000|  0%| E|  |TAMS 0x000000008b400000, 0x000000008b400000| Complete 
| 181|0x000000008b500000, 0x000000008b5ff2a8, 0x000000008b600000| 99%| E|  |TAMS 0x000000008b500000, 0x000000008b500000| Complete 
| 182|0x000000008b600000, 0x000000008b700000, 0x000000008b700000|100%| E|CS|TAMS 0x000000008b600000, 0x000000008b600000| Complete 
| 183|0x000000008b700000, 0x000000008b800000, 0x000000008b800000|100%| E|CS|TAMS 0x000000008b700000, 0x000000008b700000| Complete 
| 184|0x000000008b800000, 0x000000008b900000, 0x000000008b900000|100%| E|CS|TAMS 0x000000008b800000, 0x000000008b800000| Complete 
| 185|0x000000008b900000, 0x000000008ba00000, 0x000000008ba00000|100%| E|CS|TAMS 0x000000008b900000, 0x000000008b900000| Complete 
| 186|0x000000008ba00000, 0x000000008bb00000, 0x000000008bb00000|100%| E|CS|TAMS 0x000000008ba00000, 0x000000008ba00000| Complete 
| 187|0x000000008bb00000, 0x000000008bc00000, 0x000000008bc00000|100%| E|CS|TAMS 0x000000008bb00000, 0x000000008bb00000| Complete 
| 188|0x000000008bc00000, 0x000000008bd00000, 0x000000008bd00000|100%| E|CS|TAMS 0x000000008bc00000, 0x000000008bc00000| Complete 
| 189|0x000000008bd00000, 0x000000008be00000, 0x000000008be00000|100%| E|CS|TAMS 0x000000008bd00000, 0x000000008bd00000| Complete 
| 190|0x000000008be00000, 0x000000008bf00000, 0x000000008bf00000|100%| E|CS|TAMS 0x000000008be00000, 0x000000008be00000| Complete 
| 191|0x000000008bf00000, 0x000000008c000000, 0x000000008c000000|100%| E|CS|TAMS 0x000000008bf00000, 0x000000008bf00000| Complete 
| 192|0x000000008c000000, 0x000000008c100000, 0x000000008c100000|100%| E|CS|TAMS 0x000000008c000000, 0x000000008c000000| Complete 
| 193|0x000000008c100000, 0x000000008c200000, 0x000000008c200000|100%| E|CS|TAMS 0x000000008c100000, 0x000000008c100000| Complete 
| 194|0x000000008c200000, 0x000000008c300000, 0x000000008c300000|100%| E|CS|TAMS 0x000000008c200000, 0x000000008c200000| Complete 
| 195|0x000000008c300000, 0x000000008c400000, 0x000000008c400000|100%| E|CS|TAMS 0x000000008c300000, 0x000000008c300000| Complete 
| 196|0x000000008c400000, 0x000000008c500000, 0x000000008c500000|100%| E|CS|TAMS 0x000000008c400000, 0x000000008c400000| Complete 
| 197|0x000000008c500000, 0x000000008c600000, 0x000000008c600000|100%| E|CS|TAMS 0x000000008c500000, 0x000000008c500000| Complete 
| 198|0x000000008c600000, 0x000000008c700000, 0x000000008c700000|100%| E|CS|TAMS 0x000000008c600000, 0x000000008c600000| Complete 
| 199|0x000000008c700000, 0x000000008c800000, 0x000000008c800000|100%| E|CS|TAMS 0x000000008c700000, 0x000000008c700000| Complete 
| 200|0x000000008c800000, 0x000000008c900000, 0x000000008c900000|100%| E|CS|TAMS 0x000000008c800000, 0x000000008c800000| Complete 
| 201|0x000000008c900000, 0x000000008ca00000, 0x000000008ca00000|100%| E|CS|TAMS 0x000000008c900000, 0x000000008c900000| Complete 
| 202|0x000000008ca00000, 0x000000008cb00000, 0x000000008cb00000|100%| E|CS|TAMS 0x000000008ca00000, 0x000000008ca00000| Complete 
| 203|0x000000008cb00000, 0x000000008cc00000, 0x000000008cc00000|100%| E|CS|TAMS 0x000000008cb00000, 0x000000008cb00000| Complete 
| 204|0x000000008cc00000, 0x000000008cd00000, 0x000000008cd00000|100%| E|CS|TAMS 0x000000008cc00000, 0x000000008cc00000| Complete 

Card table byte_map: [0x0000023cb12b0000,0x0000023cb16b0000] _byte_map_base: 0x0000023cb0eb0000

Marking Bits (Prev, Next): (CMBitMap*) 0x0000023c9cc0c2f0, (CMBitMap*) 0x0000023c9cc0c2b0
 Prev Bits: [0x0000023cb3ab0000, 0x0000023cb5ab0000)
 Next Bits: [0x0000023cb1ab0000, 0x0000023cb3ab0000)

Polling page: 0x0000023c9c980000

Metaspace:

Usage:
  Non-class:     87.17 MB used.
      Class:     13.54 MB used.
       Both:    100.71 MB used.

Virtual space:
  Non-class space:       96.00 MB reserved,      87.56 MB ( 91%) committed,  12 nodes.
      Class space:        1.00 GB reserved,      13.94 MB (  1%) committed,  1 nodes.
             Both:        1.09 GB reserved,     101.50 MB (  9%) committed. 

Chunk freelists:
   Non-Class:  3.64 MB
       Class:  2.08 MB
        Both:  5.72 MB

MaxMetaspaceSize: unlimited
CompressedClassSpaceSize: 1.00 GB
Initial GC threshold: 21.00 MB
Current GC threshold: 114.06 MB
CDS: off
MetaspaceReclaimPolicy: balanced
 - commit_granule_bytes: 65536.
 - commit_granule_words: 8192.
 - virtual_space_node_default_size: 1048576.
 - enlarge_chunks_in_place: 1.
 - new_chunks_are_fully_committed: 0.
 - uncommit_free_chunks: 1.
 - use_allocation_guard: 0.
 - handle_deallocations: 1.


Internal statistics:

num_allocs_failed_limit: 6.
num_arena_births: 1376.
num_arena_deaths: 0.
num_vsnodes_births: 13.
num_vsnodes_deaths: 0.
num_space_committed: 1624.
num_space_uncommitted: 0.
num_chunks_returned_to_freelist: 6.
num_chunks_taken_from_freelist: 5398.
num_chunk_merges: 6.
num_chunk_splits: 3440.
num_chunks_enlarged: 2170.
num_purges: 0.
num_inconsistent_stats: 0.

CodeHeap 'non-profiled nmethods': size=120000Kb used=9394Kb max_used=9394Kb free=110605Kb
 bounds [0x0000023ca9360000, 0x0000023ca9c90000, 0x0000023cb0890000]
CodeHeap 'profiled nmethods': size=120000Kb used=27318Kb max_used=27318Kb free=92681Kb
 bounds [0x0000023ca1890000, 0x0000023ca3340000, 0x0000023ca8dc0000]
CodeHeap 'non-nmethods': size=5760Kb used=2413Kb max_used=2495Kb free=3346Kb
 bounds [0x0000023ca8dc0000, 0x0000023ca9040000, 0x0000023ca9360000]
 total_blobs=14682 nmethods=13727 adapters=867
 compilation: enabled
              stopped_count=0, restarted_count=0
 full_count=0

Compilation events (20 events):
Event: 227.298 Thread 0x0000023cb8c04ae0 nmethod 16156 0x0000023ca9c8a290 code [0x0000023ca9c8a4a0, 0x0000023ca9c8b170]
Event: 227.493 Thread 0x0000023cb8c04ae0 16158       4       org.gradle.api.internal.artifacts.transform.AttributeMatchingVariantSelector::doSelect (365 bytes)
Event: 227.634 Thread 0x0000023cb8c063f0 16161       3       java.security.AccessControlContext::optimize (319 bytes)
Event: 227.650 Thread 0x0000023cb8c063f0 nmethod 16161 0x0000023ca3333490 code [0x0000023ca3333800, 0x0000023ca3334e18]
Event: 227.656 Thread 0x0000023cb8c063f0 16163   !   3       java.util.concurrent.ThreadPoolExecutor::addWorker (289 bytes)
Event: 227.677 Thread 0x0000023cb8c063f0 nmethod 16163 0x0000023ca3335490 code [0x0000023ca3335860, 0x0000023ca3337968]
Event: 227.694 Thread 0x0000023cb8c063f0 16164       3       java.lang.ThreadGroup::checkAccess (14 bytes)
Event: 227.696 Thread 0x0000023cb8c063f0 nmethod 16164 0x0000023ca3338790 code [0x0000023ca3338960, 0x0000023ca3338de8]
Event: 227.769 Thread 0x0000023cb8c063f0 16165       3       java.lang.Thread::setPriority (56 bytes)
Event: 227.770 Thread 0x0000023cb8c063f0 nmethod 16165 0x0000023ca3338f90 code [0x0000023ca3339180, 0x0000023ca3339708]
Event: 227.773 Thread 0x0000023cb8c063f0 16167       3       java.lang.Thread::<init> (249 bytes)
Event: 227.783 Thread 0x0000023cb8c063f0 nmethod 16167 0x0000023ca3339910 code [0x0000023ca3339ce0, 0x0000023ca333bbf8]
Event: 227.783 Thread 0x0000023cb8c063f0 16168   !   3       java.lang.ThreadGroup::addUnstarted (40 bytes)
Event: 227.784 Thread 0x0000023cb8c063f0 nmethod 16168 0x0000023ca333c590 code [0x0000023ca333c740, 0x0000023ca333ca48]
Event: 227.784 Thread 0x0000023cb8c063f0 16169  s    3       java.lang.Thread::nextThreadID (10 bytes)
Event: 227.784 Thread 0x0000023cb8c063f0 nmethod 16169 0x0000023ca333cc10 code [0x0000023ca333cda0, 0x0000023ca333cf58]
Event: 227.794 Thread 0x0000023cb8c063f0 16170   !   3       java.lang.ThreadGroup::add (110 bytes)
Event: 227.795 Thread 0x0000023cb8c063f0 nmethod 16170 0x0000023ca333d010 code [0x0000023ca333d220, 0x0000023ca333da78]
Event: 227.807 Thread 0x0000023cb8c063f0 16171       3       java.util.concurrent.atomic.AtomicInteger::compareAndSet (13 bytes)
Event: 227.808 Thread 0x0000023cb8c063f0 nmethod 16171 0x0000023ca333de90 code [0x0000023ca333e020, 0x0000023ca333e158]

GC Heap History (20 events):
Event: 36.182 GC heap before
{Heap before GC invocations=36 (full 0):
 garbage-first heap   total 209920K, used 160460K [0x0000000080000000, 0x0000000100000000)
  region size 1024K, 84 young (86016K), 11 survivors (11264K)
 Metaspace       used 95418K, committed 96064K, reserved 1138688K
  class space    used 13003K, committed 13312K, reserved 1048576K
}
Event: 36.224 GC heap after
{Heap after GC invocations=37 (full 0):
 garbage-first heap   total 209920K, used 96414K [0x0000000080000000, 0x0000000100000000)
  region size 1024K, 10 young (10240K), 10 survivors (10240K)
 Metaspace       used 95418K, committed 96064K, reserved 1138688K
  class space    used 13003K, committed 13312K, reserved 1048576K
}
Event: 38.703 GC heap before
{Heap before GC invocations=37 (full 0):
 garbage-first heap   total 209920K, used 161950K [0x0000000080000000, 0x0000000100000000)
  region size 1024K, 75 young (76800K), 10 survivors (10240K)
 Metaspace       used 96188K, committed 96896K, reserved 1138688K
  class space    used 13057K, committed 13376K, reserved 1048576K
}
Event: 38.727 GC heap after
{Heap after GC invocations=38 (full 0):
 garbage-first heap   total 209920K, used 101292K [0x0000000080000000, 0x0000000100000000)
  region size 1024K, 7 young (7168K), 7 survivors (7168K)
 Metaspace       used 96188K, committed 96896K, reserved 1138688K
  class space    used 13057K, committed 13376K, reserved 1048576K
}
Event: 40.786 GC heap before
{Heap before GC invocations=38 (full 0):
 garbage-first heap   total 209920K, used 165804K [0x0000000080000000, 0x0000000100000000)
  region size 1024K, 70 young (71680K), 7 survivors (7168K)
 Metaspace       used 98235K, committed 98944K, reserved 1138688K
  class space    used 13327K, committed 13696K, reserved 1048576K
}
Event: 40.815 GC heap after
{Heap after GC invocations=39 (full 0):
 garbage-first heap   total 209920K, used 106536K [0x0000000080000000, 0x0000000100000000)
  region size 1024K, 7 young (7168K), 7 survivors (7168K)
 Metaspace       used 98235K, committed 98944K, reserved 1138688K
  class space    used 13327K, committed 13696K, reserved 1048576K
}
Event: 42.575 GC heap before
{Heap before GC invocations=39 (full 0):
 garbage-first heap   total 209920K, used 165928K [0x0000000080000000, 0x0000000100000000)
  region size 1024K, 66 young (67584K), 7 survivors (7168K)
 Metaspace       used 100132K, committed 100864K, reserved 1138688K
  class space    used 13593K, committed 13952K, reserved 1048576K
}
Event: 42.608 GC heap after
{Heap after GC invocations=40 (full 0):
 garbage-first heap   total 209920K, used 111577K [0x0000000080000000, 0x0000000100000000)
  region size 1024K, 6 young (6144K), 6 survivors (6144K)
 Metaspace       used 100132K, committed 100864K, reserved 1138688K
  class space    used 13593K, committed 13952K, reserved 1048576K
}
Event: 125.768 GC heap before
{Heap before GC invocations=40 (full 0):
 garbage-first heap   total 209920K, used 168921K [0x0000000080000000, 0x0000000100000000)
  region size 1024K, 63 young (64512K), 6 survivors (6144K)
 Metaspace       used 101664K, committed 102464K, reserved 1138688K
  class space    used 13809K, committed 14208K, reserved 1048576K
}
Event: 126.108 GC heap after
{Heap after GC invocations=41 (full 0):
 garbage-first heap   total 209920K, used 114431K [0x0000000080000000, 0x0000000100000000)
  region size 1024K, 4 young (4096K), 4 survivors (4096K)
 Metaspace       used 101664K, committed 102464K, reserved 1138688K
  class space    used 13809K, committed 14208K, reserved 1048576K
}
Event: 130.651 GC heap before
{Heap before GC invocations=41 (full 0):
 garbage-first heap   total 209920K, used 170751K [0x0000000080000000, 0x0000000100000000)
  region size 1024K, 60 young (61440K), 4 survivors (4096K)
 Metaspace       used 102195K, committed 102976K, reserved 1138688K
  class space    used 13827K, committed 14208K, reserved 1048576K
}
Event: 130.698 GC heap after
{Heap after GC invocations=42 (full 0):
 garbage-first heap   total 209920K, used 121278K [0x0000000080000000, 0x0000000100000000)
  region size 1024K, 8 young (8192K), 8 survivors (8192K)
 Metaspace       used 102195K, committed 102976K, reserved 1138688K
  class space    used 13827K, committed 14208K, reserved 1048576K
}
Event: 138.765 GC heap before
{Heap before GC invocations=42 (full 0):
 garbage-first heap   total 209920K, used 170430K [0x0000000080000000, 0x0000000100000000)
  region size 1024K, 57 young (58368K), 8 survivors (8192K)
 Metaspace       used 102423K, committed 103232K, reserved 1138688K
  class space    used 13828K, committed 14208K, reserved 1048576K
}
Event: 138.804 GC heap after
{Heap after GC invocations=43 (full 0):
 garbage-first heap   total 209920K, used 125801K [0x0000000080000000, 0x0000000100000000)
  region size 1024K, 5 young (5120K), 5 survivors (5120K)
 Metaspace       used 102423K, committed 103232K, reserved 1138688K
  class space    used 13828K, committed 14208K, reserved 1048576K
}
Event: 160.453 GC heap before
{Heap before GC invocations=43 (full 0):
 garbage-first heap   total 209920K, used 171881K [0x0000000080000000, 0x0000000100000000)
  region size 1024K, 51 young (52224K), 5 survivors (5120K)
 Metaspace       used 102616K, committed 103488K, reserved 1146880K
  class space    used 13845K, committed 14272K, reserved 1048576K
}
Event: 160.482 GC heap after
{Heap after GC invocations=44 (full 0):
 garbage-first heap   total 209920K, used 129403K [0x0000000080000000, 0x0000000100000000)
  region size 1024K, 4 young (4096K), 4 survivors (4096K)
 Metaspace       used 102616K, committed 103488K, reserved 1146880K
  class space    used 13845K, committed 14272K, reserved 1048576K
}
Event: 164.357 GC heap before
{Heap before GC invocations=44 (full 0):
 garbage-first heap   total 209920K, used 173435K [0x0000000080000000, 0x0000000100000000)
  region size 1024K, 48 young (49152K), 4 survivors (4096K)
 Metaspace       used 102919K, committed 103744K, reserved 1146880K
  class space    used 13856K, committed 14272K, reserved 1048576K
}
Event: 164.392 GC heap after
{Heap after GC invocations=45 (full 0):
 garbage-first heap   total 209920K, used 136427K [0x0000000080000000, 0x0000000100000000)
  region size 1024K, 6 young (6144K), 6 survivors (6144K)
 Metaspace       used 102919K, committed 103744K, reserved 1146880K
  class space    used 13856K, committed 14272K, reserved 1048576K
}
Event: 194.243 GC heap before
{Heap before GC invocations=45 (full 0):
 garbage-first heap   total 209920K, used 173291K [0x0000000080000000, 0x0000000100000000)
  region size 1024K, 43 young (44032K), 6 survivors (6144K)
 Metaspace       used 103050K, committed 103936K, reserved 1146880K
  class space    used 13861K, committed 14272K, reserved 1048576K
}
Event: 194.370 GC heap after
{Heap after GC invocations=46 (full 0):
 garbage-first heap   total 209920K, used 139460K [0x0000000080000000, 0x0000000100000000)
  region size 1024K, 3 young (3072K), 3 survivors (3072K)
 Metaspace       used 103050K, committed 103936K, reserved 1146880K
  class space    used 13861K, committed 14272K, reserved 1048576K
}

Dll operation events (2 events):
Event: 0.052 Loaded shared library C:\Program Files\Android\Android Studio\jbr\bin\java.dll
Event: 1.021 Loaded shared library C:\Program Files\Android\Android Studio\jbr\bin\verify.dll

Deoptimization events (20 events):
Event: 171.235 Thread 0x0000023cc0cc3030 DEOPT UNPACKING pc=0x0000023ca8e169a3 sp=0x000000d42e5ff1e8 mode 2
Event: 171.235 Thread 0x0000023cbdcf1770 DEOPT PACKING pc=0x0000023ca99784e4 sp=0x000000d42dbfef30
Event: 171.235 Thread 0x0000023cbbabced0 DEOPT PACKING pc=0x0000023ca99784e4 sp=0x000000d42c0ff250
Event: 171.235 Thread 0x0000023cbdcf1770 DEOPT UNPACKING pc=0x0000023ca8e169a3 sp=0x000000d42dbfee68 mode 2
Event: 171.235 Thread 0x0000023cbbabced0 DEOPT UNPACKING pc=0x0000023ca8e169a3 sp=0x000000d42c0ff188 mode 2
Event: 171.235 Thread 0x0000023cc0cc4370 DEOPT PACKING pc=0x0000023ca99784e4 sp=0x000000d42e8ff310
Event: 171.235 Thread 0x0000023cc0cc4370 DEOPT UNPACKING pc=0x0000023ca8e169a3 sp=0x000000d42e8ff248 mode 2
Event: 171.235 Thread 0x0000023cbdceff60 DEOPT PACKING pc=0x0000023ca99784e4 sp=0x000000d42ddff050
Event: 171.239 Thread 0x0000023cbdceff60 DEOPT UNPACKING pc=0x0000023ca8e169a3 sp=0x000000d42ddfef88 mode 2
Event: 171.286 Thread 0x0000023cbdcf0900 DEOPT UNPACKING pc=0x0000023ca8e169a3 sp=0x000000d42d5fefd8 mode 2
Event: 171.434 Thread 0x0000023cbdcf2f80 DEOPT PACKING pc=0x0000023ca2113c56 sp=0x000000d4291fe030
Event: 171.434 Thread 0x0000023cbdcf2f80 DEOPT UNPACKING pc=0x0000023ca8e17143 sp=0x000000d4291fd578 mode 0
Event: 171.688 Thread 0x0000023cbbabb1f0 Uncommon trap: trap_request=0xffffff45 fr.pc=0x0000023ca97e47e4 relative=0x00000000000002c4
Event: 171.688 Thread 0x0000023cbbabb1f0 Uncommon trap: reason=unstable_if action=reinterpret pc=0x0000023ca97e47e4 method=com.esotericsoftware.kryo.io.Input.require(I)I @ 180 c2
Event: 171.688 Thread 0x0000023cbbabb1f0 DEOPT PACKING pc=0x0000023ca97e47e4 sp=0x000000d4292fea60
Event: 171.688 Thread 0x0000023cbbabb1f0 DEOPT UNPACKING pc=0x0000023ca8e169a3 sp=0x000000d4292fea28 mode 2
Event: 225.031 Thread 0x0000023cbdcee280 Uncommon trap: trap_request=0xffffff45 fr.pc=0x0000023ca9ad9830 relative=0x00000000000001f0
Event: 225.031 Thread 0x0000023cbdcee280 Uncommon trap: reason=unstable_if action=reinterpret pc=0x0000023ca9ad9830 method=java.lang.ThreadLocal$ThreadLocalMap.getEntryAfterMiss(Ljava/lang/ThreadLocal;ILjava/lang/ThreadLocal$ThreadLocalMap$Entry;)Ljava/lang/ThreadLocal$ThreadLocalMap$Entry; @ 30
Event: 225.032 Thread 0x0000023cbdcee280 DEOPT PACKING pc=0x0000023ca9ad9830 sp=0x000000d42aefc900
Event: 225.032 Thread 0x0000023cbdcee280 DEOPT UNPACKING pc=0x0000023ca8e169a3 sp=0x000000d42aefc790 mode 2

Classes unloaded (0 events):
No events

Classes redefined (0 events):
No events

Internal exceptions (20 events):
Event: 170.809 Thread 0x0000023cbb9b2ac0 Exception <a 'sun/nio/fs/WindowsException'{0x000000008b251c08}> (0x000000008b251c08) 
thrown [s\src\hotspot\share\prims\jni.cpp, line 517]
Event: 170.820 Thread 0x0000023cbb9b2ac0 Exception <a 'sun/nio/fs/WindowsException'{0x000000008b252d68}> (0x000000008b252d68) 
thrown [s\src\hotspot\share\prims\jni.cpp, line 517]
Event: 170.825 Thread 0x0000023cbb9b2ac0 Exception <a 'sun/nio/fs/WindowsException'{0x000000008b25c638}> (0x000000008b25c638) 
thrown [s\src\hotspot\share\prims\jni.cpp, line 517]
Event: 170.834 Thread 0x0000023cbb9b2ac0 Exception <a 'sun/nio/fs/WindowsException'{0x000000008b25e5a0}> (0x000000008b25e5a0) 
thrown [s\src\hotspot\share\prims\jni.cpp, line 517]
Event: 170.836 Thread 0x0000023cbb9b2ac0 Exception <a 'sun/nio/fs/WindowsException'{0x000000008b264848}> (0x000000008b264848) 
thrown [s\src\hotspot\share\prims\jni.cpp, line 517]
Event: 170.838 Thread 0x0000023cbb9b2ac0 Exception <a 'sun/nio/fs/WindowsException'{0x000000008b266cd8}> (0x000000008b266cd8) 
thrown [s\src\hotspot\share\prims\jni.cpp, line 517]
Event: 170.840 Thread 0x0000023cbb9b2ac0 Exception <a 'sun/nio/fs/WindowsException'{0x000000008b26e3a8}> (0x000000008b26e3a8) 
thrown [s\src\hotspot\share\prims\jni.cpp, line 517]
Event: 170.843 Thread 0x0000023cbb9b2ac0 Exception <a 'sun/nio/fs/WindowsException'{0x000000008b270fb0}> (0x000000008b270fb0) 
thrown [s\src\hotspot\share\prims\jni.cpp, line 517]
Event: 170.845 Thread 0x0000023cbb9b2ac0 Exception <a 'sun/nio/fs/WindowsException'{0x000000008b2788b0}> (0x000000008b2788b0) 
thrown [s\src\hotspot\share\prims\jni.cpp, line 517]
Event: 170.848 Thread 0x0000023cbb9b2ac0 Exception <a 'sun/nio/fs/WindowsException'{0x000000008b27fb90}> (0x000000008b27fb90) 
thrown [s\src\hotspot\share\prims\jni.cpp, line 517]
Event: 170.851 Thread 0x0000023cbb9b2ac0 Exception <a 'sun/nio/fs/WindowsException'{0x000000008b287610}> (0x000000008b287610) 
thrown [s\src\hotspot\share\prims\jni.cpp, line 517]
Event: 170.855 Thread 0x0000023cbb9b2ac0 Exception <a 'sun/nio/fs/WindowsException'{0x000000008b28e590}> (0x000000008b28e590) 
thrown [s\src\hotspot\share\prims\jni.cpp, line 517]
Event: 170.864 Thread 0x0000023cbb9b2ac0 Exception <a 'sun/nio/fs/WindowsException'{0x000000008b2949f8}> (0x000000008b2949f8) 
thrown [s\src\hotspot\share\prims\jni.cpp, line 517]
Event: 170.869 Thread 0x0000023cbb9b2ac0 Exception <a 'sun/nio/fs/WindowsException'{0x000000008b29ad10}> (0x000000008b29ad10) 
thrown [s\src\hotspot\share\prims\jni.cpp, line 517]
Event: 170.870 Thread 0x0000023cbb9b2ac0 Exception <a 'sun/nio/fs/WindowsException'{0x000000008b29e270}> (0x000000008b29e270) 
thrown [s\src\hotspot\share\prims\jni.cpp, line 517]
Event: 170.873 Thread 0x0000023cbb9b2ac0 Exception <a 'sun/nio/fs/WindowsException'{0x000000008b2a4d38}> (0x000000008b2a4d38) 
thrown [s\src\hotspot\share\prims\jni.cpp, line 517]
Event: 170.875 Thread 0x0000023cbb9b2ac0 Exception <a 'sun/nio/fs/WindowsException'{0x000000008b2a6668}> (0x000000008b2a6668) 
thrown [s\src\hotspot\share\prims\jni.cpp, line 517]
Event: 170.989 Thread 0x0000023cbdcee280 Exception <a 'sun/nio/fs/WindowsException'{0x000000008adbe4d0}> (0x000000008adbe4d0) 
thrown [s\src\hotspot\share\prims\jni.cpp, line 517]
Event: 170.989 Thread 0x0000023cbdcee280 Exception <a 'sun/nio/fs/WindowsException'{0x000000008adbe848}> (0x000000008adbe848) 
thrown [s\src\hotspot\share\prims\jni.cpp, line 517]
Event: 170.990 Thread 0x0000023cbdcee280 Exception <a 'sun/nio/fs/WindowsException'{0x000000008adc06c8}> (0x000000008adc06c8) 
thrown [s\src\hotspot\share\prims\jni.cpp, line 517]

VM Operations (20 events):
Event: 185.690 Executing VM operation: Cleanup
Event: 185.690 Executing VM operation: Cleanup done
Event: 194.236 Executing VM operation: G1CollectForAllocation
Event: 194.374 Executing VM operation: G1CollectForAllocation done
Event: 199.397 Executing VM operation: Cleanup
Event: 199.412 Executing VM operation: Cleanup done
Event: 208.535 Executing VM operation: Cleanup
Event: 208.535 Executing VM operation: Cleanup done
Event: 211.560 Executing VM operation: Cleanup
Event: 211.560 Executing VM operation: Cleanup done
Event: 222.652 Executing VM operation: Cleanup
Event: 222.652 Executing VM operation: Cleanup done
Event: 224.673 Executing VM operation: Cleanup
Event: 224.711 Executing VM operation: Cleanup done
Event: 225.715 Executing VM operation: Cleanup
Event: 225.716 Executing VM operation: Cleanup done
Event: 226.725 Executing VM operation: Cleanup
Event: 226.741 Executing VM operation: Cleanup done
Event: 227.748 Executing VM operation: Cleanup
Event: 227.766 Executing VM operation: Cleanup done

Events (20 events):
Event: 227.768 Thread 0x0000023cbdcf0900 Thread added: 0x0000023cbdcf0900
Event: 227.768 Thread 0x0000023cbdcefa90 Thread added: 0x0000023cbdcefa90
Event: 227.771 Thread 0x0000023cbdcf0dd0 Thread added: 0x0000023cbdcf0dd0
Event: 227.772 Thread 0x0000023cbdcf12a0 Thread added: 0x0000023cbdcf12a0
Event: 227.773 Thread 0x0000023cbdcf2110 Thread added: 0x0000023cbdcf2110
Event: 227.774 Thread 0x0000023cbdceec20 Thread added: 0x0000023cbdceec20
Event: 227.777 Thread 0x0000023cbdcef0f0 Thread added: 0x0000023cbdcef0f0
Event: 227.782 Thread 0x0000023cbdcf1c40 Thread added: 0x0000023cbdcf1c40
Event: 227.782 Thread 0x0000023cbdcef5c0 Thread added: 0x0000023cbdcef5c0
Event: 227.784 Thread 0x0000023cbdcf1770 Thread added: 0x0000023cbdcf1770
Event: 227.787 Thread 0x0000023cbdcf3df0 Thread added: 0x0000023cbdcf3df0
Event: 227.792 Thread 0x0000023cbdcf42c0 Thread added: 0x0000023cbdcf42c0
Event: 227.793 Thread 0x0000023cbdcf25e0 Thread added: 0x0000023cbdcf25e0
Event: 227.794 Thread 0x0000023cbdcf2ab0 Thread added: 0x0000023cbdcf2ab0
Event: 227.796 Thread 0x0000023cbdcf4790 Thread added: 0x0000023cbdcf4790
Event: 227.799 Thread 0x0000023cbdcf5ad0 Thread added: 0x0000023cbdcf5ad0
Event: 227.807 Thread 0x0000023cc0cc7d30 Thread added: 0x0000023cc0cc7d30
Event: 227.813 Thread 0x0000023cc0cc69f0 Thread added: 0x0000023cc0cc69f0
Event: 227.817 Thread 0x0000023cc0cc8200 Thread added: 0x0000023cc0cc8200
Event: 227.831 Thread 0x0000023cc0cc4370 Thread added: 0x0000023cc0cc4370


Dynamic libraries:
0x00007ff75af40000 - 0x00007ff75af4a000 	C:\Program Files\Android\Android Studio\jbr\bin\java.exe
0x00007ffab40d0000 - 0x00007ffab42c8000 	C:\WINDOWS\SYSTEM32\ntdll.dll
0x00007ffab3ce0000 - 0x00007ffab3d9d000 	C:\WINDOWS\System32\KERNEL32.DLL
0x00007ffab1c20000 - 0x00007ffab1f16000 	C:\WINDOWS\System32\KERNELBASE.dll
0x00007ffab2000000 - 0x00007ffab2100000 	C:\WINDOWS\System32\ucrtbase.dll
0x00007ffaa9f30000 - 0x00007ffaa9f47000 	C:\Program Files\Android\Android Studio\jbr\bin\jli.dll
0x00007ffa93f70000 - 0x00007ffa93f8b000 	C:\Program Files\Android\Android Studio\jbr\bin\VCRUNTIME140.dll
0x00007ffab3b40000 - 0x00007ffab3cde000 	C:\WINDOWS\System32\USER32.dll
0x00007ffab2100000 - 0x00007ffab2122000 	C:\WINDOWS\System32\win32u.dll
0x00007ffa9a840000 - 0x00007ffa9aada000 	C:\WINDOWS\WinSxS\amd64_microsoft.windows.common-controls_6595b64144ccf1df_6.0.19041.3636_none_60b6a03d71f818d5\COMCTL32.dll
0x00007ffab2d00000 - 0x00007ffab2d2c000 	C:\WINDOWS\System32\GDI32.dll
0x00007ffab3aa0000 - 0x00007ffab3b3e000 	C:\WINDOWS\System32\msvcrt.dll
0x00007ffab1ab0000 - 0x00007ffab1bca000 	C:\WINDOWS\System32\gdi32full.dll
0x00007ffab17b0000 - 0x00007ffab184d000 	C:\WINDOWS\System32\msvcp_win.dll
0x00007ffab2b30000 - 0x00007ffab2b60000 	C:\WINDOWS\System32\IMM32.DLL
0x00007ffaac4d0000 - 0x00007ffaac4dc000 	C:\Program Files\Android\Android Studio\jbr\bin\vcruntime140_1.dll
0x00007ffa93ce0000 - 0x00007ffa93d6d000 	C:\Program Files\Android\Android Studio\jbr\bin\msvcp140.dll
0x00007ffa69c80000 - 0x00007ffa6a8ee000 	C:\Program Files\Android\Android Studio\jbr\bin\server\jvm.dll
0x00007ffab3e80000 - 0x00007ffab3f2f000 	C:\WINDOWS\System32\ADVAPI32.dll
0x00007ffab31a0000 - 0x00007ffab323c000 	C:\WINDOWS\System32\sechost.dll
0x00007ffab2bd0000 - 0x00007ffab2cf6000 	C:\WINDOWS\System32\RPCRT4.dll
0x00007ffa9b6e0000 - 0x00007ffa9b6e9000 	C:\WINDOWS\SYSTEM32\WSOCK32.dll
0x00007ffa9ceb0000 - 0x00007ffa9ced7000 	C:\WINDOWS\SYSTEM32\WINMM.dll
0x00007ffaab1b0000 - 0x00007ffaab1ba000 	C:\WINDOWS\SYSTEM32\VERSION.dll
0x00007ffab37c0000 - 0x00007ffab382b000 	C:\WINDOWS\System32\WS2_32.dll
0x00007ffab0000000 - 0x00007ffab0012000 	C:\WINDOWS\SYSTEM32\kernel.appcore.dll
0x00007ffaac8b0000 - 0x00007ffaac8ba000 	C:\Program Files\Android\Android Studio\jbr\bin\jimage.dll
0x00007ffaafdf0000 - 0x00007ffaaffd4000 	C:\WINDOWS\SYSTEM32\DBGHELP.DLL
0x00007ffa95ca0000 - 0x00007ffa95cd4000 	C:\WINDOWS\SYSTEM32\dbgcore.DLL
0x00007ffab1850000 - 0x00007ffab18d2000 	C:\WINDOWS\System32\bcryptPrimitives.dll
0x00007ffaaa900000 - 0x00007ffaaa925000 	C:\Program Files\Android\Android Studio\jbr\bin\java.dll
0x00007ffaaae10000 - 0x00007ffaaae28000 	C:\Program Files\Android\Android Studio\jbr\bin\zip.dll
0x00007ffab2380000 - 0x00007ffab2ac5000 	C:\WINDOWS\System32\SHELL32.dll
0x00007ffaaf580000 - 0x00007ffaafd1b000 	C:\WINDOWS\SYSTEM32\windows.storage.dll
0x00007ffab3330000 - 0x00007ffab3684000 	C:\WINDOWS\System32\combase.dll
0x00007ffab11f0000 - 0x00007ffab121d000 	C:\WINDOWS\SYSTEM32\Wldp.dll
0x00007ffab3fe0000 - 0x00007ffab408d000 	C:\WINDOWS\System32\SHCORE.dll
0x00007ffab2ad0000 - 0x00007ffab2b25000 	C:\WINDOWS\System32\shlwapi.dll
0x00007ffab16e0000 - 0x00007ffab1705000 	C:\WINDOWS\SYSTEM32\profapi.dll
0x00007ffaaa9f0000 - 0x00007ffaaaa09000 	C:\Program Files\Android\Android Studio\jbr\bin\net.dll
0x00007ffaa7d80000 - 0x00007ffaa7e8a000 	C:\WINDOWS\SYSTEM32\WINHTTP.dll
0x00007ffab0f50000 - 0x00007ffab0fba000 	C:\WINDOWS\system32\mswsock.dll
0x00007ffaaa8e0000 - 0x00007ffaaa8f6000 	C:\Program Files\Android\Android Studio\jbr\bin\nio.dll
0x00007ffaac4c0000 - 0x00007ffaac4d0000 	C:\Program Files\Android\Android Studio\jbr\bin\verify.dll
0x00007ffa941c0000 - 0x00007ffa941e7000 	C:\Users\user\.gradle\native\68d5fa5c4cc2d200863cafc0d521ce42e7d3e7ee720ec0a83991735586a16f82\windows-amd64\native-platform.dll
0x00007ffa86280000 - 0x00007ffa863c4000 	C:\Users\user\.gradle\native\e376f236ea51e6404a007f0833ffe2c6e607c4080706a723a18a27aeea778392\windows-amd64\native-platform-file-events.dll
0x00007ffaac430000 - 0x00007ffaac439000 	C:\Program Files\Android\Android Studio\jbr\bin\management.dll
0x00007ffaac2d0000 - 0x00007ffaac2db000 	C:\Program Files\Android\Android Studio\jbr\bin\management_ext.dll
0x00007ffab38c0000 - 0x00007ffab38c8000 	C:\WINDOWS\System32\PSAPI.DLL
0x00007ffab1140000 - 0x00007ffab1158000 	C:\WINDOWS\SYSTEM32\CRYPTSP.dll
0x00007ffab0810000 - 0x00007ffab0844000 	C:\WINDOWS\system32\rsaenh.dll
0x00007ffab1f20000 - 0x00007ffab1f47000 	C:\WINDOWS\System32\bcrypt.dll
0x00007ffab1660000 - 0x00007ffab168e000 	C:\WINDOWS\SYSTEM32\USERENV.dll
0x00007ffab1160000 - 0x00007ffab116c000 	C:\WINDOWS\SYSTEM32\CRYPTBASE.dll
0x00007ffab0bf0000 - 0x00007ffab0c2b000 	C:\WINDOWS\SYSTEM32\IPHLPAPI.DLL
0x00007ffab2bc0000 - 0x00007ffab2bc8000 	C:\WINDOWS\System32\NSI.dll
0x00007ffaa8fd0000 - 0x00007ffaa8fe7000 	C:\WINDOWS\SYSTEM32\dhcpcsvc6.DLL
0x00007ffaaa0f0000 - 0x00007ffaaa10d000 	C:\WINDOWS\SYSTEM32\dhcpcsvc.DLL
0x00007ffab0c40000 - 0x00007ffab0d0a000 	C:\WINDOWS\SYSTEM32\DNSAPI.dll
0x00007ffaac140000 - 0x00007ffaac147000 	C:\WINDOWS\system32\wshunix.dll
0x00007ffa9ac60000 - 0x00007ffa9ac77000 	C:\WINDOWS\system32\napinsp.dll
0x00007ffa9ac00000 - 0x00007ffa9ac1b000 	C:\WINDOWS\system32\pnrpnsp.dll
0x00007ffa9abe0000 - 0x00007ffa9abf5000 	C:\WINDOWS\system32\wshbth.dll
0x00007ffaacf10000 - 0x00007ffaacf2d000 	C:\WINDOWS\system32\NLAapi.dll
0x00007ffa9abc0000 - 0x00007ffa9abd2000 	C:\WINDOWS\System32\winrnr.dll
0x00007ffaa0300000 - 0x00007ffaa030a000 	C:\Windows\System32\rasadhlp.dll
0x00007ffaa0510000 - 0x00007ffaa0590000 	C:\WINDOWS\System32\fwpuclnt.dll
0x00007ffa93cc0000 - 0x00007ffa93cde000 	C:\Users\user\AppData\Local\Temp\native-platform4482928134730301983dir\native-platform.dll

dbghelp: loaded successfully - version: 4.0.5 - missing functions: none
symbol engine: initialized successfully - sym options: 0x614 - pdb path: .;C:\Program Files\Android\Android Studio\jbr\bin;C:\WINDOWS\SYSTEM32;C:\WINDOWS\WinSxS\amd64_microsoft.windows.common-controls_6595b64144ccf1df_6.0.19041.3636_none_60b6a03d71f818d5;C:\Program Files\Android\Android Studio\jbr\bin\server;C:\Users\user\.gradle\native\68d5fa5c4cc2d200863cafc0d521ce42e7d3e7ee720ec0a83991735586a16f82\windows-amd64;C:\Users\user\.gradle\native\e376f236ea51e6404a007f0833ffe2c6e607c4080706a723a18a27aeea778392\windows-amd64;C:\Users\user\AppData\Local\Temp\native-platform4482928134730301983dir

VM Arguments:
jvm_args: --add-opens=java.base/java.util=ALL-UNNAMED --add-opens=java.base/java.lang=ALL-UNNAMED --add-opens=java.base/java.lang.invoke=ALL-UNNAMED --add-opens=java.prefs/java.util.prefs=ALL-UNNAMED --add-opens=java.base/java.nio.charset=ALL-UNNAMED --add-opens=java.base/java.net=ALL-UNNAMED --add-opens=java.base/java.util.concurrent.atomic=ALL-UNNAMED -Xmx2048m -Dfile.encoding=UTF-8 -Duser.country=US -Duser.language=en -Duser.variant 
java_command: org.gradle.launcher.daemon.bootstrap.GradleDaemon 8.0
java_class_path (initial): C:\Users\user\.gradle\wrapper\dists\gradle-8.0-bin\ca5e32bp14vu59qr306oxotwh\gradle-8.0\lib\gradle-launcher-8.0.jar
Launcher Type: SUN_STANDARD

[Global flags]
     intx CICompilerCount                          = 3                                         {product} {ergonomic}
     uint ConcGCThreads                            = 1                                         {product} {ergonomic}
     uint G1ConcRefinementThreads                  = 4                                         {product} {ergonomic}
   size_t G1HeapRegionSize                         = 1048576                                   {product} {ergonomic}
    uintx GCDrainStackTargetSize                   = 64                                        {product} {ergonomic}
   size_t InitialHeapSize                          = 125829120                                 {product} {ergonomic}
   size_t MarkStackSize                            = 4194304                                   {product} {ergonomic}
   size_t MaxHeapSize                              = 2147483648                                {product} {command line}
   size_t MaxNewSize                               = 1287651328                                {product} {ergonomic}
   size_t MinHeapDeltaBytes                        = 1048576                                   {product} {ergonomic}
   size_t MinHeapSize                              = 8388608                                   {product} {ergonomic}
    uintx NonNMethodCodeHeapSize                   = 5832780                                {pd product} {ergonomic}
    uintx NonProfiledCodeHeapSize                  = 122912730                              {pd product} {ergonomic}
    uintx ProfiledCodeHeapSize                     = 122912730                              {pd product} {ergonomic}
    uintx ReservedCodeCacheSize                    = 251658240                              {pd product} {ergonomic}
     bool SegmentedCodeCache                       = true                                      {product} {ergonomic}
   size_t SoftMaxHeapSize                          = 2147483648                             {manageable} {ergonomic}
     bool UseCompressedClassPointers               = true                           {product lp64_product} {ergonomic}
     bool UseCompressedOops                        = true                           {product lp64_product} {ergonomic}
     bool UseG1GC                                  = true                                      {product} {ergonomic}
     bool UseLargePagesIndividualAllocation        = false                                  {pd product} {ergonomic}

Logging:
Log output configuration:
 #0: stdout all=warning uptime,level,tags
 #1: stderr all=off uptime,level,tags

Environment Variables:
PATH=C:\Program Files (x86)\Common Files\Oracle\Java\javapath;C:\oraclexe\app\oracle\product\11.2.0\server\bin;C:\WINDOWS\system32;C:\WINDOWS;C:\WINDOWS\System32\Wbem;C:\WINDOWS\System32\WindowsPowerShell\v1.0\;C:\WINDOWS\System32\OpenSSH\;C:\Program Files\Intel\WiFi\bin\;C:\Program Files\Common Files\Intel\WirelessCommon\;c:\Program Files (x86)\Intel\Intel(R) Management Engine Components\DAL;c:\Program Files\Intel\Intel(R) Management Engine Components\DAL;C:\Program Files\Git\cmd;C:\Program Files\gnuplot\bin;C:\Program Files\mingw32\bin;C:\Users\user\AppData\Local\Microsoft\WindowsApps;C:\Users\user\AppData\Local\Programs\Microsoft VS Code\bin;C:\msys64\mingw64\bin;C:\Program Files (x86)\SDCC\bin
USERNAME=user
OS=Windows_NT
PROCESSOR_IDENTIFIER=Intel64 Family 6 Model 78 Stepping 3, GenuineIntel
TMP=C:\Users\user\AppData\Local\Temp
TEMP=C:\Users\user\AppData\Local\Temp


JNI global refs:
JNI global refs: 25, weak refs: 0

JNI global refs memory usage: 843, weak refs: 209


---------------  S Y S T E M  ---------------

OS:
 Windows 10 , 64 bit Build 19041 (10.0.19041.3636)
OS uptime: 17 days 17:58 hours

CPU: total 4 (initial active 4) (2 cores per cpu, 2 threads per core) family 6 model 78 stepping 3 microcode 0xcc, cx8, cmov, fxsr, ht, mmx, 3dnowpref, sse, sse2, sse3, ssse3, sse4.1, sse4.2, popcnt, lzcnt, tsc, tscinvbit, avx, avx2, aes, erms, clmul, bmi1, bmi2, rtm, adx, fma, vzeroupper, clflush, clflushopt

Memory: 4k page, system-wide physical 7573M (273M free)
TotalPageFile size 31125M (AvailPageFile size 6M)
current process WorkingSet (physical memory assigned to process): 164M, peak: 425M
current process commit charge ("private bytes"): 499M, peak: 510M

vm_info: OpenJDK 64-Bit Server VM (17.0.6+0-b2043.56-10027231) for windows-amd64 JRE (17.0.6+0-b2043.56-10027231), built on Apr 28 2023 00:43:19 by "androidbuild" with MS VC++ 16.10 / 16.11 (VS2019)

END.
