#
# There is insufficient memory for the Java Runtime Environment to continue.
# Native memory allocation (mmap) failed to map 65536 bytes for Failed to commit metaspace.
# Possible reasons:
#   The system is out of physical RAM or swap space
#   The process is running with CompressedOops enabled, and the Java Heap may be blocking the growth of the native heap
# Possible solutions:
#   Reduce memory load on the system
#   Increase physical memory or swap space
#   Check if swap backing store is full
#   Decrease Java heap size (-Xmx/-Xms)
#
#  Out of Memory Error, pid=17680  [jvm.dll+0x844603]
V  [jvm.dll+0x249b75]
V  [jvm.dll+0x83e7fb]
V  [jvm.dll+0x628006]
V  [jvm.dll+0x1c194e]
V  [jvm.dll+0x62a941]
V  [jvm.dll+0x6289a6]
V  [jvm.dll+0x6397a9]
V  [jvm.dll+0x632ab4]
V  [jvm.dll+0x384bd1]
C  0x00000177ca10c6e8

Java frames: (J=compiled Java code, j=interpreted, Vv=VM code)
j  org.gradle.api.internal.artifacts.ivyservice.resolveengine.excludes.factories.Optimizations.optimizeCollection(Lorg/gradle/api/internal/artifacts/ivyservice/resolveengine/excludes/factories/ExcludeFactory;Ljava/util/Collection;Ljava/util/function/Function;)Lorg/gradle/api/internal/artifacts/ivyservice/resolveengine/excludes/specs/ExcludeSpec;+0
j  org.gradle.api.internal.artifacts.ivyservice.resolveengine.excludes.factories.OptimizingExcludeFactory.anyOf(Ljava/util/Set;)Lorg/gradle/api/internal/artifacts/ivyservice/resolveengine/excludes/specs/ExcludeSpec;+8
j  org.gradle.api.internal.artifacts.ivyservice.resolveengine.excludes.ModuleExclusions.excludeAny(Ljava/util/Collection;)Lorg/gradle/api/internal/artifacts/ivyservice/resolveengine/excludes/specs/ExcludeSpec;+99
j  org.gradle.api.internal.artifacts.ivyservice.resolveengine.graph.builder.EdgeState.computeExclusionsWhenExcludesPresent(Ljava/util/List;)V+10
j  org.gradle.api.internal.artifacts.ivyservice.resolveengine.graph.builder.EdgeState.computeExclusions()V+32
j  org.gradle.api.internal.artifacts.ivyservice.resolveengine.graph.builder.EdgeState.getExclusions()Lorg/gradle/api/internal/artifacts/ivyservice/resolveengine/excludes/specs/ExcludeSpec;+8
j  org.gradle.api.internal.artifacts.ivyservice.resolveengine.graph.builder.NodeState.computeExclusionFilterSingleIncomingEdge(Lorg/gradle/api/internal/artifacts/ivyservice/resolveengine/graph/builder/EdgeState;Lorg/gradle/api/internal/artifacts/ivyservice/resolveengine/excludes/specs/ExcludeSpec;)Lorg/gradle/api/internal/artifacts/ivyservice/resolveengine/excludes/specs/ExcludeSpec;+10
j  org.gradle.api.internal.artifacts.ivyservice.resolveengine.graph.builder.NodeState.computeExclusionFilter(Ljava/util/List;Lorg/gradle/api/internal/artifacts/ivyservice/resolveengine/excludes/specs/ExcludeSpec;)Lorg/gradle/api/internal/artifacts/ivyservice/resolveengine/excludes/specs/ExcludeSpec;+37
j  org.gradle.api.internal.artifacts.ivyservice.resolveengine.graph.builder.NodeState.computeModuleResolutionFilter(Ljava/util/List;)Lorg/gradle/api/internal/artifacts/ivyservice/resolveengine/excludes/specs/ExcludeSpec;+121
j  org.gradle.api.internal.artifacts.ivyservice.resolveengine.graph.builder.NodeState.visitOutgoingDependencies(Ljava/util/Collection;)V+58
j  org.gradle.api.internal.artifacts.ivyservice.resolveengine.graph.builder.DependencyGraphBuilder.traverseGraph(Lorg/gradle/api/internal/artifacts/ivyservice/resolveengine/graph/builder/ResolveState;Ljava/util/Map;)V+84
j  org.gradle.api.internal.artifacts.ivyservice.resolveengine.graph.builder.DependencyGraphBuilder.resolve(Lorg/gradle/api/internal/artifacts/ResolveContext;Lorg/gradle/api/internal/artifacts/ivyservice/resolveengine/graph/DependencyGraphVisitor;Z)V+182
j  org.gradle.api.internal.artifacts.ivyservice.resolveengine.DefaultArtifactDependencyResolver.resolve(Lorg/gradle/api/internal/artifacts/ResolveContext;Ljava/util/List;Lorg/gradle/api/internal/artifacts/GlobalDependencyResolutionRules;Lorg/gradle/api/specs/Spec;Lorg/gradle/api/internal/artifacts/ivyservice/resolveengine/graph/DependencyGraphVisitor;Lorg/gradle/api/internal/artifacts/ivyservice/resolveengine/artifact/DependencyArtifactsVisitor;Lorg/gradle/api/internal/attributes/AttributesSchemaInternal;Lorg/gradle/api/internal/artifacts/type/ArtifactTypeRegistry;Lorg/gradle/api/internal/artifacts/ivyservice/projectmodule/ProjectDependencyResolver;Z)V+106
j  org.gradle.api.internal.artifacts.ivyservice.DefaultConfigurationResolver.resolveGraph(Lorg/gradle/api/internal/artifacts/configurations/ConfigurationInternal;Lorg/gradle/api/internal/artifacts/ResolverResults;)V+425
j  org.gradle.api.internal.artifacts.ivyservice.ShortCircuitEmptyConfigurationResolver.resolveGraph(Lorg/gradle/api/internal/artifacts/configurations/ConfigurationInternal;Lorg/gradle/api/internal/artifacts/ResolverResults;)V+30
j  org.gradle.api.internal.artifacts.ivyservice.ErrorHandlingConfigurationResolver.resolveGraph(Lorg/gradle/api/internal/artifacts/configurations/ConfigurationInternal;Lorg/gradle/api/internal/artifacts/ResolverResults;)V+6
j  org.gradle.api.internal.artifacts.configurations.DefaultConfiguration$1.call(Lorg/gradle/internal/operations/BuildOperationContext;)Lorg/gradle/api/internal/artifacts/configurations/DefaultConfiguration$ResolveState;+53
j  org.gradle.api.internal.artifacts.configurations.DefaultConfiguration$1.call(Lorg/gradle/internal/operations/BuildOperationContext;)Ljava/lang/Object;+2
j  org.gradle.internal.operations.DefaultBuildOperationRunner$CallableBuildOperationWorker.execute(Lorg/gradle/internal/operations/CallableBuildOperation;Lorg/gradle/internal/operations/BuildOperationContext;)V+3
j  org.gradle.internal.operations.DefaultBuildOperationRunner$CallableBuildOperationWorker.execute(Lorg/gradle/internal/operations/BuildOperation;Lorg/gradle/internal/operations/BuildOperationContext;)V+6
j  org.gradle.internal.operations.DefaultBuildOperationRunner$2.execute(Lorg/gradle/internal/operations/BuildOperationDescriptor;Lorg/gradle/internal/operations/BuildOperationState;Lorg/gradle/internal/operations/BuildOperationState;Lorg/gradle/internal/operations/DefaultBuildOperationRunner$ReadableBuildOperationContext;Lorg/gradle/internal/operations/DefaultBuildOperationRunner$BuildOperationExecutionListener;)Lorg/gradle/internal/operations/BuildOperation;+22
j  org.gradle.internal.operations.DefaultBuildOperationRunner$2.execute(Lorg/gradle/internal/operations/BuildOperationDescriptor;Lorg/gradle/internal/operations/BuildOperationState;Lorg/gradle/internal/operations/BuildOperationState;Lorg/gradle/internal/operations/DefaultBuildOperationRunner$ReadableBuildOperationContext;Lorg/gradle/internal/operations/DefaultBuildOperationRunner$BuildOperationExecutionListener;)Ljava/lang/Object;+8
j  org.gradle.internal.operations.DefaultBuildOperationRunner.execute(Lorg/gradle/internal/operations/BuildOperationDescriptor$Builder;Lorg/gradle/internal/operations/BuildOperationState;Lorg/gradle/internal/operations/DefaultBuildOperationRunner$BuildOperationExecution;)Ljava/lang/Object;+141
j  org.gradle.internal.operations.DefaultBuildOperationRunner.execute(Lorg/gradle/internal/operations/BuildOperation;Lorg/gradle/internal/operations/BuildOperationWorker;Lorg/gradle/internal/operations/BuildOperationState;)V+18
j  org.gradle.internal.operations.DefaultBuildOperationRunner.call(Lorg/gradle/internal/operations/CallableBuildOperation;)Ljava/lang/Object;+16
j  org.gradle.internal.operations.DefaultBuildOperationExecutor.call(Lorg/gradle/internal/operations/CallableBuildOperation;)Ljava/lang/Object;+5
j  org.gradle.api.internal.artifacts.configurations.DefaultConfiguration.resolveGraphIfRequired(Lorg/gradle/api/internal/artifacts/configurations/ConfigurationInternal$InternalState;Lorg/gradle/api/internal/artifacts/configurations/DefaultConfiguration$ResolveState;)Lorg/gradle/api/internal/artifacts/configurations/DefaultConfiguration$ResolveState;+66
j  org.gradle.api.internal.artifacts.configurations.DefaultConfiguration.lambda$resolveExclusively$4(Lorg/gradle/api/internal/artifacts/configurations/ConfigurationInternal$InternalState;Lorg/gradle/api/internal/artifacts/configurations/DefaultConfiguration$ResolveState;)Lorg/gradle/api/internal/artifacts/configurations/DefaultConfiguration$ResolveState;+19
j  org.gradle.api.internal.artifacts.configurations.DefaultConfiguration$$Lambda$567+0x00000001006389d0.apply(Ljava/lang/Object;)Ljava/lang/Object;+12
j  org.gradle.api.internal.project.DefaultProjectStateRegistry$CalculatedModelValueImpl.update(Ljava/util/function/Function;)Ljava/lang/Object;+9
j  org.gradle.api.internal.artifacts.configurations.DefaultConfiguration.resolveExclusively(Lorg/gradle/api/internal/artifacts/configurations/ConfigurationInternal$InternalState;)Lorg/gradle/api/internal/artifacts/configurations/DefaultConfiguration$ResolveState;+11
j  org.gradle.api.internal.artifacts.configurations.DefaultConfiguration.resolveToStateOrLater(Lorg/gradle/api/internal/artifacts/configurations/ConfigurationInternal$InternalState;)Lorg/gradle/api/internal/artifacts/configurations/DefaultConfiguration$ResolveState;+181
j  org.gradle.api.internal.artifacts.configurations.DefaultConfiguration.access$1900(Lorg/gradle/api/internal/artifacts/configurations/DefaultConfiguration;Lorg/gradle/api/internal/artifacts/configurations/ConfigurationInternal$InternalState;)Lorg/gradle/api/internal/artifacts/configurations/DefaultConfiguration$ResolveState;+2
j  org.gradle.api.internal.artifacts.configurations.DefaultConfiguration$SelectedArtifactsProvider.getValue()Lorg/gradle/api/internal/artifacts/ivyservice/resolveengine/artifact/VisitedArtifactSet;+14
j  org.gradle.api.internal.artifacts.configurations.DefaultConfiguration$SelectedArtifactsProvider.getValue()Ljava/lang/Object;+1
j  org.gradle.api.internal.artifacts.configurations.DefaultConfiguration$ConfigurationFileCollection.getSelectedArtifacts()Lorg/gradle/api/internal/artifacts/ivyservice/resolveengine/artifact/SelectedArtifactSet;+12
j  org.gradle.api.internal.artifacts.configurations.DefaultConfiguration$ConfigurationFileCollection.visitContents(Lorg/gradle/api/internal/file/FileCollectionStructureVisitor;)V+10
j  org.gradle.api.internal.file.AbstractFileCollection.getFiles()Ljava/util/Set;+18
j  org.gradle.api.internal.file.AbstractFileCollection.iterator()Ljava/util/Iterator;+1
j  org.gradle.internal.classpath.DefaultClassPath.of(Ljava/lang/Iterable;)Lorg/gradle/internal/classpath/ClassPath;+32
j  org.gradle.api.internal.initialization.DefaultScriptClassPathResolver.resolveClassPath(Lorg/gradle/api/artifacts/Configuration;)Lorg/gradle/internal/classpath/ClassPath;+74
j  org.gradle.api.internal.initialization.DefaultScriptHandler.getInstrumentedScriptClassPath()Lorg/gradle/internal/classpath/ClassPath;+16
j  org.gradle.plugin.use.internal.DefaultPluginRequestApplicator.defineScriptHandlerClassScope(Lorg/gradle/api/internal/initialization/ScriptHandlerInternal;Lorg/gradle/api/internal/initialization/ClassLoaderScope;Ljava/lang/Iterable;)V+3
j  org.gradle.plugin.use.internal.DefaultPluginRequestApplicator.applyPlugins(Lorg/gradle/plugin/management/internal/PluginRequests;Lorg/gradle/api/internal/initialization/ScriptHandlerInternal;Lorg/gradle/api/internal/plugins/PluginManagerInternal;Lorg/gradle/api/internal/initialization/ClassLoaderScope;)V+176
j  org.gradle.kotlin.dsl.provider.PluginRequestsHandler.handle(Lorg/gradle/plugin/management/internal/PluginRequests;Lorg/gradle/api/internal/initialization/ScriptHandlerInternal;Lorg/gradle/api/internal/plugins/PluginAwareInternal;Lorg/gradle/api/internal/initialization/ClassLoaderScope;)V+69
j  org.gradle.kotlin.dsl.provider.StandardKotlinScriptEvaluator$InterpreterHost.applyPluginsTo(Lorg/gradle/kotlin/dsl/support/KotlinScriptHost;Lorg/gradle/plugin/management/internal/PluginRequests;)V+50
j  org.gradle.kotlin.dsl.execution.Interpreter$ProgramHost.applyPluginsTo(Lorg/gradle/kotlin/dsl/support/KotlinScriptHost;Lorg/gradle/plugin/management/internal/PluginRequests;)V+21
j  Program.execute(Lorg/gradle/kotlin/dsl/execution/ExecutableProgram$Host;Lorg/gradle/kotlin/dsl/support/KotlinScriptHost;)V+45
j  org.gradle.kotlin.dsl.execution.Interpreter$ProgramHost.eval(Lorg/gradle/kotlin/dsl/execution/CompiledScript;Lorg/gradle/kotlin/dsl/support/KotlinScriptHost;)V+90
j  org.gradle.kotlin.dsl.execution.Interpreter.eval(Ljava/lang/Object;Lorg/gradle/groovy/scripts/ScriptSource;Lorg/gradle/internal/hash/HashCode;Lorg/gradle/api/initialization/dsl/ScriptHandler;Lorg/gradle/api/internal/initialization/ClassLoaderScope;Lorg/gradle/api/internal/initialization/ClassLoaderScope;ZLjava/util/EnumSet;)V+205
j  org.gradle.kotlin.dsl.provider.StandardKotlinScriptEvaluator.evaluate(Ljava/lang/Object;Lorg/gradle/groovy/scripts/ScriptSource;Lorg/gradle/api/initialization/dsl/ScriptHandler;Lorg/gradle/api/internal/initialization/ClassLoaderScope;Lorg/gradle/api/internal/initialization/ClassLoaderScope;ZLjava/util/EnumSet;)V+163
j  org.gradle.kotlin.dsl.provider.KotlinScriptPluginFactory$create$1.invoke(Ljava/lang/Object;)V+41
j  org.gradle.kotlin.dsl.provider.KotlinScriptPluginFactory$create$1.invoke(Ljava/lang/Object;)Ljava/lang/Object;+2
j  org.gradle.kotlin.dsl.provider.KotlinScriptPlugin.apply(Ljava/lang/Object;)V+22
j  org.gradle.configuration.BuildOperationScriptPlugin$1.run(Lorg/gradle/internal/operations/BuildOperationContext;)V+11
j  org.gradle.internal.operations.DefaultBuildOperationRunner$1.execute(Lorg/gradle/internal/operations/RunnableBuildOperation;Lorg/gradle/internal/operations/BuildOperationContext;)V+2
j  org.gradle.internal.operations.DefaultBuildOperationRunner$1.execute(Lorg/gradle/internal/operations/BuildOperation;Lorg/gradle/internal/operations/BuildOperationContext;)V+6
j  org.gradle.internal.operations.DefaultBuildOperationRunner$2.execute(Lorg/gradle/internal/operations/BuildOperationDescriptor;Lorg/gradle/internal/operations/BuildOperationState;Lorg/gradle/internal/operations/BuildOperationState;Lorg/gradle/internal/operations/DefaultBuildOperationRunner$ReadableBuildOperationContext;Lorg/gradle/internal/operations/DefaultBuildOperationRunner$BuildOperationExecutionListener;)Lorg/gradle/internal/operations/BuildOperation;+22
j  org.gradle.internal.operations.DefaultBuildOperationRunner$2.execute(Lorg/gradle/internal/operations/BuildOperationDescriptor;Lorg/gradle/internal/operations/BuildOperationState;Lorg/gradle/internal/operations/BuildOperationState;Lorg/gradle/internal/operations/DefaultBuildOperationRunner$ReadableBuildOperationContext;Lorg/gradle/internal/operations/DefaultBuildOperationRunner$BuildOperationExecutionListener;)Ljava/lang/Object;+8
j  org.gradle.internal.operations.DefaultBuildOperationRunner.execute(Lorg/gradle/internal/operations/BuildOperationDescriptor$Builder;Lorg/gradle/internal/operations/BuildOperationState;Lorg/gradle/internal/operations/DefaultBuildOperationRunner$BuildOperationExecution;)Ljava/lang/Object;+141
j  org.gradle.internal.operations.DefaultBuildOperationRunner.execute(Lorg/gradle/internal/operations/BuildOperation;Lorg/gradle/internal/operations/BuildOperationWorker;Lorg/gradle/internal/operations/BuildOperationState;)V+18
j  org.gradle.internal.operations.DefaultBuildOperationRunner.run(Lorg/gradle/internal/operations/RunnableBuildOperation;)V+9
j  org.gradle.internal.operations.DefaultBuildOperationExecutor.run(Lorg/gradle/internal/operations/RunnableBuildOperation;)V+5
j  org.gradle.configuration.BuildOperationScriptPlugin.lambda$apply$0(Ljava/lang/Object;Lorg/gradle/configuration/internal/UserCodeApplicationId;)V+14
j  org.gradle.configuration.BuildOperationScriptPlugin$$Lambda$335+0x00000001004b06c8.execute(Ljava/lang/Object;)V+12
j  org.gradle.configuration.internal.DefaultUserCodeApplicationContext.apply(Lorg/gradle/internal/DisplayName;Lorg/gradle/api/Action;)V+37
j  org.gradle.configuration.BuildOperationScriptPlugin.apply(Ljava/lang/Object;)V+61
j  org.gradle.configuration.project.BuildScriptProcessor$$Lambda$617+0x00000001006a2150.accept(Ljava/lang/Object;)V+8
j  org.gradle.api.internal.project.DefaultProjectStateRegistry$ProjectStateImpl.lambda$applyToMutableState$0(Ljava/util/function/Consumer;Lorg/gradle/api/internal/project/ProjectInternal;)Ljava/lang/Object;+2
j  org.gradle.api.internal.project.DefaultProjectStateRegistry$ProjectStateImpl$$Lambda$595+0x0000000100663198.apply(Ljava/lang/Object;)Ljava/lang/Object;+8
j  org.gradle.api.internal.project.DefaultProjectStateRegistry$ProjectStateImpl.fromMutableState(Ljava/util/function/Function;)Ljava/lang/Object;+97
j  org.gradle.api.internal.project.DefaultProjectStateRegistry$ProjectStateImpl.applyToMutableState(Ljava/util/function/Consumer;)V+7
j  org.gradle.configuration.project.BuildScriptProcessor.execute(Lorg/gradle/api/internal/project/ProjectInternal;)V+89
j  org.gradle.configuration.project.BuildScriptProcessor.execute(Ljava/lang/Object;)V+5
j  org.gradle.configuration.project.ConfigureActionsProjectEvaluator.evaluate(Lorg/gradle/api/internal/project/ProjectInternal;Lorg/gradle/api/internal/project/ProjectStateInternal;)V+33
j  org.gradle.configuration.project.LifecycleProjectEvaluator$EvaluateProject.lambda$run$0(Lorg/gradle/internal/operations/BuildOperationContext;Lorg/gradle/api/internal/project/ProjectInternal;)V+67
j  org.gradle.configuration.project.LifecycleProjectEvaluator$EvaluateProject$$Lambda$594+0x0000000100662f40.accept(Ljava/lang/Object;)V+12
j  org.gradle.api.internal.project.DefaultProjectStateRegistry$ProjectStateImpl.lambda$applyToMutableState$0(Ljava/util/function/Consumer;Lorg/gradle/api/internal/project/ProjectInternal;)Ljava/lang/Object;+2
j  org.gradle.api.internal.project.DefaultProjectStateRegistry$ProjectStateImpl$$Lambda$595+0x0000000100663198.apply(Ljava/lang/Object;)Ljava/lang/Object;+8
j  org.gradle.api.internal.project.DefaultProjectStateRegistry$ProjectStateImpl.lambda$fromMutableState$1(Ljava/util/function/Function;)Ljava/lang/Object;+5
j  org.gradle.api.internal.project.DefaultProjectStateRegistry$ProjectStateImpl$$Lambda$596+0x0000000100663400.create()Ljava/lang/Object;+8
j  org.gradle.internal.work.DefaultWorkerLeaseService.withReplacedLocks(Ljava/util/Collection;Lorg/gradle/internal/resources/ResourceLock;Lorg/gradle/internal/Factory;)Ljava/lang/Object;+40
j  org.gradle.api.internal.project.DefaultProjectStateRegistry$ProjectStateImpl.fromMutableState(Ljava/util/function/Function;)Ljava/lang/Object;+132
j  org.gradle.api.internal.project.DefaultProjectStateRegistry$ProjectStateImpl.applyToMutableState(Ljava/util/function/Consumer;)V+7
j  org.gradle.configuration.project.LifecycleProjectEvaluator$EvaluateProject.run(Lorg/gradle/internal/operations/BuildOperationContext;)V+16
j  org.gradle.internal.operations.DefaultBuildOperationRunner$1.execute(Lorg/gradle/internal/operations/RunnableBuildOperation;Lorg/gradle/internal/operations/BuildOperationContext;)V+2
j  org.gradle.internal.operations.DefaultBuildOperationRunner$1.execute(Lorg/gradle/internal/operations/BuildOperation;Lorg/gradle/internal/operations/BuildOperationContext;)V+6
j  org.gradle.internal.operations.DefaultBuildOperationRunner$2.execute(Lorg/gradle/internal/operations/BuildOperationDescriptor;Lorg/gradle/internal/operations/BuildOperationState;Lorg/gradle/internal/operations/BuildOperationState;Lorg/gradle/internal/operations/DefaultBuildOperationRunner$ReadableBuildOperationContext;Lorg/gradle/internal/operations/DefaultBuildOperationRunner$BuildOperationExecutionListener;)Lorg/gradle/internal/operations/BuildOperation;+22
j  org.gradle.internal.operations.DefaultBuildOperationRunner$2.execute(Lorg/gradle/internal/operations/BuildOperationDescriptor;Lorg/gradle/internal/operations/BuildOperationState;Lorg/gradle/internal/operations/BuildOperationState;Lorg/gradle/internal/operations/DefaultBuildOperationRunner$ReadableBuildOperationContext;Lorg/gradle/internal/operations/DefaultBuildOperationRunner$BuildOperationExecutionListener;)Ljava/lang/Object;+8
j  org.gradle.internal.operations.DefaultBuildOperationRunner.execute(Lorg/gradle/internal/operations/BuildOperationDescriptor$Builder;Lorg/gradle/internal/operations/BuildOperationState;Lorg/gradle/internal/operations/DefaultBuildOperationRunner$BuildOperationExecution;)Ljava/lang/Object;+141
j  org.gradle.internal.operations.DefaultBuildOperationRunner.execute(Lorg/gradle/internal/operations/BuildOperation;Lorg/gradle/internal/operations/BuildOperationWorker;Lorg/gradle/internal/operations/BuildOperationState;)V+18
j  org.gradle.internal.operations.DefaultBuildOperationRunner.run(Lorg/gradle/internal/operations/RunnableBuildOperation;)V+9
j  org.gradle.internal.operations.DefaultBuildOperationExecutor.run(Lorg/gradle/internal/operations/RunnableBuildOperation;)V+5
j  org.gradle.configuration.project.LifecycleProjectEvaluator.evaluate(Lorg/gradle/api/internal/project/ProjectInternal;Lorg/gradle/api/internal/project/ProjectStateInternal;)V+42
j  org.gradle.api.internal.project.DefaultProject.evaluate()Lorg/gradle/api/internal/project/DefaultProject;+9
j  org.gradle.api.internal.project.DefaultProject.evaluate()Lorg/gradle/api/Project;+1
j  org.gradle.api.internal.project.ProjectLifecycleController.lambda$ensureSelfConfigured$2()V+4
j  org.gradle.api.internal.project.ProjectLifecycleController$$Lambda$591+0x0000000100661560.run()V+4
j  org.gradle.internal.model.StateTransitionController.lambda$doTransition$13(Ljava/lang/Runnable;)Lorg/gradle/internal/build/ExecutionResult;+1
j  org.gradle.internal.model.StateTransitionController$$Lambda$253+0x00000001004011c8.get()Ljava/lang/Object;+4
j  org.gradle.internal.model.StateTransitionController.doTransition(Lorg/gradle/internal/model/StateTransitionController$State;Lorg/gradle/internal/model/StateTransitionController$State;Ljava/util/function/Supplier;)Lorg/gradle/internal/build/ExecutionResult;+24
j  org.gradle.internal.model.StateTransitionController.doTransition(Lorg/gradle/internal/model/StateTransitionController$State;Lorg/gradle/internal/model/StateTransitionController$State;Ljava/lang/Runnable;)V+9
j  org.gradle.internal.model.StateTransitionController.lambda$maybeTransitionIfNotCurrentlyTransitioning$10(Lorg/gradle/internal/model/StateTransitionController$State;Lorg/gradle/internal/model/StateTransitionController$State;Ljava/lang/Runnable;)V+16
j  org.gradle.internal.model.StateTransitionController$$Lambda$592+0x00000001006617a8.run()V+16
j  org.gradle.internal.work.DefaultSynchronizer.withLock(Ljava/lang/Runnable;)V+6
j  org.gradle.internal.model.StateTransitionController.maybeTransitionIfNotCurrentlyTransitioning(Lorg/gradle/internal/model/StateTransitionController$State;Lorg/gradle/internal/model/StateTransitionController$State;Ljava/lang/Runnable;)V+13
j  org.gradle.api.internal.project.ProjectLifecycleController.ensureSelfConfigured()V+16
j  org.gradle.api.internal.project.DefaultProjectStateRegistry$ProjectStateImpl.ensureConfigured()V+19
j  org.gradle.execution.TaskPathProjectEvaluator.configure(Lorg/gradle/api/internal/project/ProjectInternal;)V+6
j  org.gradle.execution.TaskPathProjectEvaluator.configureHierarchy(Lorg/gradle/api/internal/project/ProjectInternal;)V+2
j  org.gradle.configuration.DefaultProjectsPreparer.prepareProjects(Lorg/gradle/api/internal/GradleInternal;)V+29
j  org.gradle.configuration.BuildTreePreparingProjectsPreparer.prepareProjects(Lorg/gradle/api/internal/GradleInternal;)V+114
j  org.gradle.configuration.BuildOperationFiringProjectsPreparer$ConfigureBuild.run(Lorg/gradle/internal/operations/BuildOperationContext;)V+11
j  org.gradle.internal.operations.DefaultBuildOperationRunner$1.execute(Lorg/gradle/internal/operations/RunnableBuildOperation;Lorg/gradle/internal/operations/BuildOperationContext;)V+2
j  org.gradle.internal.operations.DefaultBuildOperationRunner$1.execute(Lorg/gradle/internal/operations/BuildOperation;Lorg/gradle/internal/operations/BuildOperationContext;)V+6
j  org.gradle.internal.operations.DefaultBuildOperationRunner$2.execute(Lorg/gradle/internal/operations/BuildOperationDescriptor;Lorg/gradle/internal/operations/BuildOperationState;Lorg/gradle/internal/operations/BuildOperationState;Lorg/gradle/internal/operations/DefaultBuildOperationRunner$ReadableBuildOperationContext;Lorg/gradle/internal/operations/DefaultBuildOperationRunner$BuildOperationExecutionListener;)Lorg/gradle/internal/operations/BuildOperation;+22
j  org.gradle.internal.operations.DefaultBuildOperationRunner$2.execute(Lorg/gradle/internal/operations/BuildOperationDescriptor;Lorg/gradle/internal/operations/BuildOperationState;Lorg/gradle/internal/operations/BuildOperationState;Lorg/gradle/internal/operations/DefaultBuildOperationRunner$ReadableBuildOperationContext;Lorg/gradle/internal/operations/DefaultBuildOperationRunner$BuildOperationExecutionListener;)Ljava/lang/Object;+8
j  org.gradle.internal.operations.DefaultBuildOperationRunner.execute(Lorg/gradle/internal/operations/BuildOperationDescriptor$Builder;Lorg/gradle/internal/operations/BuildOperationState;Lorg/gradle/internal/operations/DefaultBuildOperationRunner$BuildOperationExecution;)Ljava/lang/Object;+141
j  org.gradle.internal.operations.DefaultBuildOperationRunner.execute(Lorg/gradle/internal/operations/BuildOperation;Lorg/gradle/internal/operations/BuildOperationWorker;Lorg/gradle/internal/operations/BuildOperationState;)V+18
j  org.gradle.internal.operations.DefaultBuildOperationRunner.run(Lorg/gradle/internal/operations/RunnableBuildOperation;)V+9
j  org.gradle.internal.operations.DefaultBuildOperationExecutor.run(Lorg/gradle/internal/operations/RunnableBuildOperation;)V+5
j  org.gradle.configuration.BuildOperationFiringProjectsPreparer.prepareProjects(Lorg/gradle/api/internal/GradleInternal;)V+13
j  org.gradle.initialization.VintageBuildModelController.lambda$prepareProjects$2()V+8
j  org.gradle.initialization.VintageBuildModelController$$Lambda$580+0x0000000100645af8.run()V+4
j  org.gradle.internal.model.StateTransitionController.lambda$doTransition$13(Ljava/lang/Runnable;)Lorg/gradle/internal/build/ExecutionResult;+1
j  org.gradle.internal.model.StateTransitionController$$Lambda$253+0x00000001004011c8.get()Ljava/lang/Object;+4
j  org.gradle.internal.model.StateTransitionController.doTransition(Lorg/gradle/internal/model/StateTransitionController$State;Lorg/gradle/internal/model/StateTransitionController$State;Ljava/util/function/Supplier;)Lorg/gradle/internal/build/ExecutionResult;+24
j  org.gradle.internal.model.StateTransitionController.doTransition(Lorg/gradle/internal/model/StateTransitionController$State;Lorg/gradle/internal/model/StateTransitionController$State;Ljava/lang/Runnable;)V+9
j  org.gradle.internal.model.StateTransitionController.lambda$transitionIfNotPreviously$11(Lorg/gradle/internal/model/StateTransitionController$State;Lorg/gradle/internal/model/StateTransitionController$State;Ljava/lang/Runnable;)V+16
j  org.gradle.internal.model.StateTransitionController$$Lambda$255+0x0000000100401658.run()V+16
j  org.gradle.internal.work.DefaultSynchronizer.withLock(Ljava/lang/Runnable;)V+6
j  org.gradle.internal.model.StateTransitionController.transitionIfNotPreviously(Lorg/gradle/internal/model/StateTransitionController$State;Lorg/gradle/internal/model/StateTransitionController$State;Ljava/lang/Runnable;)V+13
j  org.gradle.initialization.VintageBuildModelController.prepareProjects()V+16
j  org.gradle.initialization.VintageBuildModelController.prepareToScheduleTasks()V+5
j  org.gradle.internal.build.DefaultBuildLifecycleController.lambda$prepareToScheduleTasks$3()V+9
j  org.gradle.internal.build.DefaultBuildLifecycleController$$Lambda$251+0x0000000100400d38.run()V+4
j  org.gradle.internal.model.StateTransitionController.lambda$doTransition$13(Ljava/lang/Runnable;)Lorg/gradle/internal/build/ExecutionResult;+1
j  org.gradle.internal.model.StateTransitionController$$Lambda$253+0x00000001004011c8.get()Ljava/lang/Object;+4
j  org.gradle.internal.model.StateTransitionController.doTransition(Lorg/gradle/internal/model/StateTransitionController$State;Lorg/gradle/internal/model/StateTransitionController$State;Ljava/util/function/Supplier;)Lorg/gradle/internal/build/ExecutionResult;+24
j  org.gradle.internal.model.StateTransitionController.doTransition(Lorg/gradle/internal/model/StateTransitionController$State;Lorg/gradle/internal/model/StateTransitionController$State;Ljava/lang/Runnable;)V+9
j  org.gradle.internal.model.StateTransitionController.lambda$maybeTransition$9(Lorg/gradle/internal/model/StateTransitionController$State;Lorg/gradle/internal/model/StateTransitionController$State;Ljava/lang/Runnable;)V+16
j  org.gradle.internal.model.StateTransitionController$$Lambda$252+0x0000000100400f80.run()V+16
j  org.gradle.internal.work.DefaultSynchronizer.withLock(Ljava/lang/Runnable;)V+6
j  org.gradle.internal.model.StateTransitionController.maybeTransition(Lorg/gradle/internal/model/StateTransitionController$State;Lorg/gradle/internal/model/StateTransitionController$State;Ljava/lang/Runnable;)V+13
j  org.gradle.internal.build.DefaultBuildLifecycleController.prepareToScheduleTasks()V+16
j  org.gradle.internal.buildtree.DefaultBuildTreeWorkPreparer.scheduleRequestedTasks(Lorg/gradle/internal/buildtree/BuildTreeWorkGraph;Lorg/gradle/execution/EntryTaskSelector;)Lorg/gradle/internal/buildtree/BuildTreeWorkGraph$FinalizedGraph;+4
j  org.gradle.configurationcache.VintageBuildTreeWorkController$scheduleAndRunRequestedTasks$1.apply(Lorg/gradle/internal/buildtree/BuildTreeWorkGraph;)Lorg/gradle/internal/build/ExecutionResult;+18
j  org.gradle.configurationcache.VintageBuildTreeWorkController$scheduleAndRunRequestedTasks$1.apply(Ljava/lang/Object;)Ljava/lang/Object;+5
j  org.gradle.composite.internal.DefaultIncludedBuildTaskGraph.withNewWorkGraph(Ljava/util/function/Function;)Ljava/lang/Object;+30
j  org.gradle.configurationcache.VintageBuildTreeWorkController.scheduleAndRunRequestedTasks(Lorg/gradle/execution/EntryTaskSelector;)Lorg/gradle/internal/build/ExecutionResult;+16
j  org.gradle.internal.buildtree.DefaultBuildTreeLifecycleController.lambda$scheduleAndRunTasks$1(Lorg/gradle/execution/EntryTaskSelector;)Lorg/gradle/internal/build/ExecutionResult;+5
j  org.gradle.internal.buildtree.DefaultBuildTreeLifecycleController$$Lambda$246+0x00000001003fbcf8.get()Ljava/lang/Object;+8
j  org.gradle.internal.buildtree.DefaultBuildTreeLifecycleController.lambda$runBuild$4(Ljava/util/function/Supplier;)Ljava/lang/Object;+1
j  org.gradle.internal.buildtree.DefaultBuildTreeLifecycleController$$Lambda$247+0x0000000100400000.get()Ljava/lang/Object;+8
j  org.gradle.internal.model.StateTransitionController.lambda$transition$6(Ljava/util/function/Supplier;)Lorg/gradle/internal/build/ExecutionResult;+1
j  org.gradle.internal.model.StateTransitionController$$Lambda$249+0x0000000100400490.get()Ljava/lang/Object;+4
j  org.gradle.internal.model.StateTransitionController.doTransition(Lorg/gradle/internal/model/StateTransitionController$State;Lorg/gradle/internal/model/StateTransitionController$State;Ljava/util/function/Supplier;)Lorg/gradle/internal/build/ExecutionResult;+24
j  org.gradle.internal.model.StateTransitionController.lambda$transition$7(Lorg/gradle/internal/model/StateTransitionController$State;Lorg/gradle/internal/model/StateTransitionController$State;Ljava/util/function/Supplier;)Ljava/lang/Object;+9
j  org.gradle.internal.model.StateTransitionController$$Lambda$248+0x0000000100400248.create()Ljava/lang/Object;+16
j  org.gradle.internal.work.DefaultSynchronizer.withLock(Lorg/gradle/internal/Factory;)Ljava/lang/Object;+6
j  org.gradle.internal.model.StateTransitionController.transition(Lorg/gradle/internal/model/StateTransitionController$State;Lorg/gradle/internal/model/StateTransitionController$State;Ljava/util/function/Supplier;)Ljava/lang/Object;+13
j  org.gradle.internal.buildtree.DefaultBuildTreeLifecycleController.runBuild(Ljava/util/function/Supplier;)Ljava/lang/Object;+17
j  org.gradle.internal.buildtree.DefaultBuildTreeLifecycleController.scheduleAndRunTasks(Lorg/gradle/execution/EntryTaskSelector;)V+8
j  org.gradle.internal.buildtree.DefaultBuildTreeLifecycleController.scheduleAndRunTasks()V+2
j  org.gradle.tooling.internal.provider.runner.BuildModelActionRunner.run(Lorg/gradle/internal/invocation/BuildAction;Lorg/gradle/internal/buildtree/BuildTreeLifecycleController;)Lorg/gradle/internal/buildtree/BuildActionRunner$Result;+65
j  org.gradle.launcher.exec.ChainingBuildActionRunner.run(Lorg/gradle/internal/invocation/BuildAction;Lorg/gradle/internal/buildtree/BuildTreeLifecycleController;)Lorg/gradle/internal/buildtree/BuildActionRunner$Result;+34
j  org.gradle.internal.buildtree.ProblemReportingBuildActionRunner.run(Lorg/gradle/internal/invocation/BuildAction;Lorg/gradle/internal/buildtree/BuildTreeLifecycleController;)Lorg/gradle/internal/buildtree/BuildActionRunner$Result;+12
j  org.gradle.launcher.exec.BuildOutcomeReportingBuildActionRunner.run(Lorg/gradle/internal/invocation/BuildAction;Lorg/gradle/internal/buildtree/BuildTreeLifecycleController;)Lorg/gradle/internal/buildtree/BuildActionRunner$Result;+69
j  org.gradle.tooling.internal.provider.FileSystemWatchingBuildActionRunner.run(Lorg/gradle/internal/invocation/BuildAction;Lorg/gradle/internal/buildtree/BuildTreeLifecycleController;)Lorg/gradle/internal/buildtree/BuildActionRunner$Result;+335
j  org.gradle.launcher.exec.BuildCompletionNotifyingBuildActionRunner.run(Lorg/gradle/internal/invocation/BuildAction;Lorg/gradle/internal/buildtree/BuildTreeLifecycleController;)Lorg/gradle/internal/buildtree/BuildActionRunner$Result;+6
j  org.gradle.launcher.exec.RootBuildLifecycleBuildActionExecutor.lambda$execute$0(Lorg/gradle/internal/invocation/BuildAction;Lorg/gradle/internal/buildtree/BuildTreeLifecycleController;)Lorg/gradle/internal/buildtree/BuildActionRunner$Result;+6
j  org.gradle.launcher.exec.RootBuildLifecycleBuildActionExecutor$$Lambda$205+0x00000001003def28.apply(Ljava/lang/Object;)Ljava/lang/Object;+12
j  org.gradle.composite.internal.DefaultRootBuildState.run(Ljava/util/function/Function;)Ljava/lang/Object;+87
j  org.gradle.launcher.exec.RootBuildLifecycleBuildActionExecutor.execute(Lorg/gradle/internal/invocation/BuildAction;Lorg/gradle/internal/buildtree/BuildTreeContext;)Lorg/gradle/internal/buildtree/BuildActionRunner$Result;+28
j  org.gradle.internal.buildtree.DefaultBuildTreeContext.execute(Lorg/gradle/internal/invocation/BuildAction;)Lorg/gradle/internal/buildtree/BuildActionRunner$Result;+64
j  org.gradle.launcher.exec.BuildTreeLifecycleBuildActionExecutor.lambda$execute$0(Lorg/gradle/internal/invocation/BuildAction;Lorg/gradle/internal/buildtree/BuildTreeContext;)Lorg/gradle/internal/buildtree/BuildActionRunner$Result;+2
j  org.gradle.launcher.exec.BuildTreeLifecycleBuildActionExecutor$$Lambda$158+0x0000000100330690.apply(Ljava/lang/Object;)Ljava/lang/Object;+8
j  org.gradle.internal.buildtree.BuildTreeState.run(Ljava/util/function/Function;)Ljava/lang/Object;+5
j  org.gradle.launcher.exec.BuildTreeLifecycleBuildActionExecutor.execute(Lorg/gradle/internal/invocation/BuildAction;Lorg/gradle/internal/session/BuildSessionContext;)Lorg/gradle/internal/buildtree/BuildActionRunner$Result;+181
j  org.gradle.launcher.exec.RunAsBuildOperationBuildActionExecutor$3.call(Lorg/gradle/internal/operations/BuildOperationContext;)Lorg/gradle/internal/buildtree/BuildActionRunner$Result;+25
j  org.gradle.launcher.exec.RunAsBuildOperationBuildActionExecutor$3.call(Lorg/gradle/internal/operations/BuildOperationContext;)Ljava/lang/Object;+2
j  org.gradle.internal.operations.DefaultBuildOperationRunner$CallableBuildOperationWorker.execute(Lorg/gradle/internal/operations/CallableBuildOperation;Lorg/gradle/internal/operations/BuildOperationContext;)V+3
j  org.gradle.internal.operations.DefaultBuildOperationRunner$CallableBuildOperationWorker.execute(Lorg/gradle/internal/operations/BuildOperation;Lorg/gradle/internal/operations/BuildOperationContext;)V+6
j  org.gradle.internal.operations.DefaultBuildOperationRunner$2.execute(Lorg/gradle/internal/operations/BuildOperationDescriptor;Lorg/gradle/internal/operations/BuildOperationState;Lorg/gradle/internal/operations/BuildOperationState;Lorg/gradle/internal/operations/DefaultBuildOperationRunner$ReadableBuildOperationContext;Lorg/gradle/internal/operations/DefaultBuildOperationRunner$BuildOperationExecutionListener;)Lorg/gradle/internal/operations/BuildOperation;+22
j  org.gradle.internal.operations.DefaultBuildOperationRunner$2.execute(Lorg/gradle/internal/operations/BuildOperationDescriptor;Lorg/gradle/internal/operations/BuildOperationState;Lorg/gradle/internal/operations/BuildOperationState;Lorg/gradle/internal/operations/DefaultBuildOperationRunner$ReadableBuildOperationContext;Lorg/gradle/internal/operations/DefaultBuildOperationRunner$BuildOperationExecutionListener;)Ljava/lang/Object;+8
j  org.gradle.internal.operations.DefaultBuildOperationRunner.execute(Lorg/gradle/internal/operations/BuildOperationDescriptor$Builder;Lorg/gradle/internal/operations/BuildOperationState;Lorg/gradle/internal/operations/DefaultBuildOperationRunner$BuildOperationExecution;)Ljava/lang/Object;+141
j  org.gradle.internal.operations.DefaultBuildOperationRunner.execute(Lorg/gradle/internal/operations/BuildOperation;Lorg/gradle/internal/operations/BuildOperationWorker;Lorg/gradle/internal/operations/BuildOperationState;)V+18
j  org.gradle.internal.operations.DefaultBuildOperationRunner.call(Lorg/gradle/internal/operations/CallableBuildOperation;)Ljava/lang/Object;+16
j  org.gradle.internal.operations.DefaultBuildOperationExecutor.call(Lorg/gradle/internal/operations/CallableBuildOperation;)Ljava/lang/Object;+5
j  org.gradle.launcher.exec.RunAsBuildOperationBuildActionExecutor.execute(Lorg/gradle/internal/invocation/BuildAction;Lorg/gradle/internal/session/BuildSessionContext;)Lorg/gradle/internal/buildtree/BuildActionRunner$Result;+23
j  org.gradle.launcher.exec.RunAsWorkerThreadBuildActionExecutor.lambda$execute$0(Lorg/gradle/internal/invocation/BuildAction;Lorg/gradle/internal/session/BuildSessionContext;)Lorg/gradle/internal/buildtree/BuildActionRunner$Result;+6
j  org.gradle.launcher.exec.RunAsWorkerThreadBuildActionExecutor$$Lambda$157+0x0000000100315450.create()Ljava/lang/Object;+12
j  org.gradle.internal.work.DefaultWorkerLeaseService.withLocks(Ljava/util/Collection;Lorg/gradle/internal/Factory;)Ljava/lang/Object;+28
j  org.gradle.internal.work.DefaultWorkerLeaseService.runAsWorkerThread(Lorg/gradle/internal/Factory;)Ljava/lang/Object;+33
j  org.gradle.launcher.exec.RunAsWorkerThreadBuildActionExecutor.execute(Lorg/gradle/internal/invocation/BuildAction;Lorg/gradle/internal/session/BuildSessionContext;)Lorg/gradle/internal/buildtree/BuildActionRunner$Result;+12
j  org.gradle.tooling.internal.provider.continuous.ContinuousBuildActionExecutor.execute(Lorg/gradle/internal/invocation/BuildAction;Lorg/gradle/internal/session/BuildSessionContext;)Lorg/gradle/internal/buildtree/BuildActionRunner$Result;+58
j  org.gradle.tooling.internal.provider.SubscribableBuildActionExecutor.execute(Lorg/gradle/internal/invocation/BuildAction;Lorg/gradle/internal/session/BuildSessionContext;)Lorg/gradle/internal/buildtree/BuildActionRunner$Result;+30
j  org.gradle.internal.session.DefaultBuildSessionContext.execute(Lorg/gradle/internal/invocation/BuildAction;)Lorg/gradle/internal/buildtree/BuildActionRunner$Result;+64
j  org.gradle.tooling.internal.provider.BuildSessionLifecycleBuildActionExecuter$ActionImpl.apply(Lorg/gradle/internal/session/BuildSessionContext;)Lorg/gradle/launcher/exec/BuildActionResult;+6
j  org.gradle.tooling.internal.provider.BuildSessionLifecycleBuildActionExecuter$ActionImpl.apply(Ljava/lang/Object;)Ljava/lang/Object;+5
j  org.gradle.internal.session.BuildSessionState.run(Ljava/util/function/Function;)Ljava/lang/Object;+5
j  org.gradle.tooling.internal.provider.BuildSessionLifecycleBuildActionExecuter.execute(Lorg/gradle/internal/invocation/BuildAction;Lorg/gradle/launcher/exec/BuildActionParameters;Lorg/gradle/initialization/BuildRequestContext;)Lorg/gradle/launcher/exec/BuildActionResult;+95
j  org.gradle.tooling.internal.provider.BuildSessionLifecycleBuildActionExecuter.execute(Lorg/gradle/internal/invocation/BuildAction;Ljava/lang/Object;Ljava/lang/Object;)Lorg/gradle/launcher/exec/BuildActionResult;+10
j  org.gradle.tooling.internal.provider.StartParamsValidatingActionExecuter.execute(Lorg/gradle/internal/invocation/BuildAction;Lorg/gradle/launcher/exec/BuildActionParameters;Lorg/gradle/initialization/BuildRequestContext;)Lorg/gradle/launcher/exec/BuildActionResult;+177
j  org.gradle.tooling.internal.provider.StartParamsValidatingActionExecuter.execute(Lorg/gradle/internal/invocation/BuildAction;Ljava/lang/Object;Ljava/lang/Object;)Lorg/gradle/launcher/exec/BuildActionResult;+10
j  org.gradle.tooling.internal.provider.SessionFailureReportingActionExecuter.execute(Lorg/gradle/internal/invocation/BuildAction;Lorg/gradle/launcher/exec/BuildActionParameters;Lorg/gradle/initialization/BuildRequestContext;)Lorg/gradle/launcher/exec/BuildActionResult;+7
j  org.gradle.tooling.internal.provider.SessionFailureReportingActionExecuter.execute(Lorg/gradle/internal/invocation/BuildAction;Ljava/lang/Object;Ljava/lang/Object;)Lorg/gradle/launcher/exec/BuildActionResult;+10
j  org.gradle.tooling.internal.provider.SetupLoggingActionExecuter.execute(Lorg/gradle/internal/invocation/BuildAction;Lorg/gradle/launcher/exec/BuildActionParameters;Lorg/gradle/initialization/BuildRequestContext;)Lorg/gradle/launcher/exec/BuildActionResult;+50
j  org.gradle.tooling.internal.provider.SetupLoggingActionExecuter.execute(Lorg/gradle/internal/invocation/BuildAction;Ljava/lang/Object;Ljava/lang/Object;)Lorg/gradle/launcher/exec/BuildActionResult;+10
j  org.gradle.launcher.daemon.server.exec.ExecuteBuild.doBuild(Lorg/gradle/launcher/daemon/server/api/DaemonCommandExecution;Lorg/gradle/launcher/daemon/protocol/Build;)V+117
j  org.gradle.launcher.daemon.server.exec.BuildCommandOnly.execute(Lorg/gradle/launcher/daemon/server/api/DaemonCommandExecution;)V+49
j  org.gradle.launcher.daemon.server.api.DaemonCommandExecution.proceed()Z+23
j  org.gradle.launcher.daemon.server.exec.WatchForDisconnection.execute(Lorg/gradle/launcher/daemon/server/api/DaemonCommandExecution;)V+19
j  org.gradle.launcher.daemon.server.api.DaemonCommandExecution.proceed()Z+23
j  org.gradle.launcher.daemon.server.exec.ResetDeprecationLogger.execute(Lorg/gradle/launcher/daemon/server/api/DaemonCommandExecution;)V+7
j  org.gradle.launcher.daemon.server.api.DaemonCommandExecution.proceed()Z+23
j  org.gradle.launcher.daemon.server.exec.RequestStopIfSingleUsedDaemon.execute(Lorg/gradle/launcher/daemon/server/api/DaemonCommandExecution;)V+33
j  org.gradle.launcher.daemon.server.api.DaemonCommandExecution.proceed()Z+23
j  org.gradle.launcher.daemon.server.exec.ForwardClientInput$2.create()Ljava/lang/Void;+4
j  org.gradle.launcher.daemon.server.exec.ForwardClientInput$2.create()Ljava/lang/Object;+1
j  org.gradle.util.internal.Swapper.swap(Ljava/lang/Object;Lorg/gradle/internal/Factory;)Ljava/lang/Object;+21
j  org.gradle.launcher.daemon.server.exec.ForwardClientInput.execute(Lorg/gradle/launcher/daemon/server/api/DaemonCommandExecution;)V+63
j  org.gradle.launcher.daemon.server.api.DaemonCommandExecution.proceed()Z+23
j  org.gradle.launcher.daemon.server.exec.LogAndCheckHealth.execute(Lorg/gradle/launcher/daemon/server/api/DaemonCommandExecution;)V+51
j  org.gradle.launcher.daemon.server.api.DaemonCommandExecution.proceed()Z+23
j  org.gradle.launcher.daemon.server.exec.LogToClient.doBuild(Lorg/gradle/launcher/daemon/server/api/DaemonCommandExecution;Lorg/gradle/launcher/daemon/protocol/Build;)V+87
j  org.gradle.launcher.daemon.server.exec.BuildCommandOnly.execute(Lorg/gradle/launcher/daemon/server/api/DaemonCommandExecution;)V+49
j  org.gradle.launcher.daemon.server.api.DaemonCommandExecution.proceed()Z+23
j  org.gradle.launcher.daemon.server.exec.EstablishBuildEnvironment.doBuild(Lorg/gradle/launcher/daemon/server/api/DaemonCommandExecution;Lorg/gradle/launcher/daemon/protocol/Build;)V+356
j  org.gradle.launcher.daemon.server.exec.BuildCommandOnly.execute(Lorg/gradle/launcher/daemon/server/api/DaemonCommandExecution;)V+49
j  org.gradle.launcher.daemon.server.api.DaemonCommandExecution.proceed()Z+23
j  org.gradle.launcher.daemon.server.exec.StartBuildOrRespondWithBusy$1.run()V+44
j  org.gradle.launcher.daemon.server.DaemonStateCoordinator$1.run()V+4
j  org.gradle.internal.concurrent.ExecutorPolicy$CatchAndRecordFailures.onExecute(Ljava/lang/Runnable;)V+1
j  org.gradle.internal.concurrent.ManagedExecutorImpl$1.run()V+25
j  java.util.concurrent.ThreadPoolExecutor.runWorker(Ljava/util/concurrent/ThreadPoolExecutor$Worker;)V+92 java.base@17.0.6
j  java.util.concurrent.ThreadPoolExecutor$Worker.run()V+5 java.base@17.0.6
j  java.lang.Thread.run()V+11 java.base@17.0.6
v  ~StubRoutines::call_stub

---------------  P R O C E S S  ---------------

Threads class SMR info:
_java_thread_list=0x00000177dd41abc0, length=40, elements={
0x00000177bf6f8b80, 0x00000177d8caf040, 0x00000177d8cafdc0, 0x00000177d8cf4ff0,
0x00000177d8cf78c0, 0x00000177d8cf8180, 0x00000177d8cf8a40, 0x00000177d8cf9630,
0x00000177d9867390, 0x00000177d986a050, 0x00000177d9993020, 0x00000177d9997910,
0x00000177d9dd2c40, 0x00000177d9dd0f60, 0x00000177d9dd35e0, 0x00000177d9dd1dd0,
0x00000177d9dd0a90, 0x00000177d9dd3110, 0x00000177d9dd3f80, 0x00000177d9dd3ab0,
0x00000177d9dd05c0, 0x00000177d9dd22a0, 0x00000177d9dd1430, 0x00000177d9dd1900,
0x00000177db0a1550, 0x00000177db09e530, 0x00000177db09e060, 0x00000177db0a53e0,
0x00000177db09ea00, 0x00000177db09eed0, 0x00000177db09f3a0, 0x00000177db0a3230,
0x00000177db0a1080, 0x00000177db0a58b0, 0x00000177db0a40a0, 0x00000177db0a1a20,
0x00000177db0a0bb0, 0x00000177db0a3bd0, 0x00000177db0a2d60, 0x00000177db0a4570
}

Java Threads: ( => current thread )
  0x00000177bf6f8b80 JavaThread "main" [_thread_blocked, id=20852, stack(0x00000014d0000000,0x00000014d0100000)]
  0x00000177d8caf040 JavaThread "Reference Handler" daemon [_thread_blocked, id=14852, stack(0x00000014d0700000,0x00000014d0800000)]
  0x00000177d8cafdc0 JavaThread "Finalizer" daemon [_thread_blocked, id=11320, stack(0x00000014d0800000,0x00000014d0900000)]
  0x00000177d8cf4ff0 JavaThread "Signal Dispatcher" daemon [_thread_blocked, id=26220, stack(0x00000014d0900000,0x00000014d0a00000)]
  0x00000177d8cf78c0 JavaThread "Attach Listener" daemon [_thread_blocked, id=25944, stack(0x00000014d0a00000,0x00000014d0b00000)]
  0x00000177d8cf8180 JavaThread "Service Thread" daemon [_thread_blocked, id=22624, stack(0x00000014d0b00000,0x00000014d0c00000)]
  0x00000177d8cf8a40 JavaThread "Monitor Deflation Thread" daemon [_thread_blocked, id=20440, stack(0x00000014d0c00000,0x00000014d0d00000)]
  0x00000177d8cf9630 JavaThread "C2 CompilerThread0" daemon [_thread_blocked, id=6624, stack(0x00000014d0d00000,0x00000014d0e00000)]
  0x00000177d9867390 JavaThread "C1 CompilerThread0" daemon [_thread_blocked, id=768, stack(0x00000014d0e00000,0x00000014d0f00000)]
  0x00000177d986a050 JavaThread "Sweeper thread" daemon [_thread_blocked, id=19384, stack(0x00000014d0f00000,0x00000014d1000000)]
  0x00000177d9993020 JavaThread "Common-Cleaner" daemon [_thread_blocked, id=4448, stack(0x00000014d1000000,0x00000014d1100000)]
  0x00000177d9997910 JavaThread "Notification Thread" daemon [_thread_blocked, id=14304, stack(0x00000014d1100000,0x00000014d1200000)]
  0x00000177d9dd2c40 JavaThread "Daemon health stats" [_thread_blocked, id=24964, stack(0x00000014d1600000,0x00000014d1700000)]
  0x00000177d9dd0f60 JavaThread "Incoming local TCP Connector on port 53500" [_thread_in_native, id=16680, stack(0x00000014d1700000,0x00000014d1800000)]
  0x00000177d9dd35e0 JavaThread "Daemon periodic checks" [_thread_blocked, id=18732, stack(0x00000014d1800000,0x00000014d1900000)]
  0x00000177d9dd1dd0 JavaThread "Daemon" [_thread_blocked, id=3948, stack(0x00000014d1900000,0x00000014d1a00000)]
  0x00000177d9dd0a90 JavaThread "Handler for socket connection from /127.0.0.1:53500 to /127.0.0.1:53501" [_thread_in_native, id=20316, stack(0x00000014d1a00000,0x00000014d1b00000)]
  0x00000177d9dd3110 JavaThread "Cancel handler" [_thread_blocked, id=9256, stack(0x00000014d1b00000,0x00000014d1c00000)]
=>0x00000177d9dd3f80 JavaThread "Daemon worker" [_thread_in_vm, id=4996, stack(0x00000014d1c00000,0x00000014d1d00000)]
  0x00000177d9dd3ab0 JavaThread "Asynchronous log dispatcher for DefaultDaemonConnection: socket connection from /127.0.0.1:53500 to /127.0.0.1:53501" [_thread_blocked, id=3184, stack(0x00000014d1d00000,0x00000014d1e00000)]
  0x00000177d9dd05c0 JavaThread "Stdin handler" [_thread_blocked, id=25596, stack(0x00000014d1e00000,0x00000014d1f00000)]
  0x00000177d9dd22a0 JavaThread "Daemon client event forwarder" [_thread_blocked, id=2156, stack(0x00000014d1f00000,0x00000014d2000000)]
  0x00000177d9dd1430 JavaThread "Cache worker for journal cache (C:\Users\user\.gradle\caches\journal-1)" [_thread_blocked, id=7912, stack(0x00000014d2000000,0x00000014d2100000)]
  0x00000177d9dd1900 JavaThread "File lock request listener" [_thread_in_native, id=21668, stack(0x00000014d2100000,0x00000014d2200000)]
  0x00000177db0a1550 JavaThread "Cache worker for file hash cache (C:\Users\user\.gradle\caches\8.0\fileHashes)" [_thread_blocked, id=21264, stack(0x00000014d2200000,0x00000014d2300000)]
  0x00000177db09e530 JavaThread "File watcher server" daemon [_thread_in_native, id=16316, stack(0x00000014d2300000,0x00000014d2400000)]
  0x00000177db09e060 JavaThread "File watcher consumer" daemon [_thread_blocked, id=11400, stack(0x00000014d2400000,0x00000014d2500000)]
  0x00000177db0a53e0 JavaThread "Cache worker for checksums cache (C:\Users\user\Downloads\words1\.gradle\8.0\checksums)" [_thread_blocked, id=8156, stack(0x00000014d2500000,0x00000014d2600000)]
  0x00000177db09ea00 JavaThread "Cache worker for cache directory md-rule (C:\Users\user\.gradle\caches\8.0\md-rule)" [_thread_blocked, id=22680, stack(0x00000014d2600000,0x00000014d2700000)]
  0x00000177db09eed0 JavaThread "Cache worker for file content cache (C:\Users\user\.gradle\caches\8.0\fileContent)" [_thread_blocked, id=6512, stack(0x00000014d2700000,0x00000014d2800000)]
  0x00000177db09f3a0 JavaThread "Cache worker for file hash cache (C:\Users\user\Downloads\words1\.gradle\8.0\fileHashes)" [_thread_blocked, id=12760, stack(0x00000014d2800000,0x00000014d2900000)]
  0x00000177db0a3230 JavaThread "Cache worker for cache directory md-supplier (C:\Users\user\.gradle\caches\8.0\md-supplier)" [_thread_blocked, id=12024, stack(0x00000014d2900000,0x00000014d2a00000)]
  0x00000177db0a1080 JavaThread "Cache worker for execution history cache (C:\Users\user\.gradle\caches\8.0\executionHistory)" [_thread_blocked, id=8456, stack(0x00000014d2a00000,0x00000014d2b00000)]
  0x00000177db0a58b0 JavaThread "jar transforms" [_thread_blocked, id=24944, stack(0x00000014d2b00000,0x00000014d2c00000)]
  0x00000177db0a40a0 JavaThread "jar transforms Thread 2" [_thread_blocked, id=12156, stack(0x00000014d2d00000,0x00000014d2e00000)]
  0x00000177db0a1a20 JavaThread "Cache worker for kotlin-dsl (C:\Users\user\.gradle\caches\8.0\kotlin-dsl)" [_thread_blocked, id=7956, stack(0x00000014d2e00000,0x00000014d2f00000)]
  0x00000177db0a0bb0 JavaThread "jar transforms Thread 3" [_thread_blocked, id=17316, stack(0x00000014cff00000,0x00000014d0000000)]
  0x00000177db0a3bd0 JavaThread "jar transforms Thread 4" [_thread_blocked, id=21476, stack(0x00000014d2f00000,0x00000014d3000000)]
  0x00000177db0a2d60 JavaThread "Cache worker for dependencies-accessors (C:\Users\user\Downloads\words1\.gradle\8.0\dependencies-accessors)" [_thread_blocked, id=18132, stack(0x00000014d3000000,0x00000014d3100000)]
  0x00000177db0a4570 JavaThread "Cache worker for Build Output Cleanup Cache (C:\Users\user\Downloads\words1\.gradle\buildOutputCleanup)" [_thread_blocked, id=13040, stack(0x00000014d3100000,0x00000014d3200000)]

Other Threads:
  0x00000177d8c4e1b0 VMThread "VM Thread" [stack: 0x00000014d0600000,0x00000014d0700000] [id=13340]
  0x00000177d9999df0 WatcherThread [stack: 0x00000014d1200000,0x00000014d1300000] [id=25036]
  0x00000177bf757f70 GCTaskThread "GC Thread#0" [stack: 0x00000014d0100000,0x00000014d0200000] [id=20168]
  0x00000177d9eb6570 GCTaskThread "GC Thread#1" [stack: 0x00000014d1300000,0x00000014d1400000] [id=24232]
  0x00000177d9bdc4a0 GCTaskThread "GC Thread#2" [stack: 0x00000014d1400000,0x00000014d1500000] [id=15800]
  0x00000177da44fc90 GCTaskThread "GC Thread#3" [stack: 0x00000014d1500000,0x00000014d1600000] [id=14272]
  0x00000177bf768dc0 ConcurrentGCThread "G1 Main Marker" [stack: 0x00000014d0200000,0x00000014d0300000] [id=4656]
  0x00000177bf7696e0 ConcurrentGCThread "G1 Conc#0" [stack: 0x00000014d0300000,0x00000014d0400000] [id=7452]
  0x00000177bf7ccfa0 ConcurrentGCThread "G1 Refine#0" [stack: 0x00000014d0400000,0x00000014d0500000] [id=13420]
  0x00000177dceee350 ConcurrentGCThread "G1 Refine#1" [stack: 0x00000014d2c00000,0x00000014d2d00000] [id=13604]
  0x00000177bf7ce8e0 ConcurrentGCThread "G1 Service" [stack: 0x00000014d0500000,0x00000014d0600000] [id=18704]

Threads with active compile tasks:

VM state: not at safepoint (normal execution)

VM Mutex/Monitor currently owned by a thread:  ([mutex/lock_event])
[0x00000177bd5ae8c0] Metaspace_lock - owner thread: 0x00000177d9dd3f80

Heap address: 0x0000000080000000, size: 2048 MB, Compressed Oops mode: 32-bit

CDS archive(s) not mapped
Compressed class space mapped at: 0x0000000100000000-0x0000000140000000, reserved size: 1073741824
Narrow klass base: 0x0000000000000000, Narrow klass shift: 3, Narrow klass range: 0x140000000

GC Precious Log:
 CPUs: 4 total, 4 available
 Memory: 7573M
 Large Page Support: Disabled
 NUMA Support: Disabled
 Compressed Oops: Enabled (32-bit)
 Heap Region Size: 1M
 Heap Min Capacity: 8M
 Heap Initial Capacity: 120M
 Heap Max Capacity: 2G
 Pre-touch: Disabled
 Parallel Workers: 4
 Concurrent Workers: 1
 Concurrent Refinement Workers: 4
 Periodic GC: Disabled

Heap:
 garbage-first heap   total 65536K, used 41687K [0x0000000080000000, 0x0000000100000000)
  region size 1024K, 11 young (11264K), 2 survivors (2048K)
 Metaspace       used 52745K, committed 53184K, reserved 1097728K
  class space    used 7053K, committed 7296K, reserved 1048576K

Heap Regions: E=young(eden), S=young(survivor), O=old, HS=humongous(starts), HC=humongous(continues), CS=collection set, F=free, OA=open archive, CA=closed archive, TAMS=top-at-mark-start (previous, next)
|   0|0x0000000080000000, 0x0000000080100000, 0x0000000080100000|100%| O|  |TAMS 0x0000000080100000, 0x0000000080000000| Untracked 
|   1|0x0000000080100000, 0x0000000080200000, 0x0000000080200000|100%| O|  |TAMS 0x0000000080200000, 0x0000000080100000| Untracked 
|   2|0x0000000080200000, 0x0000000080300000, 0x0000000080300000|100%|HS|  |TAMS 0x0000000080300000, 0x0000000080200000| Complete 
|   3|0x0000000080300000, 0x0000000080400000, 0x0000000080400000|100%|HC|  |TAMS 0x0000000080400000, 0x0000000080300000| Complete 
|   4|0x0000000080400000, 0x0000000080500000, 0x0000000080500000|100%|HC|  |TAMS 0x0000000080500000, 0x0000000080400000| Complete 
|   5|0x0000000080500000, 0x0000000080600000, 0x0000000080600000|100%|HC|  |TAMS 0x0000000080600000, 0x0000000080500000| Complete 
|   6|0x0000000080600000, 0x0000000080700000, 0x0000000080700000|100%| O|  |TAMS 0x0000000080700000, 0x0000000080600000| Untracked 
|   7|0x0000000080700000, 0x0000000080800000, 0x0000000080800000|100%| O|  |TAMS 0x0000000080800000, 0x0000000080700000| Untracked 
|   8|0x0000000080800000, 0x0000000080900000, 0x0000000080900000|100%| O|  |TAMS 0x0000000080900000, 0x0000000080800000| Untracked 
|   9|0x0000000080900000, 0x0000000080a00000, 0x0000000080a00000|100%| O|  |TAMS 0x0000000080a00000, 0x0000000080900000| Untracked 
|  10|0x0000000080a00000, 0x0000000080b00000, 0x0000000080b00000|100%| O|  |TAMS 0x0000000080b00000, 0x0000000080a00000| Untracked 
|  11|0x0000000080b00000, 0x0000000080b49e00, 0x0000000080c00000| 28%| O|  |TAMS 0x0000000080b49e00, 0x0000000080b00000| Untracked 
|  12|0x0000000080c00000, 0x0000000080d00000, 0x0000000080d00000|100%| O|  |TAMS 0x0000000080d00000, 0x0000000080c00000| Untracked 
|  13|0x0000000080d00000, 0x0000000080e00000, 0x0000000080e00000|100%| O|  |TAMS 0x0000000080e00000, 0x0000000080d00000| Untracked 
|  14|0x0000000080e00000, 0x0000000080f00000, 0x0000000080f00000|100%| O|  |TAMS 0x0000000080f00000, 0x0000000080e00000| Untracked 
|  15|0x0000000080f00000, 0x0000000081000000, 0x0000000081000000|100%| O|  |TAMS 0x0000000081000000, 0x0000000080f00000| Untracked 
|  16|0x0000000081000000, 0x0000000081100000, 0x0000000081100000|100%| O|  |TAMS 0x0000000081100000, 0x0000000081000000| Untracked 
|  17|0x0000000081100000, 0x0000000081200000, 0x0000000081200000|100%| O|  |TAMS 0x0000000081200000, 0x0000000081100000| Untracked 
|  18|0x0000000081200000, 0x0000000081300000, 0x0000000081300000|100%| O|  |TAMS 0x0000000081300000, 0x0000000081200000| Untracked 
|  19|0x0000000081300000, 0x0000000081400000, 0x0000000081400000|100%| O|  |TAMS 0x0000000081400000, 0x0000000081300000| Untracked 
|  20|0x0000000081400000, 0x0000000081500000, 0x0000000081500000|100%| O|  |TAMS 0x0000000081500000, 0x0000000081400000| Untracked 
|  21|0x0000000081500000, 0x0000000081600000, 0x0000000081600000|100%| O|  |TAMS 0x0000000081600000, 0x0000000081500000| Untracked 
|  22|0x0000000081600000, 0x0000000081700000, 0x0000000081700000|100%| O|  |TAMS 0x0000000081700000, 0x0000000081600000| Untracked 
|  23|0x0000000081700000, 0x0000000081800000, 0x0000000081800000|100%| O|  |TAMS 0x0000000081800000, 0x0000000081700000| Untracked 
|  24|0x0000000081800000, 0x0000000081900000, 0x0000000081900000|100%| O|  |TAMS 0x0000000081900000, 0x0000000081800000| Untracked 
|  25|0x0000000081900000, 0x0000000081a00000, 0x0000000081a00000|100%| O|  |TAMS 0x0000000081a00000, 0x0000000081900000| Untracked 
|  26|0x0000000081a00000, 0x0000000081b00000, 0x0000000081b00000|100%| O|  |TAMS 0x0000000081b00000, 0x0000000081a00000| Untracked 
|  27|0x0000000081b00000, 0x0000000081c00000, 0x0000000081c00000|100%| O|  |TAMS 0x0000000081c00000, 0x0000000081b00000| Untracked 
|  28|0x0000000081c00000, 0x0000000081d00000, 0x0000000081d00000|100%| O|  |TAMS 0x0000000081d00000, 0x0000000081c00000| Untracked 
|  29|0x0000000081d00000, 0x0000000081e00000, 0x0000000081e00000|100%| O|  |TAMS 0x0000000081e00000, 0x0000000081d00000| Untracked 
|  30|0x0000000081e00000, 0x0000000081f00000, 0x0000000081f00000|100%| O|  |TAMS 0x0000000081e25e00, 0x0000000081e00000| Untracked 
|  31|0x0000000081f00000, 0x0000000081f8a000, 0x0000000082000000| 53%| O|  |TAMS 0x0000000081f00000, 0x0000000081f00000| Untracked 
|  32|0x0000000082000000, 0x0000000082000000, 0x0000000082100000|  0%| F|  |TAMS 0x0000000082000000, 0x0000000082000000| Untracked 
|  33|0x0000000082100000, 0x0000000082100000, 0x0000000082200000|  0%| F|  |TAMS 0x0000000082100000, 0x0000000082100000| Untracked 
|  34|0x0000000082200000, 0x0000000082200000, 0x0000000082300000|  0%| F|  |TAMS 0x0000000082200000, 0x0000000082200000| Untracked 
|  35|0x0000000082300000, 0x0000000082300000, 0x0000000082400000|  0%| F|  |TAMS 0x0000000082300000, 0x0000000082300000| Untracked 
|  36|0x0000000082400000, 0x0000000082400000, 0x0000000082500000|  0%| F|  |TAMS 0x0000000082400000, 0x0000000082400000| Untracked 
|  37|0x0000000082500000, 0x0000000082500000, 0x0000000082600000|  0%| F|  |TAMS 0x0000000082500000, 0x0000000082500000| Untracked 
|  38|0x0000000082600000, 0x0000000082600000, 0x0000000082700000|  0%| F|  |TAMS 0x0000000082600000, 0x0000000082600000| Untracked 
|  39|0x0000000082700000, 0x0000000082700000, 0x0000000082800000|  0%| F|  |TAMS 0x0000000082700000, 0x0000000082700000| Untracked 
|  40|0x0000000082800000, 0x0000000082800000, 0x0000000082900000|  0%| F|  |TAMS 0x0000000082800000, 0x0000000082800000| Untracked 
|  41|0x0000000082900000, 0x0000000082900000, 0x0000000082a00000|  0%| F|  |TAMS 0x0000000082900000, 0x0000000082900000| Untracked 
|  42|0x0000000082a00000, 0x0000000082a00000, 0x0000000082b00000|  0%| F|  |TAMS 0x0000000082a00000, 0x0000000082a00000| Untracked 
|  43|0x0000000082b00000, 0x0000000082b00000, 0x0000000082c00000|  0%| F|  |TAMS 0x0000000082b00000, 0x0000000082b00000| Untracked 
|  44|0x0000000082c00000, 0x0000000082ce2190, 0x0000000082d00000| 88%| S|CS|TAMS 0x0000000082c00000, 0x0000000082c00000| Complete 
|  45|0x0000000082d00000, 0x0000000082e00000, 0x0000000082e00000|100%| S|CS|TAMS 0x0000000082d00000, 0x0000000082d00000| Complete 
|  46|0x0000000082e00000, 0x0000000082e00000, 0x0000000082f00000|  0%| F|  |TAMS 0x0000000082e00000, 0x0000000082e00000| Untracked 
|  47|0x0000000082f00000, 0x0000000082f00000, 0x0000000083000000|  0%| F|  |TAMS 0x0000000082f00000, 0x0000000082f00000| Untracked 
|  48|0x0000000083000000, 0x0000000083000000, 0x0000000083100000|  0%| F|  |TAMS 0x0000000083000000, 0x0000000083000000| Untracked 
|  49|0x0000000083100000, 0x0000000083100000, 0x0000000083200000|  0%| F|  |TAMS 0x0000000083100000, 0x0000000083100000| Untracked 
|  50|0x0000000083200000, 0x0000000083200000, 0x0000000083300000|  0%| F|  |TAMS 0x0000000083200000, 0x0000000083200000| Untracked 
|  51|0x0000000083300000, 0x0000000083300000, 0x0000000083400000|  0%| F|  |TAMS 0x0000000083300000, 0x0000000083300000| Untracked 
|  52|0x0000000083400000, 0x0000000083400000, 0x0000000083500000|  0%| F|  |TAMS 0x0000000083400000, 0x0000000083400000| Untracked 
|  53|0x0000000083500000, 0x0000000083500000, 0x0000000083600000|  0%| F|  |TAMS 0x0000000083500000, 0x0000000083500000| Untracked 
|  54|0x0000000083600000, 0x0000000083600000, 0x0000000083700000|  0%| F|  |TAMS 0x0000000083600000, 0x0000000083600000| Untracked 
|  55|0x0000000083700000, 0x00000000837b0720, 0x0000000083800000| 68%| E|  |TAMS 0x0000000083700000, 0x0000000083700000| Complete 
|  70|0x0000000084600000, 0x0000000084700000, 0x0000000084700000|100%| E|CS|TAMS 0x0000000084600000, 0x0000000084600000| Complete 
|  71|0x0000000084700000, 0x0000000084800000, 0x0000000084800000|100%| E|CS|TAMS 0x0000000084700000, 0x0000000084700000| Complete 
|  72|0x0000000084800000, 0x0000000084900000, 0x0000000084900000|100%| E|CS|TAMS 0x0000000084800000, 0x0000000084800000| Complete 
|  73|0x0000000084900000, 0x0000000084a00000, 0x0000000084a00000|100%| E|CS|TAMS 0x0000000084900000, 0x0000000084900000| Complete 
|  74|0x0000000084a00000, 0x0000000084b00000, 0x0000000084b00000|100%| E|CS|TAMS 0x0000000084a00000, 0x0000000084a00000| Complete 
|  75|0x0000000084b00000, 0x0000000084c00000, 0x0000000084c00000|100%| E|CS|TAMS 0x0000000084b00000, 0x0000000084b00000| Complete 
|  76|0x0000000084c00000, 0x0000000084d00000, 0x0000000084d00000|100%| E|CS|TAMS 0x0000000084c00000, 0x0000000084c00000| Complete 
|  77|0x0000000084d00000, 0x0000000084e00000, 0x0000000084e00000|100%| E|CS|TAMS 0x0000000084d00000, 0x0000000084d00000| Complete 

Card table byte_map: [0x00000177d1fd0000,0x00000177d23d0000] _byte_map_base: 0x00000177d1bd0000

Marking Bits (Prev, Next): (CMBitMap*) 0x00000177bf758490, (CMBitMap*) 0x00000177bf7584d0
 Prev Bits: [0x00000177d27d0000, 0x00000177d47d0000)
 Next Bits: [0x00000177d47d0000, 0x00000177d67d0000)

Polling page: 0x00000177bd490000

Metaspace:

Usage:
  Non-class:     44.62 MB used.
      Class:      6.89 MB used.
       Both:     51.51 MB used.

Virtual space:
  Non-class space:       48.00 MB reserved,      44.81 MB ( 93%) committed,  6 nodes.
      Class space:        1.00 GB reserved,       7.12 MB ( <1%) committed,  1 nodes.
             Both:        1.05 GB reserved,      51.94 MB (  5%) committed. 

Chunk freelists:
   Non-Class:  3.05 MB
       Class:  895.00 KB
        Both:  3.92 MB

MaxMetaspaceSize: unlimited
CompressedClassSpaceSize: 1.00 GB
Initial GC threshold: 21.00 MB
Current GC threshold: 85.94 MB
CDS: off
MetaspaceReclaimPolicy: balanced
 - commit_granule_bytes: 65536.
 - commit_granule_words: 8192.
 - virtual_space_node_default_size: 1048576.
 - enlarge_chunks_in_place: 1.
 - new_chunks_are_fully_committed: 0.
 - uncommit_free_chunks: 1.
 - use_allocation_guard: 0.
 - handle_deallocations: 1.


Internal statistics:

num_allocs_failed_limit: 6.
num_arena_births: 558.
num_arena_deaths: 0.
num_vsnodes_births: 7.
num_vsnodes_deaths: 0.
num_space_committed: 831.
num_space_uncommitted: 0.
num_chunks_returned_to_freelist: 6.
num_chunks_taken_from_freelist: 2221.
num_chunk_merges: 6.
num_chunk_splits: 1494.
num_chunks_enlarged: 1042.
num_purges: 0.
num_inconsistent_stats: 0.

CodeHeap 'non-profiled nmethods': size=120000Kb used=3007Kb max_used=3007Kb free=116992Kb
 bounds [0x00000177ca6a0000, 0x00000177ca990000, 0x00000177d1bd0000]
CodeHeap 'profiled nmethods': size=120000Kb used=10047Kb max_used=10047Kb free=109952Kb
 bounds [0x00000177c2bd0000, 0x00000177c35a0000, 0x00000177ca100000]
CodeHeap 'non-nmethods': size=5760Kb used=2314Kb max_used=2404Kb free=3445Kb
 bounds [0x00000177ca100000, 0x00000177ca380000, 0x00000177ca6a0000]
 total_blobs=5931 nmethods=5096 adapters=747
 compilation: disabled (not enough contiguous free space left)
              stopped_count=1, restarted_count=0
 full_count=1

Compilation events (20 events):
Event: 46.815 Thread 0x00000177d9867390 5094       3       org.gradle.cache.internal.cacheops.CacheOperationStack::<init> (5 bytes)
Event: 46.815 Thread 0x00000177d9867390 nmethod 5094 0x00000177c359f210 code [0x00000177c359f3a0, 0x00000177c359f4f8]
Event: 46.817 Thread 0x00000177d9867390 5095       3       java.util.concurrent.locks.AbstractQueuedSynchronizer$ConditionObject::signalAll (34 bytes)
Event: 46.817 Thread 0x00000177d9867390 nmethod 5095 0x00000177c359f590 code [0x00000177c359f760, 0x00000177c359faa8]
Event: 46.818 Thread 0x00000177d9867390 5096       1       org.gradle.api.internal.artifacts.ivyservice.resolveengine.VirtualComponentMetadataResolver::isFetchingMetadataCheap (2 bytes)
Event: 46.818 Thread 0x00000177d9867390 nmethod 5096 0x00000177ca98e110 code [0x00000177ca98e2a0, 0x00000177ca98e378]
Event: 46.818 Thread 0x00000177d9867390 5097       1       org.gradle.api.internal.artifacts.ivyservice.projectmodule.ProjectDependencyResolver::isFetchingMetadataCheap (2 bytes)
Event: 46.818 Thread 0x00000177d9867390 nmethod 5097 0x00000177ca98e410 code [0x00000177ca98e5a0, 0x00000177ca98e678]
Event: 46.853 Thread 0x00000177d9867390 5098       3       org.gradle.api.internal.artifacts.ivyservice.modulecache.ModuleMetadataSerializer$Reader::readAttributes (14 bytes)
Event: 46.854 Thread 0x00000177d9867390 nmethod 5098 0x00000177ca98e710 code [0x00000177ca98e8c0, 0x00000177ca98ea88]
Event: 46.865 Thread 0x00000177d8cf9630 5099       4       java.util.concurrent.locks.ReentrantLock::unlock (10 bytes)
Event: 46.869 Thread 0x00000177d8cf9630 nmethod 5099 0x00000177ca98eb90 code [0x00000177ca98ed20, 0x00000177ca98ef08]
Event: 46.874 Thread 0x00000177d9867390 5100       3       java.util.LinkedList::addAll (10 bytes)
Event: 46.875 Thread 0x00000177d9867390 nmethod 5100 0x00000177c359fc10 code [0x00000177c359fdc0, 0x00000177c359ff08]
Event: 46.876 Thread 0x00000177d9867390 5101       3       org.gradle.internal.component.external.model.AbstractLazyModuleComponentResolveMetadata::populateConfigurationFromDescriptor (56 bytes)
Event: 46.877 Thread 0x00000177d9867390 nmethod 5101 0x00000177ca98f090 code [0x00000177ca98f280, 0x00000177ca98f788]
Event: 46.880 Thread 0x00000177d9867390 5102       3       java.util.LinkedList::removeFirst (23 bytes)
Event: 46.880 Thread 0x00000177d9867390 nmethod 5102 0x00000177ca98f990 code [0x00000177ca98fb40, 0x00000177ca98fd98]
Event: 46.880 Thread 0x00000177d9867390 5103       3       java.util.LinkedList::unlinkFirst (64 bytes)
Event: 46.883 Thread 0x00000177d9867390 


GC Heap History (20 events):
Event: 21.891 GC heap before
{Heap before GC invocations=5 (full 0):
 garbage-first heap   total 65536K, used 47948K [0x0000000080000000, 0x0000000100000000)
  region size 1024K, 38 young (38912K), 8 survivors (8192K)
 Metaspace       used 26019K, committed 26304K, reserved 1073152K
  class space    used 3398K, committed 3520K, reserved 1048576K
}
Event: 21.914 GC heap after
{Heap after GC invocations=6 (full 0):
 garbage-first heap   total 65536K, used 19967K [0x0000000080000000, 0x0000000100000000)
  region size 1024K, 2 young (2048K), 2 survivors (2048K)
 Metaspace       used 26019K, committed 26304K, reserved 1073152K
  class space    used 3398K, committed 3520K, reserved 1048576K
}
Event: 23.241 GC heap before
{Heap before GC invocations=6 (full 0):
 garbage-first heap   total 65536K, used 44543K [0x0000000080000000, 0x0000000100000000)
  region size 1024K, 27 young (27648K), 2 survivors (2048K)
 Metaspace       used 29874K, committed 30144K, reserved 1081344K
  class space    used 4043K, committed 4160K, reserved 1048576K
}
Event: 23.248 GC heap after
{Heap after GC invocations=7 (full 0):
 garbage-first heap   total 65536K, used 21540K [0x0000000080000000, 0x0000000100000000)
  region size 1024K, 4 young (4096K), 4 survivors (4096K)
 Metaspace       used 29874K, committed 30144K, reserved 1081344K
  class space    used 4043K, committed 4160K, reserved 1048576K
}
Event: 25.427 GC heap before
{Heap before GC invocations=7 (full 0):
 garbage-first heap   total 65536K, used 47140K [0x0000000080000000, 0x0000000100000000)
  region size 1024K, 29 young (29696K), 4 survivors (4096K)
 Metaspace       used 34084K, committed 34368K, reserved 1081344K
  class space    used 4691K, committed 4800K, reserved 1048576K
}
Event: 25.438 GC heap after
{Heap after GC invocations=8 (full 0):
 garbage-first heap   total 65536K, used 22859K [0x0000000080000000, 0x0000000100000000)
  region size 1024K, 3 young (3072K), 3 survivors (3072K)
 Metaspace       used 34084K, committed 34368K, reserved 1081344K
  class space    used 4691K, committed 4800K, reserved 1048576K
}
Event: 26.047 GC heap before
{Heap before GC invocations=8 (full 0):
 garbage-first heap   total 65536K, used 30027K [0x0000000080000000, 0x0000000100000000)
  region size 1024K, 11 young (11264K), 3 survivors (3072K)
 Metaspace       used 35650K, committed 35968K, reserved 1081344K
  class space    used 4881K, committed 5056K, reserved 1048576K
}
Event: 26.056 GC heap after
{Heap after GC invocations=9 (full 0):
 garbage-first heap   total 65536K, used 24054K [0x0000000080000000, 0x0000000100000000)
  region size 1024K, 3 young (3072K), 3 survivors (3072K)
 Metaspace       used 35650K, committed 35968K, reserved 1081344K
  class space    used 4881K, committed 5056K, reserved 1048576K
}
Event: 28.454 GC heap before
{Heap before GC invocations=10 (full 0):
 garbage-first heap   total 65536K, used 47606K [0x0000000080000000, 0x0000000100000000)
  region size 1024K, 27 young (27648K), 3 survivors (3072K)
 Metaspace       used 40570K, committed 40896K, reserved 1089536K
  class space    used 5368K, committed 5504K, reserved 1048576K
}
Event: 28.467 GC heap after
{Heap after GC invocations=11 (full 0):
 garbage-first heap   total 65536K, used 27391K [0x0000000080000000, 0x0000000100000000)
  region size 1024K, 4 young (4096K), 4 survivors (4096K)
 Metaspace       used 40570K, committed 40896K, reserved 1089536K
  class space    used 5368K, committed 5504K, reserved 1048576K
}
Event: 29.616 GC heap before
{Heap before GC invocations=11 (full 0):
 garbage-first heap   total 65536K, used 51967K [0x0000000080000000, 0x0000000100000000)
  region size 1024K, 25 young (25600K), 4 survivors (4096K)
 Metaspace       used 42919K, committed 43264K, reserved 1089536K
  class space    used 5619K, committed 5760K, reserved 1048576K
}
Event: 29.626 GC heap after
{Heap after GC invocations=12 (full 0):
 garbage-first heap   total 65536K, used 29016K [0x0000000080000000, 0x0000000100000000)
  region size 1024K, 3 young (3072K), 3 survivors (3072K)
 Metaspace       used 42919K, committed 43264K, reserved 1089536K
  class space    used 5619K, committed 5760K, reserved 1048576K
}
Event: 30.324 GC heap before
{Heap before GC invocations=12 (full 0):
 garbage-first heap   total 65536K, used 49496K [0x0000000080000000, 0x0000000100000000)
  region size 1024K, 23 young (23552K), 3 survivors (3072K)
 Metaspace       used 44773K, committed 45248K, reserved 1089536K
  class space    used 5802K, committed 6016K, reserved 1048576K
}
Event: 30.338 GC heap after
{Heap after GC invocations=13 (full 0):
 garbage-first heap   total 65536K, used 30230K [0x0000000080000000, 0x0000000100000000)
  region size 1024K, 2 young (2048K), 2 survivors (2048K)
 Metaspace       used 44773K, committed 45248K, reserved 1089536K
  class space    used 5802K, committed 6016K, reserved 1048576K
}
Event: 32.103 GC heap before
{Heap before GC invocations=13 (full 0):
 garbage-first heap   total 65536K, used 49686K [0x0000000080000000, 0x0000000100000000)
  region size 1024K, 21 young (21504K), 2 survivors (2048K)
 Metaspace       used 47233K, committed 47680K, reserved 1097728K
  class space    used 6212K, committed 6400K, reserved 1048576K
}
Event: 32.110 GC heap after
{Heap after GC invocations=14 (full 0):
 garbage-first heap   total 65536K, used 31602K [0x0000000080000000, 0x0000000100000000)
  region size 1024K, 3 young (3072K), 3 survivors (3072K)
 Metaspace       used 47233K, committed 47680K, reserved 1097728K
  class space    used 6212K, committed 6400K, reserved 1048576K
}
Event: 34.943 GC heap before
{Heap before GC invocations=15 (full 0):
 garbage-first heap   total 65536K, used 51058K [0x0000000080000000, 0x0000000100000000)
  region size 1024K, 22 young (22528K), 3 survivors (3072K)
 Metaspace       used 49891K, committed 50304K, reserved 1097728K
  class space    used 6655K, committed 6848K, reserved 1048576K
}
Event: 34.950 GC heap after
{Heap after GC invocations=16 (full 0):
 garbage-first heap   total 65536K, used 32727K [0x0000000080000000, 0x0000000100000000)
  region size 1024K, 3 young (3072K), 3 survivors (3072K)
 Metaspace       used 49891K, committed 50304K, reserved 1097728K
  class space    used 6655K, committed 6848K, reserved 1048576K
}
Event: 39.204 GC heap before
{Heap before GC invocations=16 (full 0):
 garbage-first heap   total 65536K, used 51159K [0x0000000080000000, 0x0000000100000000)
  region size 1024K, 21 young (21504K), 3 survivors (3072K)
 Metaspace       used 52313K, committed 52800K, reserved 1097728K
  class space    used 7023K, committed 7232K, reserved 1048576K
}
Event: 39.215 GC heap after
{Heap after GC invocations=17 (full 0):
 garbage-first heap   total 65536K, used 33495K [0x0000000080000000, 0x0000000100000000)
  region size 1024K, 2 young (2048K), 2 survivors (2048K)
 Metaspace       used 52313K, committed 52800K, reserved 1097728K
  class space    used 7023K, committed 7232K, reserved 1048576K
}

Dll operation events (2 events):
Event: 0.020 Loaded shared library C:\Program Files\Android\Android Studio\jbr\bin\java.dll
Event: 2.549 Loaded shared library C:\Program Files\Android\Android Studio\jbr\bin\verify.dll

Deoptimization events (20 events):
Event: 40.076 Thread 0x00000177d9dd3f80 Uncommon trap: trap_request=0xffffffde fr.pc=0x00000177ca86d510 relative=0x0000000000001390
Event: 40.076 Thread 0x00000177d9dd3f80 Uncommon trap: reason=class_check action=maybe_recompile pc=0x00000177ca86d510 method=java.util.HashMap.computeIfAbsent(Ljava/lang/Object;Ljava/util/function/Function;)Ljava/lang/Object; @ 142 c2
Event: 40.076 Thread 0x00000177d9dd3f80 DEOPT PACKING pc=0x00000177ca86d510 sp=0x00000014d1cf81d0
Event: 40.076 Thread 0x00000177d9dd3f80 DEOPT UNPACKING pc=0x00000177ca1569a3 sp=0x00000014d1cf81a8 mode 2
Event: 40.139 Thread 0x00000177d9dd3f80 Uncommon trap: trap_request=0xffffffde fr.pc=0x00000177ca86d510 relative=0x0000000000001390
Event: 40.139 Thread 0x00000177d9dd3f80 Uncommon trap: reason=class_check action=maybe_recompile pc=0x00000177ca86d510 method=java.util.HashMap.computeIfAbsent(Ljava/lang/Object;Ljava/util/function/Function;)Ljava/lang/Object; @ 142 c2
Event: 40.139 Thread 0x00000177d9dd3f80 DEOPT PACKING pc=0x00000177ca86d510 sp=0x00000014d1cf81d0
Event: 40.139 Thread 0x00000177d9dd3f80 DEOPT UNPACKING pc=0x00000177ca1569a3 sp=0x00000014d1cf81a8 mode 2
Event: 41.272 Thread 0x00000177d9dd3f80 DEOPT PACKING pc=0x00000177c2c87fc3 sp=0x00000014d1cf7860
Event: 41.272 Thread 0x00000177d9dd3f80 DEOPT UNPACKING pc=0x00000177ca157143 sp=0x00000014d1cf6d80 mode 0
Event: 41.272 Thread 0x00000177d9dd3f80 Uncommon trap: trap_request=0xffffff45 fr.pc=0x00000177ca6c9c64 relative=0x0000000000000064
Event: 41.272 Thread 0x00000177d9dd3f80 Uncommon trap: reason=unstable_if action=reinterpret pc=0x00000177ca6c9c64 method=java.io.WinNTFileSystem.isSlash(C)Z @ 9 c2
Event: 41.272 Thread 0x00000177d9dd3f80 DEOPT PACKING pc=0x00000177ca6c9c64 sp=0x00000014d1cf7880
Event: 41.272 Thread 0x00000177d9dd3f80 DEOPT UNPACKING pc=0x00000177ca1569a3 sp=0x00000014d1cf7808 mode 2
Event: 41.371 Thread 0x00000177d9dd3f80 DEOPT PACKING pc=0x00000177c2efc588 sp=0x00000014d1cf7cc0
Event: 41.371 Thread 0x00000177d9dd3f80 DEOPT UNPACKING pc=0x00000177ca157143 sp=0x00000014d1cf71c8 mode 0
Event: 44.593 Thread 0x00000177d9dd3f80 Uncommon trap: trap_request=0xffffff45 fr.pc=0x00000177ca958eb4 relative=0x00000000000009b4
Event: 44.593 Thread 0x00000177d9dd3f80 Uncommon trap: reason=unstable_if action=reinterpret pc=0x00000177ca958eb4 method=java.io.WinNTFileSystem.resolve(Ljava/lang/String;Ljava/lang/String;)Ljava/lang/String; @ 70 c2
Event: 44.593 Thread 0x00000177d9dd3f80 DEOPT PACKING pc=0x00000177ca958eb4 sp=0x00000014d1cf7d60
Event: 44.593 Thread 0x00000177d9dd3f80 DEOPT UNPACKING pc=0x00000177ca1569a3 sp=0x00000014d1cf7d00 mode 2

Classes unloaded (0 events):
No events

Classes redefined (0 events):
No events

Internal exceptions (20 events):
Event: 29.786 Thread 0x00000177d9dd3f80 Exception <a 'java/lang/NoSuchMethodError'{0x0000000084cc0390}: 'java.lang.Object java.lang.invoke.DirectMethodHandle$Holder.invokeStatic(java.lang.Object, java.lang.Object, java.lang.Object, java.lang.Object, java.lang.Object, java.lang.Object, java.lang.Object, java.lang.Object, java.lang.Object, java.lang.Object, java.lang.Object, java.lang.Object, java.lang.Object, java.lang.Object, java.lang.Object, java.lang.Object, java.lang.Object, java.lang.Object, java.lang.Object, java.lang.Object, java.lang.Obj
Event: 29.794 Thread 0x00000177d9dd3f80 Exception <a 'java/lang/NoSuchMethodError'{0x0000000084cee740}: 'java.lang.Object java.lang.invoke.DirectMethodHandle$Holder.invokeStatic(java.lang.Object, java.lang.Object, java.lang.Object, java.lang.Object, java.lang.Object, java.lang.Object, java.lang.Object, java.lang.Object, java.lang.Object, java.lang.Object, java.lang.Object, java.lang.Object, java.lang.Object, java.lang.Object, java.lang.Object, java.lang.Object, java.lang.Object, java.lang.Object, java.lang.Object, java.lang.Object, java.lang.Obj
Event: 30.003 Thread 0x00000177d9dd3f80 Exception <a 'java/lang/IncompatibleClassChangeError'{0x00000000831190d0}: Found class java.lang.Object, but interface was expected> (0x00000000831190d0) 
thrown [s\src\hotspot\share\interpreter\linkResolver.cpp, line 838]
Event: 30.210 Thread 0x00000177d9dd3f80 Exception <a 'java/lang/IncompatibleClassChangeError'{0x0000000082dd9bc0}: Found class java.lang.Object, but interface was expected> (0x0000000082dd9bc0) 
thrown [s\src\hotspot\share\interpreter\linkResolver.cpp, line 838]
Event: 30.350 Thread 0x00000177d9dd3f80 Exception <a 'java/lang/NoSuchMethodError'{0x0000000084d33d50}: 'int java.lang.invoke.DirectMethodHandle$Holder.invokeStaticInit(java.lang.Object, java.lang.Object, java.lang.Object, java.lang.Object, java.lang.Object)'> (0x0000000084d33d50) 
thrown [s\src\hotspot\share\interpreter\linkResolver.cpp, line 771]
Event: 31.414 Thread 0x00000177d9dd3f80 Implicit null exception at 0x00000177ca82696c to 0x00000177ca826a20
Event: 31.628 Thread 0x00000177d9dd3f80 Exception <a 'java/lang/NoSuchMethodError'{0x000000008349ce10}: 'void java.lang.invoke.DirectMethodHandle$Holder.invokeInterface(java.lang.Object, java.lang.Object)'> (0x000000008349ce10) 
thrown [s\src\hotspot\share\interpreter\linkResolver.cpp, line 771]
Event: 31.630 Thread 0x00000177d9dd3f80 Exception <a 'java/lang/IncompatibleClassChangeError'{0x00000000834a8140}: Found class java.lang.Object, but interface was expected> (0x00000000834a8140) 
thrown [s\src\hotspot\share\interpreter\linkResolver.cpp, line 838]
Event: 31.683 Thread 0x00000177d9dd3f80 Exception <a 'java/lang/NoSuchMethodError'{0x000000008322e890}: 'java.lang.Object java.lang.invoke.DirectMethodHandle$Holder.newInvokeSpecial(java.lang.Object, int, java.lang.Object)'> (0x000000008322e890) 
thrown [s\src\hotspot\share\interpreter\linkResolver.cpp, line 771]
Event: 32.477 Thread 0x00000177d9dd22a0 Exception <a 'java/lang/NoSuchMethodError'{0x000000008486c780}: static Lorg/gradle/internal/build/event/types/DefaultOperationStartedProgressEvent;.<clinit>()V> (0x000000008486c780) 
thrown [s\src\hotspot\share\prims\jni.cpp, line 1108]
Event: 32.479 Thread 0x00000177d9dd22a0 Exception <a 'java/lang/NoSuchMethodError'{0x000000008486e2b8}: static Lorg/gradle/internal/build/event/types/AbstractProgressEvent;.<clinit>()V> (0x000000008486e2b8) 
thrown [s\src\hotspot\share\prims\jni.cpp, line 1108]
Event: 32.483 Thread 0x00000177d9dd22a0 Exception <a 'java/lang/NoSuchMethodError'{0x0000000084881190}: static Lorg/gradle/internal/build/event/types/DefaultProjectConfigurationDescriptor;.<clinit>()V> (0x0000000084881190) 
thrown [s\src\hotspot\share\prims\jni.cpp, line 1108]
Event: 32.484 Thread 0x00000177d9dd22a0 Exception <a 'java/lang/NoSuchMethodError'{0x0000000084883950}: static Lorg/gradle/internal/build/event/types/DefaultOperationDescriptor;.<clinit>()V> (0x0000000084883950) 
thrown [s\src\hotspot\share\prims\jni.cpp, line 1108]
Event: 32.493 Thread 0x00000177d9dd22a0 Exception <a 'java/lang/NoSuchMethodError'{0x000000008489b980}: static Lorg/gradle/internal/operations/OperationIdentifier;.<clinit>()V> (0x000000008489b980) 
thrown [s\src\hotspot\share\prims\jni.cpp, line 1108]
Event: 38.532 Thread 0x00000177d9dd3f80 Exception <a 'java/lang/NoSuchMethodError'{0x000000008300a428}: 'int java.lang.invoke.DirectMethodHandle$Holder.invokeStatic(java.lang.Object)'> (0x000000008300a428) 
thrown [s\src\hotspot\share\interpreter\linkResolver.cpp, line 771]
Event: 38.533 Thread 0x00000177d9dd3f80 Exception <a 'java/lang/NoSuchMethodError'{0x000000008300eac0}: 'int java.lang.invoke.DirectMethodHandle$Holder.invokeStaticInit(java.lang.Object)'> (0x000000008300eac0) 
thrown [s\src\hotspot\share\interpreter\linkResolver.cpp, line 771]
Event: 38.571 Thread 0x00000177d9dd3f80 Exception <a 'java/lang/NoSuchMethodError'{0x0000000083084f78}: 'java.lang.Object java.lang.invoke.DirectMethodHandle$Holder.newInvokeSpecial(java.lang.Object, java.lang.Object, java.lang.Object, java.lang.Object, java.lang.Object, int)'> (0x0000000083084f78) 
thrown [s\src\hotspot\share\interpreter\linkResolver.cpp, line 771]
Event: 38.571 Thread 0x00000177d9dd3f80 Exception <a 'java/lang/NoSuchMethodError'{0x000000008308a5d0}: 'java.lang.Object java.lang.invoke.DirectMethodHandle$Holder.invokeSpecial(java.lang.Object, java.lang.Object, java.lang.Object, java.lang.Object, java.lang.Object, java.lang.Object, int)'> (0x000000008308a5d0) 
thrown [s\src\hotspot\share\interpreter\linkResolver.cpp, line 771]
Event: 38.747 Thread 0x00000177d9dd3f80 Exception <a 'java/lang/NoSuchMethodError'{0x0000000082f5c4c8}: 'void java.lang.invoke.DirectMethodHandle$Holder.invokeStatic(java.lang.Object, java.lang.Object, java.lang.Object, int, java.lang.Object)'> (0x0000000082f5c4c8) 
thrown [s\src\hotspot\share\interpreter\linkResolver.cpp, line 771]
Event: 40.217 Thread 0x00000177d9dd3f80 Exception <a 'java/lang/NoSuchMethodError'{0x0000000084ce25f0}: 'java.lang.Object java.lang.invoke.DirectMethodHandle$Holder.newInvokeSpecial(java.lang.Object, java.lang.Object, int)'> (0x0000000084ce25f0) 
thrown [s\src\hotspot\share\interpreter\linkResolver.cpp, line 771]

VM Operations (20 events):
Event: 39.204 Executing VM operation: G1CollectForAllocation
Event: 39.215 Executing VM operation: G1CollectForAllocation done
Event: 39.300 Executing VM operation: G1Concurrent
Event: 39.323 Executing VM operation: G1Concurrent done
Event: 39.362 Executing VM operation: G1Concurrent
Event: 39.362 Executing VM operation: G1Concurrent done
Event: 40.376 Executing VM operation: Cleanup
Event: 40.376 Executing VM operation: Cleanup done
Event: 41.389 Executing VM operation: Cleanup
Event: 41.389 Executing VM operation: Cleanup done
Event: 42.446 Executing VM operation: Cleanup
Event: 42.750 Executing VM operation: Cleanup done
Event: 43.760 Executing VM operation: Cleanup
Event: 43.761 Executing VM operation: Cleanup done
Event: 44.773 Executing VM operation: Cleanup
Event: 44.774 Executing VM operation: Cleanup done
Event: 46.778 Executing VM operation: Cleanup
Event: 46.779 Executing VM operation: Cleanup done
Event: 46.896 Executing VM operation: HandshakeAllThreads
Event: 46.896 Executing VM operation: HandshakeAllThreads done

Events (20 events):
Event: 35.715 loading class javax/net/ssl/HostnameVerifier
Event: 35.715 loading class javax/net/ssl/HostnameVerifier done
Event: 35.722 loading class javax/net/ssl/TrustManager
Event: 35.725 loading class javax/net/ssl/TrustManager done
Event: 35.726 loading class javax/net/ssl/X509TrustManager
Event: 35.726 loading class javax/net/ssl/X509TrustManager done
Event: 35.734 loading class javax/net/ssl/SSLException
Event: 35.734 loading class javax/net/ssl/SSLException done
Event: 35.738 loading class javax/net/ssl/SSLPeerUnverifiedException
Event: 35.738 loading class javax/net/ssl/SSLPeerUnverifiedException done
Event: 35.738 loading class javax/naming/NamingException
Event: 35.739 loading class javax/naming/NamingException done
Event: 35.739 loading class javax/naming/InvalidNameException
Event: 35.739 loading class javax/naming/InvalidNameException done
Event: 35.739 loading class java/security/cert/CertificateParsingException
Event: 35.739 loading class java/security/cert/CertificateException
Event: 35.739 loading class java/security/cert/CertificateException done
Event: 35.739 loading class java/security/cert/CertificateParsingException done
Event: 40.180 loading class java/util/Collections$2
Event: 40.204 loading class java/util/Collections$2 done


Dynamic libraries:
0x00007ff7ad330000 - 0x00007ff7ad33a000 	C:\Program Files\Android\Android Studio\jbr\bin\java.exe
0x00007ffab40d0000 - 0x00007ffab42c8000 	C:\WINDOWS\SYSTEM32\ntdll.dll
0x00007ffab3ce0000 - 0x00007ffab3d9d000 	C:\WINDOWS\System32\KERNEL32.DLL
0x00007ffab1c20000 - 0x00007ffab1f16000 	C:\WINDOWS\System32\KERNELBASE.dll
0x00007ffab2000000 - 0x00007ffab2100000 	C:\WINDOWS\System32\ucrtbase.dll
0x00007ffa93c10000 - 0x00007ffa93c2b000 	C:\Program Files\Android\Android Studio\jbr\bin\VCRUNTIME140.dll
0x00007ffaaa8e0000 - 0x00007ffaaa8f7000 	C:\Program Files\Android\Android Studio\jbr\bin\jli.dll
0x00007ffab3b40000 - 0x00007ffab3cde000 	C:\WINDOWS\System32\USER32.dll
0x00007ffab2100000 - 0x00007ffab2122000 	C:\WINDOWS\System32\win32u.dll
0x00007ffab2d00000 - 0x00007ffab2d2c000 	C:\WINDOWS\System32\GDI32.dll
0x00007ffa9a840000 - 0x00007ffa9aada000 	C:\WINDOWS\WinSxS\amd64_microsoft.windows.common-controls_6595b64144ccf1df_6.0.19041.3636_none_60b6a03d71f818d5\COMCTL32.dll
0x00007ffab1ab0000 - 0x00007ffab1bca000 	C:\WINDOWS\System32\gdi32full.dll
0x00007ffab3aa0000 - 0x00007ffab3b3e000 	C:\WINDOWS\System32\msvcrt.dll
0x00007ffab17b0000 - 0x00007ffab184d000 	C:\WINDOWS\System32\msvcp_win.dll
0x00007ffab2b30000 - 0x00007ffab2b60000 	C:\WINDOWS\System32\IMM32.DLL
0x00007ffa9add0000 - 0x00007ffa9addc000 	C:\Program Files\Android\Android Studio\jbr\bin\vcruntime140_1.dll
0x00007ffa91d10000 - 0x00007ffa91d9d000 	C:\Program Files\Android\Android Studio\jbr\bin\msvcp140.dll
0x00007ffa774f0000 - 0x00007ffa7815e000 	C:\Program Files\Android\Android Studio\jbr\bin\server\jvm.dll
0x00007ffab3e80000 - 0x00007ffab3f2f000 	C:\WINDOWS\System32\ADVAPI32.dll
0x00007ffab31a0000 - 0x00007ffab323c000 	C:\WINDOWS\System32\sechost.dll
0x00007ffab2bd0000 - 0x00007ffab2cf6000 	C:\WINDOWS\System32\RPCRT4.dll
0x00007ffa9b6e0000 - 0x00007ffa9b6e9000 	C:\WINDOWS\SYSTEM32\WSOCK32.dll
0x00007ffab37c0000 - 0x00007ffab382b000 	C:\WINDOWS\System32\WS2_32.dll
0x00007ffa9ceb0000 - 0x00007ffa9ced7000 	C:\WINDOWS\SYSTEM32\WINMM.dll
0x00007ffaab1b0000 - 0x00007ffaab1ba000 	C:\WINDOWS\SYSTEM32\VERSION.dll
0x00007ffab0000000 - 0x00007ffab0012000 	C:\WINDOWS\SYSTEM32\kernel.appcore.dll
0x00007ffaacf30000 - 0x00007ffaacf3a000 	C:\Program Files\Android\Android Studio\jbr\bin\jimage.dll
0x00007ffaafdf0000 - 0x00007ffaaffd4000 	C:\WINDOWS\SYSTEM32\DBGHELP.DLL
0x00007ffa95ca0000 - 0x00007ffa95cd4000 	C:\WINDOWS\SYSTEM32\dbgcore.DLL
0x00007ffab1850000 - 0x00007ffab18d2000 	C:\WINDOWS\System32\bcryptPrimitives.dll
0x00007ffaabec0000 - 0x00007ffaabee5000 	C:\Program Files\Android\Android Studio\jbr\bin\java.dll
0x00007ffaac180000 - 0x00007ffaac198000 	C:\Program Files\Android\Android Studio\jbr\bin\zip.dll
0x00007ffab2380000 - 0x00007ffab2ac5000 	C:\WINDOWS\System32\SHELL32.dll
0x00007ffaaf580000 - 0x00007ffaafd1b000 	C:\WINDOWS\SYSTEM32\windows.storage.dll
0x00007ffab3330000 - 0x00007ffab3684000 	C:\WINDOWS\System32\combase.dll
0x00007ffab11f0000 - 0x00007ffab121d000 	C:\WINDOWS\SYSTEM32\Wldp.dll
0x00007ffab3fe0000 - 0x00007ffab408d000 	C:\WINDOWS\System32\SHCORE.dll
0x00007ffab2ad0000 - 0x00007ffab2b25000 	C:\WINDOWS\System32\shlwapi.dll
0x00007ffab16e0000 - 0x00007ffab1705000 	C:\WINDOWS\SYSTEM32\profapi.dll
0x00007ffaaae10000 - 0x00007ffaaae29000 	C:\Program Files\Android\Android Studio\jbr\bin\net.dll
0x00007ffaa7d80000 - 0x00007ffaa7e8a000 	C:\WINDOWS\SYSTEM32\WINHTTP.dll
0x00007ffab0f50000 - 0x00007ffab0fba000 	C:\WINDOWS\system32\mswsock.dll
0x00007ffaabea0000 - 0x00007ffaabeb6000 	C:\Program Files\Android\Android Studio\jbr\bin\nio.dll
0x00007ffaac8b0000 - 0x00007ffaac8c0000 	C:\Program Files\Android\Android Studio\jbr\bin\verify.dll
0x00007ffa941c0000 - 0x00007ffa941e7000 	C:\Users\user\.gradle\native\68d5fa5c4cc2d200863cafc0d521ce42e7d3e7ee720ec0a83991735586a16f82\windows-amd64\native-platform.dll
0x00007ffa7b850000 - 0x00007ffa7b994000 	C:\Users\user\.gradle\native\e376f236ea51e6404a007f0833ffe2c6e607c4080706a723a18a27aeea778392\windows-amd64\native-platform-file-events.dll
0x00007ffaac4c0000 - 0x00007ffaac4c9000 	C:\Program Files\Android\Android Studio\jbr\bin\management.dll
0x00007ffaac430000 - 0x00007ffaac43b000 	C:\Program Files\Android\Android Studio\jbr\bin\management_ext.dll
0x00007ffab38c0000 - 0x00007ffab38c8000 	C:\WINDOWS\System32\PSAPI.DLL
0x00007ffab1140000 - 0x00007ffab1158000 	C:\WINDOWS\SYSTEM32\CRYPTSP.dll
0x00007ffab0810000 - 0x00007ffab0844000 	C:\WINDOWS\system32\rsaenh.dll
0x00007ffab1f20000 - 0x00007ffab1f47000 	C:\WINDOWS\System32\bcrypt.dll
0x00007ffab1660000 - 0x00007ffab168e000 	C:\WINDOWS\SYSTEM32\USERENV.dll
0x00007ffab1160000 - 0x00007ffab116c000 	C:\WINDOWS\SYSTEM32\CRYPTBASE.dll
0x00007ffab0bf0000 - 0x00007ffab0c2b000 	C:\WINDOWS\SYSTEM32\IPHLPAPI.DLL
0x00007ffab2bc0000 - 0x00007ffab2bc8000 	C:\WINDOWS\System32\NSI.dll
0x00007ffaa8fd0000 - 0x00007ffaa8fe7000 	C:\WINDOWS\SYSTEM32\dhcpcsvc6.DLL
0x00007ffaaa0f0000 - 0x00007ffaaa10d000 	C:\WINDOWS\SYSTEM32\dhcpcsvc.DLL
0x00007ffab0c40000 - 0x00007ffab0d0a000 	C:\WINDOWS\SYSTEM32\DNSAPI.dll
0x00007ffaac140000 - 0x00007ffaac147000 	C:\WINDOWS\system32\wshunix.dll

dbghelp: loaded successfully - version: 4.0.5 - missing functions: none
symbol engine: initialized successfully - sym options: 0x614 - pdb path: .;C:\Program Files\Android\Android Studio\jbr\bin;C:\WINDOWS\SYSTEM32;C:\WINDOWS\WinSxS\amd64_microsoft.windows.common-controls_6595b64144ccf1df_6.0.19041.3636_none_60b6a03d71f818d5;C:\Program Files\Android\Android Studio\jbr\bin\server;C:\Users\user\.gradle\native\68d5fa5c4cc2d200863cafc0d521ce42e7d3e7ee720ec0a83991735586a16f82\windows-amd64;C:\Users\user\.gradle\native\e376f236ea51e6404a007f0833ffe2c6e607c4080706a723a18a27aeea778392\windows-amd64

VM Arguments:
jvm_args: --add-opens=java.base/java.util=ALL-UNNAMED --add-opens=java.base/java.lang=ALL-UNNAMED --add-opens=java.base/java.lang.invoke=ALL-UNNAMED --add-opens=java.prefs/java.util.prefs=ALL-UNNAMED --add-opens=java.base/java.nio.charset=ALL-UNNAMED --add-opens=java.base/java.net=ALL-UNNAMED --add-opens=java.base/java.util.concurrent.atomic=ALL-UNNAMED -Xmx2048m -Dfile.encoding=UTF-8 -Duser.country=US -Duser.language=en -Duser.variant 
java_command: org.gradle.launcher.daemon.bootstrap.GradleDaemon 8.0
java_class_path (initial): C:\Users\user\.gradle\wrapper\dists\gradle-8.0-bin\ca5e32bp14vu59qr306oxotwh\gradle-8.0\lib\gradle-launcher-8.0.jar
Launcher Type: SUN_STANDARD

[Global flags]
     intx CICompilerCount                          = 3                                         {product} {ergonomic}
     uint ConcGCThreads                            = 1                                         {product} {ergonomic}
     uint G1ConcRefinementThreads                  = 4                                         {product} {ergonomic}
   size_t G1HeapRegionSize                         = 1048576                                   {product} {ergonomic}
    uintx GCDrainStackTargetSize                   = 64                                        {product} {ergonomic}
   size_t InitialHeapSize                          = 125829120                                 {product} {ergonomic}
   size_t MarkStackSize                            = 4194304                                   {product} {ergonomic}
   size_t MaxHeapSize                              = 2147483648                                {product} {command line}
   size_t MaxNewSize                               = 1287651328                                {product} {ergonomic}
   size_t MinHeapDeltaBytes                        = 1048576                                   {product} {ergonomic}
   size_t MinHeapSize                              = 8388608                                   {product} {ergonomic}
    uintx NonNMethodCodeHeapSize                   = 5832780                                {pd product} {ergonomic}
    uintx NonProfiledCodeHeapSize                  = 122912730                              {pd product} {ergonomic}
    uintx ProfiledCodeHeapSize                     = 122912730                              {pd product} {ergonomic}
    uintx ReservedCodeCacheSize                    = 251658240                              {pd product} {ergonomic}
     bool SegmentedCodeCache                       = true                                      {product} {ergonomic}
   size_t SoftMaxHeapSize                          = 2147483648                             {manageable} {ergonomic}
     bool UseCompressedClassPointers               = true                           {product lp64_product} {ergonomic}
     bool UseCompressedOops                        = true                           {product lp64_product} {ergonomic}
     bool UseG1GC                                  = true                                      {product} {ergonomic}
     bool UseLargePagesIndividualAllocation        = false                                  {pd product} {ergonomic}

Logging:
Log output configuration:
 #0: stdout all=warning uptime,level,tags
 #1: stderr all=off uptime,level,tags

Environment Variables:
PATH=C:\Program Files (x86)\Common Files\Oracle\Java\javapath;C:\oraclexe\app\oracle\product\11.2.0\server\bin;C:\WINDOWS\system32;C:\WINDOWS;C:\WINDOWS\System32\Wbem;C:\WINDOWS\System32\WindowsPowerShell\v1.0\;C:\WINDOWS\System32\OpenSSH\;C:\Program Files\Intel\WiFi\bin\;C:\Program Files\Common Files\Intel\WirelessCommon\;c:\Program Files (x86)\Intel\Intel(R) Management Engine Components\DAL;c:\Program Files\Intel\Intel(R) Management Engine Components\DAL;C:\Program Files\Git\cmd;C:\Program Files\gnuplot\bin;C:\Program Files\mingw32\bin;C:\Users\user\AppData\Local\Microsoft\WindowsApps;C:\Users\user\AppData\Local\Programs\Microsoft VS Code\bin;C:\msys64\mingw64\bin;C:\Program Files (x86)\SDCC\bin
USERNAME=user
OS=Windows_NT
PROCESSOR_IDENTIFIER=Intel64 Family 6 Model 78 Stepping 3, GenuineIntel
TMP=C:\Users\user\AppData\Local\Temp
TEMP=C:\Users\user\AppData\Local\Temp


JNI global refs:
JNI global refs: 23, weak refs: 0

JNI global refs memory usage: 843, weak refs: 841


---------------  S Y S T E M  ---------------

OS:
 Windows 10 , 64 bit Build 19041 (10.0.19041.3636)
OS uptime: 17 days 17:48 hours

CPU: total 4 (initial active 4) (2 cores per cpu, 2 threads per core) family 6 model 78 stepping 3 microcode 0xcc, cx8, cmov, fxsr, ht, mmx, 3dnowpref, sse, sse2, sse3, ssse3, sse4.1, sse4.2, popcnt, lzcnt, tsc, tscinvbit, avx, avx2, aes, erms, clmul, bmi1, bmi2, rtm, adx, fma, vzeroupper, clflush, clflushopt

Memory: 4k page, system-wide physical 7573M (167M free)
TotalPageFile size 31125M (AvailPageFile size 0M)
current process WorkingSet (physical memory assigned to process): 131M, peak: 229M
current process commit charge ("private bytes"): 227M, peak: 261M

vm_info: OpenJDK 64-Bit Server VM (17.0.6+0-b2043.56-10027231) for windows-amd64 JRE (17.0.6+0-b2043.56-10027231), built on Apr 28 2023 00:43:19 by "androidbuild" with MS VC++ 16.10 / 16.11 (VS2019)

END.
