#
# There is insufficient memory for the Java Runtime Environment to continue.
# Native memory allocation (malloc) failed to allocate 485376 bytes for Chunk::new
# Possible reasons:
#   The system is out of physical RAM or swap space
#   The process is running with CompressedOops enabled, and the Java Heap may be blocking the growth of the native heap
# Possible solutions:
#   Reduce memory load on the system
#   Increase physical memory or swap space
#   Check if swap backing store is full
#   Decrease Java heap size (-Xmx/-Xms)
#   Decrease number of Java threads
#   Decrease Java thread stack sizes (-Xss)
#   Set larger code cache with -XX:ReservedCodeCacheSize=
#   JVM is running with Unscaled Compressed Oops mode in which the Java heap is
#     placed in the first 4GB address space. The Java Heap base address is the
#     maximum limit for the native heap growth. Please use -XX:HeapBaseMinAddress
#     to set the Java Heap base and to place the Java Heap above 4GB virtual address.
# This output file may be truncated or incomplete.
#
#  Out of Memory Error (arena.cpp:189), pid=21952, tid=24356
#
# JRE version: OpenJDK Runtime Environment (17.0.6) (build 17.0.6+0-b2043.56-10027231)
# Java VM: OpenJDK 64-Bit Server VM (17.0.6+0-b2043.56-10027231, mixed mode, tiered, compressed oops, compressed class ptrs, g1 gc, windows-amd64)
# No core dump will be written. Minidumps are not enabled by default on client versions of Windows
#

---------------  S U M M A R Y ------------

Command Line: --add-opens=java.base/java.util=ALL-UNNAMED --add-opens=java.base/java.lang=ALL-UNNAMED --add-opens=java.base/java.lang.invoke=ALL-UNNAMED --add-opens=java.prefs/java.util.prefs=ALL-UNNAMED --add-opens=java.base/java.nio.charset=ALL-UNNAMED --add-opens=java.base/java.net=ALL-UNNAMED --add-opens=java.base/java.util.concurrent.atomic=ALL-UNNAMED -Xmx2048m -Dfile.encoding=UTF-8 -Duser.country=US -Duser.language=en -Duser.variant org.gradle.launcher.daemon.bootstrap.GradleDaemon 8.0

Host: Intel(R) Core(TM) i5-6300U CPU @ 2.40GHz, 4 cores, 7G,  Windows 10 , 64 bit Build 19041 (10.0.19041.3636)
Time: Thu Jan 18 23:28:36 2024 Central European Standard Time elapsed time: 10.163572 seconds (0d 0h 0m 10s)

---------------  T H R E A D  ---------------

Current thread (0x000001f0260c9a50):  JavaThread "C2 CompilerThread0" daemon [_thread_in_native, id=24356, stack(0x0000006a2ca00000,0x0000006a2cb00000)]


Current CompileTask:
C2:  10163 2514   !   4       java.net.URL::<init> (543 bytes)

Stack: [0x0000006a2ca00000,0x0000006a2cb00000]
Native frames: (J=compiled Java code, j=interpreted, Vv=VM code, C=native code)
V  [jvm.dll+0x683c9a]
V  [jvm.dll+0x8427a4]
V  [jvm.dll+0x843f9e]
V  [jvm.dll+0x844603]
V  [jvm.dll+0x249b75]
V  [jvm.dll+0xabcac]
V  [jvm.dll+0xac27c]
V  [jvm.dll+0x2b0eef]
V  [jvm.dll+0x58a267]
V  [jvm.dll+0x2243b2]
V  [jvm.dll+0x21d8bf]
V  [jvm.dll+0x21b51b]
V  [jvm.dll+0x1a4fdd]
V  [jvm.dll+0x22b098]
V  [jvm.dll+0x229159]
V  [jvm.dll+0x7f81ec]
V  [jvm.dll+0x7f274a]
V  [jvm.dll+0x682ad5]
C  [ucrtbase.dll+0x21bb2]
C  [KERNEL32.DLL+0x17344]
C  [ntdll.dll+0x526b1]


---------------  P R O C E S S  ---------------

Threads class SMR info:
_java_thread_list=0x000001f0292925b0, length=27, elements={
0x000001f00ab5ade0, 0x000001f02609f620, 0x000001f0260a1040, 0x000001f0260c4000,
0x000001f0260c7ce0, 0x000001f0260c85a0, 0x000001f0260c8e60, 0x000001f0260c9a50,
0x000001f0260cab60, 0x000001f026c56bd0, 0x000001f026d67980, 0x000001f026d98c50,
0x000001f0282b9030, 0x000001f028631a20, 0x000001f027d87bc0, 0x000001f026fe0530,
0x000001f026fe1d40, 0x000001f026fe0060, 0x000001f026fe2bb0, 0x000001f026fe13a0,
0x000001f026fe0ed0, 0x000001f026fdf1f0, 0x000001f026fdfb90, 0x000001f026fe2210,
0x000001f026fe0a00, 0x000001f026fdf6c0, 0x000001f026fe1870
}

Java Threads: ( => current thread )
  0x000001f00ab5ade0 JavaThread "main" [_thread_blocked, id=3860, stack(0x0000006a2bd00000,0x0000006a2be00000)]
  0x000001f02609f620 JavaThread "Reference Handler" daemon [_thread_blocked, id=9692, stack(0x0000006a2c400000,0x0000006a2c500000)]
  0x000001f0260a1040 JavaThread "Finalizer" daemon [_thread_blocked, id=712, stack(0x0000006a2c500000,0x0000006a2c600000)]
  0x000001f0260c4000 JavaThread "Signal Dispatcher" daemon [_thread_blocked, id=1496, stack(0x0000006a2c600000,0x0000006a2c700000)]
  0x000001f0260c7ce0 JavaThread "Attach Listener" daemon [_thread_blocked, id=16396, stack(0x0000006a2c700000,0x0000006a2c800000)]
  0x000001f0260c85a0 JavaThread "Service Thread" daemon [_thread_blocked, id=18040, stack(0x0000006a2c800000,0x0000006a2c900000)]
  0x000001f0260c8e60 JavaThread "Monitor Deflation Thread" daemon [_thread_blocked, id=16468, stack(0x0000006a2c900000,0x0000006a2ca00000)]
=>0x000001f0260c9a50 JavaThread "C2 CompilerThread0" daemon [_thread_in_native, id=24356, stack(0x0000006a2ca00000,0x0000006a2cb00000)]
  0x000001f0260cab60 JavaThread "C1 CompilerThread0" daemon [_thread_in_native, id=19012, stack(0x0000006a2cb00000,0x0000006a2cc00000)]
  0x000001f026c56bd0 JavaThread "Sweeper thread" daemon [_thread_blocked, id=23792, stack(0x0000006a2cc00000,0x0000006a2cd00000)]
  0x000001f026d67980 JavaThread "Common-Cleaner" daemon [_thread_blocked, id=7344, stack(0x0000006a2cd00000,0x0000006a2ce00000)]
  0x000001f026d98c50 JavaThread "Notification Thread" daemon [_thread_blocked, id=13232, stack(0x0000006a2ce00000,0x0000006a2cf00000)]
  0x000001f0282b9030 JavaThread "Daemon health stats" [_thread_blocked, id=2296, stack(0x0000006a2d300000,0x0000006a2d400000)]
  0x000001f028631a20 JavaThread "Incoming local TCP Connector on port 64252" [_thread_in_native, id=23676, stack(0x0000006a2d400000,0x0000006a2d500000)]
  0x000001f027d87bc0 JavaThread "Daemon periodic checks" [_thread_blocked, id=9948, stack(0x0000006a2d500000,0x0000006a2d600000)]
  0x000001f026fe0530 JavaThread "Daemon" [_thread_blocked, id=632, stack(0x0000006a2d600000,0x0000006a2d700000)]
  0x000001f026fe1d40 JavaThread "Handler for socket connection from /127.0.0.1:64252 to /127.0.0.1:64253" [_thread_in_native, id=10648, stack(0x0000006a2d700000,0x0000006a2d800000)]
  0x000001f026fe0060 JavaThread "Cancel handler" [_thread_blocked, id=16184, stack(0x0000006a2d800000,0x0000006a2d900000)]
  0x000001f026fe2bb0 JavaThread "Daemon worker" [_thread_in_native, id=2872, stack(0x0000006a2d900000,0x0000006a2da00000)]
  0x000001f026fe13a0 JavaThread "Asynchronous log dispatcher for DefaultDaemonConnection: socket connection from /127.0.0.1:64252 to /127.0.0.1:64253" [_thread_blocked, id=20976, stack(0x0000006a2da00000,0x0000006a2db00000)]
  0x000001f026fe0ed0 JavaThread "Stdin handler" [_thread_blocked, id=11680, stack(0x0000006a2db00000,0x0000006a2dc00000)]
  0x000001f026fdf1f0 JavaThread "Daemon client event forwarder" [_thread_blocked, id=17800, stack(0x0000006a2dc00000,0x0000006a2dd00000)]
  0x000001f026fdfb90 JavaThread "Cache worker for journal cache (C:\Users\user\.gradle\caches\journal-1)" [_thread_blocked, id=24872, stack(0x0000006a2dd00000,0x0000006a2de00000)]
  0x000001f026fe2210 JavaThread "File lock request listener" [_thread_in_native, id=15288, stack(0x0000006a2de00000,0x0000006a2df00000)]
  0x000001f026fe0a00 JavaThread "Cache worker for file hash cache (C:\Users\user\.gradle\caches\8.0\fileHashes)" [_thread_blocked, id=19624, stack(0x0000006a2df00000,0x0000006a2e000000)]
  0x000001f026fdf6c0 JavaThread "File watcher server" daemon [_thread_in_native, id=3188, stack(0x0000006a2e000000,0x0000006a2e100000)]
  0x000001f026fe1870 JavaThread "File watcher consumer" daemon [_thread_blocked, id=22256, stack(0x0000006a2e100000,0x0000006a2e200000)]

Other Threads:
  0x000001f02607b8b0 VMThread "VM Thread" [stack: 0x0000006a2c300000,0x0000006a2c400000] [id=9776]
  0x000001f026d9b130 WatcherThread [stack: 0x0000006a2cf00000,0x0000006a2d000000] [id=25748]
  0x000001f00abb92a0 GCTaskThread "GC Thread#0" [stack: 0x0000006a2be00000,0x0000006a2bf00000] [id=3376]
  0x000001f027292420 GCTaskThread "GC Thread#1" [stack: 0x0000006a2d000000,0x0000006a2d100000] [id=19908]
  0x000001f027774890 GCTaskThread "GC Thread#2" [stack: 0x0000006a2d100000,0x0000006a2d200000] [id=7284]
  0x000001f027874c40 GCTaskThread "GC Thread#3" [stack: 0x0000006a2d200000,0x0000006a2d300000] [id=15608]
  0x000001f00abca890 ConcurrentGCThread "G1 Main Marker" [stack: 0x0000006a2bf00000,0x0000006a2c000000] [id=18340]
  0x000001f00abcb1b0 ConcurrentGCThread "G1 Conc#0" [stack: 0x0000006a2c000000,0x0000006a2c100000] [id=19764]
  0x000001f00ac2d0a0 ConcurrentGCThread "G1 Refine#0" [stack: 0x0000006a2c100000,0x0000006a2c200000] [id=9816]
  0x000001f00ac2e9e0 ConcurrentGCThread "G1 Service" [stack: 0x0000006a2c200000,0x0000006a2c300000] [id=15312]

Threads with active compile tasks:
C2 CompilerThread0    10255 2514   !   4       java.net.URL::<init> (543 bytes)
C1 CompilerThread0    10255 2528       3       java.io.WinNTFileSystem::resolve (275 bytes)

VM state: not at safepoint (normal execution)

VM Mutex/Monitor currently owned by a thread: None

Heap address: 0x0000000080000000, size: 2048 MB, Compressed Oops mode: 32-bit

CDS archive(s) not mapped
Compressed class space mapped at: 0x0000000100000000-0x0000000140000000, reserved size: 1073741824
Narrow klass base: 0x0000000000000000, Narrow klass shift: 3, Narrow klass range: 0x140000000

GC Precious Log:
 CPUs: 4 total, 4 available
 Memory: 7573M
 Large Page Support: Disabled
 NUMA Support: Disabled
 Compressed Oops: Enabled (32-bit)
 Heap Region Size: 1M
 Heap Min Capacity: 8M
 Heap Initial Capacity: 120M
 Heap Max Capacity: 2G
 Pre-touch: Disabled
 Parallel Workers: 4
 Concurrent Workers: 1
 Concurrent Refinement Workers: 4
 Periodic GC: Disabled

Heap:
 garbage-first heap   total 71680K, used 35999K [0x0000000080000000, 0x0000000100000000)
  region size 1024K, 20 young (20480K), 3 survivors (3072K)
 Metaspace       used 29210K, committed 29504K, reserved 1081344K
  class space    used 3924K, committed 4032K, reserved 1048576K

Heap Regions: E=young(eden), S=young(survivor), O=old, HS=humongous(starts), HC=humongous(continues), CS=collection set, F=free, OA=open archive, CA=closed archive, TAMS=top-at-mark-start (previous, next)
|   0|0x0000000080000000, 0x0000000080100000, 0x0000000080100000|100%| O|  |TAMS 0x0000000080100000, 0x0000000080000000| Untracked 
|   1|0x0000000080100000, 0x0000000080200000, 0x0000000080200000|100%| O|  |TAMS 0x0000000080200000, 0x0000000080100000| Untracked 
|   2|0x0000000080200000, 0x0000000080300000, 0x0000000080300000|100%|HS|  |TAMS 0x0000000080300000, 0x0000000080200000| Complete 
|   3|0x0000000080300000, 0x0000000080400000, 0x0000000080400000|100%|HC|  |TAMS 0x0000000080400000, 0x0000000080300000| Complete 
|   4|0x0000000080400000, 0x0000000080500000, 0x0000000080500000|100%|HC|  |TAMS 0x0000000080500000, 0x0000000080400000| Complete 
|   5|0x0000000080500000, 0x0000000080600000, 0x0000000080600000|100%|HC|  |TAMS 0x0000000080600000, 0x0000000080500000| Complete 
|   6|0x0000000080600000, 0x0000000080700000, 0x0000000080700000|100%| O|  |TAMS 0x0000000080700000, 0x0000000080600000| Untracked 
|   7|0x0000000080700000, 0x0000000080800000, 0x0000000080800000|100%| O|  |TAMS 0x0000000080800000, 0x0000000080700000| Untracked 
|   8|0x0000000080800000, 0x0000000080900000, 0x0000000080900000|100%| O|  |TAMS 0x0000000080800000, 0x0000000080800000| Untracked 
|   9|0x0000000080900000, 0x0000000080a00000, 0x0000000080a00000|100%| O|  |TAMS 0x0000000080a00000, 0x0000000080900000| Untracked 
|  10|0x0000000080a00000, 0x0000000080b00000, 0x0000000080b00000|100%| O|  |TAMS 0x0000000080b00000, 0x0000000080a00000| Untracked 
|  11|0x0000000080b00000, 0x0000000080b60200, 0x0000000080c00000| 37%| O|  |TAMS 0x0000000080b60200, 0x0000000080b00000| Untracked 
|  12|0x0000000080c00000, 0x0000000080d00000, 0x0000000080d00000|100%| O|  |TAMS 0x0000000080c00000, 0x0000000080c00000| Untracked 
|  13|0x0000000080d00000, 0x0000000080e00000, 0x0000000080e00000|100%| O|  |TAMS 0x0000000080d00000, 0x0000000080d00000| Untracked 
|  14|0x0000000080e00000, 0x0000000080f00000, 0x0000000080f00000|100%| O|  |TAMS 0x0000000080e00000, 0x0000000080e00000| Untracked 
|  15|0x0000000080f00000, 0x0000000081000000, 0x0000000081000000|100%| O|  |TAMS 0x0000000080f00000, 0x0000000080f00000| Untracked 
|  16|0x0000000081000000, 0x0000000081100000, 0x0000000081100000|100%| O|  |TAMS 0x0000000081000000, 0x0000000081000000| Untracked 
|  17|0x0000000081100000, 0x0000000081200000, 0x0000000081200000|100%| O|  |TAMS 0x0000000081100000, 0x0000000081100000| Untracked 
|  18|0x0000000081200000, 0x0000000081287c00, 0x0000000081300000| 53%| O|  |TAMS 0x0000000081200000, 0x0000000081200000| Untracked 
|  19|0x0000000081300000, 0x0000000081300000, 0x0000000081400000|  0%| F|  |TAMS 0x0000000081300000, 0x0000000081300000| Untracked 
|  20|0x0000000081400000, 0x0000000081400000, 0x0000000081500000|  0%| F|  |TAMS 0x0000000081400000, 0x0000000081400000| Untracked 
|  21|0x0000000081500000, 0x0000000081500000, 0x0000000081600000|  0%| F|  |TAMS 0x0000000081500000, 0x0000000081500000| Untracked 
|  22|0x0000000081600000, 0x0000000081600000, 0x0000000081700000|  0%| F|  |TAMS 0x0000000081600000, 0x0000000081600000| Untracked 
|  23|0x0000000081700000, 0x0000000081700000, 0x0000000081800000|  0%| F|  |TAMS 0x0000000081700000, 0x0000000081700000| Untracked 
|  24|0x0000000081800000, 0x0000000081800000, 0x0000000081900000|  0%| F|  |TAMS 0x0000000081800000, 0x0000000081800000| Untracked 
|  25|0x0000000081900000, 0x0000000081940128, 0x0000000081a00000| 25%| S|CS|TAMS 0x0000000081900000, 0x0000000081900000| Complete 
|  26|0x0000000081a00000, 0x0000000081b00000, 0x0000000081b00000|100%| S|CS|TAMS 0x0000000081a00000, 0x0000000081a00000| Complete 
|  27|0x0000000081b00000, 0x0000000081c00000, 0x0000000081c00000|100%| S|CS|TAMS 0x0000000081b00000, 0x0000000081b00000| Complete 
|  28|0x0000000081c00000, 0x0000000081c00000, 0x0000000081d00000|  0%| F|  |TAMS 0x0000000081c00000, 0x0000000081c00000| Untracked 
|  29|0x0000000081d00000, 0x0000000081d00000, 0x0000000081e00000|  0%| F|  |TAMS 0x0000000081d00000, 0x0000000081d00000| Untracked 
|  30|0x0000000081e00000, 0x0000000081e00000, 0x0000000081f00000|  0%| F|  |TAMS 0x0000000081e00000, 0x0000000081e00000| Untracked 
|  31|0x0000000081f00000, 0x0000000081f00000, 0x0000000082000000|  0%| F|  |TAMS 0x0000000081f00000, 0x0000000081f00000| Untracked 
|  32|0x0000000082000000, 0x0000000082000000, 0x0000000082100000|  0%| F|  |TAMS 0x0000000082000000, 0x0000000082000000| Untracked 
|  33|0x0000000082100000, 0x0000000082100000, 0x0000000082200000|  0%| F|  |TAMS 0x0000000082100000, 0x0000000082100000| Untracked 
|  34|0x0000000082200000, 0x0000000082200000, 0x0000000082300000|  0%| F|  |TAMS 0x0000000082200000, 0x0000000082200000| Untracked 
|  35|0x0000000082300000, 0x0000000082300000, 0x0000000082400000|  0%| F|  |TAMS 0x0000000082300000, 0x0000000082300000| Untracked 
|  36|0x0000000082400000, 0x0000000082400000, 0x0000000082500000|  0%| F|  |TAMS 0x0000000082400000, 0x0000000082400000| Untracked 
|  37|0x0000000082500000, 0x0000000082500000, 0x0000000082600000|  0%| F|  |TAMS 0x0000000082500000, 0x0000000082500000| Untracked 
|  38|0x0000000082600000, 0x0000000082600000, 0x0000000082700000|  0%| F|  |TAMS 0x0000000082600000, 0x0000000082600000| Untracked 
|  39|0x0000000082700000, 0x0000000082700000, 0x0000000082800000|  0%| F|  |TAMS 0x0000000082700000, 0x0000000082700000| Untracked 
|  40|0x0000000082800000, 0x0000000082800000, 0x0000000082900000|  0%| F|  |TAMS 0x0000000082800000, 0x0000000082800000| Untracked 
|  41|0x0000000082900000, 0x0000000082900000, 0x0000000082a00000|  0%| F|  |TAMS 0x0000000082900000, 0x0000000082900000| Untracked 
|  42|0x0000000082a00000, 0x0000000082a00000, 0x0000000082b00000|  0%| F|  |TAMS 0x0000000082a00000, 0x0000000082a00000| Untracked 
|  43|0x0000000082b00000, 0x0000000082b00000, 0x0000000082c00000|  0%| F|  |TAMS 0x0000000082b00000, 0x0000000082b00000| Untracked 
|  44|0x0000000082c00000, 0x0000000082c00000, 0x0000000082d00000|  0%| F|  |TAMS 0x0000000082c00000, 0x0000000082c00000| Untracked 
|  45|0x0000000082d00000, 0x0000000082d00000, 0x0000000082e00000|  0%| F|  |TAMS 0x0000000082d00000, 0x0000000082d00000| Untracked 
|  46|0x0000000082e00000, 0x0000000082e00000, 0x0000000082f00000|  0%| F|  |TAMS 0x0000000082e00000, 0x0000000082e00000| Untracked 
|  47|0x0000000082f00000, 0x0000000082f00000, 0x0000000083000000|  0%| F|  |TAMS 0x0000000082f00000, 0x0000000082f00000| Untracked 
|  48|0x0000000083000000, 0x0000000083000000, 0x0000000083100000|  0%| F|  |TAMS 0x0000000083000000, 0x0000000083000000| Untracked 
|  49|0x0000000083100000, 0x0000000083100000, 0x0000000083200000|  0%| F|  |TAMS 0x0000000083100000, 0x0000000083100000| Untracked 
|  50|0x0000000083200000, 0x0000000083200000, 0x0000000083300000|  0%| F|  |TAMS 0x0000000083200000, 0x0000000083200000| Untracked 
|  51|0x0000000083300000, 0x0000000083300000, 0x0000000083400000|  0%| F|  |TAMS 0x0000000083300000, 0x0000000083300000| Untracked 
|  52|0x0000000083400000, 0x0000000083400000, 0x0000000083500000|  0%| F|  |TAMS 0x0000000083400000, 0x0000000083400000| Untracked 
|  53|0x0000000083500000, 0x0000000083600000, 0x0000000083600000|100%| E|  |TAMS 0x0000000083500000, 0x0000000083500000| Complete 
|  54|0x0000000083600000, 0x0000000083700000, 0x0000000083700000|100%| E|CS|TAMS 0x0000000083600000, 0x0000000083600000| Complete 
|  55|0x0000000083700000, 0x0000000083800000, 0x0000000083800000|100%| E|CS|TAMS 0x0000000083700000, 0x0000000083700000| Complete 
|  56|0x0000000083800000, 0x0000000083900000, 0x0000000083900000|100%| E|CS|TAMS 0x0000000083800000, 0x0000000083800000| Complete 
|  57|0x0000000083900000, 0x0000000083a00000, 0x0000000083a00000|100%| E|CS|TAMS 0x0000000083900000, 0x0000000083900000| Complete 
|  58|0x0000000083a00000, 0x0000000083b00000, 0x0000000083b00000|100%| E|CS|TAMS 0x0000000083a00000, 0x0000000083a00000| Complete 
|  59|0x0000000083b00000, 0x0000000083c00000, 0x0000000083c00000|100%| E|CS|TAMS 0x0000000083b00000, 0x0000000083b00000| Complete 
|  69|0x0000000084500000, 0x0000000084600000, 0x0000000084600000|100%| E|CS|TAMS 0x0000000084500000, 0x0000000084500000| Complete 
|  70|0x0000000084600000, 0x0000000084700000, 0x0000000084700000|100%| E|CS|TAMS 0x0000000084600000, 0x0000000084600000| Complete 
|  71|0x0000000084700000, 0x0000000084800000, 0x0000000084800000|100%| E|CS|TAMS 0x0000000084700000, 0x0000000084700000| Complete 
|  72|0x0000000084800000, 0x0000000084900000, 0x0000000084900000|100%| E|CS|TAMS 0x0000000084800000, 0x0000000084800000| Complete 
|  73|0x0000000084900000, 0x0000000084a00000, 0x0000000084a00000|100%| E|CS|TAMS 0x0000000084900000, 0x0000000084900000| Complete 
|  74|0x0000000084a00000, 0x0000000084b00000, 0x0000000084b00000|100%| E|CS|TAMS 0x0000000084a00000, 0x0000000084a00000| Complete 
|  75|0x0000000084b00000, 0x0000000084c00000, 0x0000000084c00000|100%| E|CS|TAMS 0x0000000084b00000, 0x0000000084b00000| Complete 
|  76|0x0000000084c00000, 0x0000000084d00000, 0x0000000084d00000|100%| E|CS|TAMS 0x0000000084c00000, 0x0000000084c00000| Complete 
|  77|0x0000000084d00000, 0x0000000084e00000, 0x0000000084e00000|100%| E|CS|TAMS 0x0000000084d00000, 0x0000000084d00000| Complete 
| 119|0x0000000087700000, 0x0000000087800000, 0x0000000087800000|100%| E|  |TAMS 0x0000000087700000, 0x0000000087700000| Complete 

Card table byte_map: [0x000001f01f240000,0x000001f01f640000] _byte_map_base: 0x000001f01ee40000

Marking Bits (Prev, Next): (CMBitMap*) 0x000001f00abb9800, (CMBitMap*) 0x000001f00abb97c0
 Prev Bits: [0x000001f021a40000, 0x000001f023a40000)
 Next Bits: [0x000001f01fa40000, 0x000001f021a40000)

Polling page: 0x000001f00f7e0000

Metaspace:

Usage:
  Non-class:     24.70 MB used.
      Class:      3.83 MB used.
       Both:     28.54 MB used.

Virtual space:
  Non-class space:       32.00 MB reserved,      24.88 MB ( 78%) committed,  4 nodes.
      Class space:        1.00 GB reserved,       3.94 MB ( <1%) committed,  1 nodes.
             Both:        1.03 GB reserved,      28.81 MB (  3%) committed. 

Chunk freelists:
   Non-Class:  2.66 MB
       Class:  3.88 MB
        Both:  6.53 MB

MaxMetaspaceSize: unlimited
CompressedClassSpaceSize: 1.00 GB
Initial GC threshold: 21.00 MB
Current GC threshold: 35.12 MB
CDS: off
MetaspaceReclaimPolicy: balanced
 - commit_granule_bytes: 65536.
 - commit_granule_words: 8192.
 - virtual_space_node_default_size: 1048576.
 - enlarge_chunks_in_place: 1.
 - new_chunks_are_fully_committed: 0.
 - uncommit_free_chunks: 1.
 - use_allocation_guard: 0.
 - handle_deallocations: 1.


Internal statistics:

num_allocs_failed_limit: 3.
num_arena_births: 230.
num_arena_deaths: 0.
num_vsnodes_births: 5.
num_vsnodes_deaths: 0.
num_space_committed: 461.
num_space_uncommitted: 0.
num_chunks_returned_to_freelist: 3.
num_chunks_taken_from_freelist: 973.
num_chunk_merges: 3.
num_chunk_splits: 645.
num_chunks_enlarged: 466.
num_purges: 0.
num_inconsistent_stats: 0.

CodeHeap 'non-profiled nmethods': size=120000Kb used=1274Kb max_used=1274Kb free=118725Kb
 bounds [0x000001f0172d0000, 0x000001f017540000, 0x000001f01e800000]
CodeHeap 'profiled nmethods': size=120000Kb used=5282Kb max_used=5282Kb free=114717Kb
 bounds [0x000001f00f800000, 0x000001f00fd30000, 0x000001f016d30000]
CodeHeap 'non-nmethods': size=5760Kb used=1225Kb max_used=1287Kb free=4534Kb
 bounds [0x000001f016d30000, 0x000001f016fa0000, 0x000001f0172d0000]
 total_blobs=3056 nmethods=2522 adapters=446
 compilation: enabled
              stopped_count=0, restarted_count=0
 full_count=0

Compilation events (20 events):
Event: 10.011 Thread 0x000001f0260cab60 2507       3       java.lang.invoke.InfoFromMemberName::getName (8 bytes)
Event: 10.012 Thread 0x000001f0260cab60 nmethod 2507 0x000001f00fd0ce90 code [0x000001f00fd0d060, 0x000001f00fd0d448]
Event: 10.033 Thread 0x000001f0260c9a50 nmethod 2503 0x000001f01740b810 code [0x000001f01740b9e0, 0x000001f01740c5e8]
Event: 10.033 Thread 0x000001f0260c9a50 2508       4       java.util.Properties$LineReader::readLine (584 bytes)
Event: 10.057 Thread 0x000001f0260cab60 2509       1       java.util.concurrent.ConcurrentHashMap$MapEntry::getKey (5 bytes)
Event: 10.057 Thread 0x000001f0260cab60 nmethod 2509 0x000001f01740cb10 code [0x000001f01740cca0, 0x000001f01740cd78]
Event: 10.074 Thread 0x000001f0260cab60 2510       3       java.lang.invoke.BootstrapMethodInvoker::isLambdaMetafactoryIndyBSM (13 bytes)
Event: 10.075 Thread 0x000001f0260cab60 nmethod 2510 0x000001f00fd0d590 code [0x000001f00fd0d720, 0x000001f00fd0d878]
Event: 10.075 Thread 0x000001f0260cab60 2511       3       java.lang.invoke.InnerClassLambdaMetafactory::<init> (258 bytes)
Event: 10.079 Thread 0x000001f0260cab60 nmethod 2511 0x000001f00fd0d910 code [0x000001f00fd0dd20, 0x000001f00fd0fbf8]
Event: 10.079 Thread 0x000001f0260cab60 2512   !   3       java.lang.invoke.AbstractValidatingLambdaMetafactory::<init> (559 bytes)
Event: 10.083 Thread 0x000001f0260c9a50 nmethod 2508 0x000001f01740ce10 code [0x000001f01740d000, 0x000001f01740df48]
Event: 10.091 Thread 0x000001f0260cab60 nmethod 2512 0x000001f00fd10710 code [0x000001f00fd110a0, 0x000001f00fd16e68]
Event: 10.091 Thread 0x000001f0260cab60 2513       3       org.gradle.internal.service.RelevantMethods::toServiceMethodList (61 bytes)
Event: 10.092 Thread 0x000001f0260cab60 nmethod 2513 0x000001f00fd18d10 code [0x000001f00fd18f60, 0x000001f00fd19a68]
Event: 10.095 Thread 0x000001f0260c9a50 2514   !   4       java.net.URL::<init> (543 bytes)
Event: 10.122 Thread 0x000001f0260cab60 2515       3       sun.reflect.generics.repository.AbstractRepository::getReifier (8 bytes)
Event: 10.122 Thread 0x000001f0260cab60 nmethod 2515 0x000001f00fd19e10 code [0x000001f00fd19fc0, 0x000001f00fd1a2b8]
Event: 10.122 Thread 0x000001f0260cab60 2516       3       java.util.HashMap::put (13 bytes)
Event: 10.123 Thread 0x000001f0260cab60 nmethod 2516 0x000001f00fd1a410 code [0x000001f00fd1a5c0, 0x000001f00fd1a8b8]

GC Heap History (10 events):
Event: 1.505 GC heap before
{Heap before GC invocations=0 (full 0):
 garbage-first heap   total 122880K, used 12288K [0x0000000080000000, 0x0000000100000000)
  region size 1024K, 13 young (13312K), 0 survivors (0K)
 Metaspace       used 7070K, committed 7232K, reserved 1056768K
  class space    used 605K, committed 704K, reserved 1048576K
}
Event: 1.514 GC heap after
{Heap after GC invocations=1 (full 0):
 garbage-first heap   total 122880K, used 3647K [0x0000000080000000, 0x0000000100000000)
  region size 1024K, 2 young (2048K), 2 survivors (2048K)
 Metaspace       used 7070K, committed 7232K, reserved 1056768K
  class space    used 605K, committed 704K, reserved 1048576K
}
Event: 3.416 GC heap before
{Heap before GC invocations=1 (full 0):
 garbage-first heap   total 122880K, used 22079K [0x0000000080000000, 0x0000000100000000)
  region size 1024K, 17 young (17408K), 2 survivors (2048K)
 Metaspace       used 11104K, committed 11264K, reserved 1064960K
  class space    used 1160K, committed 1280K, reserved 1048576K
}
Event: 3.424 GC heap after
{Heap after GC invocations=2 (full 0):
 garbage-first heap   total 122880K, used 10415K [0x0000000080000000, 0x0000000100000000)
  region size 1024K, 3 young (3072K), 3 survivors (3072K)
 Metaspace       used 11104K, committed 11264K, reserved 1064960K
  class space    used 1160K, committed 1280K, reserved 1048576K
}
Event: 4.428 GC heap before
{Heap before GC invocations=2 (full 0):
 garbage-first heap   total 122880K, used 32943K [0x0000000080000000, 0x0000000100000000)
  region size 1024K, 24 young (24576K), 3 survivors (3072K)
 Metaspace       used 11211K, committed 11456K, reserved 1064960K
  class space    used 1161K, committed 1280K, reserved 1048576K
}
Event: 4.436 GC heap after
{Heap after GC invocations=3 (full 0):
 garbage-first heap   total 122880K, used 12803K [0x0000000080000000, 0x0000000100000000)
  region size 1024K, 3 young (3072K), 3 survivors (3072K)
 Metaspace       used 11211K, committed 11456K, reserved 1064960K
  class space    used 1161K, committed 1280K, reserved 1048576K
}
Event: 7.115 GC heap before
{Heap before GC invocations=3 (full 0):
 garbage-first heap   total 122880K, used 51715K [0x0000000080000000, 0x0000000100000000)
  region size 1024K, 42 young (43008K), 3 survivors (3072K)
 Metaspace       used 21172K, committed 21504K, reserved 1073152K
  class space    used 2561K, committed 2752K, reserved 1048576K
}
Event: 7.131 GC heap after
{Heap after GC invocations=4 (full 0):
 garbage-first heap   total 122880K, used 18901K [0x0000000080000000, 0x0000000100000000)
  region size 1024K, 9 young (9216K), 9 survivors (9216K)
 Metaspace       used 21172K, committed 21504K, reserved 1073152K
  class space    used 2561K, committed 2752K, reserved 1048576K
}
Event: 9.351 GC heap before
{Heap before GC invocations=5 (full 0):
 garbage-first heap   total 71680K, used 51669K [0x0000000080000000, 0x0000000100000000)
  region size 1024K, 42 young (43008K), 9 survivors (9216K)
 Metaspace       used 26439K, committed 26688K, reserved 1073152K
  class space    used 3477K, committed 3584K, reserved 1048576K
}
Event: 9.362 GC heap after
{Heap after GC invocations=6 (full 0):
 garbage-first heap   total 71680K, used 20639K [0x0000000080000000, 0x0000000100000000)
  region size 1024K, 3 young (3072K), 3 survivors (3072K)
 Metaspace       used 26439K, committed 26688K, reserved 1073152K
  class space    used 3477K, committed 3584K, reserved 1048576K
}

Dll operation events (2 events):
Event: 0.055 Loaded shared library C:\Program Files\Android\Android Studio\jbr\bin\java.dll
Event: 1.326 Loaded shared library C:\Program Files\Android\Android Studio\jbr\bin\verify.dll

Deoptimization events (20 events):
Event: 7.524 Thread 0x000001f026fe2bb0 DEOPT PACKING pc=0x000001f0172e9b84 sp=0x0000006a2d9fcec0
Event: 7.524 Thread 0x000001f026fe2bb0 DEOPT UNPACKING pc=0x000001f016d869a3 sp=0x0000006a2d9fce68 mode 2
Event: 7.526 Thread 0x000001f026fe2bb0 Uncommon trap: trap_request=0xffffff45 fr.pc=0x000001f01733d528 relative=0x0000000000000608
Event: 7.526 Thread 0x000001f026fe2bb0 Uncommon trap: reason=unstable_if action=reinterpret pc=0x000001f01733d528 method=java.io.File.getName()Ljava/lang/String; @ 16 c2
Event: 7.526 Thread 0x000001f026fe2bb0 DEOPT PACKING pc=0x000001f01733d528 sp=0x0000006a2d9fce60
Event: 7.526 Thread 0x000001f026fe2bb0 DEOPT UNPACKING pc=0x000001f016d869a3 sp=0x0000006a2d9fce30 mode 2
Event: 9.138 Thread 0x000001f026fe2bb0 Uncommon trap: trap_request=0xffffff45 fr.pc=0x000001f0173f260c relative=0x00000000000001ec
Event: 9.138 Thread 0x000001f026fe2bb0 Uncommon trap: reason=unstable_if action=reinterpret pc=0x000001f0173f260c method=java.util.HashMap.getNode(Ljava/lang/Object;)Ljava/util/HashMap$Node; @ 131 c2
Event: 9.138 Thread 0x000001f026fe2bb0 DEOPT PACKING pc=0x000001f0173f260c sp=0x0000006a2d9faf20
Event: 9.138 Thread 0x000001f026fe2bb0 DEOPT UNPACKING pc=0x000001f016d869a3 sp=0x0000006a2d9fae30 mode 2
Event: 9.326 Thread 0x000001f026fe2bb0 Uncommon trap: trap_request=0xffffff45 fr.pc=0x000001f0172f2884 relative=0x00000000000000e4
Event: 9.326 Thread 0x000001f026fe2bb0 Uncommon trap: reason=unstable_if action=reinterpret pc=0x000001f0172f2884 method=java.util.HashMap.hash(Ljava/lang/Object;)I @ 1 c2
Event: 9.326 Thread 0x000001f026fe2bb0 DEOPT PACKING pc=0x000001f0172f2884 sp=0x0000006a2d9f9e40
Event: 9.326 Thread 0x000001f026fe2bb0 DEOPT UNPACKING pc=0x000001f016d869a3 sp=0x0000006a2d9f9d80 mode 2
Event: 9.677 Thread 0x000001f026fe2bb0 DEOPT PACKING pc=0x000001f00fba40d4 sp=0x0000006a2d9f5a30
Event: 9.677 Thread 0x000001f026fe2bb0 DEOPT UNPACKING pc=0x000001f016d87143 sp=0x0000006a2d9f4f88 mode 0
Event: 9.755 Thread 0x000001f026fe2bb0 Uncommon trap: trap_request=0xffffff76 fr.pc=0x000001f017403024 relative=0x0000000000000184
Event: 9.755 Thread 0x000001f026fe2bb0 Uncommon trap: reason=predicate action=maybe_recompile pc=0x000001f017403024 method=com.google.common.base.CharMatcher.indexIn(Ljava/lang/CharSequence;I)I @ 19 c2
Event: 9.755 Thread 0x000001f026fe2bb0 DEOPT PACKING pc=0x000001f017403024 sp=0x0000006a2d9fb830
Event: 9.755 Thread 0x000001f026fe2bb0 DEOPT UNPACKING pc=0x000001f016d869a3 sp=0x0000006a2d9fb7c0 mode 2

Classes unloaded (0 events):
No events

Classes redefined (0 events):
No events

Internal exceptions (20 events):
Event: 7.403 Thread 0x000001f026fe2bb0 Exception <a 'java/lang/NoSuchMethodError'{0x00000000838a7d50}: 'java.lang.Object java.lang.invoke.DirectMethodHandle$Holder.newInvokeSpecial(java.lang.Object, java.lang.Object, java.lang.Object, int)'> (0x00000000838a7d50) 
thrown [s\src\hotspot\share\interpreter\linkResolver.cpp, line 771]
Event: 7.406 Thread 0x000001f026fe2bb0 Exception <a 'java/lang/NoSuchMethodError'{0x00000000838ac680}: 'java.lang.Object java.lang.invoke.DirectMethodHandle$Holder.invokeSpecial(java.lang.Object, java.lang.Object, java.lang.Object, java.lang.Object, int)'> (0x00000000838ac680) 
thrown [s\src\hotspot\share\interpreter\linkResolver.cpp, line 771]
Event: 7.407 Thread 0x000001f026fe2bb0 Exception <a 'java/lang/NoSuchMethodError'{0x00000000838b0798}: 'java.lang.Object java.lang.invoke.Invokers$Holder.linkToTargetMethod(java.lang.Object, java.lang.Object, int, java.lang.Object)'> (0x00000000838b0798) 
thrown [s\src\hotspot\share\interpreter\linkResolver.cpp, line 771]
Event: 8.222 Thread 0x000001f026fe2bb0 Exception <a 'java/lang/NoSuchMethodError'{0x0000000082c9f988}: 'int java.lang.invoke.DirectMethodHandle$Holder.invokeSpecialIFC(java.lang.Object, java.lang.Object, java.lang.Object, java.lang.Object)'> (0x0000000082c9f988) 
thrown [s\src\hotspot\share\interpreter\linkResolver.cpp, line 771]
Event: 8.226 Thread 0x000001f026fe2bb0 Exception <a 'java/lang/NoSuchMethodError'{0x0000000082caec40}: 'java.lang.Object java.lang.invoke.DirectMethodHandle$Holder.invokeInterface(java.lang.Object, java.lang.Object, java.lang.Object)'> (0x0000000082caec40) 
thrown [s\src\hotspot\share\interpreter\linkResolver.cpp, line 771]
Event: 8.226 Thread 0x000001f026fe2bb0 Exception <a 'java/lang/IncompatibleClassChangeError'{0x0000000082cb2858}: Found class java.lang.Object, but interface was expected> (0x0000000082cb2858) 
thrown [s\src\hotspot\share\interpreter\linkResolver.cpp, line 838]
Event: 8.276 Thread 0x000001f026fe2bb0 Exception <a 'java/lang/NoSuchMethodError'{0x0000000082b88c98}: 'int java.lang.invoke.DirectMethodHandle$Holder.invokeStatic(java.lang.Object, java.lang.Object, java.lang.Object, java.lang.Object)'> (0x0000000082b88c98) 
thrown [s\src\hotspot\share\interpreter\linkResolver.cpp, line 771]
Event: 8.277 Thread 0x000001f026fe2bb0 Exception <a 'java/lang/NoSuchMethodError'{0x0000000082b8c8c0}: 'java.lang.Object java.lang.invoke.Invokers$Holder.invokeExact_MT(java.lang.Object, java.lang.Object, java.lang.Object, java.lang.Object, java.lang.Object, java.lang.Object)'> (0x0000000082b8c8c0) 
thrown [s\src\hotspot\share\interpreter\linkResolver.cpp, line 771]
Event: 8.803 Thread 0x000001f026fe2bb0 Exception <a 'java/lang/NoSuchMethodError'{0x00000000823b4598}: 'void java.lang.invoke.DirectMethodHandle$Holder.invokeStatic(java.lang.Object, java.lang.Object)'> (0x00000000823b4598) 
thrown [s\src\hotspot\share\interpreter\linkResolver.cpp, line 771]
Event: 9.054 Thread 0x000001f026fe2bb0 Exception <a 'java/lang/NoSuchMethodError'{0x00000000822156e8}: 'java.lang.Object java.lang.invoke.DirectMethodHandle$Holder.invokeVirtual(java.lang.Object, java.lang.Object, java.lang.Object, java.lang.Object)'> (0x00000000822156e8) 
thrown [s\src\hotspot\share\interpreter\linkResolver.cpp, line 771]
Event: 9.156 Thread 0x000001f026fe2bb0 Exception <a 'java/lang/NoSuchMethodError'{0x00000000821b4e28}: 'java.lang.Object java.lang.invoke.DirectMethodHandle$Holder.newInvokeSpecial(java.lang.Object, java.lang.Object, java.lang.Object, java.lang.Object, java.lang.Object, java.lang.Object, java.lang.Object)'> (0x00000000821b4e28) 
thrown [s\src\hotspot\share\interpreter\linkResolver.cpp, line 771]
Event: 9.156 Thread 0x000001f026fe2bb0 Exception <a 'java/lang/NoSuchMethodError'{0x00000000821b9af8}: 'java.lang.Object java.lang.invoke.Invokers$Holder.linkToTargetMethod(java.lang.Object, java.lang.Object, java.lang.Object, java.lang.Object, java.lang.Object, java.lang.Object, java.lang.Object)'> (0x00000000821b9af8) 
thrown [s\src\hotspot\share\interpreter\linkResolver.cpp, line 771]
Event: 9.215 Thread 0x000001f026fe2bb0 Exception <a 'java/lang/NoSuchMethodError'{0x0000000081f0cc70}: 'java.lang.Object java.lang.invoke.DirectMethodHandle$Holder.invokeVirtual(java.lang.Object, java.lang.Object, java.lang.Object, java.lang.Object, java.lang.Object, java.lang.Object, java.lang.Object, java.lang.Object, java.lang.Object, java.lang.Object, java.lang.Object, java.lang.Object, java.lang.Object, java.lang.Object, java.lang.Object, java.lang.Object, java.lang.Object, java.lang.Object, java.lang.Object, java.lang.Object, java.lang.Ob
Event: 9.326 Thread 0x000001f026fe2bb0 Implicit null exception at 0x000001f0172f27e0 to 0x000001f0172f287a
Event: 9.572 Thread 0x000001f026fe2bb0 Exception <a 'java/lang/NoSuchMethodError'{0x0000000084a68830}: 'void java.lang.invoke.DirectMethodHandle$Holder.invokeStaticInit(java.lang.Object, java.lang.Object)'> (0x0000000084a68830) 
thrown [s\src\hotspot\share\interpreter\linkResolver.cpp, line 771]
Event: 9.667 Thread 0x000001f026fe2bb0 Exception <a 'java/lang/NoSuchMethodError'{0x000000008498d8e8}: 'java.lang.Object java.lang.invoke.DirectMethodHandle$Holder.invokeStaticInit(java.lang.Object, java.lang.Object, java.lang.Object)'> (0x000000008498d8e8) 
thrown [s\src\hotspot\share\interpreter\linkResolver.cpp, line 771]
Event: 9.669 Thread 0x000001f026fe2bb0 Exception <a 'java/lang/NoSuchMethodError'{0x00000000849979d8}: 'void java.lang.invoke.DirectMethodHandle$Holder.invokeStatic(java.lang.Object, java.lang.Object, java.lang.Object, java.lang.Object, java.lang.Object, java.lang.Object)'> (0x00000000849979d8) 
thrown [s\src\hotspot\share\interpreter\linkResolver.cpp, line 771]
Event: 9.853 Thread 0x000001f026fe2bb0 Exception <a 'java/lang/NoSuchMethodError'{0x0000000084530500}: 'void java.lang.invoke.DirectMethodHandle$Holder.invokeStatic(java.lang.Object, java.lang.Object, java.lang.Object, java.lang.Object)'> (0x0000000084530500) 
thrown [s\src\hotspot\share\interpreter\linkResolver.cpp, line 771]
Event: 9.858 Thread 0x000001f026fe2bb0 Exception <a 'java/lang/NoSuchMethodError'{0x0000000084543950}: 'int java.lang.invoke.DirectMethodHandle$Holder.invokeVirtual(java.lang.Object, java.lang.Object)'> (0x0000000084543950) 
thrown [s\src\hotspot\share\interpreter\linkResolver.cpp, line 771]
Event: 9.878 Thread 0x000001f026fe2bb0 Exception <a 'java/lang/NoSuchMethodError'{0x00000000845907f8}: 'int java.lang.invoke.DirectMethodHandle$Holder.invokeVirtual(java.lang.Object, java.lang.Object, java.lang.Object)'> (0x00000000845907f8) 
thrown [s\src\hotspot\share\interpreter\linkResolver.cpp, line 771]

VM Operations (20 events):
Event: 5.603 Executing VM operation: Cleanup
Event: 5.603 Executing VM operation: Cleanup done
Event: 6.142 Executing VM operation: HandshakeAllThreads
Event: 6.142 Executing VM operation: HandshakeAllThreads done
Event: 6.257 Executing VM operation: HandshakeAllThreads
Event: 6.257 Executing VM operation: HandshakeAllThreads done
Event: 7.115 Executing VM operation: CollectForMetadataAllocation
Event: 7.137 Executing VM operation: CollectForMetadataAllocation done
Event: 7.148 Executing VM operation: G1Concurrent
Event: 7.166 Executing VM operation: G1Concurrent done
Event: 7.172 Executing VM operation: G1Concurrent
Event: 7.173 Executing VM operation: G1Concurrent done
Event: 7.613 Executing VM operation: HandshakeAllThreads
Event: 7.613 Executing VM operation: HandshakeAllThreads done
Event: 7.613 Executing VM operation: HandshakeAllThreads
Event: 7.614 Executing VM operation: HandshakeAllThreads done
Event: 8.626 Executing VM operation: Cleanup
Event: 8.626 Executing VM operation: Cleanup done
Event: 9.351 Executing VM operation: G1CollectForAllocation
Event: 9.362 Executing VM operation: G1CollectForAllocation done

Events (20 events):
Event: 8.658 loading class org/xml/sax/ErrorHandler
Event: 8.659 loading class org/xml/sax/ErrorHandler done
Event: 9.664 loading class java/lang/annotation/IncompleteAnnotationException
Event: 9.664 loading class java/lang/annotation/IncompleteAnnotationException done
Event: 9.727 loading class java/util/function/UnaryOperator
Event: 9.728 loading class java/util/function/UnaryOperator done
Event: 9.745 loading class java/util/concurrent/TimeoutException
Event: 9.745 loading class java/util/concurrent/TimeoutException done
Event: 9.745 loading class java/util/concurrent/CancellationException
Event: 9.745 loading class java/util/concurrent/CancellationException done
Event: 9.750 loading class java/util/ServiceConfigurationError
Event: 9.751 loading class java/util/ServiceConfigurationError done
Event: 9.831 Thread 0x000001f026fdf6c0 Thread added: 0x000001f026fdf6c0
Event: 9.832 loading class java/util/concurrent/locks/AbstractQueuedSynchronizer$SharedNode
Event: 9.832 loading class java/util/concurrent/locks/AbstractQueuedSynchronizer$SharedNode done
Event: 9.848 loading class java/io/InterruptedIOException
Event: 9.848 loading class java/io/InterruptedIOException done
Event: 9.855 Thread 0x000001f026fe1870 Thread added: 0x000001f026fe1870
Event: 9.871 loading class java/util/ArrayDeque$DeqSpliterator
Event: 9.872 loading class java/util/ArrayDeque$DeqSpliterator done


Dynamic libraries:
0x00007ff78a9d0000 - 0x00007ff78a9da000 	C:\Program Files\Android\Android Studio\jbr\bin\java.exe
0x00007ffab40d0000 - 0x00007ffab42c8000 	C:\WINDOWS\SYSTEM32\ntdll.dll
0x00007ffab3ce0000 - 0x00007ffab3d9d000 	C:\WINDOWS\System32\KERNEL32.DLL
0x00007ffab1c20000 - 0x00007ffab1f16000 	C:\WINDOWS\System32\KERNELBASE.dll
0x00007ffab2000000 - 0x00007ffab2100000 	C:\WINDOWS\System32\ucrtbase.dll
0x00007ffa9ae70000 - 0x00007ffa9ae87000 	C:\Program Files\Android\Android Studio\jbr\bin\jli.dll
0x00007ffaac180000 - 0x00007ffaac19b000 	C:\Program Files\Android\Android Studio\jbr\bin\VCRUNTIME140.dll
0x00007ffab3b40000 - 0x00007ffab3cde000 	C:\WINDOWS\System32\USER32.dll
0x00007ffab2100000 - 0x00007ffab2122000 	C:\WINDOWS\System32\win32u.dll
0x00007ffab2d00000 - 0x00007ffab2d2c000 	C:\WINDOWS\System32\GDI32.dll
0x00007ffab1ab0000 - 0x00007ffab1bca000 	C:\WINDOWS\System32\gdi32full.dll
0x00007ffab17b0000 - 0x00007ffab184d000 	C:\WINDOWS\System32\msvcp_win.dll
0x00007ffa9a840000 - 0x00007ffa9aada000 	C:\WINDOWS\WinSxS\amd64_microsoft.windows.common-controls_6595b64144ccf1df_6.0.19041.3636_none_60b6a03d71f818d5\COMCTL32.dll
0x00007ffab3aa0000 - 0x00007ffab3b3e000 	C:\WINDOWS\System32\msvcrt.dll
0x00007ffab2b30000 - 0x00007ffab2b60000 	C:\WINDOWS\System32\IMM32.DLL
0x00007ffaac2d0000 - 0x00007ffaac2dc000 	C:\Program Files\Android\Android Studio\jbr\bin\vcruntime140_1.dll
0x00007ffa80770000 - 0x00007ffa807fd000 	C:\Program Files\Android\Android Studio\jbr\bin\msvcp140.dll
0x00007ffa6b3c0000 - 0x00007ffa6c02e000 	C:\Program Files\Android\Android Studio\jbr\bin\server\jvm.dll
0x00007ffab3e80000 - 0x00007ffab3f2f000 	C:\WINDOWS\System32\ADVAPI32.dll
0x00007ffab31a0000 - 0x00007ffab323c000 	C:\WINDOWS\System32\sechost.dll
0x00007ffab2bd0000 - 0x00007ffab2cf6000 	C:\WINDOWS\System32\RPCRT4.dll
0x00007ffaab1b0000 - 0x00007ffaab1ba000 	C:\WINDOWS\SYSTEM32\VERSION.dll
0x00007ffa9ceb0000 - 0x00007ffa9ced7000 	C:\WINDOWS\SYSTEM32\WINMM.dll
0x00007ffa9b6e0000 - 0x00007ffa9b6e9000 	C:\WINDOWS\SYSTEM32\WSOCK32.dll
0x00007ffab37c0000 - 0x00007ffab382b000 	C:\WINDOWS\System32\WS2_32.dll
0x00007ffab0000000 - 0x00007ffab0012000 	C:\WINDOWS\SYSTEM32\kernel.appcore.dll
0x00007ffaac8b0000 - 0x00007ffaac8ba000 	C:\Program Files\Android\Android Studio\jbr\bin\jimage.dll
0x00007ffaafdf0000 - 0x00007ffaaffd4000 	C:\WINDOWS\SYSTEM32\DBGHELP.DLL
0x00007ffa95ca0000 - 0x00007ffa95cd4000 	C:\WINDOWS\SYSTEM32\dbgcore.DLL
0x00007ffab1850000 - 0x00007ffab18d2000 	C:\WINDOWS\System32\bcryptPrimitives.dll
0x00007ffaaa5e0000 - 0x00007ffaaa605000 	C:\Program Files\Android\Android Studio\jbr\bin\java.dll
0x00007ffaaae10000 - 0x00007ffaaae28000 	C:\Program Files\Android\Android Studio\jbr\bin\zip.dll
0x00007ffab2380000 - 0x00007ffab2ac5000 	C:\WINDOWS\System32\SHELL32.dll
0x00007ffaaf580000 - 0x00007ffaafd1b000 	C:\WINDOWS\SYSTEM32\windows.storage.dll
0x00007ffab3330000 - 0x00007ffab3684000 	C:\WINDOWS\System32\combase.dll
0x00007ffab11f0000 - 0x00007ffab121d000 	C:\WINDOWS\SYSTEM32\Wldp.dll
0x00007ffab3fe0000 - 0x00007ffab408d000 	C:\WINDOWS\System32\SHCORE.dll
0x00007ffab2ad0000 - 0x00007ffab2b25000 	C:\WINDOWS\System32\shlwapi.dll
0x00007ffab16e0000 - 0x00007ffab1705000 	C:\WINDOWS\SYSTEM32\profapi.dll
0x00007ffaaa580000 - 0x00007ffaaa599000 	C:\Program Files\Android\Android Studio\jbr\bin\net.dll
0x00007ffaa7d80000 - 0x00007ffaa7e8a000 	C:\WINDOWS\SYSTEM32\WINHTTP.dll
0x00007ffab0f50000 - 0x00007ffab0fba000 	C:\WINDOWS\system32\mswsock.dll
0x00007ffa9ae90000 - 0x00007ffa9aea6000 	C:\Program Files\Android\Android Studio\jbr\bin\nio.dll
0x00007ffaac430000 - 0x00007ffaac440000 	C:\Program Files\Android\Android Studio\jbr\bin\verify.dll
0x00007ffaa08e0000 - 0x00007ffaa0907000 	C:\Users\user\.gradle\native\68d5fa5c4cc2d200863cafc0d521ce42e7d3e7ee720ec0a83991735586a16f82\windows-amd64\native-platform.dll
0x00007ffa7c050000 - 0x00007ffa7c194000 	C:\Users\user\.gradle\native\e376f236ea51e6404a007f0833ffe2c6e607c4080706a723a18a27aeea778392\windows-amd64\native-platform-file-events.dll
0x00007ffaabd70000 - 0x00007ffaabd79000 	C:\Program Files\Android\Android Studio\jbr\bin\management.dll
0x00007ffaabd50000 - 0x00007ffaabd5b000 	C:\Program Files\Android\Android Studio\jbr\bin\management_ext.dll
0x00007ffab38c0000 - 0x00007ffab38c8000 	C:\WINDOWS\System32\PSAPI.DLL
0x00007ffab1140000 - 0x00007ffab1158000 	C:\WINDOWS\SYSTEM32\CRYPTSP.dll
0x00007ffab0810000 - 0x00007ffab0844000 	C:\WINDOWS\system32\rsaenh.dll
0x00007ffab1f20000 - 0x00007ffab1f47000 	C:\WINDOWS\System32\bcrypt.dll
0x00007ffab1660000 - 0x00007ffab168e000 	C:\WINDOWS\SYSTEM32\USERENV.dll
0x00007ffab1160000 - 0x00007ffab116c000 	C:\WINDOWS\SYSTEM32\CRYPTBASE.dll
0x00007ffab0bf0000 - 0x00007ffab0c2b000 	C:\WINDOWS\SYSTEM32\IPHLPAPI.DLL
0x00007ffab2bc0000 - 0x00007ffab2bc8000 	C:\WINDOWS\System32\NSI.dll
0x00007ffaa8fd0000 - 0x00007ffaa8fe7000 	C:\WINDOWS\SYSTEM32\dhcpcsvc6.DLL
0x00007ffaaa0f0000 - 0x00007ffaaa10d000 	C:\WINDOWS\SYSTEM32\dhcpcsvc.DLL
0x00007ffab0c40000 - 0x00007ffab0d0a000 	C:\WINDOWS\SYSTEM32\DNSAPI.dll
0x00007ffaaaca0000 - 0x00007ffaaaca7000 	C:\WINDOWS\system32\wshunix.dll

dbghelp: loaded successfully - version: 4.0.5 - missing functions: none
symbol engine: initialized successfully - sym options: 0x614 - pdb path: .;C:\Program Files\Android\Android Studio\jbr\bin;C:\WINDOWS\SYSTEM32;C:\WINDOWS\WinSxS\amd64_microsoft.windows.common-controls_6595b64144ccf1df_6.0.19041.3636_none_60b6a03d71f818d5;C:\Program Files\Android\Android Studio\jbr\bin\server;C:\Users\user\.gradle\native\68d5fa5c4cc2d200863cafc0d521ce42e7d3e7ee720ec0a83991735586a16f82\windows-amd64;C:\Users\user\.gradle\native\e376f236ea51e6404a007f0833ffe2c6e607c4080706a723a18a27aeea778392\windows-amd64

VM Arguments:
jvm_args: --add-opens=java.base/java.util=ALL-UNNAMED --add-opens=java.base/java.lang=ALL-UNNAMED --add-opens=java.base/java.lang.invoke=ALL-UNNAMED --add-opens=java.prefs/java.util.prefs=ALL-UNNAMED --add-opens=java.base/java.nio.charset=ALL-UNNAMED --add-opens=java.base/java.net=ALL-UNNAMED --add-opens=java.base/java.util.concurrent.atomic=ALL-UNNAMED -Xmx2048m -Dfile.encoding=UTF-8 -Duser.country=US -Duser.language=en -Duser.variant 
java_command: org.gradle.launcher.daemon.bootstrap.GradleDaemon 8.0
java_class_path (initial): C:\Users\user\.gradle\wrapper\dists\gradle-8.0-bin\ca5e32bp14vu59qr306oxotwh\gradle-8.0\lib\gradle-launcher-8.0.jar
Launcher Type: SUN_STANDARD

[Global flags]
     intx CICompilerCount                          = 3                                         {product} {ergonomic}
     uint ConcGCThreads                            = 1                                         {product} {ergonomic}
     uint G1ConcRefinementThreads                  = 4                                         {product} {ergonomic}
   size_t G1HeapRegionSize                         = 1048576                                   {product} {ergonomic}
    uintx GCDrainStackTargetSize                   = 64                                        {product} {ergonomic}
   size_t InitialHeapSize                          = 125829120                                 {product} {ergonomic}
   size_t MarkStackSize                            = 4194304                                   {product} {ergonomic}
   size_t MaxHeapSize                              = 2147483648                                {product} {command line}
   size_t MaxNewSize                               = 1287651328                                {product} {ergonomic}
   size_t MinHeapDeltaBytes                        = 1048576                                   {product} {ergonomic}
   size_t MinHeapSize                              = 8388608                                   {product} {ergonomic}
    uintx NonNMethodCodeHeapSize                   = 5832780                                {pd product} {ergonomic}
    uintx NonProfiledCodeHeapSize                  = 122912730                              {pd product} {ergonomic}
    uintx ProfiledCodeHeapSize                     = 122912730                              {pd product} {ergonomic}
    uintx ReservedCodeCacheSize                    = 251658240                              {pd product} {ergonomic}
     bool SegmentedCodeCache                       = true                                      {product} {ergonomic}
   size_t SoftMaxHeapSize                          = 2147483648                             {manageable} {ergonomic}
     bool UseCompressedClassPointers               = true                           {product lp64_product} {ergonomic}
     bool UseCompressedOops                        = true                           {product lp64_product} {ergonomic}
     bool UseG1GC                                  = true                                      {product} {ergonomic}
     bool UseLargePagesIndividualAllocation        = false                                  {pd product} {ergonomic}

Logging:
Log output configuration:
 #0: stdout all=warning uptime,level,tags
 #1: stderr all=off uptime,level,tags

Environment Variables:
PATH=C:\Program Files (x86)\Common Files\Oracle\Java\javapath;C:\oraclexe\app\oracle\product\11.2.0\server\bin;C:\WINDOWS\system32;C:\WINDOWS;C:\WINDOWS\System32\Wbem;C:\WINDOWS\System32\WindowsPowerShell\v1.0\;C:\WINDOWS\System32\OpenSSH\;C:\Program Files\Intel\WiFi\bin\;C:\Program Files\Common Files\Intel\WirelessCommon\;c:\Program Files (x86)\Intel\Intel(R) Management Engine Components\DAL;c:\Program Files\Intel\Intel(R) Management Engine Components\DAL;C:\Program Files\Git\cmd;C:\Program Files\gnuplot\bin;C:\Program Files\mingw32\bin;C:\Users\user\AppData\Local\Microsoft\WindowsApps;C:\Users\user\AppData\Local\Programs\Microsoft VS Code\bin;C:\msys64\mingw64\bin;C:\Program Files (x86)\SDCC\bin
USERNAME=user
OS=Windows_NT
PROCESSOR_IDENTIFIER=Intel64 Family 6 Model 78 Stepping 3, GenuineIntel
TMP=C:\Users\user\AppData\Local\Temp
TEMP=C:\Users\user\AppData\Local\Temp


JNI global refs:
JNI global refs: 22, weak refs: 0

JNI global refs memory usage: 843, weak refs: 841


---------------  S Y S T E M  ---------------

OS:
 Windows 10 , 64 bit Build 19041 (10.0.19041.3636)
OS uptime: 17 days 6:52 hours

CPU: total 4 (initial active 4) (2 cores per cpu, 2 threads per core) family 6 model 78 stepping 3 microcode 0xcc, cx8, cmov, fxsr, ht, mmx, 3dnowpref, sse, sse2, sse3, ssse3, sse4.1, sse4.2, popcnt, lzcnt, tsc, tscinvbit, avx, avx2, aes, erms, clmul, bmi1, bmi2, rtm, adx, fma, vzeroupper, clflush, clflushopt

Memory: 4k page, system-wide physical 7573M (130M free)
TotalPageFile size 31125M (AvailPageFile size 1M)
current process WorkingSet (physical memory assigned to process): 167M, peak: 167M
current process commit charge ("private bytes"): 205M, peak: 235M

vm_info: OpenJDK 64-Bit Server VM (17.0.6+0-b2043.56-10027231) for windows-amd64 JRE (17.0.6+0-b2043.56-10027231), built on Apr 28 2023 00:43:19 by "androidbuild" with MS VC++ 16.10 / 16.11 (VS2019)

END.
